2018-08-31 19:13:59,295 INFO  DownloadService - Downloading "https://github.com/100rabhkr/DownZLibrary/archive/master.zip", attempt 3
2018-08-31 19:13:59,794 INFO  DownloadService - Downloaded https://github.com/100rabhkr/DownZLibrary/archive/master.zip, attempt 3
2018-08-31 19:13:59,794 INFO  DownloadService - Size of file "/var/folders/bq/vtzpc5ns5sg2cthy61lqpg3dfzgbys/T/1535717639286-0/master.zip": 247 KB
2018-08-31 19:13:59,794 INFO  ArchiveUtils - Checking entries [.gradle] in ZIP file...
2018-08-31 19:13:59,795 INFO  ArchiveUtils - Has entries [.gradle] in ZIP file /var/folders/bq/vtzpc5ns5sg2cthy61lqpg3dfzgbys/T/1535717639286-0/master.zip: true
2018-08-31 19:13:59,795 DEBUG ZipUtil - Extracting '/var/folders/bq/vtzpc5ns5sg2cthy61lqpg3dfzgbys/T/1535717639286-0/master.zip' into '/var/folders/bq/vtzpc5ns5sg2cthy61lqpg3dfzgbys/T/1535717639286-0/src'.
2018-08-31 19:13:59,844 INFO  FullProcessService - Size of directory with sources: 289 KB
2018-08-31 19:13:59,844 INFO  SysUtils - Execute command: [git, init, /var/folders/bq/vtzpc5ns5sg2cthy61lqpg3dfzgbys/T/1535717639286-0/src]
2018-08-31 19:13:59,882 INFO  SysUtils - Initialized empty Git repository in /private/var/folders/bq/vtzpc5ns5sg2cthy61lqpg3dfzgbys/T/1535717639286-0/src/.git/

2018-08-31 19:13:59,887 INFO  ProjectBuildService - Gradle wrapper(s): /var/folders/bq/vtzpc5ns5sg2cthy61lqpg3dfzgbys/T/1535717639286-0/src/DownZLibrary-master/gradlew
2018-08-31 19:13:59,892 INFO  ProjectBuildService - Build script(s): /var/folders/bq/vtzpc5ns5sg2cthy61lqpg3dfzgbys/T/1535717639286-0/src/DownZLibrary-master/app/build.gradle /var/folders/bq/vtzpc5ns5sg2cthy61lqpg3dfzgbys/T/1535717639286-0/src/DownZLibrary-master/downzlibrary/build.gradle /var/folders/bq/vtzpc5ns5sg2cthy61lqpg3dfzgbys/T/1535717639286-0/src/DownZLibrary-master/build.gradle
2018-08-31 19:13:59,898 INFO  ProjectBuildService - All script(s): /var/folders/bq/vtzpc5ns5sg2cthy61lqpg3dfzgbys/T/1535717639286-0/src/DownZLibrary-master/app/build.gradle /var/folders/bq/vtzpc5ns5sg2cthy61lqpg3dfzgbys/T/1535717639286-0/src/DownZLibrary-master/downzlibrary/build.gradle /var/folders/bq/vtzpc5ns5sg2cthy61lqpg3dfzgbys/T/1535717639286-0/src/DownZLibrary-master/build.gradle /var/folders/bq/vtzpc5ns5sg2cthy61lqpg3dfzgbys/T/1535717639286-0/src/DownZLibrary-master/settings.gradle
2018-08-31 19:13:59,898 INFO  ProjectBuildService - Remote scripts: none
2018-08-31 19:13:59,898 INFO  ProjectFixService - Fixing project...
2018-08-31 19:13:59,910 INFO  LocalPropertiesFixService - Created fake /var/folders/bq/vtzpc5ns5sg2cthy61lqpg3dfzgbys/T/1535717639286-0/src/DownZLibrary-master/app/local.properties
2018-08-31 19:13:59,911 INFO  ProjectFixService - Build info for "/var/folders/bq/vtzpc5ns5sg2cthy61lqpg3dfzgbys/T/1535717639286-0/src/DownZLibrary-master/app/build.gradle": [buildToolsVersion=26.0.0,compileSdkVersion=26,minSdkVersion=15,targetSdkVersion=26]
2018-08-31 19:13:59,912 INFO  LocalPropertiesFixService - Created fake /var/folders/bq/vtzpc5ns5sg2cthy61lqpg3dfzgbys/T/1535717639286-0/src/DownZLibrary-master/downzlibrary/local.properties
2018-08-31 19:13:59,912 INFO  ProjectFixService - Build info for "/var/folders/bq/vtzpc5ns5sg2cthy61lqpg3dfzgbys/T/1535717639286-0/src/DownZLibrary-master/downzlibrary/build.gradle": [buildToolsVersion=26.0.0,compileSdkVersion=26,minSdkVersion=15,targetSdkVersion=26]
2018-08-31 19:13:59,913 INFO  LocalPropertiesFixService - Created fake /var/folders/bq/vtzpc5ns5sg2cthy61lqpg3dfzgbys/T/1535717639286-0/src/DownZLibrary-master/local.properties
2018-08-31 19:13:59,913 INFO  WrapperPropertiesFixService - Gradle wrapper: https://services.gradle.org/distributions/gradle-3.3-all.zip
2018-08-31 19:13:59,913 INFO  WrapperPropertiesFixService - Gradle wrapper was changed from "-all.zip" to "-bin.zip" (https://services.gradle.org/distributions/gradle-3.3-bin.zip)
2018-08-31 19:13:59,914 INFO  ProjectFixService - Build info for "/var/folders/bq/vtzpc5ns5sg2cthy61lqpg3dfzgbys/T/1535717639286-0/src/DownZLibrary-master/build.gradle": [buildToolsVersion=26.0.0,compileSdkVersion=26,minSdkVersion=15,targetSdkVersion=26]
2018-08-31 19:13:59,915 INFO  ProjectFixService - Project was maybe fixed
2018-08-31 19:13:59,915 INFO  ProjectTaskService - Detecting possible tasks...
2018-08-31 19:13:59,915 INFO  SysUtils - Execute command: [/var/folders/bq/vtzpc5ns5sg2cthy61lqpg3dfzgbys/T/1535717639286-0/src/DownZLibrary-master/gradlew, -b, /var/folders/bq/vtzpc5ns5sg2cthy61lqpg3dfzgbys/T/1535717639286-0/src/DownZLibrary-master/app/build.gradle, -Dorg.gradle.daemon=false, -Dorg.gradle.daemon.performance.enable-monitoring=false, -Dorg.gradle.configureondemand=true, tasks]
2018-08-31 19:14:10,625 INFO  ProjectTaskService - Detected possible tasks: 67
2018-08-31 19:14:10,625 INFO  ProjectTaskService - Excluded tasks (19): lintDebug mockableAndroidJar deviceCheck lint testReleaseUnitTest uninstallRelease deviceAndroidTest uninstallDebugAndroidTest installDebugAndroidTest connectedCheck connectedDebugAndroidTest uninstallAll test check testDebugUnitTest connectedAndroidTest installDebug lintRelease uninstallDebug
2018-08-31 19:14:10,625 INFO  SysUtils - Execute command: [/var/folders/bq/vtzpc5ns5sg2cthy61lqpg3dfzgbys/T/1535717639286-0/src/DownZLibrary-master/gradlew, -b, /var/folders/bq/vtzpc5ns5sg2cthy61lqpg3dfzgbys/T/1535717639286-0/src/DownZLibrary-master/app/build.gradle, -Dorg.gradle.daemon=false, -Dorg.gradle.daemon.performance.enable-monitoring=false, -Dorg.gradle.configureondemand=true, --stacktrace, -x, lintDebug, -x, mockableAndroidJar, -x, deviceCheck, -x, lint, -x, testReleaseUnitTest, -x, uninstallRelease, -x, deviceAndroidTest, -x, uninstallDebugAndroidTest, -x, installDebugAndroidTest, -x, connectedCheck, -x, connectedDebugAndroidTest, -x, uninstallAll, -x, test, -x, check, -x, testDebugUnitTest, -x, connectedAndroidTest, -x, installDebug, -x, lintRelease, -x, uninstallDebug, build]
2018-08-31 19:14:21,426 ERROR SysUtils - Could not process external command
org.apache.commons.exec.ExecuteException: Process exited with an error: 1 (Exit value: 1)
	at org.apache.commons.exec.DefaultExecutor.executeInternal(DefaultExecutor.java:404)
	at org.apache.commons.exec.DefaultExecutor.execute(DefaultExecutor.java:166)
	at com.github.vbauer.apkmaster.util.SysUtils.execute(SysUtils.java:67)
	at com.github.vbauer.apkmaster.util.SysUtils.executeSimple(SysUtils.java:43)
	at com.github.vbauer.apkmaster.service.assembly.ProjectBuildService.buildProject(ProjectBuildService.java:78)
	at com.github.vbauer.apkmaster.service.assembly.ProjectBuildService.buildProject(ProjectBuildService.java:64)
	at com.github.vbauer.apkmaster.service.assembly.ProjectBuildService.buildProject(ProjectBuildService.java:43)
	at com.github.vbauer.apkmaster.service.FullProcessService.build(FullProcessService.java:84)
	at com.github.vbauer.apkmaster.service.FullProcessService.process(FullProcessService.java:34)
	at com.github.vbauer.apkmaster.app.MainApplication.process(MainApplication.java:38)
	at com.github.vbauer.apkmaster.app.MainApplication.main(MainApplication.java:20)
	at sun.reflect.NativeMethodAccessorImpl.invoke0(Native Method)
	at sun.reflect.NativeMethodAccessorImpl.invoke(NativeMethodAccessorImpl.java:62)
	at sun.reflect.DelegatingMethodAccessorImpl.invoke(DelegatingMethodAccessorImpl.java:43)
	at java.lang.reflect.Method.invoke(Method.java:498)
	at com.android.arsenal.util.ReflectionUtils.invoke(ReflectionUtils.java:52)
	at com.android.arsenal.util.ApkMasterUtils.main(ApkMasterUtils.java:30)
	at com.android.arsenal.service.processor.impl.BuildProcessorServiceImpl.buildProject(BuildProcessorServiceImpl.java:196)
	at com.android.arsenal.service.processor.impl.BuildProcessorServiceImpl.build(BuildProcessorServiceImpl.java:130)
	at com.android.arsenal.service.processor.impl.BuildProcessorServiceImpl.lambda$createTasks$1(BuildProcessorServiceImpl.java:113)
	at java.util.concurrent.FutureTask.run(FutureTask.java:266)
	at java.util.concurrent.Executors$RunnableAdapter.call(Executors.java:511)
	at java.util.concurrent.FutureTask.run(FutureTask.java:266)
	at java.util.concurrent.ThreadPoolExecutor.runWorker(ThreadPoolExecutor.java:1149)
	at java.util.concurrent.ThreadPoolExecutor$Worker.run(ThreadPoolExecutor.java:624)
	at java.lang.Thread.run(Thread.java:748)
2018-08-31 19:14:21,426 INFO  SysUtils - Configuration on demand is an incubating feature.
Incremental java compilation is an incubating feature.
:app:preBuild UP-TO-DATE
:app:preDebugBuild UP-TO-DATE
:app:checkDebugManifest
:app:preReleaseBuild UP-TO-DATE
:app:prepareAndroidArchLifecycleRuntime100Library
:app:prepareComAndroidSupportAnimatedVectorDrawable2610Library
:app:prepareComAndroidSupportAppcompatV72610Library
:app:prepareComAndroidSupportConstraintConstraintLayout102Library
:app:prepareComAndroidSupportDesign2600Library
:app:prepareComAndroidSupportMultidex101Library
:app:prepareComAndroidSupportRecyclerviewV72610Library
:app:prepareComAndroidSupportSupportCompat2610Library
:app:prepareComAndroidSupportSupportCoreUi2610Library
:app:prepareComAndroidSupportSupportCoreUtils2610Library
:app:prepareComAndroidSupportSupportFragment2610Library
:app:prepareComAndroidSupportSupportMediaCompat2610Library
:app:prepareComAndroidSupportSupportV42610Library
:app:prepareComAndroidSupportSupportVectorDrawable2610Library
:app:prepareComAndroidSupportTransition2600Library
:app:prepareDeHdodenhofCircleimageview210Library
:app:prepareUkCoSamuelwallMaterialTapTargetPrompt200Library
:downzlibrary:preBuild UP-TO-DATE
:downzlibrary:preReleaseBuild UP-TO-DATE
:downzlibrary:checkReleaseManifest
:downzlibrary:preDebugAndroidTestBuild UP-TO-DATE
:downzlibrary:preDebugBuild UP-TO-DATE
:downzlibrary:preDebugUnitTestBuild UP-TO-DATE
:downzlibrary:preReleaseUnitTestBuild UP-TO-DATE
:downzlibrary:prepareAndroidArchLifecycleRuntime100Library
:downzlibrary:prepareComAndroidSupportAnimatedVectorDrawable2610Library
:downzlibrary:prepareComAndroidSupportAppcompatV72610Library
:downzlibrary:prepareComAndroidSupportRecyclerviewV72610Library
:downzlibrary:prepareComAndroidSupportSupportCompat2610Library
:downzlibrary:prepareComAndroidSupportSupportCoreUi2610Library
:downzlibrary:prepareComAndroidSupportSupportCoreUtils2610Library
:downzlibrary:prepareComAndroidSupportSupportFragment2610Library
:downzlibrary:prepareComAndroidSupportSupportMediaCompat2610Library
:downzlibrary:prepareComAndroidSupportSupportV42610Library
:downzlibrary:prepareComAndroidSupportSupportVectorDrawable2610Library
:downzlibrary:prepareDeHdodenhofCircleimageview210Library
:downzlibrary:prepareReleaseDependencies
:downzlibrary:compileReleaseAidl
:downzlibrary:compileReleaseNdk UP-TO-DATE
:downzlibrary:compileLint
:downzlibrary:copyReleaseLint UP-TO-DATE
:downzlibrary:compileReleaseRenderscript
:downzlibrary:generateReleaseBuildConfig
:downzlibrary:generateReleaseResValues
:downzlibrary:generateReleaseResources
:downzlibrary:mergeReleaseResources
:downzlibrary:processReleaseManifest
:downzlibrary:processReleaseResources
:downzlibrary:generateReleaseSources
:downzlibrary:incrementalReleaseJavaCompilationSafeguard
:downzlibrary:javaPreCompileRelease
:downzlibrary:compileReleaseJavaWithJavac
:downzlibrary:compileReleaseJavaWithJavac - is not incremental (e.g. outputs have changed, no previous execution, etc.).
:downzlibrary:extractReleaseAnnotations
:downzlibrary:mergeReleaseShaders
:downzlibrary:compileReleaseShaders
:downzlibrary:generateReleaseAssets
:downzlibrary:mergeReleaseAssets
:downzlibrary:mergeReleaseProguardFiles
:downzlibrary:packageReleaseRenderscript UP-TO-DATE
:downzlibrary:packageReleaseResources
:downzlibrary:processReleaseJavaRes UP-TO-DATE
:downzlibrary:transformResourcesWithMergeJavaResForRelease
:downzlibrary:transformClassesAndResourcesWithSyncLibJarsForRelease
:downzlibrary:mergeReleaseJniLibFolders
:downzlibrary:transformNativeLibsWithMergeJniLibsForRelease
:downzlibrary:transformNativeLibsWithStripDebugSymbolForRelease
:downzlibrary:transformNativeLibsWithSyncJniLibsForRelease
:downzlibrary:bundleRelease
:app:prepareDebugDependencies
:app:compileDebugAidl
:app:compileDebugRenderscript
:app:generateDebugBuildConfig
:app:generateDebugResValues
:app:generateDebugResources
:app:mergeDebugResources
:app:processDebugManifest/private/var/folders/bq/vtzpc5ns5sg2cthy61lqpg3dfzgbys/T/1535717639286-0/src/DownZLibrary-master/app/src/main/AndroidManifest.xml:28:13-35 Error:
	Attribute meta-data#android.support.VERSION@value value=(26.0.0) from [com.android.support:design:26.0.0] AndroidManifest.xml:28:13-35
	is also present at [com.android.support:appcompat-v7:26.1.0] AndroidManifest.xml:28:13-35 value=(26.1.0).
	Suggestion: add 'tools:replace="android:value"' to <meta-data> element at AndroidManifest.xml:26:9-28:38 to override.


See http://g.co/androidstudio/manifest-merger for more information about the manifest merger.

:app:processDebugManifest FAILED

FAILURE: Build failed with an exception.

* What went wrong:
Execution failed for task ':app:processDebugManifest'.
> Manifest merger failed : Attribute meta-data#android.support.VERSION@value value=(26.0.0) from [com.android.support:design:26.0.0] AndroidManifest.xml:28:13-35
  	is also present at [com.android.support:appcompat-v7:26.1.0] AndroidManifest.xml:28:13-35 value=(26.1.0).
  	Suggestion: add 'tools:replace="android:value"' to <meta-data> element at AndroidManifest.xml:26:9-28:38 to override.

* Try:
Run with --info or --debug option to get more log output.

* Exception is:
org.gradle.api.tasks.TaskExecutionException: Execution failed for task ':app:processDebugManifest'.
	at org.gradle.api.internal.tasks.execution.ExecuteActionsTaskExecuter.executeActions(ExecuteActionsTaskExecuter.java:84)
	at org.gradle.api.internal.tasks.execution.ExecuteActionsTaskExecuter.execute(ExecuteActionsTaskExecuter.java:55)
	at org.gradle.api.internal.tasks.execution.SkipUpToDateTaskExecuter.execute(SkipUpToDateTaskExecuter.java:62)
	at org.gradle.api.internal.tasks.execution.ValidatingTaskExecuter.execute(ValidatingTaskExecuter.java:58)
	at org.gradle.api.internal.tasks.execution.SkipEmptySourceFilesTaskExecuter.execute(SkipEmptySourceFilesTaskExecuter.java:88)
	at org.gradle.api.internal.tasks.execution.ResolveTaskArtifactStateTaskExecuter.execute(ResolveTaskArtifactStateTaskExecuter.java:46)
	at org.gradle.api.internal.tasks.execution.SkipTaskWithNoActionsExecuter.execute(SkipTaskWithNoActionsExecuter.java:51)
	at org.gradle.api.internal.tasks.execution.SkipOnlyIfTaskExecuter.execute(SkipOnlyIfTaskExecuter.java:54)
	at org.gradle.api.internal.tasks.execution.ExecuteAtMostOnceTaskExecuter.execute(ExecuteAtMostOnceTaskExecuter.java:43)
	at org.gradle.api.internal.tasks.execution.CatchExceptionTaskExecuter.execute(CatchExceptionTaskExecuter.java:34)
	at org.gradle.execution.taskgraph.DefaultTaskGraphExecuter$EventFiringTaskWorker$1.execute(DefaultTaskGraphExecuter.java:236)
	at org.gradle.execution.taskgraph.DefaultTaskGraphExecuter$EventFiringTaskWorker$1.execute(DefaultTaskGraphExecuter.java:228)
	at org.gradle.internal.Transformers$4.transform(Transformers.java:169)
	at org.gradle.internal.progress.DefaultBuildOperationExecutor.run(DefaultBuildOperationExecutor.java:106)
	at org.gradle.internal.progress.DefaultBuildOperationExecutor.run(DefaultBuildOperationExecutor.java:61)
	at org.gradle.execution.taskgraph.DefaultTaskGraphExecuter$EventFiringTaskWorker.execute(DefaultTaskGraphExecuter.java:228)
	at org.gradle.execution.taskgraph.DefaultTaskGraphExecuter$EventFiringTaskWorker.execute(DefaultTaskGraphExecuter.java:215)
	at org.gradle.execution.taskgraph.AbstractTaskPlanExecutor$TaskExecutorWorker.processTask(AbstractTaskPlanExecutor.java:77)
	at org.gradle.execution.taskgraph.AbstractTaskPlanExecutor$TaskExecutorWorker.run(AbstractTaskPlanExecutor.java:58)
	at org.gradle.execution.taskgraph.DefaultTaskPlanExecutor.process(DefaultTaskPlanExecutor.java:32)
	at org.gradle.execution.taskgraph.DefaultTaskGraphExecuter.execute(DefaultTaskGraphExecuter.java:113)
	at org.gradle.execution.SelectedTaskExecutionAction.execute(SelectedTaskExecutionAction.java:37)
	at org.gradle.execution.DefaultBuildExecuter.execute(DefaultBuildExecuter.java:37)
	at org.gradle.execution.DefaultBuildExecuter.access$000(DefaultBuildExecuter.java:23)
	at org.gradle.execution.DefaultBuildExecuter$1.proceed(DefaultBuildExecuter.java:43)
	at org.gradle.execution.DryRunBuildExecutionAction.execute(DryRunBuildExecutionAction.java:32)
	at org.gradle.execution.DefaultBuildExecuter.execute(DefaultBuildExecuter.java:37)
	at org.gradle.execution.DefaultBuildExecuter.execute(DefaultBuildExecuter.java:30)
	at org.gradle.initialization.DefaultGradleLauncher$3.execute(DefaultGradleLauncher.java:196)
	at org.gradle.initialization.DefaultGradleLauncher$3.execute(DefaultGradleLauncher.java:193)
	at org.gradle.internal.Transformers$4.transform(Transformers.java:169)
	at org.gradle.internal.progress.DefaultBuildOperationExecutor.run(DefaultBuildOperationExecutor.java:106)
	at org.gradle.internal.progress.DefaultBuildOperationExecutor.run(DefaultBuildOperationExecutor.java:56)
	at org.gradle.initialization.DefaultGradleLauncher.doBuildStages(DefaultGradleLauncher.java:193)
	at org.gradle.initialization.DefaultGradleLauncher.doBuild(DefaultGradleLauncher.java:119)
	at org.gradle.initialization.DefaultGradleLauncher.run(DefaultGradleLauncher.java:102)
	at org.gradle.launcher.exec.GradleBuildController.run(GradleBuildController.java:71)
	at org.gradle.tooling.internal.provider.ExecuteBuildActionRunner.run(ExecuteBuildActionRunner.java:28)
	at org.gradle.launcher.exec.ChainingBuildActionRunner.run(ChainingBuildActionRunner.java:35)
	at org.gradle.launcher.exec.InProcessBuildActionExecuter.execute(InProcessBuildActionExecuter.java:41)
	at org.gradle.launcher.exec.InProcessBuildActionExecuter.execute(InProcessBuildActionExecuter.java:26)
	at org.gradle.tooling.internal.provider.ContinuousBuildActionExecuter.execute(ContinuousBuildActionExecuter.java:75)
	at org.gradle.tooling.internal.provider.ContinuousBuildActionExecuter.execute(ContinuousBuildActionExecuter.java:49)
	at org.gradle.tooling.internal.provider.ServicesSetupBuildActionExecuter.execute(ServicesSetupBuildActionExecuter.java:44)
	at org.gradle.tooling.internal.provider.ServicesSetupBuildActionExecuter.execute(ServicesSetupBuildActionExecuter.java:29)
	at org.gradle.launcher.cli.RunBuildAction.run(RunBuildAction.java:51)
	at org.gradle.internal.Actions$RunnableActionAdapter.execute(Actions.java:173)
	at org.gradle.launcher.cli.CommandLineActionFactory$ParseAndBuildAction.execute(CommandLineActionFactory.java:244)
	at org.gradle.launcher.cli.CommandLineActionFactory$ParseAndBuildAction.execute(CommandLineActionFactory.java:217)
	at org.gradle.launcher.cli.JavaRuntimeValidationAction.execute(JavaRuntimeValidationAction.java:33)
	at org.gradle.launcher.cli.JavaRuntimeValidationAction.execute(JavaRuntimeValidationAction.java:24)
	at org.gradle.launcher.cli.ExceptionReportingAction.execute(ExceptionReportingAction.java:33)
	at org.gradle.launcher.cli.ExceptionReportingAction.execute(ExceptionReportingAction.java:22)
	at org.gradle.launcher.cli.CommandLineActionFactory$WithLogging.execute(CommandLineActionFactory.java:210)
	at org.gradle.launcher.cli.CommandLineActionFactory$WithLogging.execute(CommandLineActionFactory.java:174)
	at org.gradle.launcher.Main.doAction(Main.java:33)
	at org.gradle.launcher.bootstrap.EntryPoint.run(EntryPoint.java:45)
	at org.gradle.launcher.bootstrap.ProcessBootstrap.runNoExit(ProcessBootstrap.java:60)
	at org.gradle.launcher.bootstrap.ProcessBootstrap.run(ProcessBootstrap.java:37)
	at org.gradle.launcher.GradleMain.main(GradleMain.java:23)
	at org.gradle.wrapper.BootstrapMainStarter.start(BootstrapMainStarter.java:30)
	at org.gradle.wrapper.WrapperExecutor.execute(WrapperExecutor.java:129)
	at org.gradle.wrapper.GradleWrapperMain.main(GradleWrapperMain.java:61)
Caused by: java.lang.RuntimeException: Manifest merger failed : Attribute meta-data#android.support.VERSION@value value=(26.0.0) from [com.android.support:design:26.0.0] AndroidManifest.xml:28:13-35
	is also present at [com.android.support:appcompat-v7:26.1.0] AndroidManifest.xml:28:13-35 value=(26.1.0).
	Suggestion: add 'tools:replace="android:value"' to <meta-data> element at AndroidManifest.xml:26:9-28:38 to override.
	at com.android.builder.core.AndroidBuilder.mergeManifestsForApplication(AndroidBuilder.java:576)
	at com.android.build.gradle.tasks.MergeManifests.doFullTaskAction(MergeManifests.java:74)
	at com.android.build.gradle.internal.tasks.IncrementalTask.taskAction(IncrementalTask.java:82)
	at org.gradle.internal.reflect.JavaMethod.invoke(JavaMethod.java:73)
	at org.gradle.api.internal.project.taskfactory.DefaultTaskClassInfoStore$IncrementalTaskAction.doExecute(DefaultTaskClassInfoStore.java:163)
	at org.gradle.api.internal.project.taskfactory.DefaultTaskClassInfoStore$StandardTaskAction.execute(DefaultTaskClassInfoStore.java:134)
	at org.gradle.api.internal.project.taskfactory.DefaultTaskClassInfoStore$StandardTaskAction.execute(DefaultTaskClassInfoStore.java:123)
	at org.gradle.api.internal.tasks.execution.ExecuteActionsTaskExecuter.executeAction(ExecuteActionsTaskExecuter.java:95)
	at org.gradle.api.internal.tasks.execution.ExecuteActionsTaskExecuter.executeActions(ExecuteActionsTaskExecuter.java:76)
	... 62 more


BUILD FAILED

Total time: 10.574 secs

2018-08-31 19:14:21,488 INFO  ProjectTaskService - Detecting possible tasks...
2018-08-31 19:14:21,488 INFO  SysUtils - Execute command: [/var/folders/bq/vtzpc5ns5sg2cthy61lqpg3dfzgbys/T/1535717639286-0/src/DownZLibrary-master/gradlew, -b, /var/folders/bq/vtzpc5ns5sg2cthy61lqpg3dfzgbys/T/1535717639286-0/src/DownZLibrary-master/downzlibrary/build.gradle, -Dorg.gradle.daemon=false, -Dorg.gradle.daemon.performance.enable-monitoring=false, -Dorg.gradle.configureondemand=true, tasks]
2018-08-31 19:14:27,115 INFO  ProjectTaskService - Detected possible tasks: 65
2018-08-31 19:14:27,115 INFO  ProjectTaskService - Excluded tasks (16): lintDebug mockableAndroidJar deviceCheck lint testReleaseUnitTest deviceAndroidTest uninstallDebugAndroidTest installDebugAndroidTest connectedCheck connectedDebugAndroidTest uninstallAll test check testDebugUnitTest connectedAndroidTest lintRelease
2018-08-31 19:14:27,115 INFO  SysUtils - Execute command: [/var/folders/bq/vtzpc5ns5sg2cthy61lqpg3dfzgbys/T/1535717639286-0/src/DownZLibrary-master/gradlew, -b, /var/folders/bq/vtzpc5ns5sg2cthy61lqpg3dfzgbys/T/1535717639286-0/src/DownZLibrary-master/downzlibrary/build.gradle, -Dorg.gradle.daemon=false, -Dorg.gradle.daemon.performance.enable-monitoring=false, -Dorg.gradle.configureondemand=true, --stacktrace, -x, lintDebug, -x, mockableAndroidJar, -x, deviceCheck, -x, lint, -x, testReleaseUnitTest, -x, deviceAndroidTest, -x, uninstallDebugAndroidTest, -x, installDebugAndroidTest, -x, connectedCheck, -x, connectedDebugAndroidTest, -x, uninstallAll, -x, test, -x, check, -x, testDebugUnitTest, -x, connectedAndroidTest, -x, lintRelease, build]
2018-08-31 19:14:36,658 INFO  SysUtils - Configuration on demand is an incubating feature.
Incremental java compilation is an incubating feature.
:downzlibrary:preBuild UP-TO-DATE
:downzlibrary:preDebugBuild UP-TO-DATE
:downzlibrary:checkDebugManifest
:downzlibrary:preDebugAndroidTestBuild UP-TO-DATE
:downzlibrary:preDebugUnitTestBuild UP-TO-DATE
:downzlibrary:preReleaseBuild UP-TO-DATE
:downzlibrary:preReleaseUnitTestBuild UP-TO-DATE
:downzlibrary:prepareAndroidArchLifecycleRuntime100Library
:downzlibrary:prepareComAndroidSupportAnimatedVectorDrawable2610Library
:downzlibrary:prepareComAndroidSupportAppcompatV72610Library
:downzlibrary:prepareComAndroidSupportRecyclerviewV72610Library
:downzlibrary:prepareComAndroidSupportSupportCompat2610Library
:downzlibrary:prepareComAndroidSupportSupportCoreUi2610Library
:downzlibrary:prepareComAndroidSupportSupportCoreUtils2610Library
:downzlibrary:prepareComAndroidSupportSupportFragment2610Library
:downzlibrary:prepareComAndroidSupportSupportMediaCompat2610Library
:downzlibrary:prepareComAndroidSupportSupportV42610Library
:downzlibrary:prepareComAndroidSupportSupportVectorDrawable2610Library
:downzlibrary:prepareDeHdodenhofCircleimageview210Library
:downzlibrary:prepareDebugDependencies
:downzlibrary:compileDebugAidl
:downzlibrary:compileDebugNdk UP-TO-DATE
:downzlibrary:compileLint UP-TO-DATE
:downzlibrary:copyDebugLint UP-TO-DATE
:downzlibrary:compileDebugRenderscript
:downzlibrary:generateDebugBuildConfig
:downzlibrary:generateDebugResValues
:downzlibrary:generateDebugResources
:downzlibrary:mergeDebugResources
:downzlibrary:processDebugManifest
:downzlibrary:processDebugResources
:downzlibrary:generateDebugSources
:downzlibrary:incrementalDebugJavaCompilationSafeguard
:downzlibrary:javaPreCompileDebug
:downzlibrary:compileDebugJavaWithJavac
:downzlibrary:compileDebugJavaWithJavac - is not incremental (e.g. outputs have changed, no previous execution, etc.).
:downzlibrary:extractDebugAnnotations
:downzlibrary:mergeDebugShaders
:downzlibrary:compileDebugShaders
:downzlibrary:generateDebugAssets
:downzlibrary:mergeDebugAssets
:downzlibrary:mergeDebugProguardFiles
:downzlibrary:packageDebugRenderscript UP-TO-DATE
:downzlibrary:packageDebugResources
:downzlibrary:processDebugJavaRes UP-TO-DATE
:downzlibrary:transformResourcesWithMergeJavaResForDebug
:downzlibrary:transformClassesAndResourcesWithSyncLibJarsForDebug
:downzlibrary:mergeDebugJniLibFolders
:downzlibrary:transformNativeLibsWithMergeJniLibsForDebug
:downzlibrary:transformNativeLibsWithStripDebugSymbolForDebug
:downzlibrary:transformNativeLibsWithSyncJniLibsForDebug
:downzlibrary:bundleDebug
:downzlibrary:compileDebugSources
:downzlibrary:assembleDebug
:downzlibrary:checkReleaseManifest
:downzlibrary:prepareReleaseDependencies
:downzlibrary:compileReleaseAidl UP-TO-DATE
:downzlibrary:compileReleaseNdk UP-TO-DATE
:downzlibrary:copyReleaseLint UP-TO-DATE
:downzlibrary:compileReleaseRenderscript UP-TO-DATE
:downzlibrary:generateReleaseBuildConfig UP-TO-DATE
:downzlibrary:generateReleaseResValues UP-TO-DATE
:downzlibrary:generateReleaseResources UP-TO-DATE
:downzlibrary:mergeReleaseResources UP-TO-DATE
:downzlibrary:processReleaseManifest UP-TO-DATE
:downzlibrary:processReleaseResources UP-TO-DATE
:downzlibrary:generateReleaseSources UP-TO-DATE
:downzlibrary:incrementalReleaseJavaCompilationSafeguard UP-TO-DATE
:downzlibrary:javaPreCompileRelease
:downzlibrary:compileReleaseJavaWithJavac UP-TO-DATE
:downzlibrary:extractReleaseAnnotations UP-TO-DATE
:downzlibrary:mergeReleaseShaders UP-TO-DATE
:downzlibrary:compileReleaseShaders UP-TO-DATE
:downzlibrary:generateReleaseAssets UP-TO-DATE
:downzlibrary:mergeReleaseAssets UP-TO-DATE
:downzlibrary:mergeReleaseProguardFiles UP-TO-DATE
:downzlibrary:packageReleaseRenderscript UP-TO-DATE
:downzlibrary:packageReleaseResources UP-TO-DATE
:downzlibrary:processReleaseJavaRes UP-TO-DATE
:downzlibrary:transformResourcesWithMergeJavaResForRelease UP-TO-DATE
:downzlibrary:transformClassesAndResourcesWithSyncLibJarsForRelease UP-TO-DATE
:downzlibrary:mergeReleaseJniLibFolders UP-TO-DATE
:downzlibrary:transformNativeLibsWithMergeJniLibsForRelease UP-TO-DATE
:downzlibrary:transformNativeLibsWithStripDebugSymbolForRelease UP-TO-DATE
:downzlibrary:transformNativeLibsWithSyncJniLibsForRelease UP-TO-DATE
:downzlibrary:bundleRelease UP-TO-DATE
:downzlibrary:compileReleaseSources UP-TO-DATE
:downzlibrary:assembleRelease UP-TO-DATE
:downzlibrary:assemble
:downzlibrary:build

BUILD SUCCESSFUL

Total time: 9.26 secs

2018-08-31 19:14:36,743 INFO  ProjectTaskService - Detecting possible tasks...
2018-08-31 19:14:36,743 INFO  SysUtils - Execute command: [/var/folders/bq/vtzpc5ns5sg2cthy61lqpg3dfzgbys/T/1535717639286-0/src/DownZLibrary-master/gradlew, -b, /var/folders/bq/vtzpc5ns5sg2cthy61lqpg3dfzgbys/T/1535717639286-0/src/DownZLibrary-master/build.gradle, -Dorg.gradle.daemon=false, -Dorg.gradle.daemon.performance.enable-monitoring=false, -Dorg.gradle.configureondemand=true, tasks]
2018-08-31 19:14:42,795 INFO  ProjectTaskService - Detected possible tasks: 68
2018-08-31 19:14:42,795 INFO  ProjectTaskService - Excluded tasks (19): lintDebug mockableAndroidJar deviceCheck lint testReleaseUnitTest uninstallRelease deviceAndroidTest uninstallDebugAndroidTest installDebugAndroidTest connectedCheck connectedDebugAndroidTest uninstallAll test check testDebugUnitTest connectedAndroidTest installDebug lintRelease uninstallDebug
2018-08-31 19:14:42,796 INFO  SysUtils - Execute command: [/var/folders/bq/vtzpc5ns5sg2cthy61lqpg3dfzgbys/T/1535717639286-0/src/DownZLibrary-master/gradlew, -b, /var/folders/bq/vtzpc5ns5sg2cthy61lqpg3dfzgbys/T/1535717639286-0/src/DownZLibrary-master/build.gradle, -Dorg.gradle.daemon=false, -Dorg.gradle.daemon.performance.enable-monitoring=false, -Dorg.gradle.configureondemand=true, --stacktrace, -x, lintDebug, -x, mockableAndroidJar, -x, deviceCheck, -x, lint, -x, testReleaseUnitTest, -x, uninstallRelease, -x, deviceAndroidTest, -x, uninstallDebugAndroidTest, -x, installDebugAndroidTest, -x, connectedCheck, -x, connectedDebugAndroidTest, -x, uninstallAll, -x, test, -x, check, -x, testDebugUnitTest, -x, connectedAndroidTest, -x, installDebug, -x, lintRelease, -x, uninstallDebug, build]
2018-08-31 19:14:49,254 ERROR SysUtils - Could not process external command
org.apache.commons.exec.ExecuteException: Process exited with an error: 1 (Exit value: 1)
	at org.apache.commons.exec.DefaultExecutor.executeInternal(DefaultExecutor.java:404)
	at org.apache.commons.exec.DefaultExecutor.execute(DefaultExecutor.java:166)
	at com.github.vbauer.apkmaster.util.SysUtils.execute(SysUtils.java:67)
	at com.github.vbauer.apkmaster.util.SysUtils.executeSimple(SysUtils.java:43)
	at com.github.vbauer.apkmaster.service.assembly.ProjectBuildService.buildProject(ProjectBuildService.java:78)
	at com.github.vbauer.apkmaster.service.assembly.ProjectBuildService.buildProject(ProjectBuildService.java:64)
	at com.github.vbauer.apkmaster.service.assembly.ProjectBuildService.buildProject(ProjectBuildService.java:43)
	at com.github.vbauer.apkmaster.service.FullProcessService.build(FullProcessService.java:84)
	at com.github.vbauer.apkmaster.service.FullProcessService.process(FullProcessService.java:34)
	at com.github.vbauer.apkmaster.app.MainApplication.process(MainApplication.java:38)
	at com.github.vbauer.apkmaster.app.MainApplication.main(MainApplication.java:20)
	at sun.reflect.NativeMethodAccessorImpl.invoke0(Native Method)
	at sun.reflect.NativeMethodAccessorImpl.invoke(NativeMethodAccessorImpl.java:62)
	at sun.reflect.DelegatingMethodAccessorImpl.invoke(DelegatingMethodAccessorImpl.java:43)
	at java.lang.reflect.Method.invoke(Method.java:498)
	at com.android.arsenal.util.ReflectionUtils.invoke(ReflectionUtils.java:52)
	at com.android.arsenal.util.ApkMasterUtils.main(ApkMasterUtils.java:30)
	at com.android.arsenal.service.processor.impl.BuildProcessorServiceImpl.buildProject(BuildProcessorServiceImpl.java:196)
	at com.android.arsenal.service.processor.impl.BuildProcessorServiceImpl.build(BuildProcessorServiceImpl.java:130)
	at com.android.arsenal.service.processor.impl.BuildProcessorServiceImpl.lambda$createTasks$1(BuildProcessorServiceImpl.java:113)
	at java.util.concurrent.FutureTask.run(FutureTask.java:266)
	at java.util.concurrent.Executors$RunnableAdapter.call(Executors.java:511)
	at java.util.concurrent.FutureTask.run(FutureTask.java:266)
	at java.util.concurrent.ThreadPoolExecutor.runWorker(ThreadPoolExecutor.java:1149)
	at java.util.concurrent.ThreadPoolExecutor$Worker.run(ThreadPoolExecutor.java:624)
	at java.lang.Thread.run(Thread.java:748)
2018-08-31 19:14:49,255 INFO  SysUtils - Configuration on demand is an incubating feature.
Incremental java compilation is an incubating feature.
:app:preBuild UP-TO-DATE
:app:preDebugBuild UP-TO-DATE
:app:checkDebugManifest
:app:preReleaseBuild UP-TO-DATE
:app:prepareAndroidArchLifecycleRuntime100Library
:app:prepareComAndroidSupportAnimatedVectorDrawable2610Library
:app:prepareComAndroidSupportAppcompatV72610Library
:app:prepareComAndroidSupportConstraintConstraintLayout102Library
:app:prepareComAndroidSupportDesign2600Library
:app:prepareComAndroidSupportMultidex101Library
:app:prepareComAndroidSupportRecyclerviewV72610Library
:app:prepareComAndroidSupportSupportCompat2610Library
:app:prepareComAndroidSupportSupportCoreUi2610Library
:app:prepareComAndroidSupportSupportCoreUtils2610Library
:app:prepareComAndroidSupportSupportFragment2610Library
:app:prepareComAndroidSupportSupportMediaCompat2610Library
:app:prepareComAndroidSupportSupportV42610Library
:app:prepareComAndroidSupportSupportVectorDrawable2610Library
:app:prepareComAndroidSupportTransition2600Library
:app:prepareDeHdodenhofCircleimageview210Library
:app:prepareUkCoSamuelwallMaterialTapTargetPrompt200Library
:downzlibrary:preBuild UP-TO-DATE
:downzlibrary:preReleaseBuild UP-TO-DATE
:downzlibrary:checkReleaseManifest
:downzlibrary:preDebugAndroidTestBuild UP-TO-DATE
:downzlibrary:preDebugBuild UP-TO-DATE
:downzlibrary:preDebugUnitTestBuild UP-TO-DATE
:downzlibrary:preReleaseUnitTestBuild UP-TO-DATE
:downzlibrary:prepareAndroidArchLifecycleRuntime100Library
:downzlibrary:prepareComAndroidSupportAnimatedVectorDrawable2610Library
:downzlibrary:prepareComAndroidSupportAppcompatV72610Library
:downzlibrary:prepareComAndroidSupportRecyclerviewV72610Library
:downzlibrary:prepareComAndroidSupportSupportCompat2610Library
:downzlibrary:prepareComAndroidSupportSupportCoreUi2610Library
:downzlibrary:prepareComAndroidSupportSupportCoreUtils2610Library
:downzlibrary:prepareComAndroidSupportSupportFragment2610Library
:downzlibrary:prepareComAndroidSupportSupportMediaCompat2610Library
:downzlibrary:prepareComAndroidSupportSupportV42610Library
:downzlibrary:prepareComAndroidSupportSupportVectorDrawable2610Library
:downzlibrary:prepareDeHdodenhofCircleimageview210Library
:downzlibrary:prepareReleaseDependencies
:downzlibrary:compileReleaseAidl UP-TO-DATE
:downzlibrary:compileReleaseNdk UP-TO-DATE
:downzlibrary:compileLint UP-TO-DATE
:downzlibrary:copyReleaseLint UP-TO-DATE
:downzlibrary:compileReleaseRenderscript UP-TO-DATE
:downzlibrary:generateReleaseBuildConfig UP-TO-DATE
:downzlibrary:generateReleaseResValues UP-TO-DATE
:downzlibrary:generateReleaseResources UP-TO-DATE
:downzlibrary:mergeReleaseResources UP-TO-DATE
:downzlibrary:processReleaseManifest UP-TO-DATE
:downzlibrary:processReleaseResources UP-TO-DATE
:downzlibrary:generateReleaseSources UP-TO-DATE
:downzlibrary:incrementalReleaseJavaCompilationSafeguard UP-TO-DATE
:downzlibrary:javaPreCompileRelease
:downzlibrary:compileReleaseJavaWithJavac UP-TO-DATE
:downzlibrary:extractReleaseAnnotations UP-TO-DATE
:downzlibrary:mergeReleaseShaders UP-TO-DATE
:downzlibrary:compileReleaseShaders UP-TO-DATE
:downzlibrary:generateReleaseAssets UP-TO-DATE
:downzlibrary:mergeReleaseAssets UP-TO-DATE
:downzlibrary:mergeReleaseProguardFiles UP-TO-DATE
:downzlibrary:packageReleaseRenderscript UP-TO-DATE
:downzlibrary:packageReleaseResources UP-TO-DATE
:downzlibrary:processReleaseJavaRes UP-TO-DATE
:downzlibrary:transformResourcesWithMergeJavaResForRelease UP-TO-DATE
:downzlibrary:transformClassesAndResourcesWithSyncLibJarsForRelease UP-TO-DATE
:downzlibrary:mergeReleaseJniLibFolders UP-TO-DATE
:downzlibrary:transformNativeLibsWithMergeJniLibsForRelease UP-TO-DATE
:downzlibrary:transformNativeLibsWithStripDebugSymbolForRelease UP-TO-DATE
:downzlibrary:transformNativeLibsWithSyncJniLibsForRelease UP-TO-DATE
:downzlibrary:bundleRelease UP-TO-DATE
:app:prepareDebugDependencies
:app:compileDebugAidl UP-TO-DATE
:app:compileDebugRenderscript UP-TO-DATE
:app:generateDebugBuildConfig UP-TO-DATE
:app:generateDebugResValues UP-TO-DATE
:app:generateDebugResources UP-TO-DATE
:app:mergeDebugResources UP-TO-DATE
:app:processDebugManifest/private/var/folders/bq/vtzpc5ns5sg2cthy61lqpg3dfzgbys/T/1535717639286-0/src/DownZLibrary-master/app/src/main/AndroidManifest.xml:28:13-35 Error:
	Attribute meta-data#android.support.VERSION@value value=(26.0.0) from [com.android.support:design:26.0.0] AndroidManifest.xml:28:13-35
	is also present at [com.android.support:appcompat-v7:26.1.0] AndroidManifest.xml:28:13-35 value=(26.1.0).
	Suggestion: add 'tools:replace="android:value"' to <meta-data> element at AndroidManifest.xml:26:9-28:38 to override.


See http://g.co/androidstudio/manifest-merger for more information about the manifest merger.

:app:processDebugManifest FAILED

FAILURE: Build failed with an exception.

* What went wrong:
Execution failed for task ':app:processDebugManifest'.
> Manifest merger failed : Attribute meta-data#android.support.VERSION@value value=(26.0.0) from [com.android.support:design:26.0.0] AndroidManifest.xml:28:13-35
  	is also present at [com.android.support:appcompat-v7:26.1.0] AndroidManifest.xml:28:13-35 value=(26.1.0).
  	Suggestion: add 'tools:replace="android:value"' to <meta-data> element at AndroidManifest.xml:26:9-28:38 to override.

* Try:
Run with --info or --debug option to get more log output.

* Exception is:
org.gradle.api.tasks.TaskExecutionException: Execution failed for task ':app:processDebugManifest'.
	at org.gradle.api.internal.tasks.execution.ExecuteActionsTaskExecuter.executeActions(ExecuteActionsTaskExecuter.java:84)
	at org.gradle.api.internal.tasks.execution.ExecuteActionsTaskExecuter.execute(ExecuteActionsTaskExecuter.java:55)
	at org.gradle.api.internal.tasks.execution.SkipUpToDateTaskExecuter.execute(SkipUpToDateTaskExecuter.java:62)
	at org.gradle.api.internal.tasks.execution.ValidatingTaskExecuter.execute(ValidatingTaskExecuter.java:58)
	at org.gradle.api.internal.tasks.execution.SkipEmptySourceFilesTaskExecuter.execute(SkipEmptySourceFilesTaskExecuter.java:88)
	at org.gradle.api.internal.tasks.execution.ResolveTaskArtifactStateTaskExecuter.execute(ResolveTaskArtifactStateTaskExecuter.java:46)
	at org.gradle.api.internal.tasks.execution.SkipTaskWithNoActionsExecuter.execute(SkipTaskWithNoActionsExecuter.java:51)
	at org.gradle.api.internal.tasks.execution.SkipOnlyIfTaskExecuter.execute(SkipOnlyIfTaskExecuter.java:54)
	at org.gradle.api.internal.tasks.execution.ExecuteAtMostOnceTaskExecuter.execute(ExecuteAtMostOnceTaskExecuter.java:43)
	at org.gradle.api.internal.tasks.execution.CatchExceptionTaskExecuter.execute(CatchExceptionTaskExecuter.java:34)
	at org.gradle.execution.taskgraph.DefaultTaskGraphExecuter$EventFiringTaskWorker$1.execute(DefaultTaskGraphExecuter.java:236)
	at org.gradle.execution.taskgraph.DefaultTaskGraphExecuter$EventFiringTaskWorker$1.execute(DefaultTaskGraphExecuter.java:228)
	at org.gradle.internal.Transformers$4.transform(Transformers.java:169)
	at org.gradle.internal.progress.DefaultBuildOperationExecutor.run(DefaultBuildOperationExecutor.java:106)
	at org.gradle.internal.progress.DefaultBuildOperationExecutor.run(DefaultBuildOperationExecutor.java:61)
	at org.gradle.execution.taskgraph.DefaultTaskGraphExecuter$EventFiringTaskWorker.execute(DefaultTaskGraphExecuter.java:228)
	at org.gradle.execution.taskgraph.DefaultTaskGraphExecuter$EventFiringTaskWorker.execute(DefaultTaskGraphExecuter.java:215)
	at org.gradle.execution.taskgraph.AbstractTaskPlanExecutor$TaskExecutorWorker.processTask(AbstractTaskPlanExecutor.java:77)
	at org.gradle.execution.taskgraph.AbstractTaskPlanExecutor$TaskExecutorWorker.run(AbstractTaskPlanExecutor.java:58)
	at org.gradle.execution.taskgraph.DefaultTaskPlanExecutor.process(DefaultTaskPlanExecutor.java:32)
	at org.gradle.execution.taskgraph.DefaultTaskGraphExecuter.execute(DefaultTaskGraphExecuter.java:113)
	at org.gradle.execution.SelectedTaskExecutionAction.execute(SelectedTaskExecutionAction.java:37)
	at org.gradle.execution.DefaultBuildExecuter.execute(DefaultBuildExecuter.java:37)
	at org.gradle.execution.DefaultBuildExecuter.access$000(DefaultBuildExecuter.java:23)
	at org.gradle.execution.DefaultBuildExecuter$1.proceed(DefaultBuildExecuter.java:43)
	at org.gradle.execution.DryRunBuildExecutionAction.execute(DryRunBuildExecutionAction.java:32)
	at org.gradle.execution.DefaultBuildExecuter.execute(DefaultBuildExecuter.java:37)
	at org.gradle.execution.DefaultBuildExecuter.execute(DefaultBuildExecuter.java:30)
	at org.gradle.initialization.DefaultGradleLauncher$3.execute(DefaultGradleLauncher.java:196)
	at org.gradle.initialization.DefaultGradleLauncher$3.execute(DefaultGradleLauncher.java:193)
	at org.gradle.internal.Transformers$4.transform(Transformers.java:169)
	at org.gradle.internal.progress.DefaultBuildOperationExecutor.run(DefaultBuildOperationExecutor.java:106)
	at org.gradle.internal.progress.DefaultBuildOperationExecutor.run(DefaultBuildOperationExecutor.java:56)
	at org.gradle.initialization.DefaultGradleLauncher.doBuildStages(DefaultGradleLauncher.java:193)
	at org.gradle.initialization.DefaultGradleLauncher.doBuild(DefaultGradleLauncher.java:119)
	at org.gradle.initialization.DefaultGradleLauncher.run(DefaultGradleLauncher.java:102)
	at org.gradle.launcher.exec.GradleBuildController.run(GradleBuildController.java:71)
	at org.gradle.tooling.internal.provider.ExecuteBuildActionRunner.run(ExecuteBuildActionRunner.java:28)
	at org.gradle.launcher.exec.ChainingBuildActionRunner.run(ChainingBuildActionRunner.java:35)
	at org.gradle.launcher.exec.InProcessBuildActionExecuter.execute(InProcessBuildActionExecuter.java:41)
	at org.gradle.launcher.exec.InProcessBuildActionExecuter.execute(InProcessBuildActionExecuter.java:26)
	at org.gradle.tooling.internal.provider.ContinuousBuildActionExecuter.execute(ContinuousBuildActionExecuter.java:75)
	at org.gradle.tooling.internal.provider.ContinuousBuildActionExecuter.execute(ContinuousBuildActionExecuter.java:49)
	at org.gradle.tooling.internal.provider.ServicesSetupBuildActionExecuter.execute(ServicesSetupBuildActionExecuter.java:44)
	at org.gradle.tooling.internal.provider.ServicesSetupBuildActionExecuter.execute(ServicesSetupBuildActionExecuter.java:29)
	at org.gradle.launcher.cli.RunBuildAction.run(RunBuildAction.java:51)
	at org.gradle.internal.Actions$RunnableActionAdapter.execute(Actions.java:173)
	at org.gradle.launcher.cli.CommandLineActionFactory$ParseAndBuildAction.execute(CommandLineActionFactory.java:244)
	at org.gradle.launcher.cli.CommandLineActionFactory$ParseAndBuildAction.execute(CommandLineActionFactory.java:217)
	at org.gradle.launcher.cli.JavaRuntimeValidationAction.execute(JavaRuntimeValidationAction.java:33)
	at org.gradle.launcher.cli.JavaRuntimeValidationAction.execute(JavaRuntimeValidationAction.java:24)
	at org.gradle.launcher.cli.ExceptionReportingAction.execute(ExceptionReportingAction.java:33)
	at org.gradle.launcher.cli.ExceptionReportingAction.execute(ExceptionReportingAction.java:22)
	at org.gradle.launcher.cli.CommandLineActionFactory$WithLogging.execute(CommandLineActionFactory.java:210)
	at org.gradle.launcher.cli.CommandLineActionFactory$WithLogging.execute(CommandLineActionFactory.java:174)
	at org.gradle.launcher.Main.doAction(Main.java:33)
	at org.gradle.launcher.bootstrap.EntryPoint.run(EntryPoint.java:45)
	at org.gradle.launcher.bootstrap.ProcessBootstrap.runNoExit(ProcessBootstrap.java:60)
	at org.gradle.launcher.bootstrap.ProcessBootstrap.run(ProcessBootstrap.java:37)
	at org.gradle.launcher.GradleMain.main(GradleMain.java:23)
	at org.gradle.wrapper.BootstrapMainStarter.start(BootstrapMainStarter.java:30)
	at org.gradle.wrapper.WrapperExecutor.execute(WrapperExecutor.java:129)
	at org.gradle.wrapper.GradleWrapperMain.main(GradleWrapperMain.java:61)
Caused by: java.lang.RuntimeException: Manifest merger failed : Attribute meta-data#android.support.VERSION@value value=(26.0.0) from [com.android.support:design:26.0.0] AndroidManifest.xml:28:13-35
	is also present at [com.android.support:appcompat-v7:26.1.0] AndroidManifest.xml:28:13-35 value=(26.1.0).
	Suggestion: add 'tools:replace="android:value"' to <meta-data> element at AndroidManifest.xml:26:9-28:38 to override.
	at com.android.builder.core.AndroidBuilder.mergeManifestsForApplication(AndroidBuilder.java:576)
	at com.android.build.gradle.tasks.MergeManifests.doFullTaskAction(MergeManifests.java:74)
	at com.android.build.gradle.internal.tasks.IncrementalTask.taskAction(IncrementalTask.java:82)
	at org.gradle.internal.reflect.JavaMethod.invoke(JavaMethod.java:73)
	at org.gradle.api.internal.project.taskfactory.DefaultTaskClassInfoStore$IncrementalTaskAction.doExecute(DefaultTaskClassInfoStore.java:163)
	at org.gradle.api.internal.project.taskfactory.DefaultTaskClassInfoStore$StandardTaskAction.execute(DefaultTaskClassInfoStore.java:134)
	at org.gradle.api.internal.project.taskfactory.DefaultTaskClassInfoStore$StandardTaskAction.execute(DefaultTaskClassInfoStore.java:123)
	at org.gradle.api.internal.tasks.execution.ExecuteActionsTaskExecuter.executeAction(ExecuteActionsTaskExecuter.java:95)
	at org.gradle.api.internal.tasks.execution.ExecuteActionsTaskExecuter.executeActions(ExecuteActionsTaskExecuter.java:76)
	... 62 more


BUILD FAILED

Total time: 6.223 secs

2018-08-31 19:14:49,339 ERROR FullProcessService - Project build has not produced APK file
2018-08-31 19:14:49,414 ERROR FullProcessService - Could not find generated or existed APK file
