2018-08-31 21:53:19,289 INFO  DownloadService - Downloading "https://github.com/OpenCraft/TypeYourPin/archive/master.zip", attempt 3
2018-08-31 21:53:21,433 INFO  DownloadService - Downloaded https://github.com/OpenCraft/TypeYourPin/archive/master.zip, attempt 3
2018-08-31 21:53:21,434 INFO  DownloadService - Size of file "/var/folders/bq/vtzpc5ns5sg2cthy61lqpg3dfzgbys/T/1535727199282-0/master.zip": 166 KB
2018-08-31 21:53:21,434 INFO  ArchiveUtils - Checking entries [.gradle] in ZIP file...
2018-08-31 21:53:21,439 INFO  ArchiveUtils - Has entries [.gradle] in ZIP file /var/folders/bq/vtzpc5ns5sg2cthy61lqpg3dfzgbys/T/1535727199282-0/master.zip: true
2018-08-31 21:53:21,439 DEBUG ZipUtil - Extracting '/var/folders/bq/vtzpc5ns5sg2cthy61lqpg3dfzgbys/T/1535727199282-0/master.zip' into '/var/folders/bq/vtzpc5ns5sg2cthy61lqpg3dfzgbys/T/1535727199282-0/src'.
2018-08-31 21:53:21,461 INFO  FullProcessService - Size of directory with sources: 190 KB
2018-08-31 21:53:21,462 INFO  SysUtils - Execute command: [git, init, /var/folders/bq/vtzpc5ns5sg2cthy61lqpg3dfzgbys/T/1535727199282-0/src]
2018-08-31 21:53:21,484 INFO  SysUtils - Initialized empty Git repository in /private/var/folders/bq/vtzpc5ns5sg2cthy61lqpg3dfzgbys/T/1535727199282-0/src/.git/

2018-08-31 21:53:21,487 INFO  ProjectBuildService - Gradle wrapper(s): /var/folders/bq/vtzpc5ns5sg2cthy61lqpg3dfzgbys/T/1535727199282-0/src/TypeYourPin-master/gradlew
2018-08-31 21:53:21,489 INFO  ProjectBuildService - Build script(s): /var/folders/bq/vtzpc5ns5sg2cthy61lqpg3dfzgbys/T/1535727199282-0/src/TypeYourPin-master/sampleapp/build.gradle /var/folders/bq/vtzpc5ns5sg2cthy61lqpg3dfzgbys/T/1535727199282-0/src/TypeYourPin-master/typeyourpinlibrary/build.gradle /var/folders/bq/vtzpc5ns5sg2cthy61lqpg3dfzgbys/T/1535727199282-0/src/TypeYourPin-master/build.gradle
2018-08-31 21:53:21,492 INFO  ProjectBuildService - All script(s): /var/folders/bq/vtzpc5ns5sg2cthy61lqpg3dfzgbys/T/1535727199282-0/src/TypeYourPin-master/typeyourpinlibrary/build.gradle /var/folders/bq/vtzpc5ns5sg2cthy61lqpg3dfzgbys/T/1535727199282-0/src/TypeYourPin-master/build.gradle /var/folders/bq/vtzpc5ns5sg2cthy61lqpg3dfzgbys/T/1535727199282-0/src/TypeYourPin-master/settings.gradle /var/folders/bq/vtzpc5ns5sg2cthy61lqpg3dfzgbys/T/1535727199282-0/src/TypeYourPin-master/sampleapp/build.gradle
2018-08-31 21:53:21,492 INFO  ProjectBuildService - Remote scripts: none
2018-08-31 21:53:21,492 INFO  ProjectFixService - Fixing project...
2018-08-31 21:53:21,498 INFO  LocalPropertiesFixService - Created fake /var/folders/bq/vtzpc5ns5sg2cthy61lqpg3dfzgbys/T/1535727199282-0/src/TypeYourPin-master/sampleapp/local.properties
2018-08-31 21:53:21,498 INFO  ProjectFixService - Build info for "/var/folders/bq/vtzpc5ns5sg2cthy61lqpg3dfzgbys/T/1535727199282-0/src/TypeYourPin-master/sampleapp/build.gradle": [buildToolsVersion=26.0.2,compileSdkVersion=26,minSdkVersion=16,targetSdkVersion=26]
2018-08-31 21:53:21,498 INFO  LocalPropertiesFixService - Created fake /var/folders/bq/vtzpc5ns5sg2cthy61lqpg3dfzgbys/T/1535727199282-0/src/TypeYourPin-master/typeyourpinlibrary/local.properties
2018-08-31 21:53:21,499 INFO  ProjectFixService - Build info for "/var/folders/bq/vtzpc5ns5sg2cthy61lqpg3dfzgbys/T/1535727199282-0/src/TypeYourPin-master/typeyourpinlibrary/build.gradle": [buildToolsVersion=26.0.2,compileSdkVersion=26,minSdkVersion=16,targetSdkVersion=26]
2018-08-31 21:53:21,499 INFO  LocalPropertiesFixService - Created fake /var/folders/bq/vtzpc5ns5sg2cthy61lqpg3dfzgbys/T/1535727199282-0/src/TypeYourPin-master/local.properties
2018-08-31 21:53:21,499 INFO  WrapperPropertiesFixService - Gradle wrapper: https://services.gradle.org/distributions/gradle-3.3-all.zip
2018-08-31 21:53:21,500 INFO  WrapperPropertiesFixService - Gradle wrapper was changed from "-all.zip" to "-bin.zip" (https://services.gradle.org/distributions/gradle-3.3-bin.zip)
2018-08-31 21:53:21,500 INFO  ProjectFixService - Build info for "/var/folders/bq/vtzpc5ns5sg2cthy61lqpg3dfzgbys/T/1535727199282-0/src/TypeYourPin-master/build.gradle": [buildToolsVersion=26.0.2,compileSdkVersion=26,minSdkVersion=16,targetSdkVersion=26]
2018-08-31 21:53:21,500 INFO  ProjectFixService - Project was maybe fixed
2018-08-31 21:53:21,501 INFO  ProjectTaskService - Detecting possible tasks...
2018-08-31 21:53:21,501 INFO  SysUtils - Execute command: [/var/folders/bq/vtzpc5ns5sg2cthy61lqpg3dfzgbys/T/1535727199282-0/src/TypeYourPin-master/gradlew, -b, /var/folders/bq/vtzpc5ns5sg2cthy61lqpg3dfzgbys/T/1535727199282-0/src/TypeYourPin-master/sampleapp/build.gradle, -Dorg.gradle.daemon=false, -Dorg.gradle.daemon.performance.enable-monitoring=false, -Dorg.gradle.configureondemand=true, tasks]
2018-08-31 21:53:39,231 ERROR ProjectTaskService - Could not detect possible Gradle tasks: Process exited with an error: 1 (Exit value: 1)
2018-08-31 21:53:39,231 INFO  ProjectTaskService - Detected possible tasks: 0
2018-08-31 21:53:39,232 INFO  ProjectTaskService - Excluded tasks (0): none
2018-08-31 21:53:39,232 INFO  SysUtils - Execute command: [/var/folders/bq/vtzpc5ns5sg2cthy61lqpg3dfzgbys/T/1535727199282-0/src/TypeYourPin-master/gradlew, -b, /var/folders/bq/vtzpc5ns5sg2cthy61lqpg3dfzgbys/T/1535727199282-0/src/TypeYourPin-master/sampleapp/build.gradle, -Dorg.gradle.daemon=false, -Dorg.gradle.daemon.performance.enable-monitoring=false, -Dorg.gradle.configureondemand=true, --stacktrace, build]
2018-08-31 21:53:48,812 ERROR SysUtils - Could not process external command
org.apache.commons.exec.ExecuteException: Process exited with an error: 1 (Exit value: 1)
	at org.apache.commons.exec.DefaultExecutor.executeInternal(DefaultExecutor.java:404)
	at org.apache.commons.exec.DefaultExecutor.execute(DefaultExecutor.java:166)
	at com.github.vbauer.apkmaster.util.SysUtils.execute(SysUtils.java:67)
	at com.github.vbauer.apkmaster.util.SysUtils.executeSimple(SysUtils.java:43)
	at com.github.vbauer.apkmaster.service.assembly.ProjectBuildService.buildProject(ProjectBuildService.java:78)
	at com.github.vbauer.apkmaster.service.assembly.ProjectBuildService.buildProject(ProjectBuildService.java:64)
	at com.github.vbauer.apkmaster.service.assembly.ProjectBuildService.buildProject(ProjectBuildService.java:43)
	at com.github.vbauer.apkmaster.service.FullProcessService.build(FullProcessService.java:84)
	at com.github.vbauer.apkmaster.service.FullProcessService.process(FullProcessService.java:34)
	at com.github.vbauer.apkmaster.app.MainApplication.process(MainApplication.java:38)
	at com.github.vbauer.apkmaster.app.MainApplication.main(MainApplication.java:20)
	at sun.reflect.GeneratedMethodAccessor8.invoke(Unknown Source)
	at sun.reflect.DelegatingMethodAccessorImpl.invoke(DelegatingMethodAccessorImpl.java:43)
	at java.lang.reflect.Method.invoke(Method.java:498)
	at com.android.arsenal.util.ReflectionUtils.invoke(ReflectionUtils.java:52)
	at com.android.arsenal.util.ApkMasterUtils.main(ApkMasterUtils.java:30)
	at com.android.arsenal.service.processor.impl.BuildProcessorServiceImpl.buildProject(BuildProcessorServiceImpl.java:196)
	at com.android.arsenal.service.processor.impl.BuildProcessorServiceImpl.build(BuildProcessorServiceImpl.java:130)
	at com.android.arsenal.service.processor.impl.BuildProcessorServiceImpl.lambda$createTasks$1(BuildProcessorServiceImpl.java:113)
	at java.util.concurrent.FutureTask.run(FutureTask.java:266)
	at java.util.concurrent.Executors$RunnableAdapter.call(Executors.java:511)
	at java.util.concurrent.FutureTask.run(FutureTask.java:266)
	at java.util.concurrent.ThreadPoolExecutor.runWorker(ThreadPoolExecutor.java:1149)
	at java.util.concurrent.ThreadPoolExecutor$Worker.run(ThreadPoolExecutor.java:624)
	at java.lang.Thread.run(Thread.java:748)
2018-08-31 21:53:48,812 INFO  SysUtils - Configuration on demand is an incubating feature.
File /Users/vbauer/.android/repositories.cfg could not be loaded.

FAILURE: Build failed with an exception.

* What went wrong:
A problem occurred configuring project ':sampleapp'.
> Could not resolve all dependencies for configuration ':sampleapp:_debugApkCopy'.
   > Could not find com.github.OpenCraft:TypeYourPin:-SNAPSHOT.
     Required by:
         project :sampleapp

* Try:
Run with --info or --debug option to get more log output.

* Exception is:
org.gradle.api.ProjectConfigurationException: A problem occurred configuring project ':sampleapp'.
	at org.gradle.configuration.project.LifecycleProjectEvaluator.addConfigurationFailure(LifecycleProjectEvaluator.java:94)
	at org.gradle.configuration.project.LifecycleProjectEvaluator.notifyAfterEvaluate(LifecycleProjectEvaluator.java:89)
	at org.gradle.configuration.project.LifecycleProjectEvaluator.doConfigure(LifecycleProjectEvaluator.java:76)
	at org.gradle.configuration.project.LifecycleProjectEvaluator.access$000(LifecycleProjectEvaluator.java:33)
	at org.gradle.configuration.project.LifecycleProjectEvaluator$1.execute(LifecycleProjectEvaluator.java:53)
	at org.gradle.configuration.project.LifecycleProjectEvaluator$1.execute(LifecycleProjectEvaluator.java:50)
	at org.gradle.internal.Transformers$4.transform(Transformers.java:169)
	at org.gradle.internal.progress.DefaultBuildOperationExecutor.run(DefaultBuildOperationExecutor.java:106)
	at org.gradle.internal.progress.DefaultBuildOperationExecutor.run(DefaultBuildOperationExecutor.java:61)
	at org.gradle.configuration.project.LifecycleProjectEvaluator.evaluate(LifecycleProjectEvaluator.java:50)
	at org.gradle.api.internal.project.DefaultProject.evaluate(DefaultProject.java:628)
	at org.gradle.api.internal.project.DefaultProject.evaluate(DefaultProject.java:129)
	at org.gradle.execution.TaskPathProjectEvaluator.configure(TaskPathProjectEvaluator.java:35)
	at org.gradle.execution.TaskPathProjectEvaluator.configureHierarchy(TaskPathProjectEvaluator.java:60)
	at org.gradle.execution.TaskSelector.getSelection(TaskSelector.java:100)
	at org.gradle.execution.TaskSelector.getSelection(TaskSelector.java:81)
	at org.gradle.execution.commandline.CommandLineTaskParser.parseTasks(CommandLineTaskParser.java:42)
	at org.gradle.execution.TaskNameResolvingBuildConfigurationAction.configure(TaskNameResolvingBuildConfigurationAction.java:44)
	at org.gradle.execution.DefaultBuildConfigurationActionExecuter.configure(DefaultBuildConfigurationActionExecuter.java:48)
	at org.gradle.execution.DefaultBuildConfigurationActionExecuter.access$000(DefaultBuildConfigurationActionExecuter.java:25)
	at org.gradle.execution.DefaultBuildConfigurationActionExecuter$1.proceed(DefaultBuildConfigurationActionExecuter.java:54)
	at org.gradle.execution.DefaultTasksBuildExecutionAction.configure(DefaultTasksBuildExecutionAction.java:44)
	at org.gradle.execution.DefaultBuildConfigurationActionExecuter.configure(DefaultBuildConfigurationActionExecuter.java:48)
	at org.gradle.execution.DefaultBuildConfigurationActionExecuter.access$000(DefaultBuildConfigurationActionExecuter.java:25)
	at org.gradle.execution.DefaultBuildConfigurationActionExecuter$1.proceed(DefaultBuildConfigurationActionExecuter.java:54)
	at org.gradle.execution.ExcludedTaskFilteringBuildConfigurationAction.configure(ExcludedTaskFilteringBuildConfigurationAction.java:47)
	at org.gradle.execution.DefaultBuildConfigurationActionExecuter.configure(DefaultBuildConfigurationActionExecuter.java:48)
	at org.gradle.execution.DefaultBuildConfigurationActionExecuter.select(DefaultBuildConfigurationActionExecuter.java:36)
	at org.gradle.initialization.DefaultGradleLauncher$2.execute(DefaultGradleLauncher.java:185)
	at org.gradle.initialization.DefaultGradleLauncher$2.execute(DefaultGradleLauncher.java:182)
	at org.gradle.internal.Transformers$4.transform(Transformers.java:169)
	at org.gradle.internal.progress.DefaultBuildOperationExecutor.run(DefaultBuildOperationExecutor.java:106)
	at org.gradle.internal.progress.DefaultBuildOperationExecutor.run(DefaultBuildOperationExecutor.java:56)
	at org.gradle.initialization.DefaultGradleLauncher.doBuildStages(DefaultGradleLauncher.java:182)
	at org.gradle.initialization.DefaultGradleLauncher.doBuild(DefaultGradleLauncher.java:119)
	at org.gradle.initialization.DefaultGradleLauncher.run(DefaultGradleLauncher.java:102)
	at org.gradle.launcher.exec.GradleBuildController.run(GradleBuildController.java:71)
	at org.gradle.tooling.internal.provider.ExecuteBuildActionRunner.run(ExecuteBuildActionRunner.java:28)
	at org.gradle.launcher.exec.ChainingBuildActionRunner.run(ChainingBuildActionRunner.java:35)
	at org.gradle.launcher.exec.InProcessBuildActionExecuter.execute(InProcessBuildActionExecuter.java:41)
	at org.gradle.launcher.exec.InProcessBuildActionExecuter.execute(InProcessBuildActionExecuter.java:26)
	at org.gradle.tooling.internal.provider.ContinuousBuildActionExecuter.execute(ContinuousBuildActionExecuter.java:75)
	at org.gradle.tooling.internal.provider.ContinuousBuildActionExecuter.execute(ContinuousBuildActionExecuter.java:49)
	at org.gradle.tooling.internal.provider.ServicesSetupBuildActionExecuter.execute(ServicesSetupBuildActionExecuter.java:44)
	at org.gradle.tooling.internal.provider.ServicesSetupBuildActionExecuter.execute(ServicesSetupBuildActionExecuter.java:29)
	at org.gradle.launcher.cli.RunBuildAction.run(RunBuildAction.java:51)
	at org.gradle.internal.Actions$RunnableActionAdapter.execute(Actions.java:173)
	at org.gradle.launcher.cli.CommandLineActionFactory$ParseAndBuildAction.execute(CommandLineActionFactory.java:244)
	at org.gradle.launcher.cli.CommandLineActionFactory$ParseAndBuildAction.execute(CommandLineActionFactory.java:217)
	at org.gradle.launcher.cli.JavaRuntimeValidationAction.execute(JavaRuntimeValidationAction.java:33)
	at org.gradle.launcher.cli.JavaRuntimeValidationAction.execute(JavaRuntimeValidationAction.java:24)
	at org.gradle.launcher.cli.ExceptionReportingAction.execute(ExceptionReportingAction.java:33)
	at org.gradle.launcher.cli.ExceptionReportingAction.execute(ExceptionReportingAction.java:22)
	at org.gradle.launcher.cli.CommandLineActionFactory$WithLogging.execute(CommandLineActionFactory.java:210)
	at org.gradle.launcher.cli.CommandLineActionFactory$WithLogging.execute(CommandLineActionFactory.java:174)
	at org.gradle.launcher.Main.doAction(Main.java:33)
	at org.gradle.launcher.bootstrap.EntryPoint.run(EntryPoint.java:45)
	at org.gradle.launcher.bootstrap.ProcessBootstrap.runNoExit(ProcessBootstrap.java:60)
	at org.gradle.launcher.bootstrap.ProcessBootstrap.run(ProcessBootstrap.java:37)
	at org.gradle.launcher.GradleMain.main(GradleMain.java:23)
	at org.gradle.wrapper.BootstrapMainStarter.start(BootstrapMainStarter.java:30)
	at org.gradle.wrapper.WrapperExecutor.execute(WrapperExecutor.java:129)
	at org.gradle.wrapper.GradleWrapperMain.main(GradleWrapperMain.java:61)
Caused by: org.gradle.api.artifacts.ResolveException: Could not resolve all dependencies for configuration ':sampleapp:_debugApkCopy'.
	at org.gradle.api.internal.artifacts.ivyservice.DefaultLenientConfiguration.rethrowFailure(DefaultLenientConfiguration.java:169)
	at org.gradle.api.internal.artifacts.ivyservice.DefaultResolvedConfiguration.rethrowFailure(DefaultResolvedConfiguration.java:46)
	at org.gradle.api.internal.artifacts.ivyservice.DefaultResolvedConfiguration.getResolvedArtifacts(DefaultResolvedConfiguration.java:74)
	at org.gradle.api.internal.artifacts.ivyservice.ErrorHandlingConfigurationResolver$ErrorHandlingResolvedConfiguration.getResolvedArtifacts(ErrorHandlingConfigurationResolver.java:296)
	at com.android.build.gradle.internal.DependencyManager.collectArtifacts(DependencyManager.java:525)
	at com.android.build.gradle.internal.DependencyManager.resolveConfiguration(DependencyManager.java:354)
	at com.android.build.gradle.internal.DependencyManager.resolveDependencies(DependencyManager.java:263)
	at com.android.build.gradle.internal.DependencyManager.resolveDependencies(DependencyManager.java:166)
	at com.android.build.gradle.internal.TaskManager.resolveDependencies(TaskManager.java:375)
	at com.android.build.gradle.internal.VariantManager.lambda$createVariantData$3(VariantManager.java:607)
	at com.android.builder.profile.ThreadRecorder.record(ThreadRecorder.java:81)
	at com.android.build.gradle.internal.VariantManager.createVariantData(VariantManager.java:603)
	at com.android.build.gradle.internal.VariantManager.createVariantDataForProductFlavors(VariantManager.java:793)
	at com.android.build.gradle.internal.VariantManager.populateVariantDataList(VariantManager.java:469)
	at com.android.builder.profile.ThreadRecorder.record(ThreadRecorder.java:81)
	at com.android.build.gradle.internal.VariantManager.createAndroidTasks(VariantManager.java:263)
	at com.android.build.gradle.BasePlugin.lambda$createAndroidTasks$6(BasePlugin.java:601)
	at com.android.builder.profile.ThreadRecorder.record(ThreadRecorder.java:81)
	at com.android.build.gradle.BasePlugin.createAndroidTasks(BasePlugin.java:596)
	at com.android.build.gradle.BasePlugin.lambda$null$4(BasePlugin.java:526)
	at com.android.builder.profile.ThreadRecorder.record(ThreadRecorder.java:81)
	at com.android.build.gradle.BasePlugin.lambda$createTasks$5(BasePlugin.java:522)
	at org.gradle.internal.event.BroadcastDispatch$ActionInvocationHandler.dispatch(BroadcastDispatch.java:93)
	at org.gradle.internal.event.BroadcastDispatch$ActionInvocationHandler.dispatch(BroadcastDispatch.java:82)
	at org.gradle.internal.event.AbstractBroadcastDispatch.dispatch(AbstractBroadcastDispatch.java:44)
	at org.gradle.internal.event.BroadcastDispatch.dispatch(BroadcastDispatch.java:79)
	at org.gradle.internal.event.BroadcastDispatch.dispatch(BroadcastDispatch.java:30)
	at org.gradle.internal.dispatch.ProxyDispatchAdapter$DispatchingInvocationHandler.invoke(ProxyDispatchAdapter.java:93)
	at com.sun.proxy.$Proxy13.afterEvaluate(Unknown Source)
	at org.gradle.configuration.project.LifecycleProjectEvaluator.notifyAfterEvaluate(LifecycleProjectEvaluator.java:82)
	... 61 more
Caused by: org.gradle.internal.resolve.ModuleVersionNotFoundException: Could not find com.github.OpenCraft:TypeYourPin:-SNAPSHOT.
Required by:
    project :sampleapp
	at org.gradle.internal.resolve.result.DefaultBuildableComponentResolveResult.notFound(DefaultBuildableComponentResolveResult.java:38)
	at org.gradle.api.internal.artifacts.ivyservice.ivyresolve.RepositoryChainComponentMetaDataResolver.resolveModule(RepositoryChainComponentMetaDataResolver.java:88)
	at org.gradle.api.internal.artifacts.ivyservice.ivyresolve.RepositoryChainComponentMetaDataResolver.resolve(RepositoryChainComponentMetaDataResolver.java:59)
	at org.gradle.api.internal.artifacts.ivyservice.resolveengine.ComponentResolversChain$ComponentMetaDataResolverChain.resolve(ComponentResolversChain.java:85)
	at org.gradle.api.internal.artifacts.ivyservice.clientmodule.ClientModuleResolver.resolve(ClientModuleResolver.java:45)
	at org.gradle.api.internal.artifacts.ivyservice.resolveengine.graph.DependencyGraphBuilder$ModuleVersionResolveState.resolve(DependencyGraphBuilder.java:622)
	at org.gradle.api.internal.artifacts.ivyservice.resolveengine.graph.DependencyGraphBuilder$ModuleVersionResolveState.getMetaData(DependencyGraphBuilder.java:633)
	at org.gradle.api.internal.artifacts.ivyservice.resolveengine.graph.DependencyGraphBuilder$DependencyEdge.calculateTargetConfigurations(DependencyGraphBuilder.java:280)
	at org.gradle.api.internal.artifacts.ivyservice.resolveengine.graph.DependencyGraphBuilder$DependencyEdge.attachToTargetConfigurations(DependencyGraphBuilder.java:253)
	at org.gradle.api.internal.artifacts.ivyservice.resolveengine.graph.DependencyGraphBuilder.traverseGraph(DependencyGraphBuilder.java:161)
	at org.gradle.api.internal.artifacts.ivyservice.resolveengine.graph.DependencyGraphBuilder.resolve(DependencyGraphBuilder.java:98)
	at org.gradle.api.internal.artifacts.ivyservice.resolveengine.DefaultArtifactDependencyResolver.resolve(DefaultArtifactDependencyResolver.java:85)
	at org.gradle.api.internal.artifacts.ivyservice.CacheLockingArtifactDependencyResolver$1.run(CacheLockingArtifactDependencyResolver.java:43)
	at org.gradle.internal.Factories$1.create(Factories.java:25)
	at org.gradle.cache.internal.DefaultCacheAccess.useCache(DefaultCacheAccess.java:187)
	at org.gradle.cache.internal.DefaultCacheAccess.useCache(DefaultCacheAccess.java:170)
	at org.gradle.cache.internal.DefaultPersistentDirectoryStore.useCache(DefaultPersistentDirectoryStore.java:129)
	at org.gradle.cache.internal.DefaultCacheFactory$ReferenceTrackingCache.useCache(DefaultCacheFactory.java:191)
	at org.gradle.api.internal.artifacts.ivyservice.DefaultCacheLockingManager.useCache(DefaultCacheLockingManager.java:56)
	at org.gradle.api.internal.artifacts.ivyservice.CacheLockingArtifactDependencyResolver.resolve(CacheLockingArtifactDependencyResolver.java:41)
	at org.gradle.api.internal.artifacts.ivyservice.DefaultConfigurationResolver.resolveGraph(DefaultConfigurationResolver.java:119)
	at org.gradle.api.internal.artifacts.ivyservice.ShortCircuitEmptyConfigurationResolver.resolveGraph(ShortCircuitEmptyConfigurationResolver.java:72)
	at org.gradle.api.internal.artifacts.ivyservice.ErrorHandlingConfigurationResolver.resolveGraph(ErrorHandlingConfigurationResolver.java:66)
	at org.gradle.api.internal.artifacts.configurations.DefaultConfiguration$3.execute(DefaultConfiguration.java:443)
	at org.gradle.api.internal.artifacts.configurations.DefaultConfiguration$3.execute(DefaultConfiguration.java:436)
	at org.gradle.internal.Transformers$4.transform(Transformers.java:169)
	at org.gradle.internal.progress.DefaultBuildOperationExecutor.run(DefaultBuildOperationExecutor.java:106)
	at org.gradle.internal.progress.DefaultBuildOperationExecutor.run(DefaultBuildOperationExecutor.java:56)
	at org.gradle.api.internal.artifacts.configurations.DefaultConfiguration.resolveGraphIfRequired(DefaultConfiguration.java:436)
	at org.gradle.api.internal.artifacts.configurations.DefaultConfiguration.resolveToStateOrLater(DefaultConfiguration.java:411)
	at org.gradle.api.internal.artifacts.configurations.DefaultConfiguration.getResolvedConfiguration(DefaultConfiguration.java:403)
	at org.gradle.api.internal.artifacts.configurations.DefaultConfiguration_Decorated.getResolvedConfiguration(Unknown Source)
	at com.android.build.gradle.internal.DependencyManager.collectArtifacts(DependencyManager.java:524)
	... 86 more


BUILD FAILED

Total time: 9.307 secs

2018-08-31 21:53:48,815 INFO  ProjectTaskService - Detecting possible tasks...
2018-08-31 21:53:48,815 INFO  SysUtils - Execute command: [/var/folders/bq/vtzpc5ns5sg2cthy61lqpg3dfzgbys/T/1535727199282-0/src/TypeYourPin-master/gradlew, -b, /var/folders/bq/vtzpc5ns5sg2cthy61lqpg3dfzgbys/T/1535727199282-0/src/TypeYourPin-master/typeyourpinlibrary/build.gradle, -Dorg.gradle.daemon=false, -Dorg.gradle.daemon.performance.enable-monitoring=false, -Dorg.gradle.configureondemand=true, tasks]
2018-08-31 21:53:56,199 INFO  ProjectTaskService - Detected possible tasks: 65
2018-08-31 21:53:56,199 INFO  ProjectTaskService - Excluded tasks (16): lintDebug mockableAndroidJar deviceCheck lint testReleaseUnitTest deviceAndroidTest uninstallDebugAndroidTest installDebugAndroidTest connectedCheck connectedDebugAndroidTest uninstallAll test check testDebugUnitTest connectedAndroidTest lintRelease
2018-08-31 21:53:56,199 INFO  SysUtils - Execute command: [/var/folders/bq/vtzpc5ns5sg2cthy61lqpg3dfzgbys/T/1535727199282-0/src/TypeYourPin-master/gradlew, -b, /var/folders/bq/vtzpc5ns5sg2cthy61lqpg3dfzgbys/T/1535727199282-0/src/TypeYourPin-master/typeyourpinlibrary/build.gradle, -Dorg.gradle.daemon=false, -Dorg.gradle.daemon.performance.enable-monitoring=false, -Dorg.gradle.configureondemand=true, --stacktrace, -x, lintDebug, -x, mockableAndroidJar, -x, deviceCheck, -x, lint, -x, testReleaseUnitTest, -x, deviceAndroidTest, -x, uninstallDebugAndroidTest, -x, installDebugAndroidTest, -x, connectedCheck, -x, connectedDebugAndroidTest, -x, uninstallAll, -x, test, -x, check, -x, testDebugUnitTest, -x, connectedAndroidTest, -x, lintRelease, build]
2018-08-31 21:54:08,156 INFO  SysUtils - Configuration on demand is an incubating feature.
Incremental java compilation is an incubating feature.
:typeyourpinlibrary:preBuild UP-TO-DATE
:typeyourpinlibrary:preDebugBuild UP-TO-DATE
:typeyourpinlibrary:checkDebugManifest
:typeyourpinlibrary:preDebugAndroidTestBuild UP-TO-DATE
:typeyourpinlibrary:preDebugUnitTestBuild UP-TO-DATE
:typeyourpinlibrary:preReleaseBuild UP-TO-DATE
:typeyourpinlibrary:preReleaseUnitTestBuild UP-TO-DATE
:typeyourpinlibrary:prepareComAndroidSupportAnimatedVectorDrawable2600Alpha1Library
:typeyourpinlibrary:prepareComAndroidSupportAppcompatV72600Alpha1Library
:typeyourpinlibrary:prepareComAndroidSupportSupportCompat2600Alpha1Library
:typeyourpinlibrary:prepareComAndroidSupportSupportCoreUi2600Alpha1Library
:typeyourpinlibrary:prepareComAndroidSupportSupportCoreUtils2600Alpha1Library
:typeyourpinlibrary:prepareComAndroidSupportSupportFragment2600Alpha1Library
:typeyourpinlibrary:prepareComAndroidSupportSupportMediaCompat2600Alpha1Library
:typeyourpinlibrary:prepareComAndroidSupportSupportV42600Alpha1Library
:typeyourpinlibrary:prepareComAndroidSupportSupportVectorDrawable2600Alpha1Library
:typeyourpinlibrary:prepareDebugDependencies
:typeyourpinlibrary:compileDebugAidl
:typeyourpinlibrary:compileDebugNdk UP-TO-DATE
:typeyourpinlibrary:compileLint
:typeyourpinlibrary:copyDebugLint UP-TO-DATE
:typeyourpinlibrary:compileDebugRenderscript
:typeyourpinlibrary:generateDebugBuildConfig
:typeyourpinlibrary:generateDebugResValues
:typeyourpinlibrary:generateDebugResources
:typeyourpinlibrary:mergeDebugResources
:typeyourpinlibrary:processDebugManifest
:typeyourpinlibrary:processDebugResources
:typeyourpinlibrary:generateDebugSources
:typeyourpinlibrary:incrementalDebugJavaCompilationSafeguard
:typeyourpinlibrary:javaPreCompileDebug
:typeyourpinlibrary:compileDebugJavaWithJavac
:typeyourpinlibrary:compileDebugJavaWithJavac - is not incremental (e.g. outputs have changed, no previous execution, etc.).
Note: /private/var/folders/bq/vtzpc5ns5sg2cthy61lqpg3dfzgbys/T/1535727199282-0/src/TypeYourPin-master/typeyourpinlibrary/src/main/java/com/opencraft/gcherubini/typeyourpin/TypeYourPinLayout.java uses or overrides a deprecated API.
Note: Recompile with -Xlint:deprecation for details.
:typeyourpinlibrary:extractDebugAnnotations
:typeyourpinlibrary:mergeDebugShaders
:typeyourpinlibrary:compileDebugShaders
:typeyourpinlibrary:generateDebugAssets
:typeyourpinlibrary:mergeDebugAssets
:typeyourpinlibrary:mergeDebugProguardFiles
:typeyourpinlibrary:packageDebugRenderscript UP-TO-DATE
:typeyourpinlibrary:packageDebugResources
:typeyourpinlibrary:processDebugJavaRes UP-TO-DATE
:typeyourpinlibrary:transformResourcesWithMergeJavaResForDebug
:typeyourpinlibrary:transformClassesAndResourcesWithSyncLibJarsForDebug
:typeyourpinlibrary:mergeDebugJniLibFolders
:typeyourpinlibrary:transformNativeLibsWithMergeJniLibsForDebug
:typeyourpinlibrary:transformNativeLibsWithStripDebugSymbolForDebug
:typeyourpinlibrary:transformNativeLibsWithSyncJniLibsForDebug
:typeyourpinlibrary:bundleDebug
:typeyourpinlibrary:compileDebugSources
:typeyourpinlibrary:assembleDebug
:typeyourpinlibrary:checkReleaseManifest
:typeyourpinlibrary:prepareReleaseDependencies
:typeyourpinlibrary:compileReleaseAidl
:typeyourpinlibrary:compileReleaseNdk UP-TO-DATE
:typeyourpinlibrary:copyReleaseLint UP-TO-DATE
:typeyourpinlibrary:compileReleaseRenderscript
:typeyourpinlibrary:generateReleaseBuildConfig
:typeyourpinlibrary:generateReleaseResValues
:typeyourpinlibrary:generateReleaseResources
:typeyourpinlibrary:mergeReleaseResources
:typeyourpinlibrary:processReleaseManifest
:typeyourpinlibrary:processReleaseResources
:typeyourpinlibrary:generateReleaseSources
:typeyourpinlibrary:incrementalReleaseJavaCompilationSafeguard
:typeyourpinlibrary:javaPreCompileRelease
:typeyourpinlibrary:compileReleaseJavaWithJavac
:typeyourpinlibrary:compileReleaseJavaWithJavac - is not incremental (e.g. outputs have changed, no previous execution, etc.).
Note: /private/var/folders/bq/vtzpc5ns5sg2cthy61lqpg3dfzgbys/T/1535727199282-0/src/TypeYourPin-master/typeyourpinlibrary/src/main/java/com/opencraft/gcherubini/typeyourpin/TypeYourPinLayout.java uses or overrides a deprecated API.
Note: Recompile with -Xlint:deprecation for details.
:typeyourpinlibrary:extractReleaseAnnotations
:typeyourpinlibrary:mergeReleaseShaders
:typeyourpinlibrary:compileReleaseShaders
:typeyourpinlibrary:generateReleaseAssets
:typeyourpinlibrary:mergeReleaseAssets
:typeyourpinlibrary:mergeReleaseProguardFiles
:typeyourpinlibrary:packageReleaseRenderscript UP-TO-DATE
:typeyourpinlibrary:packageReleaseResources
:typeyourpinlibrary:processReleaseJavaRes UP-TO-DATE
:typeyourpinlibrary:transformResourcesWithMergeJavaResForRelease
:typeyourpinlibrary:transformClassesAndResourcesWithSyncLibJarsForRelease
:typeyourpinlibrary:mergeReleaseJniLibFolders
:typeyourpinlibrary:transformNativeLibsWithMergeJniLibsForRelease
:typeyourpinlibrary:transformNativeLibsWithStripDebugSymbolForRelease
:typeyourpinlibrary:transformNativeLibsWithSyncJniLibsForRelease
:typeyourpinlibrary:bundleRelease
:typeyourpinlibrary:compileReleaseSources
:typeyourpinlibrary:assembleRelease
:typeyourpinlibrary:assemble
:typeyourpinlibrary:build

BUILD SUCCESSFUL

Total time: 11.685 secs

2018-08-31 21:54:08,207 INFO  ProjectTaskService - Detecting possible tasks...
2018-08-31 21:54:08,208 INFO  SysUtils - Execute command: [/var/folders/bq/vtzpc5ns5sg2cthy61lqpg3dfzgbys/T/1535727199282-0/src/TypeYourPin-master/gradlew, -b, /var/folders/bq/vtzpc5ns5sg2cthy61lqpg3dfzgbys/T/1535727199282-0/src/TypeYourPin-master/build.gradle, -Dorg.gradle.daemon=false, -Dorg.gradle.daemon.performance.enable-monitoring=false, -Dorg.gradle.configureondemand=true, tasks]
2018-08-31 21:54:17,274 ERROR ProjectTaskService - Could not detect possible Gradle tasks: Process exited with an error: 1 (Exit value: 1)
2018-08-31 21:54:17,274 INFO  ProjectTaskService - Detected possible tasks: 0
2018-08-31 21:54:17,274 INFO  ProjectTaskService - Excluded tasks (0): none
2018-08-31 21:54:17,274 INFO  SysUtils - Execute command: [/var/folders/bq/vtzpc5ns5sg2cthy61lqpg3dfzgbys/T/1535727199282-0/src/TypeYourPin-master/gradlew, -b, /var/folders/bq/vtzpc5ns5sg2cthy61lqpg3dfzgbys/T/1535727199282-0/src/TypeYourPin-master/build.gradle, -Dorg.gradle.daemon=false, -Dorg.gradle.daemon.performance.enable-monitoring=false, -Dorg.gradle.configureondemand=true, --stacktrace, build]
2018-08-31 21:54:26,265 ERROR SysUtils - Could not process external command
org.apache.commons.exec.ExecuteException: Process exited with an error: 1 (Exit value: 1)
	at org.apache.commons.exec.DefaultExecutor.executeInternal(DefaultExecutor.java:404)
	at org.apache.commons.exec.DefaultExecutor.execute(DefaultExecutor.java:166)
	at com.github.vbauer.apkmaster.util.SysUtils.execute(SysUtils.java:67)
	at com.github.vbauer.apkmaster.util.SysUtils.executeSimple(SysUtils.java:43)
	at com.github.vbauer.apkmaster.service.assembly.ProjectBuildService.buildProject(ProjectBuildService.java:78)
	at com.github.vbauer.apkmaster.service.assembly.ProjectBuildService.buildProject(ProjectBuildService.java:64)
	at com.github.vbauer.apkmaster.service.assembly.ProjectBuildService.buildProject(ProjectBuildService.java:43)
	at com.github.vbauer.apkmaster.service.FullProcessService.build(FullProcessService.java:84)
	at com.github.vbauer.apkmaster.service.FullProcessService.process(FullProcessService.java:34)
	at com.github.vbauer.apkmaster.app.MainApplication.process(MainApplication.java:38)
	at com.github.vbauer.apkmaster.app.MainApplication.main(MainApplication.java:20)
	at sun.reflect.GeneratedMethodAccessor8.invoke(Unknown Source)
	at sun.reflect.DelegatingMethodAccessorImpl.invoke(DelegatingMethodAccessorImpl.java:43)
	at java.lang.reflect.Method.invoke(Method.java:498)
	at com.android.arsenal.util.ReflectionUtils.invoke(ReflectionUtils.java:52)
	at com.android.arsenal.util.ApkMasterUtils.main(ApkMasterUtils.java:30)
	at com.android.arsenal.service.processor.impl.BuildProcessorServiceImpl.buildProject(BuildProcessorServiceImpl.java:196)
	at com.android.arsenal.service.processor.impl.BuildProcessorServiceImpl.build(BuildProcessorServiceImpl.java:130)
	at com.android.arsenal.service.processor.impl.BuildProcessorServiceImpl.lambda$createTasks$1(BuildProcessorServiceImpl.java:113)
	at java.util.concurrent.FutureTask.run(FutureTask.java:266)
	at java.util.concurrent.Executors$RunnableAdapter.call(Executors.java:511)
	at java.util.concurrent.FutureTask.run(FutureTask.java:266)
	at java.util.concurrent.ThreadPoolExecutor.runWorker(ThreadPoolExecutor.java:1149)
	at java.util.concurrent.ThreadPoolExecutor$Worker.run(ThreadPoolExecutor.java:624)
	at java.lang.Thread.run(Thread.java:748)
2018-08-31 21:54:26,265 INFO  SysUtils - Configuration on demand is an incubating feature.
File /Users/vbauer/.android/repositories.cfg could not be loaded.

FAILURE: Build failed with an exception.

* What went wrong:
A problem occurred configuring project ':sampleapp'.
> Could not resolve all dependencies for configuration ':sampleapp:_debugApkCopy'.
   > Could not find com.github.OpenCraft:TypeYourPin:-SNAPSHOT.
     Required by:
         project :sampleapp

* Try:
Run with --info or --debug option to get more log output.

* Exception is:
org.gradle.api.ProjectConfigurationException: A problem occurred configuring project ':sampleapp'.
	at org.gradle.configuration.project.LifecycleProjectEvaluator.addConfigurationFailure(LifecycleProjectEvaluator.java:94)
	at org.gradle.configuration.project.LifecycleProjectEvaluator.notifyAfterEvaluate(LifecycleProjectEvaluator.java:89)
	at org.gradle.configuration.project.LifecycleProjectEvaluator.doConfigure(LifecycleProjectEvaluator.java:76)
	at org.gradle.configuration.project.LifecycleProjectEvaluator.access$000(LifecycleProjectEvaluator.java:33)
	at org.gradle.configuration.project.LifecycleProjectEvaluator$1.execute(LifecycleProjectEvaluator.java:53)
	at org.gradle.configuration.project.LifecycleProjectEvaluator$1.execute(LifecycleProjectEvaluator.java:50)
	at org.gradle.internal.Transformers$4.transform(Transformers.java:169)
	at org.gradle.internal.progress.DefaultBuildOperationExecutor.run(DefaultBuildOperationExecutor.java:106)
	at org.gradle.internal.progress.DefaultBuildOperationExecutor.run(DefaultBuildOperationExecutor.java:61)
	at org.gradle.configuration.project.LifecycleProjectEvaluator.evaluate(LifecycleProjectEvaluator.java:50)
	at org.gradle.api.internal.project.DefaultProject.evaluate(DefaultProject.java:628)
	at org.gradle.api.internal.project.DefaultProject.evaluate(DefaultProject.java:129)
	at org.gradle.execution.TaskPathProjectEvaluator.configure(TaskPathProjectEvaluator.java:35)
	at org.gradle.execution.TaskPathProjectEvaluator.configureHierarchy(TaskPathProjectEvaluator.java:62)
	at org.gradle.execution.TaskSelector.getSelection(TaskSelector.java:100)
	at org.gradle.execution.TaskSelector.getSelection(TaskSelector.java:81)
	at org.gradle.execution.commandline.CommandLineTaskParser.parseTasks(CommandLineTaskParser.java:42)
	at org.gradle.execution.TaskNameResolvingBuildConfigurationAction.configure(TaskNameResolvingBuildConfigurationAction.java:44)
	at org.gradle.execution.DefaultBuildConfigurationActionExecuter.configure(DefaultBuildConfigurationActionExecuter.java:48)
	at org.gradle.execution.DefaultBuildConfigurationActionExecuter.access$000(DefaultBuildConfigurationActionExecuter.java:25)
	at org.gradle.execution.DefaultBuildConfigurationActionExecuter$1.proceed(DefaultBuildConfigurationActionExecuter.java:54)
	at org.gradle.execution.DefaultTasksBuildExecutionAction.configure(DefaultTasksBuildExecutionAction.java:44)
	at org.gradle.execution.DefaultBuildConfigurationActionExecuter.configure(DefaultBuildConfigurationActionExecuter.java:48)
	at org.gradle.execution.DefaultBuildConfigurationActionExecuter.access$000(DefaultBuildConfigurationActionExecuter.java:25)
	at org.gradle.execution.DefaultBuildConfigurationActionExecuter$1.proceed(DefaultBuildConfigurationActionExecuter.java:54)
	at org.gradle.execution.ExcludedTaskFilteringBuildConfigurationAction.configure(ExcludedTaskFilteringBuildConfigurationAction.java:47)
	at org.gradle.execution.DefaultBuildConfigurationActionExecuter.configure(DefaultBuildConfigurationActionExecuter.java:48)
	at org.gradle.execution.DefaultBuildConfigurationActionExecuter.select(DefaultBuildConfigurationActionExecuter.java:36)
	at org.gradle.initialization.DefaultGradleLauncher$2.execute(DefaultGradleLauncher.java:185)
	at org.gradle.initialization.DefaultGradleLauncher$2.execute(DefaultGradleLauncher.java:182)
	at org.gradle.internal.Transformers$4.transform(Transformers.java:169)
	at org.gradle.internal.progress.DefaultBuildOperationExecutor.run(DefaultBuildOperationExecutor.java:106)
	at org.gradle.internal.progress.DefaultBuildOperationExecutor.run(DefaultBuildOperationExecutor.java:56)
	at org.gradle.initialization.DefaultGradleLauncher.doBuildStages(DefaultGradleLauncher.java:182)
	at org.gradle.initialization.DefaultGradleLauncher.doBuild(DefaultGradleLauncher.java:119)
	at org.gradle.initialization.DefaultGradleLauncher.run(DefaultGradleLauncher.java:102)
	at org.gradle.launcher.exec.GradleBuildController.run(GradleBuildController.java:71)
	at org.gradle.tooling.internal.provider.ExecuteBuildActionRunner.run(ExecuteBuildActionRunner.java:28)
	at org.gradle.launcher.exec.ChainingBuildActionRunner.run(ChainingBuildActionRunner.java:35)
	at org.gradle.launcher.exec.InProcessBuildActionExecuter.execute(InProcessBuildActionExecuter.java:41)
	at org.gradle.launcher.exec.InProcessBuildActionExecuter.execute(InProcessBuildActionExecuter.java:26)
	at org.gradle.tooling.internal.provider.ContinuousBuildActionExecuter.execute(ContinuousBuildActionExecuter.java:75)
	at org.gradle.tooling.internal.provider.ContinuousBuildActionExecuter.execute(ContinuousBuildActionExecuter.java:49)
	at org.gradle.tooling.internal.provider.ServicesSetupBuildActionExecuter.execute(ServicesSetupBuildActionExecuter.java:44)
	at org.gradle.tooling.internal.provider.ServicesSetupBuildActionExecuter.execute(ServicesSetupBuildActionExecuter.java:29)
	at org.gradle.launcher.cli.RunBuildAction.run(RunBuildAction.java:51)
	at org.gradle.internal.Actions$RunnableActionAdapter.execute(Actions.java:173)
	at org.gradle.launcher.cli.CommandLineActionFactory$ParseAndBuildAction.execute(CommandLineActionFactory.java:244)
	at org.gradle.launcher.cli.CommandLineActionFactory$ParseAndBuildAction.execute(CommandLineActionFactory.java:217)
	at org.gradle.launcher.cli.JavaRuntimeValidationAction.execute(JavaRuntimeValidationAction.java:33)
	at org.gradle.launcher.cli.JavaRuntimeValidationAction.execute(JavaRuntimeValidationAction.java:24)
	at org.gradle.launcher.cli.ExceptionReportingAction.execute(ExceptionReportingAction.java:33)
	at org.gradle.launcher.cli.ExceptionReportingAction.execute(ExceptionReportingAction.java:22)
	at org.gradle.launcher.cli.CommandLineActionFactory$WithLogging.execute(CommandLineActionFactory.java:210)
	at org.gradle.launcher.cli.CommandLineActionFactory$WithLogging.execute(CommandLineActionFactory.java:174)
	at org.gradle.launcher.Main.doAction(Main.java:33)
	at org.gradle.launcher.bootstrap.EntryPoint.run(EntryPoint.java:45)
	at org.gradle.launcher.bootstrap.ProcessBootstrap.runNoExit(ProcessBootstrap.java:60)
	at org.gradle.launcher.bootstrap.ProcessBootstrap.run(ProcessBootstrap.java:37)
	at org.gradle.launcher.GradleMain.main(GradleMain.java:23)
	at org.gradle.wrapper.BootstrapMainStarter.start(BootstrapMainStarter.java:30)
	at org.gradle.wrapper.WrapperExecutor.execute(WrapperExecutor.java:129)
	at org.gradle.wrapper.GradleWrapperMain.main(GradleWrapperMain.java:61)
Caused by: org.gradle.api.artifacts.ResolveException: Could not resolve all dependencies for configuration ':sampleapp:_debugApkCopy'.
	at org.gradle.api.internal.artifacts.ivyservice.DefaultLenientConfiguration.rethrowFailure(DefaultLenientConfiguration.java:169)
	at org.gradle.api.internal.artifacts.ivyservice.DefaultResolvedConfiguration.rethrowFailure(DefaultResolvedConfiguration.java:46)
	at org.gradle.api.internal.artifacts.ivyservice.DefaultResolvedConfiguration.getResolvedArtifacts(DefaultResolvedConfiguration.java:74)
	at org.gradle.api.internal.artifacts.ivyservice.ErrorHandlingConfigurationResolver$ErrorHandlingResolvedConfiguration.getResolvedArtifacts(ErrorHandlingConfigurationResolver.java:296)
	at com.android.build.gradle.internal.DependencyManager.collectArtifacts(DependencyManager.java:525)
	at com.android.build.gradle.internal.DependencyManager.resolveConfiguration(DependencyManager.java:354)
	at com.android.build.gradle.internal.DependencyManager.resolveDependencies(DependencyManager.java:263)
	at com.android.build.gradle.internal.DependencyManager.resolveDependencies(DependencyManager.java:166)
	at com.android.build.gradle.internal.TaskManager.resolveDependencies(TaskManager.java:375)
	at com.android.build.gradle.internal.VariantManager.lambda$createVariantData$3(VariantManager.java:607)
	at com.android.builder.profile.ThreadRecorder.record(ThreadRecorder.java:81)
	at com.android.build.gradle.internal.VariantManager.createVariantData(VariantManager.java:603)
	at com.android.build.gradle.internal.VariantManager.createVariantDataForProductFlavors(VariantManager.java:793)
	at com.android.build.gradle.internal.VariantManager.populateVariantDataList(VariantManager.java:469)
	at com.android.builder.profile.ThreadRecorder.record(ThreadRecorder.java:81)
	at com.android.build.gradle.internal.VariantManager.createAndroidTasks(VariantManager.java:263)
	at com.android.build.gradle.BasePlugin.lambda$createAndroidTasks$6(BasePlugin.java:601)
	at com.android.builder.profile.ThreadRecorder.record(ThreadRecorder.java:81)
	at com.android.build.gradle.BasePlugin.createAndroidTasks(BasePlugin.java:596)
	at com.android.build.gradle.BasePlugin.lambda$null$4(BasePlugin.java:526)
	at com.android.builder.profile.ThreadRecorder.record(ThreadRecorder.java:81)
	at com.android.build.gradle.BasePlugin.lambda$createTasks$5(BasePlugin.java:522)
	at org.gradle.internal.event.BroadcastDispatch$ActionInvocationHandler.dispatch(BroadcastDispatch.java:93)
	at org.gradle.internal.event.BroadcastDispatch$ActionInvocationHandler.dispatch(BroadcastDispatch.java:82)
	at org.gradle.internal.event.AbstractBroadcastDispatch.dispatch(AbstractBroadcastDispatch.java:44)
	at org.gradle.internal.event.BroadcastDispatch.dispatch(BroadcastDispatch.java:79)
	at org.gradle.internal.event.BroadcastDispatch.dispatch(BroadcastDispatch.java:30)
	at org.gradle.internal.dispatch.ProxyDispatchAdapter$DispatchingInvocationHandler.invoke(ProxyDispatchAdapter.java:93)
	at com.sun.proxy.$Proxy13.afterEvaluate(Unknown Source)
	at org.gradle.configuration.project.LifecycleProjectEvaluator.notifyAfterEvaluate(LifecycleProjectEvaluator.java:82)
	... 61 more
Caused by: org.gradle.internal.resolve.ModuleVersionNotFoundException: Could not find com.github.OpenCraft:TypeYourPin:-SNAPSHOT.
Required by:
    project :sampleapp
	at org.gradle.internal.resolve.result.DefaultBuildableComponentResolveResult.notFound(DefaultBuildableComponentResolveResult.java:38)
	at org.gradle.api.internal.artifacts.ivyservice.ivyresolve.RepositoryChainComponentMetaDataResolver.resolveModule(RepositoryChainComponentMetaDataResolver.java:88)
	at org.gradle.api.internal.artifacts.ivyservice.ivyresolve.RepositoryChainComponentMetaDataResolver.resolve(RepositoryChainComponentMetaDataResolver.java:59)
	at org.gradle.api.internal.artifacts.ivyservice.resolveengine.ComponentResolversChain$ComponentMetaDataResolverChain.resolve(ComponentResolversChain.java:85)
	at org.gradle.api.internal.artifacts.ivyservice.clientmodule.ClientModuleResolver.resolve(ClientModuleResolver.java:45)
	at org.gradle.api.internal.artifacts.ivyservice.resolveengine.graph.DependencyGraphBuilder$ModuleVersionResolveState.resolve(DependencyGraphBuilder.java:622)
	at org.gradle.api.internal.artifacts.ivyservice.resolveengine.graph.DependencyGraphBuilder$ModuleVersionResolveState.getMetaData(DependencyGraphBuilder.java:633)
	at org.gradle.api.internal.artifacts.ivyservice.resolveengine.graph.DependencyGraphBuilder$DependencyEdge.calculateTargetConfigurations(DependencyGraphBuilder.java:280)
	at org.gradle.api.internal.artifacts.ivyservice.resolveengine.graph.DependencyGraphBuilder$DependencyEdge.attachToTargetConfigurations(DependencyGraphBuilder.java:253)
	at org.gradle.api.internal.artifacts.ivyservice.resolveengine.graph.DependencyGraphBuilder.traverseGraph(DependencyGraphBuilder.java:161)
	at org.gradle.api.internal.artifacts.ivyservice.resolveengine.graph.DependencyGraphBuilder.resolve(DependencyGraphBuilder.java:98)
	at org.gradle.api.internal.artifacts.ivyservice.resolveengine.DefaultArtifactDependencyResolver.resolve(DefaultArtifactDependencyResolver.java:85)
	at org.gradle.api.internal.artifacts.ivyservice.CacheLockingArtifactDependencyResolver$1.run(CacheLockingArtifactDependencyResolver.java:43)
	at org.gradle.internal.Factories$1.create(Factories.java:25)
	at org.gradle.cache.internal.DefaultCacheAccess.useCache(DefaultCacheAccess.java:187)
	at org.gradle.cache.internal.DefaultCacheAccess.useCache(DefaultCacheAccess.java:170)
	at org.gradle.cache.internal.DefaultPersistentDirectoryStore.useCache(DefaultPersistentDirectoryStore.java:129)
	at org.gradle.cache.internal.DefaultCacheFactory$ReferenceTrackingCache.useCache(DefaultCacheFactory.java:191)
	at org.gradle.api.internal.artifacts.ivyservice.DefaultCacheLockingManager.useCache(DefaultCacheLockingManager.java:56)
	at org.gradle.api.internal.artifacts.ivyservice.CacheLockingArtifactDependencyResolver.resolve(CacheLockingArtifactDependencyResolver.java:41)
	at org.gradle.api.internal.artifacts.ivyservice.DefaultConfigurationResolver.resolveGraph(DefaultConfigurationResolver.java:119)
	at org.gradle.api.internal.artifacts.ivyservice.ShortCircuitEmptyConfigurationResolver.resolveGraph(ShortCircuitEmptyConfigurationResolver.java:72)
	at org.gradle.api.internal.artifacts.ivyservice.ErrorHandlingConfigurationResolver.resolveGraph(ErrorHandlingConfigurationResolver.java:66)
	at org.gradle.api.internal.artifacts.configurations.DefaultConfiguration$3.execute(DefaultConfiguration.java:443)
	at org.gradle.api.internal.artifacts.configurations.DefaultConfiguration$3.execute(DefaultConfiguration.java:436)
	at org.gradle.internal.Transformers$4.transform(Transformers.java:169)
	at org.gradle.internal.progress.DefaultBuildOperationExecutor.run(DefaultBuildOperationExecutor.java:106)
	at org.gradle.internal.progress.DefaultBuildOperationExecutor.run(DefaultBuildOperationExecutor.java:56)
	at org.gradle.api.internal.artifacts.configurations.DefaultConfiguration.resolveGraphIfRequired(DefaultConfiguration.java:436)
	at org.gradle.api.internal.artifacts.configurations.DefaultConfiguration.resolveToStateOrLater(DefaultConfiguration.java:411)
	at org.gradle.api.internal.artifacts.configurations.DefaultConfiguration.getResolvedConfiguration(DefaultConfiguration.java:403)
	at org.gradle.api.internal.artifacts.configurations.DefaultConfiguration_Decorated.getResolvedConfiguration(Unknown Source)
	at com.android.build.gradle.internal.DependencyManager.collectArtifacts(DependencyManager.java:524)
	... 86 more


BUILD FAILED

Total time: 8.649 secs

2018-08-31 21:54:26,322 ERROR FullProcessService - Project build has not produced APK file
2018-08-31 21:54:26,371 ERROR FullProcessService - Could not find generated or existed APK file
