2019-07-30 16:36:55,883 INFO  DownloadService - Downloading "https://github.com/uber/RIBs/archive/master.zip", attempt 3
2019-07-30 16:36:59,521 INFO  DownloadService - Downloaded https://github.com/uber/RIBs/archive/master.zip, attempt 3
2019-07-30 16:36:59,521 INFO  DownloadService - Size of file "/var/folders/bq/vtzpc5ns5sg2cthy61lqpg3dfzgbys/T/1564479415878-0/master.zip": 1 MB
2019-07-30 16:36:59,521 INFO  ArchiveUtils - Checking entries [.gradle] in ZIP file...
2019-07-30 16:36:59,529 INFO  ArchiveUtils - Has entries [.gradle] in ZIP file /var/folders/bq/vtzpc5ns5sg2cthy61lqpg3dfzgbys/T/1564479415878-0/master.zip: true
2019-07-30 16:36:59,529 DEBUG ZipUtil - Extracting '/var/folders/bq/vtzpc5ns5sg2cthy61lqpg3dfzgbys/T/1564479415878-0/master.zip' into '/var/folders/bq/vtzpc5ns5sg2cthy61lqpg3dfzgbys/T/1564479415878-0/src'.
2019-07-30 16:36:59,721 INFO  FullProcessService - Size of directory with sources: 2 MB
2019-07-30 16:36:59,721 INFO  SysUtils - Execute command: [git, init, /var/folders/bq/vtzpc5ns5sg2cthy61lqpg3dfzgbys/T/1564479415878-0/src]
2019-07-30 16:36:59,741 INFO  SysUtils - Initialized empty Git repository in /private/var/folders/bq/vtzpc5ns5sg2cthy61lqpg3dfzgbys/T/1564479415878-0/src/.git/

2019-07-30 16:36:59,764 INFO  ProjectBuildService - Gradle wrapper(s): /var/folders/bq/vtzpc5ns5sg2cthy61lqpg3dfzgbys/T/1564479415878-0/src/RIBs-master/android/gradlew
2019-07-30 16:36:59,786 INFO  ProjectBuildService - Build script(s): /var/folders/bq/vtzpc5ns5sg2cthy61lqpg3dfzgbys/T/1564479415878-0/src/RIBs-master/android/build.gradle /var/folders/bq/vtzpc5ns5sg2cthy61lqpg3dfzgbys/T/1564479415878-0/src/RIBs-master/android/demos/memory-leaks/build.gradle /var/folders/bq/vtzpc5ns5sg2cthy61lqpg3dfzgbys/T/1564479415878-0/src/RIBs-master/android/libraries/rib-android-test/build.gradle /var/folders/bq/vtzpc5ns5sg2cthy61lqpg3dfzgbys/T/1564479415878-0/src/RIBs-master/android/libraries/rib-android/build.gradle /var/folders/bq/vtzpc5ns5sg2cthy61lqpg3dfzgbys/T/1564479415878-0/src/RIBs-master/android/libraries/rib-screen-stack-base/build.gradle /var/folders/bq/vtzpc5ns5sg2cthy61lqpg3dfzgbys/T/1564479415878-0/src/RIBs-master/android/libraries/rib-workflow-test-utils/build.gradle /var/folders/bq/vtzpc5ns5sg2cthy61lqpg3dfzgbys/T/1564479415878-0/src/RIBs-master/android/libraries/rib-workflow/build.gradle /var/folders/bq/vtzpc5ns5sg2cthy61lqpg3dfzgbys/T/1564479415878-0/src/RIBs-master/android/tutorials/tutorial1/build.gradle /var/folders/bq/vtzpc5ns5sg2cthy61lqpg3dfzgbys/T/1564479415878-0/src/RIBs-master/android/tutorials/tutorial2/build.gradle /var/folders/bq/vtzpc5ns5sg2cthy61lqpg3dfzgbys/T/1564479415878-0/src/RIBs-master/android/tutorials/tutorial3-completed/build.gradle /var/folders/bq/vtzpc5ns5sg2cthy61lqpg3dfzgbys/T/1564479415878-0/src/RIBs-master/android/tutorials/tutorial3/build.gradle /var/folders/bq/vtzpc5ns5sg2cthy61lqpg3dfzgbys/T/1564479415878-0/src/RIBs-master/android/tutorials/tutorial4/build.gradle /var/folders/bq/vtzpc5ns5sg2cthy61lqpg3dfzgbys/T/1564479415878-0/src/RIBs-master/android/libraries/rib-base/build.gradle /var/folders/bq/vtzpc5ns5sg2cthy61lqpg3dfzgbys/T/1564479415878-0/src/RIBs-master/android/libraries/rib-compiler-app/build.gradle /var/folders/bq/vtzpc5ns5sg2cthy61lqpg3dfzgbys/T/1564479415878-0/src/RIBs-master/android/libraries/rib-compiler-test/build.gradle /var/folders/bq/vtzpc5ns5sg2cthy61lqpg3dfzgbys/T/1564479415878-0/src/RIBs-master/android/libraries/rib-debug-utils/build.gradle /var/folders/bq/vtzpc5ns5sg2cthy61lqpg3dfzgbys/T/1564479415878-0/src/RIBs-master/android/libraries/rib-router-navigator/build.gradle /var/folders/bq/vtzpc5ns5sg2cthy61lqpg3dfzgbys/T/1564479415878-0/src/RIBs-master/android/libraries/rib-test-utils/build.gradle /var/folders/bq/vtzpc5ns5sg2cthy61lqpg3dfzgbys/T/1564479415878-0/src/RIBs-master/android/libraries/rib-uava/build.gradle /var/folders/bq/vtzpc5ns5sg2cthy61lqpg3dfzgbys/T/1564479415878-0/src/RIBs-master/android/tooling/autodispose-error-prone-checker/build.gradle /var/folders/bq/vtzpc5ns5sg2cthy61lqpg3dfzgbys/T/1564479415878-0/src/RIBs-master/android/tooling/rib-intellij-plugin/build.gradle
2019-07-30 16:36:59,808 INFO  ProjectBuildService - All script(s): /var/folders/bq/vtzpc5ns5sg2cthy61lqpg3dfzgbys/T/1564479415878-0/src/RIBs-master/android/tooling/rib-intellij-plugin/build.gradle /var/folders/bq/vtzpc5ns5sg2cthy61lqpg3dfzgbys/T/1564479415878-0/src/RIBs-master/android/tooling/autodispose-error-prone-checker/build.gradle /var/folders/bq/vtzpc5ns5sg2cthy61lqpg3dfzgbys/T/1564479415878-0/src/RIBs-master/android/libraries/rib-compiler-test/build.gradle /var/folders/bq/vtzpc5ns5sg2cthy61lqpg3dfzgbys/T/1564479415878-0/src/RIBs-master/android/libraries/rib-workflow/build.gradle /var/folders/bq/vtzpc5ns5sg2cthy61lqpg3dfzgbys/T/1564479415878-0/src/RIBs-master/android/libraries/rib-router-navigator/build.gradle /var/folders/bq/vtzpc5ns5sg2cthy61lqpg3dfzgbys/T/1564479415878-0/src/RIBs-master/android/libraries/rib-android-test/build.gradle /var/folders/bq/vtzpc5ns5sg2cthy61lqpg3dfzgbys/T/1564479415878-0/src/RIBs-master/android/libraries/rib-android/build.gradle /var/folders/bq/vtzpc5ns5sg2cthy61lqpg3dfzgbys/T/1564479415878-0/src/RIBs-master/android/libraries/rib-workflow-test-utils/build.gradle /var/folders/bq/vtzpc5ns5sg2cthy61lqpg3dfzgbys/T/1564479415878-0/src/RIBs-master/android/libraries/rib-uava/build.gradle /var/folders/bq/vtzpc5ns5sg2cthy61lqpg3dfzgbys/T/1564479415878-0/src/RIBs-master/android/libraries/rib-screen-stack-base/build.gradle /var/folders/bq/vtzpc5ns5sg2cthy61lqpg3dfzgbys/T/1564479415878-0/src/RIBs-master/android/libraries/rib-compiler-app/build.gradle /var/folders/bq/vtzpc5ns5sg2cthy61lqpg3dfzgbys/T/1564479415878-0/src/RIBs-master/android/libraries/rib-test-utils/build.gradle /var/folders/bq/vtzpc5ns5sg2cthy61lqpg3dfzgbys/T/1564479415878-0/src/RIBs-master/android/libraries/rib-debug-utils/build.gradle /var/folders/bq/vtzpc5ns5sg2cthy61lqpg3dfzgbys/T/1564479415878-0/src/RIBs-master/android/libraries/rib-base/build.gradle /var/folders/bq/vtzpc5ns5sg2cthy61lqpg3dfzgbys/T/1564479415878-0/src/RIBs-master/android/gradle/gradle-mvn-push.gradle /var/folders/bq/vtzpc5ns5sg2cthy61lqpg3dfzgbys/T/1564479415878-0/src/RIBs-master/android/gradle/dependencies.gradle /var/folders/bq/vtzpc5ns5sg2cthy61lqpg3dfzgbys/T/1564479415878-0/src/RIBs-master/android/build.gradle /var/folders/bq/vtzpc5ns5sg2cthy61lqpg3dfzgbys/T/1564479415878-0/src/RIBs-master/android/tutorials/tutorial3/build.gradle /var/folders/bq/vtzpc5ns5sg2cthy61lqpg3dfzgbys/T/1564479415878-0/src/RIBs-master/android/tutorials/tutorial4/build.gradle /var/folders/bq/vtzpc5ns5sg2cthy61lqpg3dfzgbys/T/1564479415878-0/src/RIBs-master/android/tutorials/tutorial2/build.gradle /var/folders/bq/vtzpc5ns5sg2cthy61lqpg3dfzgbys/T/1564479415878-0/src/RIBs-master/android/tutorials/tutorial1/build.gradle /var/folders/bq/vtzpc5ns5sg2cthy61lqpg3dfzgbys/T/1564479415878-0/src/RIBs-master/android/tutorials/tutorial3-completed/build.gradle /var/folders/bq/vtzpc5ns5sg2cthy61lqpg3dfzgbys/T/1564479415878-0/src/RIBs-master/android/settings.gradle /var/folders/bq/vtzpc5ns5sg2cthy61lqpg3dfzgbys/T/1564479415878-0/src/RIBs-master/android/demos/memory-leaks/build.gradle
2019-07-30 16:36:59,809 INFO  ProjectBuildService - Remote scripts: none
2019-07-30 16:36:59,809 INFO  ProjectFixService - Fixing project...
2019-07-30 16:36:59,874 INFO  LocalPropertiesFixService - Created fake /var/folders/bq/vtzpc5ns5sg2cthy61lqpg3dfzgbys/T/1564479415878-0/src/RIBs-master/android/local.properties
2019-07-30 16:36:59,875 INFO  WrapperPropertiesFixService - Gradle wrapper: https://services.gradle.org/distributions/gradle-5.4.1-all.zip
2019-07-30 16:36:59,875 INFO  WrapperPropertiesFixService - Gradle wrapper was changed from "-all.zip" to "-bin.zip" (https://services.gradle.org/distributions/gradle-5.4.1-bin.zip)
2019-07-30 16:36:59,887 INFO  ProjectFixService - Build info for "/var/folders/bq/vtzpc5ns5sg2cthy61lqpg3dfzgbys/T/1564479415878-0/src/RIBs-master/android/build.gradle": [buildToolsVersion=<null>,compileSdkVersion=<null>,minSdkVersion=<null>,targetSdkVersion=<null>]
2019-07-30 16:36:59,887 INFO  ProjectFixService - Fixed build info for "/var/folders/bq/vtzpc5ns5sg2cthy61lqpg3dfzgbys/T/1564479415878-0/src/RIBs-master/android/build.gradle": [buildToolsVersion=28.0.0-rc2,compileSdkVersion=29,minSdkVersion=29,targetSdkVersion=29]
2019-07-30 16:36:59,889 INFO  LocalPropertiesFixService - Created fake /var/folders/bq/vtzpc5ns5sg2cthy61lqpg3dfzgbys/T/1564479415878-0/src/RIBs-master/android/demos/memory-leaks/local.properties
2019-07-30 16:36:59,901 INFO  ProjectFixService - Build info for "/var/folders/bq/vtzpc5ns5sg2cthy61lqpg3dfzgbys/T/1564479415878-0/src/RIBs-master/android/demos/memory-leaks/build.gradle": [buildToolsVersion=<null>,compileSdkVersion=<null>,minSdkVersion=<null>,targetSdkVersion=<null>]
2019-07-30 16:36:59,901 INFO  ProjectFixService - Fixed build info for "/var/folders/bq/vtzpc5ns5sg2cthy61lqpg3dfzgbys/T/1564479415878-0/src/RIBs-master/android/demos/memory-leaks/build.gradle": [buildToolsVersion=28.0.0-rc2,compileSdkVersion=29,minSdkVersion=29,targetSdkVersion=29]
2019-07-30 16:36:59,902 INFO  LocalPropertiesFixService - Created fake /var/folders/bq/vtzpc5ns5sg2cthy61lqpg3dfzgbys/T/1564479415878-0/src/RIBs-master/android/libraries/rib-android-test/local.properties
2019-07-30 16:36:59,914 INFO  ProjectFixService - Build info for "/var/folders/bq/vtzpc5ns5sg2cthy61lqpg3dfzgbys/T/1564479415878-0/src/RIBs-master/android/libraries/rib-android-test/build.gradle": [buildToolsVersion=<null>,compileSdkVersion=<null>,minSdkVersion=<null>,targetSdkVersion=<null>]
2019-07-30 16:36:59,914 INFO  ProjectFixService - Fixed build info for "/var/folders/bq/vtzpc5ns5sg2cthy61lqpg3dfzgbys/T/1564479415878-0/src/RIBs-master/android/libraries/rib-android-test/build.gradle": [buildToolsVersion=28.0.0-rc2,compileSdkVersion=29,minSdkVersion=29,targetSdkVersion=29]
2019-07-30 16:36:59,915 INFO  LocalPropertiesFixService - Created fake /var/folders/bq/vtzpc5ns5sg2cthy61lqpg3dfzgbys/T/1564479415878-0/src/RIBs-master/android/libraries/rib-android/local.properties
2019-07-30 16:36:59,926 INFO  ProjectFixService - Build info for "/var/folders/bq/vtzpc5ns5sg2cthy61lqpg3dfzgbys/T/1564479415878-0/src/RIBs-master/android/libraries/rib-android/build.gradle": [buildToolsVersion=<null>,compileSdkVersion=<null>,minSdkVersion=<null>,targetSdkVersion=<null>]
2019-07-30 16:36:59,927 INFO  ProjectFixService - Fixed build info for "/var/folders/bq/vtzpc5ns5sg2cthy61lqpg3dfzgbys/T/1564479415878-0/src/RIBs-master/android/libraries/rib-android/build.gradle": [buildToolsVersion=28.0.0-rc2,compileSdkVersion=29,minSdkVersion=29,targetSdkVersion=29]
2019-07-30 16:36:59,928 INFO  LocalPropertiesFixService - Created fake /var/folders/bq/vtzpc5ns5sg2cthy61lqpg3dfzgbys/T/1564479415878-0/src/RIBs-master/android/libraries/rib-screen-stack-base/local.properties
2019-07-30 16:36:59,946 INFO  ProjectFixService - Build info for "/var/folders/bq/vtzpc5ns5sg2cthy61lqpg3dfzgbys/T/1564479415878-0/src/RIBs-master/android/libraries/rib-screen-stack-base/build.gradle": [buildToolsVersion=<null>,compileSdkVersion=<null>,minSdkVersion=<null>,targetSdkVersion=<null>]
2019-07-30 16:36:59,946 INFO  ProjectFixService - Fixed build info for "/var/folders/bq/vtzpc5ns5sg2cthy61lqpg3dfzgbys/T/1564479415878-0/src/RIBs-master/android/libraries/rib-screen-stack-base/build.gradle": [buildToolsVersion=28.0.0-rc2,compileSdkVersion=29,minSdkVersion=29,targetSdkVersion=29]
2019-07-30 16:36:59,947 INFO  LocalPropertiesFixService - Created fake /var/folders/bq/vtzpc5ns5sg2cthy61lqpg3dfzgbys/T/1564479415878-0/src/RIBs-master/android/libraries/rib-workflow-test-utils/local.properties
2019-07-30 16:36:59,959 INFO  ProjectFixService - Build info for "/var/folders/bq/vtzpc5ns5sg2cthy61lqpg3dfzgbys/T/1564479415878-0/src/RIBs-master/android/libraries/rib-workflow-test-utils/build.gradle": [buildToolsVersion=<null>,compileSdkVersion=<null>,minSdkVersion=<null>,targetSdkVersion=<null>]
2019-07-30 16:36:59,959 INFO  ProjectFixService - Fixed build info for "/var/folders/bq/vtzpc5ns5sg2cthy61lqpg3dfzgbys/T/1564479415878-0/src/RIBs-master/android/libraries/rib-workflow-test-utils/build.gradle": [buildToolsVersion=28.0.0-rc2,compileSdkVersion=29,minSdkVersion=29,targetSdkVersion=29]
2019-07-30 16:36:59,960 INFO  LocalPropertiesFixService - Created fake /var/folders/bq/vtzpc5ns5sg2cthy61lqpg3dfzgbys/T/1564479415878-0/src/RIBs-master/android/libraries/rib-workflow/local.properties
2019-07-30 16:36:59,972 INFO  ProjectFixService - Build info for "/var/folders/bq/vtzpc5ns5sg2cthy61lqpg3dfzgbys/T/1564479415878-0/src/RIBs-master/android/libraries/rib-workflow/build.gradle": [buildToolsVersion=<null>,compileSdkVersion=<null>,minSdkVersion=<null>,targetSdkVersion=<null>]
2019-07-30 16:36:59,972 INFO  ProjectFixService - Fixed build info for "/var/folders/bq/vtzpc5ns5sg2cthy61lqpg3dfzgbys/T/1564479415878-0/src/RIBs-master/android/libraries/rib-workflow/build.gradle": [buildToolsVersion=28.0.0-rc2,compileSdkVersion=29,minSdkVersion=29,targetSdkVersion=29]
2019-07-30 16:36:59,973 INFO  LocalPropertiesFixService - Created fake /var/folders/bq/vtzpc5ns5sg2cthy61lqpg3dfzgbys/T/1564479415878-0/src/RIBs-master/android/tutorials/tutorial1/local.properties
2019-07-30 16:36:59,984 INFO  ProjectFixService - Build info for "/var/folders/bq/vtzpc5ns5sg2cthy61lqpg3dfzgbys/T/1564479415878-0/src/RIBs-master/android/tutorials/tutorial1/build.gradle": [buildToolsVersion=<null>,compileSdkVersion=<null>,minSdkVersion=<null>,targetSdkVersion=<null>]
2019-07-30 16:36:59,985 INFO  ProjectFixService - Fixed build info for "/var/folders/bq/vtzpc5ns5sg2cthy61lqpg3dfzgbys/T/1564479415878-0/src/RIBs-master/android/tutorials/tutorial1/build.gradle": [buildToolsVersion=28.0.0-rc2,compileSdkVersion=29,minSdkVersion=29,targetSdkVersion=29]
2019-07-30 16:36:59,986 INFO  LocalPropertiesFixService - Created fake /var/folders/bq/vtzpc5ns5sg2cthy61lqpg3dfzgbys/T/1564479415878-0/src/RIBs-master/android/tutorials/tutorial2/local.properties
2019-07-30 16:36:59,997 INFO  ProjectFixService - Build info for "/var/folders/bq/vtzpc5ns5sg2cthy61lqpg3dfzgbys/T/1564479415878-0/src/RIBs-master/android/tutorials/tutorial2/build.gradle": [buildToolsVersion=<null>,compileSdkVersion=<null>,minSdkVersion=<null>,targetSdkVersion=<null>]
2019-07-30 16:36:59,998 INFO  ProjectFixService - Fixed build info for "/var/folders/bq/vtzpc5ns5sg2cthy61lqpg3dfzgbys/T/1564479415878-0/src/RIBs-master/android/tutorials/tutorial2/build.gradle": [buildToolsVersion=28.0.0-rc2,compileSdkVersion=29,minSdkVersion=29,targetSdkVersion=29]
2019-07-30 16:36:59,999 INFO  LocalPropertiesFixService - Created fake /var/folders/bq/vtzpc5ns5sg2cthy61lqpg3dfzgbys/T/1564479415878-0/src/RIBs-master/android/tutorials/tutorial3-completed/local.properties
2019-07-30 16:37:00,010 INFO  ProjectFixService - Build info for "/var/folders/bq/vtzpc5ns5sg2cthy61lqpg3dfzgbys/T/1564479415878-0/src/RIBs-master/android/tutorials/tutorial3-completed/build.gradle": [buildToolsVersion=<null>,compileSdkVersion=<null>,minSdkVersion=<null>,targetSdkVersion=<null>]
2019-07-30 16:37:00,011 INFO  ProjectFixService - Fixed build info for "/var/folders/bq/vtzpc5ns5sg2cthy61lqpg3dfzgbys/T/1564479415878-0/src/RIBs-master/android/tutorials/tutorial3-completed/build.gradle": [buildToolsVersion=28.0.0-rc2,compileSdkVersion=29,minSdkVersion=29,targetSdkVersion=29]
2019-07-30 16:37:00,011 INFO  LocalPropertiesFixService - Created fake /var/folders/bq/vtzpc5ns5sg2cthy61lqpg3dfzgbys/T/1564479415878-0/src/RIBs-master/android/tutorials/tutorial3/local.properties
2019-07-30 16:37:00,023 INFO  ProjectFixService - Build info for "/var/folders/bq/vtzpc5ns5sg2cthy61lqpg3dfzgbys/T/1564479415878-0/src/RIBs-master/android/tutorials/tutorial3/build.gradle": [buildToolsVersion=<null>,compileSdkVersion=<null>,minSdkVersion=<null>,targetSdkVersion=<null>]
2019-07-30 16:37:00,023 INFO  ProjectFixService - Fixed build info for "/var/folders/bq/vtzpc5ns5sg2cthy61lqpg3dfzgbys/T/1564479415878-0/src/RIBs-master/android/tutorials/tutorial3/build.gradle": [buildToolsVersion=28.0.0-rc2,compileSdkVersion=29,minSdkVersion=29,targetSdkVersion=29]
2019-07-30 16:37:00,024 INFO  LocalPropertiesFixService - Created fake /var/folders/bq/vtzpc5ns5sg2cthy61lqpg3dfzgbys/T/1564479415878-0/src/RIBs-master/android/tutorials/tutorial4/local.properties
2019-07-30 16:37:00,035 INFO  ProjectFixService - Build info for "/var/folders/bq/vtzpc5ns5sg2cthy61lqpg3dfzgbys/T/1564479415878-0/src/RIBs-master/android/tutorials/tutorial4/build.gradle": [buildToolsVersion=<null>,compileSdkVersion=<null>,minSdkVersion=<null>,targetSdkVersion=<null>]
2019-07-30 16:37:00,035 INFO  ProjectFixService - Fixed build info for "/var/folders/bq/vtzpc5ns5sg2cthy61lqpg3dfzgbys/T/1564479415878-0/src/RIBs-master/android/tutorials/tutorial4/build.gradle": [buildToolsVersion=28.0.0-rc2,compileSdkVersion=29,minSdkVersion=29,targetSdkVersion=29]
2019-07-30 16:37:00,036 INFO  LocalPropertiesFixService - Created fake /var/folders/bq/vtzpc5ns5sg2cthy61lqpg3dfzgbys/T/1564479415878-0/src/RIBs-master/android/libraries/rib-base/local.properties
2019-07-30 16:37:00,048 INFO  ProjectFixService - Build info for "/var/folders/bq/vtzpc5ns5sg2cthy61lqpg3dfzgbys/T/1564479415878-0/src/RIBs-master/android/libraries/rib-base/build.gradle": [buildToolsVersion=<null>,compileSdkVersion=<null>,minSdkVersion=<null>,targetSdkVersion=<null>]
2019-07-30 16:37:00,048 INFO  ProjectFixService - Fixed build info for "/var/folders/bq/vtzpc5ns5sg2cthy61lqpg3dfzgbys/T/1564479415878-0/src/RIBs-master/android/libraries/rib-base/build.gradle": [buildToolsVersion=28.0.0-rc2,compileSdkVersion=29,minSdkVersion=29,targetSdkVersion=29]
2019-07-30 16:37:00,049 INFO  LocalPropertiesFixService - Created fake /var/folders/bq/vtzpc5ns5sg2cthy61lqpg3dfzgbys/T/1564479415878-0/src/RIBs-master/android/libraries/rib-compiler-app/local.properties
2019-07-30 16:37:00,060 INFO  ProjectFixService - Build info for "/var/folders/bq/vtzpc5ns5sg2cthy61lqpg3dfzgbys/T/1564479415878-0/src/RIBs-master/android/libraries/rib-compiler-app/build.gradle": [buildToolsVersion=<null>,compileSdkVersion=<null>,minSdkVersion=<null>,targetSdkVersion=<null>]
2019-07-30 16:37:00,060 INFO  ProjectFixService - Fixed build info for "/var/folders/bq/vtzpc5ns5sg2cthy61lqpg3dfzgbys/T/1564479415878-0/src/RIBs-master/android/libraries/rib-compiler-app/build.gradle": [buildToolsVersion=28.0.0-rc2,compileSdkVersion=29,minSdkVersion=29,targetSdkVersion=29]
2019-07-30 16:37:00,061 INFO  LocalPropertiesFixService - Created fake /var/folders/bq/vtzpc5ns5sg2cthy61lqpg3dfzgbys/T/1564479415878-0/src/RIBs-master/android/libraries/rib-compiler-test/local.properties
2019-07-30 16:37:00,073 INFO  ProjectFixService - Build info for "/var/folders/bq/vtzpc5ns5sg2cthy61lqpg3dfzgbys/T/1564479415878-0/src/RIBs-master/android/libraries/rib-compiler-test/build.gradle": [buildToolsVersion=<null>,compileSdkVersion=<null>,minSdkVersion=<null>,targetSdkVersion=<null>]
2019-07-30 16:37:00,073 INFO  ProjectFixService - Fixed build info for "/var/folders/bq/vtzpc5ns5sg2cthy61lqpg3dfzgbys/T/1564479415878-0/src/RIBs-master/android/libraries/rib-compiler-test/build.gradle": [buildToolsVersion=28.0.0-rc2,compileSdkVersion=29,minSdkVersion=29,targetSdkVersion=29]
2019-07-30 16:37:00,074 INFO  LocalPropertiesFixService - Created fake /var/folders/bq/vtzpc5ns5sg2cthy61lqpg3dfzgbys/T/1564479415878-0/src/RIBs-master/android/libraries/rib-debug-utils/local.properties
2019-07-30 16:37:00,085 INFO  ProjectFixService - Build info for "/var/folders/bq/vtzpc5ns5sg2cthy61lqpg3dfzgbys/T/1564479415878-0/src/RIBs-master/android/libraries/rib-debug-utils/build.gradle": [buildToolsVersion=<null>,compileSdkVersion=<null>,minSdkVersion=<null>,targetSdkVersion=<null>]
2019-07-30 16:37:00,085 INFO  ProjectFixService - Fixed build info for "/var/folders/bq/vtzpc5ns5sg2cthy61lqpg3dfzgbys/T/1564479415878-0/src/RIBs-master/android/libraries/rib-debug-utils/build.gradle": [buildToolsVersion=28.0.0-rc2,compileSdkVersion=29,minSdkVersion=29,targetSdkVersion=29]
2019-07-30 16:37:00,086 INFO  LocalPropertiesFixService - Created fake /var/folders/bq/vtzpc5ns5sg2cthy61lqpg3dfzgbys/T/1564479415878-0/src/RIBs-master/android/libraries/rib-router-navigator/local.properties
2019-07-30 16:37:00,098 INFO  ProjectFixService - Build info for "/var/folders/bq/vtzpc5ns5sg2cthy61lqpg3dfzgbys/T/1564479415878-0/src/RIBs-master/android/libraries/rib-router-navigator/build.gradle": [buildToolsVersion=<null>,compileSdkVersion=<null>,minSdkVersion=<null>,targetSdkVersion=<null>]
2019-07-30 16:37:00,098 INFO  ProjectFixService - Fixed build info for "/var/folders/bq/vtzpc5ns5sg2cthy61lqpg3dfzgbys/T/1564479415878-0/src/RIBs-master/android/libraries/rib-router-navigator/build.gradle": [buildToolsVersion=28.0.0-rc2,compileSdkVersion=29,minSdkVersion=29,targetSdkVersion=29]
2019-07-30 16:37:00,099 INFO  LocalPropertiesFixService - Created fake /var/folders/bq/vtzpc5ns5sg2cthy61lqpg3dfzgbys/T/1564479415878-0/src/RIBs-master/android/libraries/rib-test-utils/local.properties
2019-07-30 16:37:00,110 INFO  ProjectFixService - Build info for "/var/folders/bq/vtzpc5ns5sg2cthy61lqpg3dfzgbys/T/1564479415878-0/src/RIBs-master/android/libraries/rib-test-utils/build.gradle": [buildToolsVersion=<null>,compileSdkVersion=<null>,minSdkVersion=<null>,targetSdkVersion=<null>]
2019-07-30 16:37:00,110 INFO  ProjectFixService - Fixed build info for "/var/folders/bq/vtzpc5ns5sg2cthy61lqpg3dfzgbys/T/1564479415878-0/src/RIBs-master/android/libraries/rib-test-utils/build.gradle": [buildToolsVersion=28.0.0-rc2,compileSdkVersion=29,minSdkVersion=29,targetSdkVersion=29]
2019-07-30 16:37:00,111 INFO  LocalPropertiesFixService - Created fake /var/folders/bq/vtzpc5ns5sg2cthy61lqpg3dfzgbys/T/1564479415878-0/src/RIBs-master/android/libraries/rib-uava/local.properties
2019-07-30 16:37:00,123 INFO  ProjectFixService - Build info for "/var/folders/bq/vtzpc5ns5sg2cthy61lqpg3dfzgbys/T/1564479415878-0/src/RIBs-master/android/libraries/rib-uava/build.gradle": [buildToolsVersion=<null>,compileSdkVersion=<null>,minSdkVersion=<null>,targetSdkVersion=<null>]
2019-07-30 16:37:00,123 INFO  ProjectFixService - Fixed build info for "/var/folders/bq/vtzpc5ns5sg2cthy61lqpg3dfzgbys/T/1564479415878-0/src/RIBs-master/android/libraries/rib-uava/build.gradle": [buildToolsVersion=28.0.0-rc2,compileSdkVersion=29,minSdkVersion=29,targetSdkVersion=29]
2019-07-30 16:37:00,125 INFO  LocalPropertiesFixService - Created fake /var/folders/bq/vtzpc5ns5sg2cthy61lqpg3dfzgbys/T/1564479415878-0/src/RIBs-master/android/tooling/autodispose-error-prone-checker/local.properties
2019-07-30 16:37:00,137 INFO  ProjectFixService - Build info for "/var/folders/bq/vtzpc5ns5sg2cthy61lqpg3dfzgbys/T/1564479415878-0/src/RIBs-master/android/tooling/autodispose-error-prone-checker/build.gradle": [buildToolsVersion=<null>,compileSdkVersion=<null>,minSdkVersion=<null>,targetSdkVersion=<null>]
2019-07-30 16:37:00,137 INFO  ProjectFixService - Fixed build info for "/var/folders/bq/vtzpc5ns5sg2cthy61lqpg3dfzgbys/T/1564479415878-0/src/RIBs-master/android/tooling/autodispose-error-prone-checker/build.gradle": [buildToolsVersion=28.0.0-rc2,compileSdkVersion=29,minSdkVersion=29,targetSdkVersion=29]
2019-07-30 16:37:00,138 INFO  LocalPropertiesFixService - Created fake /var/folders/bq/vtzpc5ns5sg2cthy61lqpg3dfzgbys/T/1564479415878-0/src/RIBs-master/android/tooling/rib-intellij-plugin/local.properties
2019-07-30 16:37:00,149 INFO  ProjectFixService - Build info for "/var/folders/bq/vtzpc5ns5sg2cthy61lqpg3dfzgbys/T/1564479415878-0/src/RIBs-master/android/tooling/rib-intellij-plugin/build.gradle": [buildToolsVersion=<null>,compileSdkVersion=<null>,minSdkVersion=<null>,targetSdkVersion=<null>]
2019-07-30 16:37:00,149 INFO  ProjectFixService - Fixed build info for "/var/folders/bq/vtzpc5ns5sg2cthy61lqpg3dfzgbys/T/1564479415878-0/src/RIBs-master/android/tooling/rib-intellij-plugin/build.gradle": [buildToolsVersion=28.0.0-rc2,compileSdkVersion=29,minSdkVersion=29,targetSdkVersion=29]
2019-07-30 16:37:00,150 INFO  ProjectFixService - Project was maybe fixed
2019-07-30 16:37:00,150 INFO  ProjectTaskService - Detecting possible tasks...
2019-07-30 16:37:00,150 INFO  SysUtils - Execute command: [/var/folders/bq/vtzpc5ns5sg2cthy61lqpg3dfzgbys/T/1564479415878-0/src/RIBs-master/android/gradlew, -b, /var/folders/bq/vtzpc5ns5sg2cthy61lqpg3dfzgbys/T/1564479415878-0/src/RIBs-master/android/build.gradle, -Dorg.gradle.daemon=false, -Dorg.gradle.daemon.performance.enable-monitoring=false, -Dorg.gradle.configureondemand=true, tasks]
2019-07-30 16:37:13,084 INFO  ProjectTaskService - Detected possible tasks: 85
2019-07-30 16:37:13,084 INFO  ProjectTaskService - Excluded tasks (18): lintDebug deviceCheck lint testReleaseUnitTest javadoc deviceAndroidTest uninstallDebugAndroidTest installDebugAndroidTest connectedCheck connectedDebugAndroidTest uninstallAll test check testDebugUnitTest connectedAndroidTest installDebug lintRelease uninstallDebug
2019-07-30 16:37:13,084 INFO  SysUtils - Execute command: [/var/folders/bq/vtzpc5ns5sg2cthy61lqpg3dfzgbys/T/1564479415878-0/src/RIBs-master/android/gradlew, -b, /var/folders/bq/vtzpc5ns5sg2cthy61lqpg3dfzgbys/T/1564479415878-0/src/RIBs-master/android/build.gradle, -Dorg.gradle.daemon=false, -Dorg.gradle.daemon.performance.enable-monitoring=false, -Dorg.gradle.configureondemand=true, --stacktrace, -x, lintDebug, -x, deviceCheck, -x, lint, -x, testReleaseUnitTest, -x, javadoc, -x, deviceAndroidTest, -x, uninstallDebugAndroidTest, -x, installDebugAndroidTest, -x, connectedCheck, -x, connectedDebugAndroidTest, -x, uninstallAll, -x, test, -x, check, -x, testDebugUnitTest, -x, connectedAndroidTest, -x, installDebug, -x, lintRelease, -x, uninstallDebug, build]
2019-07-30 16:38:39,172 INFO  SysUtils - Configuration on demand is an incubating feature.
> Task :libraries:rib-uava:compileJava
> Task :libraries:rib-uava:processResources NO-SOURCE
> Task :libraries:rib-uava:classes
> Task :libraries:rib-uava:jar
> Task :libraries:rib-base:compileJava
> Task :libraries:rib-base:processResources NO-SOURCE
> Task :libraries:rib-base:classes
> Task :libraries:rib-base:jar
> Task :libraries:rib-compiler-app:compileJava
> Task :libraries:rib-compiler-app:processResources NO-SOURCE
> Task :libraries:rib-compiler-app:classes
> Task :libraries:rib-compiler-app:jar
> Task :libraries:rib-compiler-test:compileJava
> Task :libraries:rib-compiler-test:processResources NO-SOURCE
> Task :libraries:rib-compiler-test:classes
> Task :libraries:rib-compiler-test:jar
> Task :tooling:autodispose-error-prone-checker:compileJava
> Task :tooling:autodispose-error-prone-checker:processResources NO-SOURCE
> Task :tooling:autodispose-error-prone-checker:classes
> Task :tooling:autodispose-error-prone-checker:jar
> Task :demos:memory-leaks:preBuild UP-TO-DATE
> Task :libraries:rib-android:preBuild UP-TO-DATE
> Task :libraries:rib-android:preReleaseBuild UP-TO-DATE
> Task :libraries:rib-android:checkReleaseManifest
> Task :libraries:rib-android:processReleaseManifest
> Task :demos:memory-leaks:preDebugBuild
> Task :libraries:rib-android:compileReleaseAidl NO-SOURCE
> Task :demos:memory-leaks:compileDebugAidl NO-SOURCE
> Task :libraries:rib-android:packageReleaseRenderscript NO-SOURCE
> Task :demos:memory-leaks:checkDebugManifest
> Task :demos:memory-leaks:compileDebugRenderscript NO-SOURCE
> Task :demos:memory-leaks:generateDebugBuildConfig
> Task :demos:memory-leaks:prepareLintJar
> Task :demos:memory-leaks:generateDebugSources
> Task :libraries:rib-android:generateReleaseBuildConfig SKIPPED
> Task :libraries:rib-android:compileReleaseRenderscript NO-SOURCE
> Task :libraries:rib-android:generateReleaseResValues
> Task :libraries:rib-android:generateReleaseResources
> Task :libraries:rib-android:prepareLintJar
> Task :libraries:rib-android:generateReleaseSources
> Task :libraries:rib-android:javaPreCompileRelease
> Task :demos:memory-leaks:mainApkListPersistenceDebug
> Task :demos:memory-leaks:generateDebugResValues
> Task :demos:memory-leaks:generateDebugResources
> Task :demos:memory-leaks:createDebugCompatibleScreenManifests

> Task :demos:memory-leaks:processDebugManifest
/private/var/folders/bq/vtzpc5ns5sg2cthy61lqpg3dfzgbys/T/1564479415878-0/src/RIBs-master/android/demos/memory-leaks/src/main/AndroidManifest.xml:12:5-27:19 Warning:
	application@android:theme was tagged at AndroidManifest.xml:12 to replace other declarations but no other declaration present

> Task :libraries:rib-android:packageReleaseResources
> Task :libraries:rib-android:generateReleaseRFile
> Task :libraries:rib-android:compileReleaseJavaWithJavac
> Task :libraries:rib-android:bundleLibCompileRelease
> Task :demos:memory-leaks:javaPreCompileDebug
> Task :demos:memory-leaks:mergeDebugResources
> Task :demos:memory-leaks:processDebugResources

> Task :demos:memory-leaks:compileDebugJavaWithJavac
Gradle may disable incremental compilation as the following annotation processors are not incremental: rib-compiler-test-0.9.1-SNAPSHOT.jar (project :libraries:rib-compiler-test).
Consider setting the experimental feature flag android.enableSeparateAnnotationProcessing=true in the gradle.properties file to run annotation processing in a separate task and make compilation incremental.

> Task :demos:memory-leaks:compileDebugSources
> Task :demos:memory-leaks:mergeDebugShaders
> Task :demos:memory-leaks:compileDebugShaders
> Task :demos:memory-leaks:generateDebugAssets
> Task :libraries:rib-android:mergeReleaseShaders
> Task :libraries:rib-android:compileReleaseShaders
> Task :libraries:rib-android:generateReleaseAssets
> Task :libraries:rib-android:packageReleaseAssets
> Task :demos:memory-leaks:mergeDebugAssets
> Task :demos:memory-leaks:validateSigningDebug
> Task :demos:memory-leaks:signingConfigWriterDebug
> Task :libraries:rib-android:bundleLibRuntimeRelease
> Task :demos:memory-leaks:checkDebugDuplicateClasses
> Task :demos:memory-leaks:transformClassesWithDexBuilderForDebug
> Task :demos:memory-leaks:transformDexArchiveWithExternalLibsDexMergerForDebug
> Task :demos:memory-leaks:transformDexArchiveWithDexMergerForDebug
> Task :demos:memory-leaks:mergeDebugJniLibFolders
> Task :libraries:rib-android:processReleaseJavaRes NO-SOURCE
> Task :libraries:rib-android:bundleLibResRelease
> Task :libraries:rib-android:mergeReleaseJniLibFolders
> Task :libraries:rib-android:transformNativeLibsWithMergeJniLibsForRelease
> Task :libraries:rib-android:transformNativeLibsWithStripDebugSymbolForRelease
> Task :libraries:rib-android:transformNativeLibsWithIntermediateJniLibsForRelease
> Task :demos:memory-leaks:transformNativeLibsWithMergeJniLibsForDebug
> Task :demos:memory-leaks:transformNativeLibsWithStripDebugSymbolForDebug
> Task :demos:memory-leaks:processDebugJavaRes NO-SOURCE
> Task :demos:memory-leaks:transformResourcesWithMergeJavaResForDebug
> Task :demos:memory-leaks:packageDebug
> Task :demos:memory-leaks:assembleDebug
> Task :demos:memory-leaks:assemble
> Task :demos:memory-leaks:build

> Task :libraries:rib-android:androidJavadocs
/private/var/folders/bq/vtzpc5ns5sg2cthy61lqpg3dfzgbys/T/1564479415878-0/src/RIBs-master/android/libraries/rib-android/src/main/java/com/uber/rib/core/ViewPresenter.java:25: error: cannot find symbol
public abstract class ViewPresenter<V extends View> extends Presenter {
                                                            ^
  symbol: class Presenter
/private/var/folders/bq/vtzpc5ns5sg2cthy61lqpg3dfzgbys/T/1564479415878-0/src/RIBs-master/android/libraries/rib-android/src/main/java/com/uber/rib/core/ViewBuilder.java:31: error: cannot find symbol
    extends Builder<RouterT, DependencyT> {
            ^
  symbol: class Builder
/private/var/folders/bq/vtzpc5ns5sg2cthy61lqpg3dfzgbys/T/1564479415878-0/src/RIBs-master/android/libraries/rib-android/src/main/java/com/uber/rib/core/ViewBuilder.java:30: error: cannot find symbol
public abstract class ViewBuilder<ViewType extends View, RouterT extends Router, DependencyT>
                                                                         ^
  symbol: class Router
/private/var/folders/bq/vtzpc5ns5sg2cthy61lqpg3dfzgbys/T/1564479415878-0/src/RIBs-master/android/libraries/rib-android/src/main/java/com/uber/rib/core/lifecycle/ActivityCallbackEvent.java:21: error: cannot find symbol
import androidx.annotation.Nullable;
                          ^
  symbol:   class Nullable
  location: package androidx.annotation
/private/var/folders/bq/vtzpc5ns5sg2cthy61lqpg3dfzgbys/T/1564479415878-0/src/RIBs-master/android/libraries/rib-android/src/main/java/com/uber/rib/core/lifecycle/ActivityLifecycleEvent.java:20: error: cannot find symbol
import androidx.annotation.Nullable;
                          ^
  symbol:   class Nullable
  location: package androidx.annotation
/private/var/folders/bq/vtzpc5ns5sg2cthy61lqpg3dfzgbys/T/1564479415878-0/src/RIBs-master/android/libraries/rib-android/src/main/java/com/uber/rib/core/RibActivity.java:19: error: cannot find symbol
import androidx.annotation.CallSuper;
                          ^
  symbol:   class CallSuper
  location: package androidx.annotation
/private/var/folders/bq/vtzpc5ns5sg2cthy61lqpg3dfzgbys/T/1564479415878-0/src/RIBs-master/android/libraries/rib-android/src/main/java/com/uber/rib/core/RibActivity.java:20: error: cannot find symbol
import androidx.annotation.Nullable;
                          ^
  symbol:   class Nullable
  location: package androidx.annotation
/private/var/folders/bq/vtzpc5ns5sg2cthy61lqpg3dfzgbys/T/1564479415878-0/src/RIBs-master/android/libraries/rib-android/src/main/java/com/uber/rib/core/RibActivity.java:22: error: package com.jakewharton.rxrelay2 does not exist
import com.jakewharton.rxrelay2.BehaviorRelay;
                               ^
/private/var/folders/bq/vtzpc5ns5sg2cthy61lqpg3dfzgbys/T/1564479415878-0/src/RIBs-master/android/libraries/rib-android/src/main/java/com/uber/rib/core/RibActivity.java:23: error: package com.jakewharton.rxrelay2 does not exist
import com.jakewharton.rxrelay2.PublishRelay;
                               ^
/private/var/folders/bq/vtzpc5ns5sg2cthy61lqpg3dfzgbys/T/1564479415878-0/src/RIBs-master/android/libraries/rib-android/src/main/java/com/uber/rib/core/RibActivity.java:24: error: package com.jakewharton.rxrelay2 does not exist
import com.jakewharton.rxrelay2.Relay;
                               ^
/private/var/folders/bq/vtzpc5ns5sg2cthy61lqpg3dfzgbys/T/1564479415878-0/src/RIBs-master/android/libraries/rib-android/src/main/java/com/uber/rib/core/RibActivity.java:25: error: package com.uber.autodispose.lifecycle does not exist
import com.uber.autodispose.lifecycle.CorrespondingEventsFunction;
                                     ^
/private/var/folders/bq/vtzpc5ns5sg2cthy61lqpg3dfzgbys/T/1564479415878-0/src/RIBs-master/android/libraries/rib-android/src/main/java/com/uber/rib/core/RibActivity.java:26: error: package com.uber.autodispose.lifecycle does not exist
import com.uber.autodispose.lifecycle.LifecycleEndedException;
                                     ^
/private/var/folders/bq/vtzpc5ns5sg2cthy61lqpg3dfzgbys/T/1564479415878-0/src/RIBs-master/android/libraries/rib-android/src/main/java/com/uber/rib/core/RibActivity.java:27: error: package com.uber.autodispose.lifecycle does not exist
import com.uber.autodispose.lifecycle.LifecycleScopeProvider;
                                     ^
/private/var/folders/bq/vtzpc5ns5sg2cthy61lqpg3dfzgbys/T/1564479415878-0/src/RIBs-master/android/libraries/rib-android/src/main/java/com/uber/rib/core/RibActivity.java:28: error: package com.uber.autodispose.lifecycle does not exist
import com.uber.autodispose.lifecycle.LifecycleScopes;
                                     ^
/private/var/folders/bq/vtzpc5ns5sg2cthy61lqpg3dfzgbys/T/1564479415878-0/src/RIBs-master/android/libraries/rib-android/src/main/java/com/uber/rib/core/RibActivity.java:32: error: package io.reactivex does not exist
import io.reactivex.CompletableSource;
                   ^
/private/var/folders/bq/vtzpc5ns5sg2cthy61lqpg3dfzgbys/T/1564479415878-0/src/RIBs-master/android/libraries/rib-android/src/main/java/com/uber/rib/core/RibActivity.java:33: error: package io.reactivex does not exist
import io.reactivex.Observable;
                   ^
/private/var/folders/bq/vtzpc5ns5sg2cthy61lqpg3dfzgbys/T/1564479415878-0/src/RIBs-master/android/libraries/rib-android/src/main/java/com/uber/rib/core/RibActivity.java:34: error: package io.reactivex.functions does not exist
import io.reactivex.functions.Function;
                             ^
/private/var/folders/bq/vtzpc5ns5sg2cthy61lqpg3dfzgbys/T/1564479415878-0/src/RIBs-master/android/libraries/rib-android/src/main/java/com/uber/rib/core/RibActivity.java:35: error: package io.reactivex.functions does not exist
import io.reactivex.functions.Predicate;
                             ^
/private/var/folders/bq/vtzpc5ns5sg2cthy61lqpg3dfzgbys/T/1564479415878-0/src/RIBs-master/android/libraries/rib-android/src/main/java/com/uber/rib/core/RibActivity.java:36: error: package androidx.appcompat.app does not exist
import androidx.appcompat.app.AppCompatActivity;
                             ^
/private/var/folders/bq/vtzpc5ns5sg2cthy61lqpg3dfzgbys/T/1564479415878-0/src/RIBs-master/android/libraries/rib-android/src/main/java/com/uber/rib/core/RibActivity.java:39: error: cannot find symbol
public abstract class RibActivity extends AppCompatActivity
                                          ^
  symbol: class AppCompatActivity
/private/var/folders/bq/vtzpc5ns5sg2cthy61lqpg3dfzgbys/T/1564479415878-0/src/RIBs-master/android/libraries/rib-android/src/main/java/com/uber/rib/core/RibActivity.java:40: error: cannot find symbol
    implements ActivityStarter, LifecycleScopeProvider<ActivityLifecycleEvent>, RxActivityEvents {
                                ^
  symbol: class LifecycleScopeProvider
/private/var/folders/bq/vtzpc5ns5sg2cthy61lqpg3dfzgbys/T/1564479415878-0/src/RIBs-master/android/libraries/rib-android/src/main/java/com/uber/rib/core/RxActivityEvents.java:20: error: package io.reactivex does not exist
import io.reactivex.Observable;
                   ^
/private/var/folders/bq/vtzpc5ns5sg2cthy61lqpg3dfzgbys/T/1564479415878-0/src/RIBs-master/android/libraries/rib-android/src/main/java/com/uber/rib/core/RibActivity.java:45: error: cannot find symbol
  private static final CorrespondingEventsFunction<ActivityLifecycleEvent> ACTIVITY_LIFECYCLE =
                       ^
  symbol:   class CorrespondingEventsFunction
  location: class RibActivity
/private/var/folders/bq/vtzpc5ns5sg2cthy61lqpg3dfzgbys/T/1564479415878-0/src/RIBs-master/android/libraries/rib-android/src/main/java/com/uber/rib/core/ViewRouter.java:29: error: cannot find symbol
    extends Router<I, C> {
            ^
  symbol: class Router
/private/var/folders/bq/vtzpc5ns5sg2cthy61lqpg3dfzgbys/T/1564479415878-0/src/RIBs-master/android/libraries/rib-android/src/main/java/com/uber/rib/core/ViewRouter.java:28: error: cannot find symbol
        V extends View, I extends Interactor, C extends InteractorBaseComponent>
                                  ^
  symbol: class Interactor
/private/var/folders/bq/vtzpc5ns5sg2cthy61lqpg3dfzgbys/T/1564479415878-0/src/RIBs-master/android/libraries/rib-android/src/main/java/com/uber/rib/core/ViewRouter.java:28: error: cannot find symbol
        V extends View, I extends Interactor, C extends InteractorBaseComponent>
                                                        ^
  symbol: class InteractorBaseComponent
/private/var/folders/bq/vtzpc5ns5sg2cthy61lqpg3dfzgbys/T/1564479415878-0/src/RIBs-master/android/libraries/rib-android/src/main/java/com/uber/rib/core/RibActivity.java:68: error: cannot find symbol
  private final BehaviorRelay<ActivityLifecycleEvent> lifecycleBehaviorRelay =
                ^
  symbol:   class BehaviorRelay
  location: class RibActivity
/private/var/folders/bq/vtzpc5ns5sg2cthy61lqpg3dfzgbys/T/1564479415878-0/src/RIBs-master/android/libraries/rib-android/src/main/java/com/uber/rib/core/RibActivity.java:70: error: cannot find symbol
  private final Relay<ActivityLifecycleEvent> lifecycleRelay =
                ^
  symbol:   class Relay
  location: class RibActivity
/private/var/folders/bq/vtzpc5ns5sg2cthy61lqpg3dfzgbys/T/1564479415878-0/src/RIBs-master/android/libraries/rib-android/src/main/java/com/uber/rib/core/RibActivity.java:72: error: cannot find symbol
  private final Relay<ActivityCallbackEvent> callbacksRelay =
                ^
  symbol:   class Relay
  location: class RibActivity
/private/var/folders/bq/vtzpc5ns5sg2cthy61lqpg3dfzgbys/T/1564479415878-0/src/RIBs-master/android/libraries/rib-android/src/main/java/com/uber/rib/core/RibActivity.java:77: error: cannot find symbol
  public Observable<ActivityLifecycleEvent> lifecycle() {
         ^
  symbol:   class Observable
  location: class RibActivity
/private/var/folders/bq/vtzpc5ns5sg2cthy61lqpg3dfzgbys/T/1564479415878-0/src/RIBs-master/android/libraries/rib-android/src/main/java/com/uber/rib/core/RibActivity.java:86: error: cannot find symbol
  public <T extends ActivityLifecycleEvent> Observable<T> lifecycle(final Class<T> clazz) {
                                            ^
  symbol:   class Observable
  location: class RibActivity
/private/var/folders/bq/vtzpc5ns5sg2cthy61lqpg3dfzgbys/T/1564479415878-0/src/RIBs-master/android/libraries/rib-android/src/main/java/com/uber/rib/core/RibActivity.java:100: error: cannot find symbol
  public Observable<ActivityCallbackEvent> callbacks() {
         ^
  symbol:   class Observable
  location: class RibActivity
/private/var/folders/bq/vtzpc5ns5sg2cthy61lqpg3dfzgbys/T/1564479415878-0/src/RIBs-master/android/libraries/rib-android/src/main/java/com/uber/rib/core/RibActivity.java:109: error: cannot find symbol
  public <T extends ActivityCallbackEvent> Observable<T> callbacks(final Class<T> clazz) {
                                           ^
  symbol:   class Observable
  location: class RibActivity
/private/var/folders/bq/vtzpc5ns5sg2cthy61lqpg3dfzgbys/T/1564479415878-0/src/RIBs-master/android/libraries/rib-android/src/main/java/com/uber/rib/core/RibActivity.java:122: error: cannot find symbol
  public CorrespondingEventsFunction<ActivityLifecycleEvent> correspondingEvents() {
         ^
  symbol:   class CorrespondingEventsFunction
  location: class RibActivity
/private/var/folders/bq/vtzpc5ns5sg2cthy61lqpg3dfzgbys/T/1564479415878-0/src/RIBs-master/android/libraries/rib-android/src/main/java/com/uber/rib/core/RibActivity.java:133: error: cannot find symbol
  public CompletableSource requestScope() {
         ^
  symbol:   class CompletableSource
  location: class RibActivity
/private/var/folders/bq/vtzpc5ns5sg2cthy61lqpg3dfzgbys/T/1564479415878-0/src/RIBs-master/android/libraries/rib-android/src/main/java/com/uber/rib/core/RibActivity.java:237: error: cannot find symbol
  protected Interactor getInteractor() {
            ^
  symbol:   class Interactor
  location: class RibActivity
/private/var/folders/bq/vtzpc5ns5sg2cthy61lqpg3dfzgbys/T/1564479415878-0/src/RIBs-master/android/libraries/rib-android/src/main/java/com/uber/rib/core/RxActivityEvents.java:26: error: cannot find symbol
  Observable<ActivityLifecycleEvent> lifecycle();
  ^
  symbol:   class Observable
  location: interface RxActivityEvents
/private/var/folders/bq/vtzpc5ns5sg2cthy61lqpg3dfzgbys/T/1564479415878-0/src/RIBs-master/android/libraries/rib-android/src/main/java/com/uber/rib/core/RxActivityEvents.java:29: error: cannot find symbol
  Observable<ActivityCallbackEvent> callbacks();
  ^
  symbol:   class Observable
  location: interface RxActivityEvents
/private/var/folders/bq/vtzpc5ns5sg2cthy61lqpg3dfzgbys/T/1564479415878-0/src/RIBs-master/android/libraries/rib-android/src/main/java/com/uber/rib/core/ActivityContext.java:18: error: package javax.inject does not exist
import javax.inject.Qualifier;
                   ^
/private/var/folders/bq/vtzpc5ns5sg2cthy61lqpg3dfzgbys/T/1564479415878-0/src/RIBs-master/android/libraries/rib-android/src/main/java/com/uber/rib/core/ActivityContext.java:24: error: cannot find symbol
@Qualifier
 ^
  symbol: class Qualifier
/private/var/folders/bq/vtzpc5ns5sg2cthy61lqpg3dfzgbys/T/1564479415878-0/src/RIBs-master/android/libraries/rib-android/src/main/java/com/uber/rib/core/lifecycle/ActivityCallbackEvent.java:46: error: cannot find symbol
      int requestCode, int resultCode, @Nullable Intent resultData) {
                                        ^
  symbol:   class Nullable
  location: class ActivityCallbackEvent
/private/var/folders/bq/vtzpc5ns5sg2cthy61lqpg3dfzgbys/T/1564479415878-0/src/RIBs-master/android/libraries/rib-android/src/main/java/com/uber/rib/core/lifecycle/ActivityCallbackEvent.java:74: error: cannot find symbol
  public static ActivityCallbackEvent createOnSaveInstanceStateEvent(@Nullable Bundle outState) {
                                                                      ^
  symbol:   class Nullable
  location: class ActivityCallbackEvent
/private/var/folders/bq/vtzpc5ns5sg2cthy61lqpg3dfzgbys/T/1564479415878-0/src/RIBs-master/android/libraries/rib-android/src/main/java/com/uber/rib/core/lifecycle/ActivityCallbackEvent.java:101: error: cannot find symbol
    @Nullable private final Intent data;
     ^
  symbol:   class Nullable
  location: class ActivityResult
/private/var/folders/bq/vtzpc5ns5sg2cthy61lqpg3dfzgbys/T/1564479415878-0/src/RIBs-master/android/libraries/rib-android/src/main/java/com/uber/rib/core/lifecycle/ActivityCallbackEvent.java:105: error: cannot find symbol
    private ActivityResult(@Nullable Intent data, int requestCode, int resultCode) {
                            ^
  symbol:   class Nullable
  location: class ActivityResult
/private/var/folders/bq/vtzpc5ns5sg2cthy61lqpg3dfzgbys/T/1564479415878-0/src/RIBs-master/android/libraries/rib-android/src/main/java/com/uber/rib/core/lifecycle/ActivityCallbackEvent.java:113: error: cannot find symbol
    @Nullable
     ^
  symbol:   class Nullable
  location: class ActivityResult
/private/var/folders/bq/vtzpc5ns5sg2cthy61lqpg3dfzgbys/T/1564479415878-0/src/RIBs-master/android/libraries/rib-android/src/main/java/com/uber/rib/core/lifecycle/ActivityCallbackEvent.java:135: error: cannot find symbol
    @Nullable private Bundle outState;
     ^
  symbol:   class Nullable
  location: class SaveInstanceState
/private/var/folders/bq/vtzpc5ns5sg2cthy61lqpg3dfzgbys/T/1564479415878-0/src/RIBs-master/android/libraries/rib-android/src/main/java/com/uber/rib/core/lifecycle/ActivityCallbackEvent.java:137: error: cannot find symbol
    private SaveInstanceState(@Nullable Bundle outState) {
                               ^
  symbol:   class Nullable
  location: class SaveInstanceState
/private/var/folders/bq/vtzpc5ns5sg2cthy61lqpg3dfzgbys/T/1564479415878-0/src/RIBs-master/android/libraries/rib-android/src/main/java/com/uber/rib/core/lifecycle/ActivityCallbackEvent.java:143: error: cannot find symbol
    @Nullable
     ^
  symbol:   class Nullable
  location: class SaveInstanceState
/private/var/folders/bq/vtzpc5ns5sg2cthy61lqpg3dfzgbys/T/1564479415878-0/src/RIBs-master/android/libraries/rib-android/src/main/java/com/uber/rib/core/lifecycle/ActivityLifecycleEvent.java:45: error: cannot find symbol
  public static ActivityLifecycleEvent.Create createOnCreateEvent(@Nullable Bundle stateData) {
                                                                   ^
  symbol:   class Nullable
  location: class ActivityLifecycleEvent
/private/var/folders/bq/vtzpc5ns5sg2cthy61lqpg3dfzgbys/T/1564479415878-0/src/RIBs-master/android/libraries/rib-android/src/main/java/com/uber/rib/core/lifecycle/ActivityLifecycleEvent.java:100: error: cannot find symbol
    @Nullable private final Bundle savedInstanceState;
     ^
  symbol:   class Nullable
  location: class Create
/private/var/folders/bq/vtzpc5ns5sg2cthy61lqpg3dfzgbys/T/1564479415878-0/src/RIBs-master/android/libraries/rib-android/src/main/java/com/uber/rib/core/lifecycle/ActivityLifecycleEvent.java:102: error: cannot find symbol
    private Create(@Nullable Bundle savedInstanceState) {
                    ^
  symbol:   class Nullable
  location: class Create
/private/var/folders/bq/vtzpc5ns5sg2cthy61lqpg3dfzgbys/T/1564479415878-0/src/RIBs-master/android/libraries/rib-android/src/main/java/com/uber/rib/core/lifecycle/ActivityLifecycleEvent.java:108: error: cannot find symbol
    @Nullable
     ^
  symbol:   class Nullable
  location: class Create
/private/var/folders/bq/vtzpc5ns5sg2cthy61lqpg3dfzgbys/T/1564479415878-0/src/RIBs-master/android/libraries/rib-android/src/main/java/com/uber/rib/core/RibActivity.java:126: error: cannot find symbol
  @Nullable
   ^
  symbol:   class Nullable
  location: class RibActivity
/private/var/folders/bq/vtzpc5ns5sg2cthy61lqpg3dfzgbys/T/1564479415878-0/src/RIBs-master/android/libraries/rib-android/src/main/java/com/uber/rib/core/RibActivity.java:141: error: cannot find symbol
  protected void onCreate(@Nullable android.os.Bundle savedInstanceState) {
                           ^
  symbol:   class Nullable
  location: class RibActivity
/private/var/folders/bq/vtzpc5ns5sg2cthy61lqpg3dfzgbys/T/1564479415878-0/src/RIBs-master/android/libraries/rib-android/src/main/java/com/uber/rib/core/RibActivity.java:138: error: cannot find symbol
  @Initializer
   ^
  symbol:   class Initializer
  location: class RibActivity
/private/var/folders/bq/vtzpc5ns5sg2cthy61lqpg3dfzgbys/T/1564479415878-0/src/RIBs-master/android/libraries/rib-android/src/main/java/com/uber/rib/core/RibActivity.java:139: error: cannot find symbol
  @CallSuper
   ^
  symbol:   class CallSuper
  location: class RibActivity
/private/var/folders/bq/vtzpc5ns5sg2cthy61lqpg3dfzgbys/T/1564479415878-0/src/RIBs-master/android/libraries/rib-android/src/main/java/com/uber/rib/core/RibActivity.java:159: error: cannot find symbol
  @CallSuper
   ^
  symbol:   class CallSuper
  location: class RibActivity
/private/var/folders/bq/vtzpc5ns5sg2cthy61lqpg3dfzgbys/T/1564479415878-0/src/RIBs-master/android/libraries/rib-android/src/main/java/com/uber/rib/core/RibActivity.java:167: error: cannot find symbol
  @CallSuper
   ^
  symbol:   class CallSuper
  location: class RibActivity
/private/var/folders/bq/vtzpc5ns5sg2cthy61lqpg3dfzgbys/T/1564479415878-0/src/RIBs-master/android/libraries/rib-android/src/main/java/com/uber/rib/core/RibActivity.java:174: error: cannot find symbol
  @CallSuper
   ^
  symbol:   class CallSuper
  location: class RibActivity
/private/var/folders/bq/vtzpc5ns5sg2cthy61lqpg3dfzgbys/T/1564479415878-0/src/RIBs-master/android/libraries/rib-android/src/main/java/com/uber/rib/core/RibActivity.java:182: error: cannot find symbol
  @CallSuper
   ^
  symbol:   class CallSuper
  location: class RibActivity
/private/var/folders/bq/vtzpc5ns5sg2cthy61lqpg3dfzgbys/T/1564479415878-0/src/RIBs-master/android/libraries/rib-android/src/main/java/com/uber/rib/core/RibActivity.java:191: error: cannot find symbol
  @CallSuper
   ^
  symbol:   class CallSuper
  location: class RibActivity
/private/var/folders/bq/vtzpc5ns5sg2cthy61lqpg3dfzgbys/T/1564479415878-0/src/RIBs-master/android/libraries/rib-android/src/main/java/com/uber/rib/core/RibActivity.java:199: error: cannot find symbol
  @CallSuper
   ^
  symbol:   class CallSuper
  location: class RibActivity
/private/var/folders/bq/vtzpc5ns5sg2cthy61lqpg3dfzgbys/T/1564479415878-0/src/RIBs-master/android/libraries/rib-android/src/main/java/com/uber/rib/core/RibActivity.java:206: error: cannot find symbol
  @CallSuper
   ^
  symbol:   class CallSuper
  location: class RibActivity
/private/var/folders/bq/vtzpc5ns5sg2cthy61lqpg3dfzgbys/T/1564479415878-0/src/RIBs-master/android/libraries/rib-android/src/main/java/com/uber/rib/core/RibActivity.java:220: error: cannot find symbol
  @CallSuper
   ^
  symbol:   class CallSuper
  location: class RibActivity
javadoc: warning - Class Qualifier not found.
javadoc: warning - Class Qualifier not found.
/private/var/folders/bq/vtzpc5ns5sg2cthy61lqpg3dfzgbys/T/1564479415878-0/src/RIBs-master/android/libraries/rib-android/src/main/java/com/uber/rib/core/RibActivity.java:251: warning - Tag @link: reference not found: Interactor
javadoc: warning - Class CallSuper not found.
javadoc: warning - Class CallSuper not found.
javadoc: warning - Class Initializer not found.
javadoc: warning - Class CallSuper not found.
javadoc: warning - Class Initializer not found.
javadoc: warning - Class CallSuper not found.
javadoc: warning - Class CallSuper not found.
javadoc: warning - Class CallSuper not found.
javadoc: warning - Class CallSuper not found.
javadoc: warning - Class CallSuper not found.
javadoc: warning - Class CallSuper not found.
javadoc: warning - Class CallSuper not found.
javadoc: warning - Class CallSuper not found.
javadoc: warning - Class CallSuper not found.
javadoc: warning - Class CallSuper not found.
javadoc: warning - Class CallSuper not found.
javadoc: warning - Class CallSuper not found.
javadoc: warning - Class CallSuper not found.
javadoc: warning - Class CallSuper not found.
javadoc: warning - Class CallSuper not found.
javadoc: warning - Class Nullable not found.
javadoc: warning - Class Nullable not found.
javadoc: warning - Class Nullable not found.
javadoc: warning - Class Nullable not found.
javadoc: warning - Class Initializer not found.
javadoc: warning - Class CallSuper not found.
javadoc: warning - Class Nullable not found.
javadoc: warning - Class Initializer not found.
javadoc: warning - Class CallSuper not found.
javadoc: warning - Class CallSuper not found.
javadoc: warning - Class CallSuper not found.
javadoc: warning - Class CallSuper not found.
javadoc: warning - Class CallSuper not found.
100 warnings

> Task :libraries:rib-android:androidJavadocsJar
> Task :libraries:rib-android:androidSourcesJar
> Task :libraries:rib-android:extractReleaseAnnotations
> Task :libraries:rib-android:mergeReleaseConsumerProguardFiles
> Task :libraries:rib-android:prepareLintJarForPublish
> Task :libraries:rib-android:transformResourcesWithMergeJavaResForRelease
> Task :libraries:rib-android:transformClassesAndResourcesWithSyncLibJarsForRelease
> Task :libraries:rib-android:transformNativeLibsWithSyncJniLibsForRelease
> Task :libraries:rib-android:bundleReleaseAar
> Task :libraries:rib-android:compileReleaseSources
> Task :libraries:rib-android:signArchives SKIPPED
> Task :libraries:rib-android:mergeReleaseResources
> Task :libraries:rib-android:verifyReleaseResources
> Task :libraries:rib-android:assembleRelease
> Task :libraries:rib-android:assemble
> Task :libraries:rib-android:build
> Task :libraries:rib-android-test:preBuild UP-TO-DATE
> Task :libraries:rib-android-test:preReleaseBuild UP-TO-DATE
> Task :libraries:rib-android-test:compileReleaseAidl NO-SOURCE
> Task :libraries:rib-android-test:checkReleaseManifest
> Task :libraries:rib-android-test:compileReleaseRenderscript NO-SOURCE
> Task :libraries:rib-android-test:generateReleaseBuildConfig SKIPPED
> Task :libraries:rib-android-test:generateReleaseResValues
> Task :libraries:rib-android-test:generateReleaseResources
> Task :libraries:rib-android-test:packageReleaseResources

> Task :libraries:rib-android-test:processReleaseManifest
/private/var/folders/bq/vtzpc5ns5sg2cthy61lqpg3dfzgbys/T/1564479415878-0/src/RIBs-master/android/libraries/rib-android-test/src/main/AndroidManifest.xml:7:5-9:50 Warning:
	application@android:theme was tagged at AndroidManifest.xml:7 to replace other declarations but no other declaration present

> Task :libraries:rib-android-test:generateReleaseRFile
> Task :libraries:rib-android-test:prepareLintJar
> Task :libraries:rib-android-test:generateReleaseSources
> Task :libraries:rib-android-test:javaPreCompileRelease
> Task :libraries:rib-android-test:compileReleaseJavaWithJavac
> Task :libraries:rib-android-test:extractReleaseAnnotations
> Task :libraries:rib-android-test:mergeReleaseConsumerProguardFiles
> Task :libraries:rib-android-test:mergeReleaseShaders
> Task :libraries:rib-android-test:compileReleaseShaders
> Task :libraries:rib-android-test:generateReleaseAssets
> Task :libraries:rib-android-test:packageReleaseAssets
> Task :libraries:rib-android-test:packageReleaseRenderscript NO-SOURCE
> Task :libraries:rib-android-test:prepareLintJarForPublish
> Task :libraries:rib-android-test:processReleaseJavaRes NO-SOURCE
> Task :libraries:rib-android-test:transformResourcesWithMergeJavaResForRelease
> Task :libraries:rib-android-test:transformClassesAndResourcesWithSyncLibJarsForRelease
> Task :libraries:rib-android-test:mergeReleaseJniLibFolders
> Task :libraries:rib-android-test:transformNativeLibsWithMergeJniLibsForRelease
> Task :libraries:rib-android-test:transformNativeLibsWithStripDebugSymbolForRelease
> Task :libraries:rib-android-test:transformNativeLibsWithSyncJniLibsForRelease
> Task :libraries:rib-android-test:bundleReleaseAar
> Task :libraries:rib-base:javadocJar
> Task :libraries:rib-android-test:mergeReleaseResources
> Task :libraries:rib-android-test:compileReleaseSources
> Task :libraries:rib-android-test:verifyReleaseResources
> Task :libraries:rib-android-test:assembleRelease
> Task :libraries:rib-android-test:assemble
> Task :libraries:rib-android-test:build
> Task :libraries:rib-base:sourcesJar
> Task :libraries:rib-base:signArchives SKIPPED
> Task :libraries:rib-base:assemble
> Task :libraries:rib-base:build
> Task :libraries:rib-compiler-app:javadocJar
> Task :libraries:rib-compiler-app:sourcesJar
> Task :libraries:rib-compiler-app:signArchives SKIPPED
> Task :libraries:rib-compiler-app:assemble
> Task :libraries:rib-compiler-app:build
> Task :libraries:rib-compiler-test:javadocJar
> Task :libraries:rib-compiler-test:sourcesJar
> Task :libraries:rib-compiler-test:signArchives SKIPPED
> Task :libraries:rib-compiler-test:assemble
> Task :libraries:rib-compiler-test:build
> Task :libraries:rib-debug-utils:compileJava
> Task :libraries:rib-debug-utils:processResources NO-SOURCE
> Task :libraries:rib-debug-utils:classes
> Task :libraries:rib-debug-utils:jar
> Task :libraries:rib-debug-utils:javadocJar
> Task :libraries:rib-debug-utils:sourcesJar
> Task :libraries:rib-debug-utils:signArchives SKIPPED
> Task :libraries:rib-debug-utils:assemble
> Task :libraries:rib-debug-utils:build
> Task :libraries:rib-router-navigator:compileJava
> Task :libraries:rib-router-navigator:processResources NO-SOURCE
> Task :libraries:rib-router-navigator:classes
> Task :libraries:rib-router-navigator:jar
> Task :libraries:rib-router-navigator:javadocJar
> Task :libraries:rib-router-navigator:sourcesJar
> Task :libraries:rib-router-navigator:signArchives SKIPPED
> Task :libraries:rib-router-navigator:assemble
> Task :libraries:rib-router-navigator:build

> Task :libraries:rib-screen-stack-base:androidJavadocs
/private/var/folders/bq/vtzpc5ns5sg2cthy61lqpg3dfzgbys/T/1564479415878-0/src/RIBs-master/android/libraries/rib-screen-stack-base/src/main/java/com/uber/rib/core/screenstack/ScreenStackBase.java:19: error: cannot find symbol
import androidx.annotation.IntRange;
                          ^
  symbol:   class IntRange
  location: package androidx.annotation
/private/var/folders/bq/vtzpc5ns5sg2cthy61lqpg3dfzgbys/T/1564479415878-0/src/RIBs-master/android/libraries/rib-screen-stack-base/src/main/java/com/uber/rib/core/screenstack/ViewProvider.java:19: error: cannot find symbol
import androidx.annotation.CallSuper;
                          ^
  symbol:   class CallSuper
  location: package androidx.annotation
/private/var/folders/bq/vtzpc5ns5sg2cthy61lqpg3dfzgbys/T/1564479415878-0/src/RIBs-master/android/libraries/rib-screen-stack-base/src/main/java/com/uber/rib/core/screenstack/ViewProvider.java:23: error: package com.jakewharton.rxrelay2 does not exist
import com.jakewharton.rxrelay2.BehaviorRelay;
                               ^
/private/var/folders/bq/vtzpc5ns5sg2cthy61lqpg3dfzgbys/T/1564479415878-0/src/RIBs-master/android/libraries/rib-screen-stack-base/src/main/java/com/uber/rib/core/screenstack/ViewProvider.java:24: error: package com.jakewharton.rxrelay2 does not exist
import com.jakewharton.rxrelay2.Relay;
                               ^
/private/var/folders/bq/vtzpc5ns5sg2cthy61lqpg3dfzgbys/T/1564479415878-0/src/RIBs-master/android/libraries/rib-screen-stack-base/src/main/java/com/uber/rib/core/screenstack/ViewProvider.java:27: error: package io.reactivex does not exist
import io.reactivex.Observable;
                   ^
/private/var/folders/bq/vtzpc5ns5sg2cthy61lqpg3dfzgbys/T/1564479415878-0/src/RIBs-master/android/libraries/rib-screen-stack-base/src/main/java/com/uber/rib/core/screenstack/ViewProvider.java:32: error: cannot find symbol
  private final Relay<ScreenStackEvent> lifecycleRelay =
                ^
  symbol:   class Relay
  location: class ViewProvider
/private/var/folders/bq/vtzpc5ns5sg2cthy61lqpg3dfzgbys/T/1564479415878-0/src/RIBs-master/android/libraries/rib-screen-stack-base/src/main/java/com/uber/rib/core/screenstack/ViewProvider.java:49: error: cannot find symbol
  public Observable<ScreenStackEvent> lifecycle() {
         ^
  symbol:   class Observable
  location: class ViewProvider
/private/var/folders/bq/vtzpc5ns5sg2cthy61lqpg3dfzgbys/T/1564479415878-0/src/RIBs-master/android/libraries/rib-screen-stack-base/src/main/java/com/uber/rib/core/screenstack/ScreenStackBase.java:64: error: cannot find symbol
  void popBackTo(@IntRange(from = -1) final int index, final boolean shouldAnimate);
                  ^
  symbol:   class IntRange
  location: interface ScreenStackBase
/private/var/folders/bq/vtzpc5ns5sg2cthy61lqpg3dfzgbys/T/1564479415878-0/src/RIBs-master/android/libraries/rib-screen-stack-base/src/main/java/com/uber/rib/core/screenstack/ScreenStackBase.java:88: error: cannot find symbol
  @IntRange(from = 0)
   ^
  symbol:   class IntRange
  location: interface ScreenStackBase
/private/var/folders/bq/vtzpc5ns5sg2cthy61lqpg3dfzgbys/T/1564479415878-0/src/RIBs-master/android/libraries/rib-screen-stack-base/src/main/java/com/uber/rib/core/screenstack/ViewProvider.java:75: error: cannot find symbol
  @CallSuper
   ^
  symbol:   class CallSuper
  location: class ViewProvider
/private/var/folders/bq/vtzpc5ns5sg2cthy61lqpg3dfzgbys/T/1564479415878-0/src/RIBs-master/android/libraries/rib-screen-stack-base/src/main/java/com/uber/rib/core/screenstack/ViewProvider.java:81: error: cannot find symbol
  @CallSuper
   ^
  symbol:   class CallSuper
  location: class ViewProvider
javadoc: warning - Class IntRange not found.
javadoc: warning - Class IntRange not found.
javadoc: warning - Class IntRange not found.
javadoc: warning - Class IntRange not found.
javadoc: warning - Class IntRange not found.
javadoc: warning - Class CallSuper not found.
javadoc: warning - Class CallSuper not found.
javadoc: warning - Class CallSuper not found.
javadoc: warning - Class CallSuper not found.
javadoc: warning - Class CallSuper not found.
javadoc: warning - Class CallSuper not found.
javadoc: warning - Class CallSuper not found.
javadoc: warning - Class CallSuper not found.
javadoc: warning - Class CallSuper not found.
javadoc: warning - Class CallSuper not found.
javadoc: warning - Class IntRange not found.
javadoc: warning - Class IntRange not found.
javadoc: warning - Class CallSuper not found.
javadoc: warning - Class CallSuper not found.
30 warnings

> Task :libraries:rib-screen-stack-base:androidJavadocsJar
> Task :libraries:rib-screen-stack-base:androidSourcesJar
> Task :libraries:rib-screen-stack-base:preBuild UP-TO-DATE
> Task :libraries:rib-screen-stack-base:preReleaseBuild UP-TO-DATE
> Task :libraries:rib-screen-stack-base:compileReleaseAidl NO-SOURCE
> Task :libraries:rib-screen-stack-base:checkReleaseManifest
> Task :libraries:rib-screen-stack-base:compileReleaseRenderscript NO-SOURCE
> Task :libraries:rib-screen-stack-base:generateReleaseBuildConfig SKIPPED
> Task :libraries:rib-screen-stack-base:generateReleaseResValues
> Task :libraries:rib-screen-stack-base:generateReleaseResources
> Task :libraries:rib-screen-stack-base:packageReleaseResources
> Task :libraries:rib-screen-stack-base:processReleaseManifest
> Task :libraries:rib-screen-stack-base:generateReleaseRFile
> Task :libraries:rib-screen-stack-base:prepareLintJar
> Task :libraries:rib-screen-stack-base:generateReleaseSources
> Task :libraries:rib-screen-stack-base:javaPreCompileRelease
> Task :libraries:rib-screen-stack-base:compileReleaseJavaWithJavac
> Task :libraries:rib-screen-stack-base:extractReleaseAnnotations
> Task :libraries:rib-screen-stack-base:mergeReleaseConsumerProguardFiles
> Task :libraries:rib-screen-stack-base:mergeReleaseShaders
> Task :libraries:rib-screen-stack-base:compileReleaseShaders
> Task :libraries:rib-screen-stack-base:generateReleaseAssets
> Task :libraries:rib-screen-stack-base:packageReleaseAssets
> Task :libraries:rib-screen-stack-base:packageReleaseRenderscript NO-SOURCE
> Task :libraries:rib-screen-stack-base:prepareLintJarForPublish
> Task :libraries:rib-screen-stack-base:processReleaseJavaRes NO-SOURCE
> Task :libraries:rib-screen-stack-base:transformResourcesWithMergeJavaResForRelease
> Task :libraries:rib-screen-stack-base:transformClassesAndResourcesWithSyncLibJarsForRelease
> Task :libraries:rib-screen-stack-base:mergeReleaseJniLibFolders
> Task :libraries:rib-screen-stack-base:transformNativeLibsWithMergeJniLibsForRelease
> Task :libraries:rib-screen-stack-base:transformNativeLibsWithStripDebugSymbolForRelease
> Task :libraries:rib-screen-stack-base:transformNativeLibsWithSyncJniLibsForRelease
> Task :libraries:rib-screen-stack-base:bundleReleaseAar
> Task :libraries:rib-screen-stack-base:compileReleaseSources
> Task :libraries:rib-screen-stack-base:signArchives SKIPPED
> Task :libraries:rib-screen-stack-base:mergeReleaseResources
> Task :libraries:rib-screen-stack-base:verifyReleaseResources
> Task :libraries:rib-screen-stack-base:assembleRelease
> Task :libraries:rib-screen-stack-base:assemble
> Task :libraries:rib-screen-stack-base:build

> Task :libraries:rib-test-utils:compileJava
Note: /private/var/folders/bq/vtzpc5ns5sg2cthy61lqpg3dfzgbys/T/1564479415878-0/src/RIBs-master/android/libraries/rib-test-utils/src/main/java/com/uber/rib/core/AndroidRecordingRx2Observer.java uses unchecked or unsafe operations.
Note: Recompile with -Xlint:unchecked for details.

> Task :libraries:rib-test-utils:processResources NO-SOURCE
> Task :libraries:rib-test-utils:classes
> Task :libraries:rib-test-utils:jar
> Task :libraries:rib-test-utils:javadocJar
> Task :libraries:rib-test-utils:sourcesJar
> Task :libraries:rib-test-utils:signArchives SKIPPED
> Task :libraries:rib-test-utils:assemble
> Task :libraries:rib-test-utils:build
> Task :libraries:rib-uava:javadocJar
> Task :libraries:rib-uava:sourcesJar
> Task :libraries:rib-uava:signArchives SKIPPED
> Task :libraries:rib-uava:assemble
> Task :libraries:rib-uava:build

> Task :libraries:rib-workflow:androidJavadocs
/private/var/folders/bq/vtzpc5ns5sg2cthy61lqpg3dfzgbys/T/1564479415878-0/src/RIBs-master/android/libraries/rib-workflow/src/main/java/com/uber/rib/workflow/core/ActionableItem.java:19: error: package com.uber.rib.core.lifecycle does not exist
import com.uber.rib.core.lifecycle.InteractorEvent;
                                  ^
/private/var/folders/bq/vtzpc5ns5sg2cthy61lqpg3dfzgbys/T/1564479415878-0/src/RIBs-master/android/libraries/rib-workflow/src/main/java/com/uber/rib/workflow/core/ActionableItem.java:21: error: package io.reactivex does not exist
import io.reactivex.Observable;
                   ^
/private/var/folders/bq/vtzpc5ns5sg2cthy61lqpg3dfzgbys/T/1564479415878-0/src/RIBs-master/android/libraries/rib-workflow/src/main/java/com/uber/rib/workflow/core/ActionableItem.java:30: error: cannot find symbol
  Observable<InteractorEvent> lifecycle();
  ^
  symbol:   class Observable
  location: interface ActionableItem
/private/var/folders/bq/vtzpc5ns5sg2cthy61lqpg3dfzgbys/T/1564479415878-0/src/RIBs-master/android/libraries/rib-workflow/src/main/java/com/uber/rib/workflow/core/ActionableItem.java:30: error: cannot find symbol
  Observable<InteractorEvent> lifecycle();
             ^
  symbol:   class InteractorEvent
  location: interface ActionableItem
/private/var/folders/bq/vtzpc5ns5sg2cthy61lqpg3dfzgbys/T/1564479415878-0/src/RIBs-master/android/libraries/rib-workflow/src/main/java/com/uber/rib/workflow/core/Step.java:19: error: package com.uber.rib.core does not exist
import com.uber.rib.core.Optional;
                        ^
/private/var/folders/bq/vtzpc5ns5sg2cthy61lqpg3dfzgbys/T/1564479415878-0/src/RIBs-master/android/libraries/rib-workflow/src/main/java/com/uber/rib/workflow/core/Step.java:20: error: package com.uber.rib.core.lifecycle does not exist
import com.uber.rib.core.lifecycle.InteractorEvent;
                                  ^
/private/var/folders/bq/vtzpc5ns5sg2cthy61lqpg3dfzgbys/T/1564479415878-0/src/RIBs-master/android/libraries/rib-workflow/src/main/java/com/uber/rib/workflow/core/Step.java:22: error: package io.reactivex does not exist
import io.reactivex.Observable;
                   ^
/private/var/folders/bq/vtzpc5ns5sg2cthy61lqpg3dfzgbys/T/1564479415878-0/src/RIBs-master/android/libraries/rib-workflow/src/main/java/com/uber/rib/workflow/core/Step.java:23: error: package io.reactivex does not exist
import io.reactivex.ObservableSource;
                   ^
/private/var/folders/bq/vtzpc5ns5sg2cthy61lqpg3dfzgbys/T/1564479415878-0/src/RIBs-master/android/libraries/rib-workflow/src/main/java/com/uber/rib/workflow/core/Step.java:24: error: package io.reactivex does not exist
import io.reactivex.Single;
                   ^
/private/var/folders/bq/vtzpc5ns5sg2cthy61lqpg3dfzgbys/T/1564479415878-0/src/RIBs-master/android/libraries/rib-workflow/src/main/java/com/uber/rib/workflow/core/Step.java:25: error: package io.reactivex.android.schedulers does not exist
import io.reactivex.android.schedulers.AndroidSchedulers;
                                      ^
/private/var/folders/bq/vtzpc5ns5sg2cthy61lqpg3dfzgbys/T/1564479415878-0/src/RIBs-master/android/libraries/rib-workflow/src/main/java/com/uber/rib/workflow/core/Step.java:26: error: package io.reactivex.functions does not exist
import io.reactivex.functions.BiFunction;
                             ^
/private/var/folders/bq/vtzpc5ns5sg2cthy61lqpg3dfzgbys/T/1564479415878-0/src/RIBs-master/android/libraries/rib-workflow/src/main/java/com/uber/rib/workflow/core/Step.java:27: error: package io.reactivex.functions does not exist
import io.reactivex.functions.Function;
                             ^
/private/var/folders/bq/vtzpc5ns5sg2cthy61lqpg3dfzgbys/T/1564479415878-0/src/RIBs-master/android/libraries/rib-workflow/src/main/java/com/uber/rib/workflow/core/Step.java:28: error: package io.reactivex.functions does not exist
import io.reactivex.functions.Predicate;
                             ^
/private/var/folders/bq/vtzpc5ns5sg2cthy61lqpg3dfzgbys/T/1564479415878-0/src/RIBs-master/android/libraries/rib-workflow/src/main/java/com/uber/rib/workflow/core/Step.java:38: error: cannot find symbol
  private final Single<Optional<Data<T, A>>> stepDataSingle;
                ^
  symbol:   class Single
  location: class Step<T,A>
  where T,A are type-variables:
    T extends Object declared in class Step
    A extends ActionableItem declared in class Step
/private/var/folders/bq/vtzpc5ns5sg2cthy61lqpg3dfzgbys/T/1564479415878-0/src/RIBs-master/android/libraries/rib-workflow/src/main/java/com/uber/rib/workflow/core/Step.java:38: error: cannot find symbol
  private final Single<Optional<Data<T, A>>> stepDataSingle;
                       ^
  symbol:   class Optional
  location: class Step<T,A>
  where T,A are type-variables:
    T extends Object declared in class Step
    A extends ActionableItem declared in class Step
/private/var/folders/bq/vtzpc5ns5sg2cthy61lqpg3dfzgbys/T/1564479415878-0/src/RIBs-master/android/libraries/rib-workflow/src/main/java/com/uber/rib/workflow/core/Step.java:45: error: cannot find symbol
  private Step(Single<Optional<Data<T, A>>> stepDataSingle) {
               ^
  symbol:   class Single
  location: class Step<T,A>
  where T,A are type-variables:
    T extends Object declared in class Step
    A extends ActionableItem declared in class Step
/private/var/folders/bq/vtzpc5ns5sg2cthy61lqpg3dfzgbys/T/1564479415878-0/src/RIBs-master/android/libraries/rib-workflow/src/main/java/com/uber/rib/workflow/core/Step.java:45: error: cannot find symbol
  private Step(Single<Optional<Data<T, A>>> stepDataSingle) {
                      ^
  symbol:   class Optional
  location: class Step<T,A>
  where T,A are type-variables:
    T extends Object declared in class Step
    A extends ActionableItem declared in class Step
/private/var/folders/bq/vtzpc5ns5sg2cthy61lqpg3dfzgbys/T/1564479415878-0/src/RIBs-master/android/libraries/rib-workflow/src/main/java/com/uber/rib/workflow/core/Step.java:57: error: cannot find symbol
  public static <T, A extends ActionableItem> Step<T, A> from(Single<Data<T, A>> stepDataSingle) {
                                                              ^
  symbol:   class Single
  location: class Step<T,A>
  where T,A are type-variables:
    T extends Object declared in class Step
    A extends ActionableItem declared in class Step
/private/var/folders/bq/vtzpc5ns5sg2cthy61lqpg3dfzgbys/T/1564479415878-0/src/RIBs-master/android/libraries/rib-workflow/src/main/java/com/uber/rib/workflow/core/Step.java:80: error: cannot find symbol
      Single<Optional<Data<T, A>>> stepDataSingle) {
      ^
  symbol:   class Single
  location: class Step<T,A>
  where T,A are type-variables:
    T extends Object declared in class Step
    A extends ActionableItem declared in class Step
/private/var/folders/bq/vtzpc5ns5sg2cthy61lqpg3dfzgbys/T/1564479415878-0/src/RIBs-master/android/libraries/rib-workflow/src/main/java/com/uber/rib/workflow/core/Step.java:80: error: cannot find symbol
      Single<Optional<Data<T, A>>> stepDataSingle) {
             ^
  symbol:   class Optional
  location: class Step<T,A>
  where T,A are type-variables:
    T extends Object declared in class Step
    A extends ActionableItem declared in class Step
/private/var/folders/bq/vtzpc5ns5sg2cthy61lqpg3dfzgbys/T/1564479415878-0/src/RIBs-master/android/libraries/rib-workflow/src/main/java/com/uber/rib/workflow/core/Step.java:97: error: cannot find symbol
          final BiFunction<T, A, Step<TNewValueType, TNewActionableItem>> func) {
                ^
  symbol:   class BiFunction
  location: class Step<T,A>
  where T,A are type-variables:
    T extends Object declared in class Step
    A extends ActionableItem declared in class Step
/private/var/folders/bq/vtzpc5ns5sg2cthy61lqpg3dfzgbys/T/1564479415878-0/src/RIBs-master/android/libraries/rib-workflow/src/main/java/com/uber/rib/workflow/core/Step.java:119: error: cannot find symbol
  protected Observable<Optional<Data<T, A>>> asObservable() {
            ^
  symbol:   class Observable
  location: class Step<T,A>
  where T,A are type-variables:
    T extends Object declared in class Step
    A extends ActionableItem declared in class Step
/private/var/folders/bq/vtzpc5ns5sg2cthy61lqpg3dfzgbys/T/1564479415878-0/src/RIBs-master/android/libraries/rib-workflow/src/main/java/com/uber/rib/workflow/core/Step.java:119: error: cannot find symbol
  protected Observable<Optional<Data<T, A>>> asObservable() {
                       ^
  symbol:   class Optional
  location: class Step<T,A>
  where T,A are type-variables:
    T extends Object declared in class Step
    A extends ActionableItem declared in class Step
/private/var/folders/bq/vtzpc5ns5sg2cthy61lqpg3dfzgbys/T/1564479415878-0/src/RIBs-master/android/libraries/rib-workflow/src/main/java/com/uber/rib/workflow/core/Step.java:157: error: cannot find symbol
  protected Observable<Optional<T>> asResultObservable() {
            ^
  symbol:   class Observable
  location: class Step<T,A>
  where T,A are type-variables:
    T extends Object declared in class Step
    A extends ActionableItem declared in class Step
/private/var/folders/bq/vtzpc5ns5sg2cthy61lqpg3dfzgbys/T/1564479415878-0/src/RIBs-master/android/libraries/rib-workflow/src/main/java/com/uber/rib/workflow/core/Step.java:157: error: cannot find symbol
  protected Observable<Optional<T>> asResultObservable() {
                       ^
  symbol:   class Optional
  location: class Step<T,A>
  where T,A are type-variables:
    T extends Object declared in class Step
    A extends ActionableItem declared in class Step
/private/var/folders/bq/vtzpc5ns5sg2cthy61lqpg3dfzgbys/T/1564479415878-0/src/RIBs-master/android/libraries/rib-workflow/src/main/java/com/uber/rib/workflow/core/Workflow.java:19: error: package com.uber.rib.core does not exist
import com.uber.rib.core.Optional;
                        ^
/private/var/folders/bq/vtzpc5ns5sg2cthy61lqpg3dfzgbys/T/1564479415878-0/src/RIBs-master/android/libraries/rib-workflow/src/main/java/com/uber/rib/workflow/core/Workflow.java:21: error: package io.reactivex does not exist
import io.reactivex.Single;
                   ^
/private/var/folders/bq/vtzpc5ns5sg2cthy61lqpg3dfzgbys/T/1564479415878-0/src/RIBs-master/android/libraries/rib-workflow/src/main/java/com/uber/rib/workflow/core/Workflow.java:37: error: package io.reactivex does not exist
  public io.reactivex.Single<Optional<TReturnValue>> createSingle(
                     ^
/private/var/folders/bq/vtzpc5ns5sg2cthy61lqpg3dfzgbys/T/1564479415878-0/src/RIBs-master/android/libraries/rib-workflow/src/main/java/com/uber/rib/workflow/core/Workflow.java:37: error: cannot find symbol
  public io.reactivex.Single<Optional<TReturnValue>> createSingle(
                             ^
  symbol:   class Optional
  location: class Workflow<TReturnValue,TRootActionableItem>
  where TReturnValue,TRootActionableItem are type-variables:
    TReturnValue extends Object declared in class Workflow
    TRootActionableItem extends ActionableItem declared in class Workflow
/private/var/folders/bq/vtzpc5ns5sg2cthy61lqpg3dfzgbys/T/1564479415878-0/src/RIBs-master/android/libraries/rib-workflow/src/main/java/com/uber/rib/workflow/core/Workflow.java:37: warning - Tag @link: reference not found: Single
30 warnings

> Task :libraries:rib-workflow:androidJavadocsJar
> Task :libraries:rib-workflow:androidSourcesJar
> Task :libraries:rib-workflow:preBuild UP-TO-DATE
> Task :libraries:rib-workflow:preReleaseBuild UP-TO-DATE
> Task :libraries:rib-workflow:checkReleaseManifest
> Task :libraries:rib-workflow:generateReleaseBuildConfig SKIPPED
> Task :libraries:rib-workflow:generateReleaseResValues
> Task :libraries:rib-workflow:processReleaseManifest
> Task :libraries:rib-workflow:prepareLintJar
> Task :libraries:rib-workflow:mergeReleaseConsumerProguardFiles
> Task :libraries:rib-workflow:mergeReleaseShaders
> Task :libraries:rib-workflow:compileReleaseShaders
> Task :libraries:rib-workflow:compileReleaseAidl NO-SOURCE
> Task :libraries:rib-workflow:compileReleaseRenderscript NO-SOURCE
> Task :libraries:rib-workflow:generateReleaseResources
> Task :libraries:rib-workflow:packageReleaseResources
> Task :libraries:rib-workflow:generateReleaseRFile
> Task :libraries:rib-workflow:generateReleaseSources
> Task :libraries:rib-workflow:javaPreCompileRelease
> Task :libraries:rib-workflow:compileReleaseJavaWithJavac
> Task :libraries:rib-workflow:extractReleaseAnnotations
> Task :libraries:rib-workflow:generateReleaseAssets
> Task :libraries:rib-workflow:packageReleaseAssets
> Task :libraries:rib-workflow:packageReleaseRenderscript NO-SOURCE
> Task :libraries:rib-workflow:prepareLintJarForPublish
> Task :libraries:rib-workflow:processReleaseJavaRes NO-SOURCE
> Task :libraries:rib-workflow:transformResourcesWithMergeJavaResForRelease
> Task :libraries:rib-workflow:transformClassesAndResourcesWithSyncLibJarsForRelease
> Task :libraries:rib-workflow:mergeReleaseJniLibFolders
> Task :libraries:rib-workflow:transformNativeLibsWithMergeJniLibsForRelease
> Task :libraries:rib-workflow:transformNativeLibsWithStripDebugSymbolForRelease
> Task :libraries:rib-workflow:transformNativeLibsWithSyncJniLibsForRelease
> Task :libraries:rib-workflow:bundleReleaseAar
> Task :libraries:rib-workflow:compileReleaseSources
> Task :libraries:rib-workflow:signArchives SKIPPED

> Task :libraries:rib-workflow-test-utils:androidJavadocs
/private/var/folders/bq/vtzpc5ns5sg2cthy61lqpg3dfzgbys/T/1564479415878-0/src/RIBs-master/android/libraries/rib-workflow-test-utils/src/main/java/com/uber/rib/workflow/core/StepTester.java:19: error: cannot find symbol
import androidx.annotation.Nullable;
                          ^
  symbol:   class Nullable
  location: package androidx.annotation
/private/var/folders/bq/vtzpc5ns5sg2cthy61lqpg3dfzgbys/T/1564479415878-0/src/RIBs-master/android/libraries/rib-workflow-test-utils/src/main/java/com/uber/rib/workflow/core/StepTester.java:21: error: package com.uber.rib.core does not exist
import com.uber.rib.core.Optional;
                        ^
/private/var/folders/bq/vtzpc5ns5sg2cthy61lqpg3dfzgbys/T/1564479415878-0/src/RIBs-master/android/libraries/rib-workflow-test-utils/src/main/java/com/uber/rib/workflow/core/StepTester.java:23: error: package io.reactivex does not exist
import io.reactivex.Observable;
                   ^
/private/var/folders/bq/vtzpc5ns5sg2cthy61lqpg3dfzgbys/T/1564479415878-0/src/RIBs-master/android/libraries/rib-workflow-test-utils/src/main/java/com/uber/rib/workflow/core/StepTester.java:24: error: package io.reactivex.observers does not exist
import io.reactivex.observers.TestObserver;
                             ^
/private/var/folders/bq/vtzpc5ns5sg2cthy61lqpg3dfzgbys/T/1564479415878-0/src/RIBs-master/android/libraries/rib-workflow-test-utils/src/main/java/com/uber/rib/workflow/core/StepTester.java:26: error: package org.assertj.core.api does not exist
import static org.assertj.core.api.Java6Assertions.assertThat;
                                  ^
/private/var/folders/bq/vtzpc5ns5sg2cthy61lqpg3dfzgbys/T/1564479415878-0/src/RIBs-master/android/libraries/rib-workflow-test-utils/src/main/java/com/uber/rib/workflow/core/StepTester.java:26: error: static import only from classes and interfaces
import static org.assertj.core.api.Java6Assertions.assertThat;
^
/private/var/folders/bq/vtzpc5ns5sg2cthy61lqpg3dfzgbys/T/1564479415878-0/src/RIBs-master/android/libraries/rib-workflow-test-utils/src/main/java/com/uber/rib/workflow/core/StepTester.java:41: error: cannot find symbol
  public static <T, A extends ActionableItem>
                              ^
  symbol:   class ActionableItem
  location: class StepTester
/private/var/folders/bq/vtzpc5ns5sg2cthy61lqpg3dfzgbys/T/1564479415878-0/src/RIBs-master/android/libraries/rib-workflow-test-utils/src/main/java/com/uber/rib/workflow/core/StepTester.java:42: error: cannot find symbol
      Observable<Optional<Step.Data<T, A>>> exposeObservable(Step<T, A> step) {
                                                             ^
  symbol:   class Step
  location: class StepTester
/private/var/folders/bq/vtzpc5ns5sg2cthy61lqpg3dfzgbys/T/1564479415878-0/src/RIBs-master/android/libraries/rib-workflow-test-utils/src/main/java/com/uber/rib/workflow/core/StepTester.java:42: error: cannot find symbol
      Observable<Optional<Step.Data<T, A>>> exposeObservable(Step<T, A> step) {
      ^
  symbol:   class Observable
  location: class StepTester
/private/var/folders/bq/vtzpc5ns5sg2cthy61lqpg3dfzgbys/T/1564479415878-0/src/RIBs-master/android/libraries/rib-workflow-test-utils/src/main/java/com/uber/rib/workflow/core/StepTester.java:42: error: cannot find symbol
      Observable<Optional<Step.Data<T, A>>> exposeObservable(Step<T, A> step) {
                 ^
  symbol:   class Optional
  location: class StepTester
/private/var/folders/bq/vtzpc5ns5sg2cthy61lqpg3dfzgbys/T/1564479415878-0/src/RIBs-master/android/libraries/rib-workflow-test-utils/src/main/java/com/uber/rib/workflow/core/StepTester.java:42: error: package Step does not exist
      Observable<Optional<Step.Data<T, A>>> exposeObservable(Step<T, A> step) {
                              ^
/private/var/folders/bq/vtzpc5ns5sg2cthy61lqpg3dfzgbys/T/1564479415878-0/src/RIBs-master/android/libraries/rib-workflow-test-utils/src/main/java/com/uber/rib/workflow/core/StepTester.java:55: error: cannot find symbol
  public static <T, A extends ActionableItem> T exposeStepData(Step.Data<T, A> step) {
                              ^
  symbol:   class ActionableItem
  location: class StepTester
/private/var/folders/bq/vtzpc5ns5sg2cthy61lqpg3dfzgbys/T/1564479415878-0/src/RIBs-master/android/libraries/rib-workflow-test-utils/src/main/java/com/uber/rib/workflow/core/StepTester.java:55: error: package Step does not exist
  public static <T, A extends ActionableItem> T exposeStepData(Step.Data<T, A> step) {
                                                                   ^
/private/var/folders/bq/vtzpc5ns5sg2cthy61lqpg3dfzgbys/T/1564479415878-0/src/RIBs-master/android/libraries/rib-workflow-test-utils/src/main/java/com/uber/rib/workflow/core/StepTester.java:66: error: cannot find symbol
  public static <T, A extends ActionableItem> void assertStepNotYetEmitted(
                              ^
  symbol:   class ActionableItem
  location: class StepTester
/private/var/folders/bq/vtzpc5ns5sg2cthy61lqpg3dfzgbys/T/1564479415878-0/src/RIBs-master/android/libraries/rib-workflow-test-utils/src/main/java/com/uber/rib/workflow/core/StepTester.java:67: error: cannot find symbol
      TestObserver<Optional<Step.Data<T, A>>> testSubscriber) {
      ^
  symbol:   class TestObserver
  location: class StepTester
/private/var/folders/bq/vtzpc5ns5sg2cthy61lqpg3dfzgbys/T/1564479415878-0/src/RIBs-master/android/libraries/rib-workflow-test-utils/src/main/java/com/uber/rib/workflow/core/StepTester.java:67: error: cannot find symbol
      TestObserver<Optional<Step.Data<T, A>>> testSubscriber) {
                   ^
  symbol:   class Optional
  location: class StepTester
/private/var/folders/bq/vtzpc5ns5sg2cthy61lqpg3dfzgbys/T/1564479415878-0/src/RIBs-master/android/libraries/rib-workflow-test-utils/src/main/java/com/uber/rib/workflow/core/StepTester.java:67: error: package Step does not exist
      TestObserver<Optional<Step.Data<T, A>>> testSubscriber) {
                                ^
/private/var/folders/bq/vtzpc5ns5sg2cthy61lqpg3dfzgbys/T/1564479415878-0/src/RIBs-master/android/libraries/rib-workflow-test-utils/src/main/java/com/uber/rib/workflow/core/StepTester.java:80: error: cannot find symbol
  public static <T, A extends ActionableItem> void assertStepEmitted(
                              ^
  symbol:   class ActionableItem
  location: class StepTester
/private/var/folders/bq/vtzpc5ns5sg2cthy61lqpg3dfzgbys/T/1564479415878-0/src/RIBs-master/android/libraries/rib-workflow-test-utils/src/main/java/com/uber/rib/workflow/core/StepTester.java:81: error: cannot find symbol
      TestObserver<Optional<Step.Data<T, A>>> testSubscriber) {
      ^
  symbol:   class TestObserver
  location: class StepTester
/private/var/folders/bq/vtzpc5ns5sg2cthy61lqpg3dfzgbys/T/1564479415878-0/src/RIBs-master/android/libraries/rib-workflow-test-utils/src/main/java/com/uber/rib/workflow/core/StepTester.java:81: error: cannot find symbol
      TestObserver<Optional<Step.Data<T, A>>> testSubscriber) {
                   ^
  symbol:   class Optional
  location: class StepTester
/private/var/folders/bq/vtzpc5ns5sg2cthy61lqpg3dfzgbys/T/1564479415878-0/src/RIBs-master/android/libraries/rib-workflow-test-utils/src/main/java/com/uber/rib/workflow/core/StepTester.java:81: error: package Step does not exist
      TestObserver<Optional<Step.Data<T, A>>> testSubscriber) {
                                ^
/private/var/folders/bq/vtzpc5ns5sg2cthy61lqpg3dfzgbys/T/1564479415878-0/src/RIBs-master/android/libraries/rib-workflow-test-utils/src/main/java/com/uber/rib/workflow/core/StepTester.java:54: error: cannot find symbol
  @Nullable
   ^
  symbol:   class Nullable
  location: class StepTester
/private/var/folders/bq/vtzpc5ns5sg2cthy61lqpg3dfzgbys/T/1564479415878-0/src/RIBs-master/android/libraries/rib-workflow-test-utils/src/main/java/com/uber/rib/workflow/core/StepTester.java:29: warning - Tag @link: reference not found: Observable
/private/var/folders/bq/vtzpc5ns5sg2cthy61lqpg3dfzgbys/T/1564479415878-0/src/RIBs-master/android/libraries/rib-workflow-test-utils/src/main/java/com/uber/rib/workflow/core/StepTester.java:29: warning - Tag @link: reference not found: Step
/private/var/folders/bq/vtzpc5ns5sg2cthy61lqpg3dfzgbys/T/1564479415878-0/src/RIBs-master/android/libraries/rib-workflow-test-utils/src/main/java/com/uber/rib/workflow/core/StepTester.java:80: warning - Tag @link: reference not found: Step
/private/var/folders/bq/vtzpc5ns5sg2cthy61lqpg3dfzgbys/T/1564479415878-0/src/RIBs-master/android/libraries/rib-workflow-test-utils/src/main/java/com/uber/rib/workflow/core/StepTester.java:80: warning - Tag @link: reference not found: TestObserver
/private/var/folders/bq/vtzpc5ns5sg2cthy61lqpg3dfzgbys/T/1564479415878-0/src/RIBs-master/android/libraries/rib-workflow-test-utils/src/main/java/com/uber/rib/workflow/core/StepTester.java:66: warning - Tag @link: reference not found: Step
/private/var/folders/bq/vtzpc5ns5sg2cthy61lqpg3dfzgbys/T/1564479415878-0/src/RIBs-master/android/libraries/rib-workflow-test-utils/src/main/java/com/uber/rib/workflow/core/StepTester.java:66: warning - Tag @link: reference not found: TestObserver
/private/var/folders/bq/vtzpc5ns5sg2cthy61lqpg3dfzgbys/T/1564479415878-0/src/RIBs-master/android/libraries/rib-workflow-test-utils/src/main/java/com/uber/rib/workflow/core/StepTester.java:42: warning - Tag @link: reference not found: Step
javadoc: warning - Class Nullable not found.
/private/var/folders/bq/vtzpc5ns5sg2cthy61lqpg3dfzgbys/T/1564479415878-0/src/RIBs-master/android/libraries/rib-workflow-test-utils/src/main/java/com/uber/rib/workflow/core/StepTester.java:55: warning - Tag @link: reference not found: com.uber.rib.workflow.core.Step.Data
/private/var/folders/bq/vtzpc5ns5sg2cthy61lqpg3dfzgbys/T/1564479415878-0/src/RIBs-master/android/libraries/rib-workflow-test-utils/src/main/java/com/uber/rib/workflow/core/StepTester.java:55: warning - Tag @link: reference not found: Step
javadoc: warning - Class Nullable not found.
/private/var/folders/bq/vtzpc5ns5sg2cthy61lqpg3dfzgbys/T/1564479415878-0/src/RIBs-master/android/libraries/rib-workflow-test-utils/src/main/java/com/uber/rib/workflow/core/StepTester.java:42: warning - Tag @link: reference not found: Step
/private/var/folders/bq/vtzpc5ns5sg2cthy61lqpg3dfzgbys/T/1564479415878-0/src/RIBs-master/android/libraries/rib-workflow-test-utils/src/main/java/com/uber/rib/workflow/core/StepTester.java:42: warning - Tag @link: reference not found: Observable
javadoc: warning - Class Nullable not found.
javadoc: warning - Class Nullable not found.
/private/var/folders/bq/vtzpc5ns5sg2cthy61lqpg3dfzgbys/T/1564479415878-0/src/RIBs-master/android/libraries/rib-workflow-test-utils/src/main/java/com/uber/rib/workflow/core/StepTester.java:55: warning - Tag @link: reference not found: com.uber.rib.workflow.core.Step.Data
/private/var/folders/bq/vtzpc5ns5sg2cthy61lqpg3dfzgbys/T/1564479415878-0/src/RIBs-master/android/libraries/rib-workflow-test-utils/src/main/java/com/uber/rib/workflow/core/StepTester.java:55: warning - Tag @link: reference not found: Step
/private/var/folders/bq/vtzpc5ns5sg2cthy61lqpg3dfzgbys/T/1564479415878-0/src/RIBs-master/android/libraries/rib-workflow-test-utils/src/main/java/com/uber/rib/workflow/core/StepTester.java:66: warning - Tag @link: reference not found: Step
/private/var/folders/bq/vtzpc5ns5sg2cthy61lqpg3dfzgbys/T/1564479415878-0/src/RIBs-master/android/libraries/rib-workflow-test-utils/src/main/java/com/uber/rib/workflow/core/StepTester.java:66: warning - Tag @link: reference not found: TestObserver
/private/var/folders/bq/vtzpc5ns5sg2cthy61lqpg3dfzgbys/T/1564479415878-0/src/RIBs-master/android/libraries/rib-workflow-test-utils/src/main/java/com/uber/rib/workflow/core/StepTester.java:80: warning - Tag @link: reference not found: Step
/private/var/folders/bq/vtzpc5ns5sg2cthy61lqpg3dfzgbys/T/1564479415878-0/src/RIBs-master/android/libraries/rib-workflow-test-utils/src/main/java/com/uber/rib/workflow/core/StepTester.java:80: warning - Tag @link: reference not found: TestObserver
/private/var/folders/bq/vtzpc5ns5sg2cthy61lqpg3dfzgbys/T/1564479415878-0/src/RIBs-master/android/libraries/rib-workflow-test-utils/src/main/java/com/uber/rib/workflow/core/StepTester.java:29: warning - Tag @link: reference not found: Observable
/private/var/folders/bq/vtzpc5ns5sg2cthy61lqpg3dfzgbys/T/1564479415878-0/src/RIBs-master/android/libraries/rib-workflow-test-utils/src/main/java/com/uber/rib/workflow/core/StepTester.java:29: warning - Tag @link: reference not found: Step
/private/var/folders/bq/vtzpc5ns5sg2cthy61lqpg3dfzgbys/T/1564479415878-0/src/RIBs-master/android/libraries/rib-workflow-test-utils/src/main/java/com/uber/rib/workflow/core/StepTester.java:80: warning - Tag @link: reference not found: Step
/private/var/folders/bq/vtzpc5ns5sg2cthy61lqpg3dfzgbys/T/1564479415878-0/src/RIBs-master/android/libraries/rib-workflow-test-utils/src/main/java/com/uber/rib/workflow/core/StepTester.java:80: warning - Tag @link: reference not found: TestObserver
/private/var/folders/bq/vtzpc5ns5sg2cthy61lqpg3dfzgbys/T/1564479415878-0/src/RIBs-master/android/libraries/rib-workflow-test-utils/src/main/java/com/uber/rib/workflow/core/StepTester.java:66: warning - Tag @link: reference not found: Step
/private/var/folders/bq/vtzpc5ns5sg2cthy61lqpg3dfzgbys/T/1564479415878-0/src/RIBs-master/android/libraries/rib-workflow-test-utils/src/main/java/com/uber/rib/workflow/core/StepTester.java:66: warning - Tag @link: reference not found: TestObserver
/private/var/folders/bq/vtzpc5ns5sg2cthy61lqpg3dfzgbys/T/1564479415878-0/src/RIBs-master/android/libraries/rib-workflow-test-utils/src/main/java/com/uber/rib/workflow/core/StepTester.java:42: warning - Tag @link: reference not found: Step
javadoc: warning - Class Nullable not found.
/private/var/folders/bq/vtzpc5ns5sg2cthy61lqpg3dfzgbys/T/1564479415878-0/src/RIBs-master/android/libraries/rib-workflow-test-utils/src/main/java/com/uber/rib/workflow/core/StepTester.java:55: warning - Tag @link: reference not found: com.uber.rib.workflow.core.Step.Data
/private/var/folders/bq/vtzpc5ns5sg2cthy61lqpg3dfzgbys/T/1564479415878-0/src/RIBs-master/android/libraries/rib-workflow-test-utils/src/main/java/com/uber/rib/workflow/core/StepTester.java:55: warning - Tag @link: reference not found: Step
/private/var/folders/bq/vtzpc5ns5sg2cthy61lqpg3dfzgbys/T/1564479415878-0/src/RIBs-master/android/libraries/rib-workflow-test-utils/src/main/java/com/uber/rib/workflow/core/StepTester.java:29: warning - Tag @link: reference not found: Observable
/private/var/folders/bq/vtzpc5ns5sg2cthy61lqpg3dfzgbys/T/1564479415878-0/src/RIBs-master/android/libraries/rib-workflow-test-utils/src/main/java/com/uber/rib/workflow/core/StepTester.java:29: warning - Tag @link: reference not found: Step
javadoc: warning - Class Nullable not found.
56 warnings

> Task :libraries:rib-workflow:mergeReleaseResources
> Task :libraries:rib-workflow:verifyReleaseResources
> Task :libraries:rib-workflow:assembleRelease
> Task :libraries:rib-workflow:assemble
> Task :libraries:rib-workflow:build
> Task :libraries:rib-workflow-test-utils:androidJavadocsJar
> Task :libraries:rib-workflow-test-utils:androidSourcesJar
> Task :libraries:rib-workflow-test-utils:preBuild UP-TO-DATE
> Task :libraries:rib-workflow-test-utils:preReleaseBuild UP-TO-DATE
> Task :libraries:rib-workflow-test-utils:compileReleaseAidl NO-SOURCE
> Task :libraries:rib-workflow:bundleLibCompileRelease
> Task :libraries:rib-workflow-test-utils:compileReleaseRenderscript NO-SOURCE
> Task :libraries:rib-workflow-test-utils:checkReleaseManifest
> Task :libraries:rib-workflow-test-utils:generateReleaseBuildConfig SKIPPED
> Task :libraries:rib-workflow-test-utils:generateReleaseResValues
> Task :libraries:rib-workflow-test-utils:generateReleaseResources
> Task :libraries:rib-workflow-test-utils:packageReleaseResources
> Task :libraries:rib-workflow-test-utils:processReleaseManifest
> Task :libraries:rib-workflow-test-utils:generateReleaseRFile
> Task :libraries:rib-workflow-test-utils:prepareLintJar
> Task :libraries:rib-workflow-test-utils:generateReleaseSources
> Task :libraries:rib-workflow-test-utils:mergeReleaseConsumerProguardFiles
> Task :libraries:rib-workflow-test-utils:mergeReleaseShaders
> Task :libraries:rib-workflow-test-utils:compileReleaseShaders
> Task :libraries:rib-workflow-test-utils:generateReleaseAssets
> Task :libraries:rib-workflow-test-utils:packageReleaseAssets
> Task :libraries:rib-workflow-test-utils:packageReleaseRenderscript NO-SOURCE
> Task :libraries:rib-workflow-test-utils:prepareLintJarForPublish
> Task :libraries:rib-workflow-test-utils:processReleaseJavaRes NO-SOURCE
> Task :libraries:rib-workflow-test-utils:mergeReleaseJniLibFolders
> Task :libraries:rib-workflow-test-utils:transformNativeLibsWithMergeJniLibsForRelease
> Task :libraries:rib-workflow-test-utils:transformNativeLibsWithStripDebugSymbolForRelease
> Task :libraries:rib-workflow-test-utils:transformNativeLibsWithSyncJniLibsForRelease
> Task :tooling:autodispose-error-prone-checker:assemble
> Task :libraries:rib-workflow-test-utils:mergeReleaseResources
> Task :libraries:rib-workflow-test-utils:verifyReleaseResources
> Task :libraries:rib-workflow-test-utils:javaPreCompileRelease
> Task :libraries:rib-workflow-test-utils:compileReleaseJavaWithJavac
> Task :libraries:rib-workflow-test-utils:extractReleaseAnnotations
> Task :libraries:rib-workflow-test-utils:transformResourcesWithMergeJavaResForRelease
> Task :libraries:rib-workflow-test-utils:transformClassesAndResourcesWithSyncLibJarsForRelease
> Task :libraries:rib-workflow-test-utils:bundleReleaseAar
> Task :libraries:rib-workflow-test-utils:compileReleaseSources
> Task :libraries:rib-workflow-test-utils:assembleRelease
> Task :libraries:rib-workflow-test-utils:signArchives SKIPPED
> Task :libraries:rib-workflow-test-utils:assemble
> Task :libraries:rib-workflow-test-utils:build
> Task :tooling:autodispose-error-prone-checker:build
> Task :tooling:rib-intellij-plugin:compileJava

> Task :tooling:rib-intellij-plugin:patchPluginXml
Patching plugin.xml: value of `version[0.1.3]` tag will be set to `0.1.3`

> Task :tooling:rib-intellij-plugin:processResources
> Task :tooling:rib-intellij-plugin:classes
> Task :tooling:rib-intellij-plugin:instrumentCode
> Task :tooling:rib-intellij-plugin:postInstrumentCode
> Task :tooling:rib-intellij-plugin:jar
> Task :tooling:rib-intellij-plugin:prepareSandbox
> Task :tooling:rib-intellij-plugin:buildSearchableOptions SKIPPED
> Task :tooling:rib-intellij-plugin:jarSearchableOptions SKIPPED
> Task :tooling:rib-intellij-plugin:buildPlugin
> Task :tooling:rib-intellij-plugin:sourcesJar
> Task :tooling:rib-intellij-plugin:assemble
> Task :tooling:rib-intellij-plugin:uploadArchives
> Task :tooling:rib-intellij-plugin:build
> Task :tutorials:tutorial1:preBuild UP-TO-DATE
> Task :tutorials:tutorial1:preDebugBuild
> Task :tutorials:tutorial1:compileDebugAidl NO-SOURCE
> Task :tutorials:tutorial1:checkDebugManifest
> Task :tutorials:tutorial1:compileDebugRenderscript NO-SOURCE
> Task :tutorials:tutorial1:generateDebugBuildConfig
> Task :tutorials:tutorial1:prepareLintJar
> Task :tutorials:tutorial1:generateDebugSources
> Task :tutorials:tutorial1:javaPreCompileDebug
> Task :tutorials:tutorial1:mainApkListPersistenceDebug
> Task :tutorials:tutorial1:generateDebugResValues
> Task :tutorials:tutorial1:generateDebugResources
> Task :tutorials:tutorial1:mergeDebugResources
> Task :tutorials:tutorial1:createDebugCompatibleScreenManifests

> Task :tutorials:tutorial1:processDebugManifest
/private/var/folders/bq/vtzpc5ns5sg2cthy61lqpg3dfzgbys/T/1564479415878-0/src/RIBs-master/android/tutorials/tutorial1/src/main/AndroidManifest.xml:12:5-27:19 Warning:
	application@android:theme was tagged at AndroidManifest.xml:12 to replace other declarations but no other declaration present

> Task :tutorials:tutorial1:processDebugResources

> Task :tutorials:tutorial1:compileDebugJavaWithJavac
Gradle may disable incremental compilation as the following annotation processors are not incremental: rib-compiler-test-0.9.1-SNAPSHOT.jar (project :libraries:rib-compiler-test).
Consider setting the experimental feature flag android.enableSeparateAnnotationProcessing=true in the gradle.properties file to run annotation processing in a separate task and make compilation incremental.

> Task :tutorials:tutorial1:compileDebugSources
> Task :tutorials:tutorial1:mergeDebugShaders
> Task :tutorials:tutorial1:compileDebugShaders
> Task :tutorials:tutorial1:generateDebugAssets
> Task :tutorials:tutorial1:mergeDebugAssets
> Task :tutorials:tutorial1:validateSigningDebug
> Task :tutorials:tutorial1:signingConfigWriterDebug
> Task :tutorials:tutorial1:checkDebugDuplicateClasses
> Task :tutorials:tutorial1:transformClassesWithDexBuilderForDebug
> Task :tutorials:tutorial1:transformDexArchiveWithExternalLibsDexMergerForDebug
> Task :tutorials:tutorial1:transformDexArchiveWithDexMergerForDebug
> Task :tutorials:tutorial1:mergeDebugJniLibFolders
> Task :tutorials:tutorial1:transformNativeLibsWithMergeJniLibsForDebug
> Task :tutorials:tutorial1:transformNativeLibsWithStripDebugSymbolForDebug
> Task :tutorials:tutorial1:processDebugJavaRes NO-SOURCE
> Task :tutorials:tutorial1:transformResourcesWithMergeJavaResForDebug
> Task :tutorials:tutorial1:packageDebug
> Task :tutorials:tutorial1:assembleDebug
> Task :tutorials:tutorial1:assemble
> Task :tutorials:tutorial1:build
> Task :tutorials:tutorial2:preBuild UP-TO-DATE
> Task :tutorials:tutorial2:preDebugBuild
> Task :tutorials:tutorial2:compileDebugAidl NO-SOURCE
> Task :tutorials:tutorial2:checkDebugManifest
> Task :tutorials:tutorial2:compileDebugRenderscript NO-SOURCE
> Task :tutorials:tutorial2:generateDebugBuildConfig
> Task :tutorials:tutorial2:prepareLintJar
> Task :tutorials:tutorial2:generateDebugSources
> Task :tutorials:tutorial2:mainApkListPersistenceDebug
> Task :tutorials:tutorial2:generateDebugResValues
> Task :tutorials:tutorial2:generateDebugResources
> Task :tutorials:tutorial2:mergeDebugResources
> Task :tutorials:tutorial2:createDebugCompatibleScreenManifests
> Task :tutorials:tutorial2:javaPreCompileDebug

> Task :tutorials:tutorial2:processDebugManifest
/private/var/folders/bq/vtzpc5ns5sg2cthy61lqpg3dfzgbys/T/1564479415878-0/src/RIBs-master/android/tutorials/tutorial2/src/main/AndroidManifest.xml:12:5-27:19 Warning:
	application@android:theme was tagged at AndroidManifest.xml:12 to replace other declarations but no other declaration present

> Task :tutorials:tutorial2:processDebugResources

> Task :tutorials:tutorial2:compileDebugJavaWithJavac
Gradle may disable incremental compilation as the following annotation processors are not incremental: rib-compiler-test-0.9.1-SNAPSHOT.jar (project :libraries:rib-compiler-test).
Consider setting the experimental feature flag android.enableSeparateAnnotationProcessing=true in the gradle.properties file to run annotation processing in a separate task and make compilation incremental.
Note: /private/var/folders/bq/vtzpc5ns5sg2cthy61lqpg3dfzgbys/T/1564479415878-0/src/RIBs-master/android/tutorials/tutorial2/src/main/java/com/uber/rib/root/logged_in/tic_tac_toe/TicTacToeView.java uses or overrides a deprecated API.
Note: Recompile with -Xlint:deprecation for details.

> Task :tutorials:tutorial2:compileDebugSources
> Task :tutorials:tutorial2:mergeDebugShaders
> Task :tutorials:tutorial2:compileDebugShaders
> Task :tutorials:tutorial2:generateDebugAssets
> Task :tutorials:tutorial2:mergeDebugAssets
> Task :tutorials:tutorial2:validateSigningDebug
> Task :tutorials:tutorial2:signingConfigWriterDebug
> Task :tutorials:tutorial2:checkDebugDuplicateClasses
> Task :tutorials:tutorial2:transformClassesWithDexBuilderForDebug
> Task :tutorials:tutorial2:transformDexArchiveWithExternalLibsDexMergerForDebug
> Task :tutorials:tutorial2:transformDexArchiveWithDexMergerForDebug
> Task :tutorials:tutorial2:mergeDebugJniLibFolders
> Task :tutorials:tutorial2:transformNativeLibsWithMergeJniLibsForDebug
> Task :tutorials:tutorial2:transformNativeLibsWithStripDebugSymbolForDebug
> Task :tutorials:tutorial2:processDebugJavaRes NO-SOURCE
> Task :tutorials:tutorial2:transformResourcesWithMergeJavaResForDebug
> Task :tutorials:tutorial2:packageDebug
> Task :tutorials:tutorial2:assembleDebug
> Task :tutorials:tutorial2:assemble
> Task :tutorials:tutorial2:build
> Task :tutorials:tutorial3:preBuild UP-TO-DATE
> Task :tutorials:tutorial3:preDebugBuild
> Task :tutorials:tutorial3:compileDebugAidl NO-SOURCE
> Task :tutorials:tutorial3:checkDebugManifest
> Task :tutorials:tutorial3:compileDebugRenderscript NO-SOURCE
> Task :tutorials:tutorial3:generateDebugBuildConfig
> Task :tutorials:tutorial3:prepareLintJar
> Task :tutorials:tutorial3:generateDebugSources
> Task :tutorials:tutorial3:mainApkListPersistenceDebug
> Task :tutorials:tutorial3:generateDebugResValues
> Task :tutorials:tutorial3:generateDebugResources
> Task :tutorials:tutorial3:mergeDebugResources
> Task :tutorials:tutorial3:createDebugCompatibleScreenManifests

> Task :tutorials:tutorial3:processDebugManifest
/private/var/folders/bq/vtzpc5ns5sg2cthy61lqpg3dfzgbys/T/1564479415878-0/src/RIBs-master/android/tutorials/tutorial3/src/main/AndroidManifest.xml:12:5-27:19 Warning:
	application@android:theme was tagged at AndroidManifest.xml:12 to replace other declarations but no other declaration present

> Task :tutorials:tutorial3:javaPreCompileDebug
> Task :tutorials:tutorial3:processDebugResources

> Task :tutorials:tutorial3:compileDebugJavaWithJavac
Gradle may disable incremental compilation as the following annotation processors are not incremental: rib-compiler-test-0.9.1-SNAPSHOT.jar (project :libraries:rib-compiler-test).
Consider setting the experimental feature flag android.enableSeparateAnnotationProcessing=true in the gradle.properties file to run annotation processing in a separate task and make compilation incremental.
Note: /private/var/folders/bq/vtzpc5ns5sg2cthy61lqpg3dfzgbys/T/1564479415878-0/src/RIBs-master/android/tutorials/tutorial3/src/main/java/com/uber/rib/root/logged_in/tic_tac_toe/TicTacToeView.java uses or overrides a deprecated API.
Note: Recompile with -Xlint:deprecation for details.

> Task :tutorials:tutorial3:compileDebugSources
> Task :tutorials:tutorial3:mergeDebugShaders
> Task :tutorials:tutorial3:compileDebugShaders
> Task :tutorials:tutorial3:generateDebugAssets
> Task :tutorials:tutorial3:mergeDebugAssets
> Task :tutorials:tutorial3:validateSigningDebug
> Task :tutorials:tutorial3:signingConfigWriterDebug
> Task :tutorials:tutorial3:checkDebugDuplicateClasses
> Task :tutorials:tutorial3:transformClassesWithDexBuilderForDebug
> Task :tutorials:tutorial3:transformDexArchiveWithExternalLibsDexMergerForDebug
> Task :tutorials:tutorial3:transformDexArchiveWithDexMergerForDebug
> Task :tutorials:tutorial3:mergeDebugJniLibFolders
> Task :tutorials:tutorial3:transformNativeLibsWithMergeJniLibsForDebug
> Task :tutorials:tutorial3:transformNativeLibsWithStripDebugSymbolForDebug
> Task :tutorials:tutorial3:processDebugJavaRes NO-SOURCE
> Task :tutorials:tutorial3:transformResourcesWithMergeJavaResForDebug
> Task :tutorials:tutorial3:packageDebug
> Task :tutorials:tutorial3:assembleDebug
> Task :tutorials:tutorial3:assemble
> Task :tutorials:tutorial3:build
> Task :tutorials:tutorial3-completed:preBuild UP-TO-DATE
> Task :tutorials:tutorial3-completed:preDebugBuild
> Task :tutorials:tutorial3-completed:compileDebugAidl NO-SOURCE
> Task :tutorials:tutorial3-completed:checkDebugManifest
> Task :tutorials:tutorial3-completed:compileDebugRenderscript NO-SOURCE
> Task :tutorials:tutorial3-completed:generateDebugBuildConfig
> Task :tutorials:tutorial3-completed:prepareLintJar
> Task :tutorials:tutorial3-completed:generateDebugSources
> Task :tutorials:tutorial3-completed:javaPreCompileDebug
> Task :tutorials:tutorial3-completed:mainApkListPersistenceDebug
> Task :tutorials:tutorial3-completed:generateDebugResValues
> Task :tutorials:tutorial3-completed:generateDebugResources
> Task :tutorials:tutorial3-completed:mergeDebugResources
> Task :tutorials:tutorial3-completed:createDebugCompatibleScreenManifests

> Task :tutorials:tutorial3-completed:processDebugManifest
/private/var/folders/bq/vtzpc5ns5sg2cthy61lqpg3dfzgbys/T/1564479415878-0/src/RIBs-master/android/tutorials/tutorial3-completed/src/main/AndroidManifest.xml:12:5-27:19 Warning:
	application@android:theme was tagged at AndroidManifest.xml:12 to replace other declarations but no other declaration present

> Task :tutorials:tutorial3-completed:processDebugResources

> Task :tutorials:tutorial3-completed:compileDebugJavaWithJavac
Gradle may disable incremental compilation as the following annotation processors are not incremental: rib-compiler-test-0.9.1-SNAPSHOT.jar (project :libraries:rib-compiler-test).
Consider setting the experimental feature flag android.enableSeparateAnnotationProcessing=true in the gradle.properties file to run annotation processing in a separate task and make compilation incremental.
Note: /private/var/folders/bq/vtzpc5ns5sg2cthy61lqpg3dfzgbys/T/1564479415878-0/src/RIBs-master/android/tutorials/tutorial3-completed/src/main/java/com/uber/rib/root/logged_in/tic_tac_toe/TicTacToeView.java uses or overrides a deprecated API.
Note: Recompile with -Xlint:deprecation for details.

> Task :tutorials:tutorial3-completed:compileDebugSources
> Task :tutorials:tutorial3-completed:mergeDebugShaders
> Task :tutorials:tutorial3-completed:compileDebugShaders
> Task :tutorials:tutorial3-completed:generateDebugAssets
> Task :tutorials:tutorial3-completed:mergeDebugAssets
> Task :tutorials:tutorial3-completed:validateSigningDebug
> Task :tutorials:tutorial3-completed:signingConfigWriterDebug
> Task :tutorials:tutorial3-completed:checkDebugDuplicateClasses
> Task :tutorials:tutorial3-completed:transformClassesWithDexBuilderForDebug
> Task :tutorials:tutorial3-completed:transformDexArchiveWithExternalLibsDexMergerForDebug
> Task :tutorials:tutorial3-completed:transformDexArchiveWithDexMergerForDebug
> Task :tutorials:tutorial3-completed:mergeDebugJniLibFolders
> Task :tutorials:tutorial3-completed:transformNativeLibsWithMergeJniLibsForDebug
> Task :tutorials:tutorial3-completed:transformNativeLibsWithStripDebugSymbolForDebug
> Task :tutorials:tutorial3-completed:processDebugJavaRes NO-SOURCE
> Task :tutorials:tutorial3-completed:transformResourcesWithMergeJavaResForDebug
> Task :tutorials:tutorial3-completed:packageDebug
> Task :tutorials:tutorial3-completed:assembleDebug
> Task :tutorials:tutorial3-completed:assemble
> Task :tutorials:tutorial3-completed:build
> Task :tutorials:tutorial4:preBuild UP-TO-DATE
> Task :tutorials:tutorial4:prepareLintJar
> Task :tutorials:tutorial4:preDebugBuild
> Task :tutorials:tutorial4:compileDebugAidl NO-SOURCE
> Task :tutorials:tutorial4:compileDebugRenderscript NO-SOURCE
> Task :tutorials:tutorial4:checkDebugManifest
> Task :tutorials:tutorial4:generateDebugBuildConfig
> Task :tutorials:tutorial4:generateDebugSources
> Task :tutorials:tutorial4:mainApkListPersistenceDebug
> Task :tutorials:tutorial4:generateDebugResValues
> Task :tutorials:tutorial4:generateDebugResources
> Task :tutorials:tutorial4:mergeDebugResources
> Task :tutorials:tutorial4:javaPreCompileDebug
> Task :tutorials:tutorial4:createDebugCompatibleScreenManifests

> Task :tutorials:tutorial4:processDebugManifest
/private/var/folders/bq/vtzpc5ns5sg2cthy61lqpg3dfzgbys/T/1564479415878-0/src/RIBs-master/android/tutorials/tutorial4/src/main/AndroidManifest.xml:12:5-33:19 Warning:
	application@android:theme was tagged at AndroidManifest.xml:12 to replace other declarations but no other declaration present

> Task :tutorials:tutorial4:processDebugResources

> Task :tutorials:tutorial4:compileDebugJavaWithJavac
Gradle may disable incremental compilation as the following annotation processors are not incremental: jetified-rave-compiler-2.0.0.jar (com.uber:rave-compiler:2.0.0), rib-compiler-test-0.9.1-SNAPSHOT.jar (project :libraries:rib-compiler-test).
Consider setting the experimental feature flag android.enableSeparateAnnotationProcessing=true in the gradle.properties file to run annotation processing in a separate task and make compilation incremental.
Note: /private/var/folders/bq/vtzpc5ns5sg2cthy61lqpg3dfzgbys/T/1564479415878-0/src/RIBs-master/android/tutorials/tutorial4/src/main/java/com/uber/rib/root/logged_in/tic_tac_toe/TicTacToeView.java uses or overrides a deprecated API.
Note: Recompile with -Xlint:deprecation for details.
Note: /private/var/folders/bq/vtzpc5ns5sg2cthy61lqpg3dfzgbys/T/1564479415878-0/src/RIBs-master/android/tutorials/tutorial4/src/main/java/com/uber/rib/RootActivity.java uses unchecked or unsafe operations.
Note: Recompile with -Xlint:unchecked for details.

> Task :tutorials:tutorial4:compileDebugSources
> Task :tutorials:tutorial4:mergeDebugShaders
> Task :tutorials:tutorial4:compileDebugShaders
> Task :tutorials:tutorial4:generateDebugAssets
> Task :tutorials:tutorial4:mergeDebugAssets
> Task :tutorials:tutorial4:validateSigningDebug
> Task :tutorials:tutorial4:signingConfigWriterDebug
> Task :libraries:rib-workflow:bundleLibRuntimeRelease
> Task :tutorials:tutorial4:checkDebugDuplicateClasses
> Task :tutorials:tutorial4:transformClassesWithDexBuilderForDebug
> Task :tutorials:tutorial4:transformDexArchiveWithExternalLibsDexMergerForDebug
> Task :tutorials:tutorial4:transformDexArchiveWithDexMergerForDebug
> Task :libraries:rib-workflow:bundleLibResRelease
> Task :libraries:rib-workflow:transformNativeLibsWithIntermediateJniLibsForRelease
> Task :tutorials:tutorial4:mergeDebugJniLibFolders
> Task :tutorials:tutorial4:transformNativeLibsWithMergeJniLibsForDebug
> Task :tutorials:tutorial4:transformNativeLibsWithStripDebugSymbolForDebug
> Task :tutorials:tutorial4:processDebugJavaRes NO-SOURCE
> Task :tutorials:tutorial4:transformResourcesWithMergeJavaResForDebug
> Task :tutorials:tutorial4:packageDebug
> Task :tutorials:tutorial4:assembleDebug
> Task :tutorials:tutorial4:assemble
> Task :tutorials:tutorial4:build

Deprecated Gradle features were used in this build, making it incompatible with Gradle 6.0.
Use '--warning-mode all' to show the individual deprecation warnings.
See https://docs.gradle.org/5.4.1/userguide/command_line_interface.html#sec:command_line_warnings

BUILD SUCCESSFUL in 1m 25s
331 actionable tasks: 331 executed

2019-07-30 16:38:39,529 INFO  FullProcessService - Found APK file: /var/folders/bq/vtzpc5ns5sg2cthy61lqpg3dfzgbys/T/1564479415878-0/src/RIBs-master/android/tutorials/tutorial3/build/outputs/apk/debug/tutorial3-debug.apk
