2018-08-31 15:55:19,114 INFO  DownloadService - Downloading "https://github.com/vivchar/ViewFinder/archive/master.zip", attempt 3
2018-08-31 15:55:19,993 INFO  DownloadService - Downloaded https://github.com/vivchar/ViewFinder/archive/master.zip, attempt 3
2018-08-31 15:55:19,993 INFO  DownloadService - Size of file "/var/folders/bq/vtzpc5ns5sg2cthy61lqpg3dfzgbys/T/1535705719112-0/master.zip": 149 KB
2018-08-31 15:55:19,994 INFO  ArchiveUtils - Checking entries [.gradle] in ZIP file...
2018-08-31 15:55:19,995 INFO  ArchiveUtils - Has entries [.gradle] in ZIP file /var/folders/bq/vtzpc5ns5sg2cthy61lqpg3dfzgbys/T/1535705719112-0/master.zip: true
2018-08-31 15:55:19,995 DEBUG ZipUtil - Extracting '/var/folders/bq/vtzpc5ns5sg2cthy61lqpg3dfzgbys/T/1535705719112-0/master.zip' into '/var/folders/bq/vtzpc5ns5sg2cthy61lqpg3dfzgbys/T/1535705719112-0/src'.
2018-08-31 15:55:20,012 INFO  FullProcessService - Size of directory with sources: 177 KB
2018-08-31 15:55:20,012 INFO  SysUtils - Execute command: [git, init, /var/folders/bq/vtzpc5ns5sg2cthy61lqpg3dfzgbys/T/1535705719112-0/src]
2018-08-31 15:55:20,027 INFO  SysUtils - Initialized empty Git repository in /private/var/folders/bq/vtzpc5ns5sg2cthy61lqpg3dfzgbys/T/1535705719112-0/src/.git/

2018-08-31 15:55:20,030 INFO  ProjectBuildService - Gradle wrapper(s): /var/folders/bq/vtzpc5ns5sg2cthy61lqpg3dfzgbys/T/1535705719112-0/src/ViewFinder-master/gradlew
2018-08-31 15:55:20,033 INFO  ProjectBuildService - Build script(s): /var/folders/bq/vtzpc5ns5sg2cthy61lqpg3dfzgbys/T/1535705719112-0/src/ViewFinder-master/example/build.gradle /var/folders/bq/vtzpc5ns5sg2cthy61lqpg3dfzgbys/T/1535705719112-0/src/ViewFinder-master/viewfinder/build.gradle /var/folders/bq/vtzpc5ns5sg2cthy61lqpg3dfzgbys/T/1535705719112-0/src/ViewFinder-master/build.gradle
2018-08-31 15:55:20,036 INFO  ProjectBuildService - All script(s): /var/folders/bq/vtzpc5ns5sg2cthy61lqpg3dfzgbys/T/1535705719112-0/src/ViewFinder-master/example/build.gradle /var/folders/bq/vtzpc5ns5sg2cthy61lqpg3dfzgbys/T/1535705719112-0/src/ViewFinder-master/build.gradle /var/folders/bq/vtzpc5ns5sg2cthy61lqpg3dfzgbys/T/1535705719112-0/src/ViewFinder-master/viewfinder/build.gradle /var/folders/bq/vtzpc5ns5sg2cthy61lqpg3dfzgbys/T/1535705719112-0/src/ViewFinder-master/settings.gradle
2018-08-31 15:55:20,036 INFO  ProjectBuildService - Remote scripts: none
2018-08-31 15:55:20,036 INFO  ProjectFixService - Fixing project...
2018-08-31 15:55:20,042 INFO  LocalPropertiesFixService - Created fake /var/folders/bq/vtzpc5ns5sg2cthy61lqpg3dfzgbys/T/1535705719112-0/src/ViewFinder-master/example/local.properties
2018-08-31 15:55:20,043 INFO  ProjectFixService - Build info for "/var/folders/bq/vtzpc5ns5sg2cthy61lqpg3dfzgbys/T/1535705719112-0/src/ViewFinder-master/example/build.gradle": [buildToolsVersion=26.0.2,compileSdkVersion=25,minSdkVersion=14,targetSdkVersion=25]
2018-08-31 15:55:20,043 INFO  LocalPropertiesFixService - Created fake /var/folders/bq/vtzpc5ns5sg2cthy61lqpg3dfzgbys/T/1535705719112-0/src/ViewFinder-master/viewfinder/local.properties
2018-08-31 15:55:20,044 INFO  ProjectFixService - Build info for "/var/folders/bq/vtzpc5ns5sg2cthy61lqpg3dfzgbys/T/1535705719112-0/src/ViewFinder-master/viewfinder/build.gradle": [buildToolsVersion=26.0.2,compileSdkVersion=25,minSdkVersion=14,targetSdkVersion=25]
2018-08-31 15:55:20,045 INFO  LocalPropertiesFixService - Created fake /var/folders/bq/vtzpc5ns5sg2cthy61lqpg3dfzgbys/T/1535705719112-0/src/ViewFinder-master/local.properties
2018-08-31 15:55:20,045 INFO  WrapperPropertiesFixService - Gradle wrapper: https://services.gradle.org/distributions/gradle-4.1-all.zip
2018-08-31 15:55:20,045 INFO  WrapperPropertiesFixService - Gradle wrapper was changed from "-all.zip" to "-bin.zip" (https://services.gradle.org/distributions/gradle-4.1-bin.zip)
2018-08-31 15:55:20,046 INFO  ProjectFixService - Build info for "/var/folders/bq/vtzpc5ns5sg2cthy61lqpg3dfzgbys/T/1535705719112-0/src/ViewFinder-master/build.gradle": [buildToolsVersion=26.0.2,compileSdkVersion=25,minSdkVersion=14,targetSdkVersion=25]
2018-08-31 15:55:20,046 INFO  ProjectFixService - Project was maybe fixed
2018-08-31 15:55:20,046 INFO  ProjectTaskService - Detecting possible tasks...
2018-08-31 15:55:20,046 INFO  SysUtils - Execute command: [/var/folders/bq/vtzpc5ns5sg2cthy61lqpg3dfzgbys/T/1535705719112-0/src/ViewFinder-master/gradlew, -b, /var/folders/bq/vtzpc5ns5sg2cthy61lqpg3dfzgbys/T/1535705719112-0/src/ViewFinder-master/example/build.gradle, -Dorg.gradle.daemon=false, -Dorg.gradle.daemon.performance.enable-monitoring=false, -Dorg.gradle.configureondemand=true, tasks]
2018-08-31 15:55:26,770 INFO  ProjectTaskService - Detected possible tasks: 66
2018-08-31 15:55:26,770 INFO  ProjectTaskService - Excluded tasks (19): lintDebug mockableAndroidJar deviceCheck lint testReleaseUnitTest uninstallRelease deviceAndroidTest uninstallDebugAndroidTest installDebugAndroidTest connectedCheck connectedDebugAndroidTest uninstallAll test check testDebugUnitTest connectedAndroidTest installDebug lintRelease uninstallDebug
2018-08-31 15:55:26,770 INFO  SysUtils - Execute command: [/var/folders/bq/vtzpc5ns5sg2cthy61lqpg3dfzgbys/T/1535705719112-0/src/ViewFinder-master/gradlew, -b, /var/folders/bq/vtzpc5ns5sg2cthy61lqpg3dfzgbys/T/1535705719112-0/src/ViewFinder-master/example/build.gradle, -Dorg.gradle.daemon=false, -Dorg.gradle.daemon.performance.enable-monitoring=false, -Dorg.gradle.configureondemand=true, --stacktrace, -x, lintDebug, -x, mockableAndroidJar, -x, deviceCheck, -x, lint, -x, testReleaseUnitTest, -x, uninstallRelease, -x, deviceAndroidTest, -x, uninstallDebugAndroidTest, -x, installDebugAndroidTest, -x, connectedCheck, -x, connectedDebugAndroidTest, -x, uninstallAll, -x, test, -x, check, -x, testDebugUnitTest, -x, connectedAndroidTest, -x, installDebug, -x, lintRelease, -x, uninstallDebug, build]
2018-08-31 15:55:59,999 ERROR SysUtils - Could not process external command
org.apache.commons.exec.ExecuteException: Process exited with an error: 1 (Exit value: 1)
	at org.apache.commons.exec.DefaultExecutor.executeInternal(DefaultExecutor.java:404)
	at org.apache.commons.exec.DefaultExecutor.execute(DefaultExecutor.java:166)
	at com.github.vbauer.apkmaster.util.SysUtils.execute(SysUtils.java:67)
	at com.github.vbauer.apkmaster.util.SysUtils.executeSimple(SysUtils.java:43)
	at com.github.vbauer.apkmaster.service.assembly.ProjectBuildService.buildProject(ProjectBuildService.java:78)
	at com.github.vbauer.apkmaster.service.assembly.ProjectBuildService.buildProject(ProjectBuildService.java:64)
	at com.github.vbauer.apkmaster.service.assembly.ProjectBuildService.buildProject(ProjectBuildService.java:43)
	at com.github.vbauer.apkmaster.service.FullProcessService.build(FullProcessService.java:84)
	at com.github.vbauer.apkmaster.service.FullProcessService.process(FullProcessService.java:34)
	at com.github.vbauer.apkmaster.app.MainApplication.process(MainApplication.java:38)
	at com.github.vbauer.apkmaster.app.MainApplication.main(MainApplication.java:20)
	at sun.reflect.GeneratedMethodAccessor8.invoke(Unknown Source)
	at sun.reflect.DelegatingMethodAccessorImpl.invoke(DelegatingMethodAccessorImpl.java:43)
	at java.lang.reflect.Method.invoke(Method.java:498)
	at com.android.arsenal.util.ReflectionUtils.invoke(ReflectionUtils.java:52)
	at com.android.arsenal.util.ApkMasterUtils.main(ApkMasterUtils.java:30)
	at com.android.arsenal.service.processor.impl.BuildProcessorServiceImpl.buildProject(BuildProcessorServiceImpl.java:196)
	at com.android.arsenal.service.processor.impl.BuildProcessorServiceImpl.build(BuildProcessorServiceImpl.java:130)
	at com.android.arsenal.service.processor.impl.BuildProcessorServiceImpl.lambda$createTasks$1(BuildProcessorServiceImpl.java:113)
	at java.util.concurrent.FutureTask.run(FutureTask.java:266)
	at java.util.concurrent.Executors$RunnableAdapter.call(Executors.java:511)
	at java.util.concurrent.FutureTask.run(FutureTask.java:266)
	at java.util.concurrent.ThreadPoolExecutor.runWorker(ThreadPoolExecutor.java:1149)
	at java.util.concurrent.ThreadPoolExecutor$Worker.run(ThreadPoolExecutor.java:624)
	at java.lang.Thread.run(Thread.java:748)
2018-08-31 15:55:59,999 INFO  SysUtils - Configuration on demand is an incubating feature.
Configuration 'compile' in project ':example' is deprecated. Use 'implementation' instead.
Configuration 'compile' in project ':viewfinder' is deprecated. Use 'implementation' instead.
:example:preBuild UP-TO-DATE
:viewfinder:preBuild UP-TO-DATE
:viewfinder:preDebugBuild UP-TO-DATE
:viewfinder:checkDebugManifest
:viewfinder:processDebugManifest
:example:preDebugBuild
Download https://jcenter.bintray.com/jp/co/cyberagent/android/gpuimage/gpuimage-library/1.4.1/gpuimage-library-1.4.1.pom
Download https://jcenter.bintray.com/jp/wasabeef/glide-transformations/3.0.1/glide-transformations-3.0.1.pom
Download https://jcenter.bintray.com/jp/wasabeef/glide-transformations/3.0.1/glide-transformations-3.0.1.aar
Download https://jcenter.bintray.com/jp/co/cyberagent/android/gpuimage/gpuimage-library/1.4.1/gpuimage-library-1.4.1.aar
:viewfinder:compileDebugAidl
:example:compileDebugAidl
:viewfinder:packageDebugRenderscript NO-SOURCE
:example:compileDebugRenderscript
:example:checkDebugManifest
:example:generateDebugBuildConfig
:example:prepareLintJar
:example:generateDebugResValues
:example:generateDebugResources
:viewfinder:compileDebugRenderscript
:viewfinder:generateDebugResValues
:viewfinder:generateDebugResources
:viewfinder:packageDebugResources
:example:mergeDebugResources
:example:createDebugCompatibleScreenManifests
:example:processDebugManifest
:example:splitsDiscoveryTaskDebug
:viewfinder:platformAttrExtractor
:viewfinder:generateDebugBuildConfig
:viewfinder:prepareLintJar
:viewfinder:javaPreCompileDebug
:viewfinder:processDebugJavaRes NO-SOURCE
:example:compileDebugNdk NO-SOURCE
:example:mergeDebugShaders
:example:compileDebugShaders
:example:generateDebugAssets
:viewfinder:mergeDebugShaders
:viewfinder:compileDebugShaders
:viewfinder:generateDebugAssets
:viewfinder:mergeDebugAssets
:example:mergeDebugAssets
:example:extractTryWithResourcesSupportJarDebug
:example:mergeDebugJniLibFolders
:viewfinder:compileDebugNdk NO-SOURCE
:viewfinder:mergeDebugJniLibFolders
:viewfinder:transformNativeLibsWithMergeJniLibsForDebug
:viewfinder:transformNativeLibsWithStripDebugSymbolForDebug
:viewfinder:transformNativeLibsWithIntermediateJniLibsForDebug
:example:processDebugJavaRes NO-SOURCE
:example:validateSigningDebug
:viewfinder:preReleaseBuild UP-TO-DATE
:viewfinder:checkReleaseManifest
:viewfinder:processReleaseManifest
:example:preReleaseBuild
:viewfinder:compileReleaseAidl
:example:compileReleaseAidl
:viewfinder:packageReleaseRenderscript NO-SOURCE
:example:compileReleaseRenderscript
:example:checkReleaseManifest
:example:generateReleaseBuildConfig
:example:generateReleaseResValues
:example:generateReleaseResources
:viewfinder:compileReleaseRenderscript
:viewfinder:generateReleaseResValues
:viewfinder:processDebugResources
:example:processDebugResources
:example:generateDebugSources
:viewfinder:generateDebugSources
:viewfinder:compileDebugJavaWithJavacNote: /private/var/folders/bq/vtzpc5ns5sg2cthy61lqpg3dfzgbys/T/1535705719112-0/src/ViewFinder-master/viewfinder/src/main/java/com/github/vivchar/viewfinder/ViewFinderImpl.java uses or overrides a deprecated API.
Note: Recompile with -Xlint:deprecation for details.

:viewfinder:transformClassesAndResourcesWithPrepareIntermediateJarsForDebug
:example:javaPreCompileDebug
Download https://jcenter.bintray.com/com/github/bumptech/glide/compiler/4.0.0/compiler-4.0.0.pom
Download https://jcenter.bintray.com/com/github/bumptech/glide/compiler/4.0.0/compiler-4.0.0.jar
:example:compileDebugJavaWithJavac
:example:compileDebugSources
:example:transformClassesWithStackFramesFixerForDebug
:example:transformClassesWithDesugarForDebug
:example:transformClassesWithDexBuilderForDebug
:example:transformDexArchiveWithExternalLibsDexMergerForDebug
:example:transformDexArchiveWithDexMergerForDebug
:example:transformNativeLibsWithMergeJniLibsForDebug
:example:transformNativeLibsWithStripDebugSymbolForDebug FAILED

FAILURE: Build failed with an exception.

* What went wrong:
Execution failed for task ':example:transformNativeLibsWithStripDebugSymbolForDebug'.
> A problem occurred starting process 'command '/Users/vbauer/Library/Android/sdk/ndk-bundle/toolchains/mips64el-linux-android-4.9/prebuilt/darwin-x86_64/bin/mips64el-linux-android-strip''

* Try:
Run with --info or --debug option to get more log output.

* Exception is:
org.gradle.api.tasks.TaskExecutionException: Execution failed for task ':example:transformNativeLibsWithStripDebugSymbolForDebug'.
	at org.gradle.api.internal.tasks.execution.ExecuteActionsTaskExecuter.executeActions(ExecuteActionsTaskExecuter.java:100)
	at org.gradle.api.internal.tasks.execution.ExecuteActionsTaskExecuter.execute(ExecuteActionsTaskExecuter.java:70)
	at org.gradle.api.internal.tasks.execution.SkipUpToDateTaskExecuter.execute(SkipUpToDateTaskExecuter.java:63)
	at org.gradle.api.internal.tasks.execution.ResolveTaskOutputCachingStateExecuter.execute(ResolveTaskOutputCachingStateExecuter.java:54)
	at org.gradle.api.internal.tasks.execution.ValidatingTaskExecuter.execute(ValidatingTaskExecuter.java:58)
	at org.gradle.api.internal.tasks.execution.SkipEmptySourceFilesTaskExecuter.execute(SkipEmptySourceFilesTaskExecuter.java:88)
	at org.gradle.api.internal.tasks.execution.ResolveTaskArtifactStateTaskExecuter.execute(ResolveTaskArtifactStateTaskExecuter.java:52)
	at org.gradle.api.internal.tasks.execution.SkipTaskWithNoActionsExecuter.execute(SkipTaskWithNoActionsExecuter.java:52)
	at org.gradle.api.internal.tasks.execution.SkipOnlyIfTaskExecuter.execute(SkipOnlyIfTaskExecuter.java:54)
	at org.gradle.api.internal.tasks.execution.ExecuteAtMostOnceTaskExecuter.execute(ExecuteAtMostOnceTaskExecuter.java:43)
	at org.gradle.api.internal.tasks.execution.CatchExceptionTaskExecuter.execute(CatchExceptionTaskExecuter.java:34)
	at org.gradle.execution.taskgraph.DefaultTaskGraphExecuter$EventFiringTaskWorker$1.run(DefaultTaskGraphExecuter.java:248)
	at org.gradle.internal.progress.DefaultBuildOperationExecutor$RunnableBuildOperationWorker.execute(DefaultBuildOperationExecutor.java:336)
	at org.gradle.internal.progress.DefaultBuildOperationExecutor$RunnableBuildOperationWorker.execute(DefaultBuildOperationExecutor.java:328)
	at org.gradle.internal.progress.DefaultBuildOperationExecutor.execute(DefaultBuildOperationExecutor.java:197)
	at org.gradle.internal.progress.DefaultBuildOperationExecutor.run(DefaultBuildOperationExecutor.java:107)
	at org.gradle.execution.taskgraph.DefaultTaskGraphExecuter$EventFiringTaskWorker.execute(DefaultTaskGraphExecuter.java:241)
	at org.gradle.execution.taskgraph.DefaultTaskGraphExecuter$EventFiringTaskWorker.execute(DefaultTaskGraphExecuter.java:230)
	at org.gradle.execution.taskgraph.DefaultTaskPlanExecutor$TaskExecutorWorker.processTask(DefaultTaskPlanExecutor.java:124)
	at org.gradle.execution.taskgraph.DefaultTaskPlanExecutor$TaskExecutorWorker.access$200(DefaultTaskPlanExecutor.java:80)
	at org.gradle.execution.taskgraph.DefaultTaskPlanExecutor$TaskExecutorWorker$1.execute(DefaultTaskPlanExecutor.java:105)
	at org.gradle.execution.taskgraph.DefaultTaskPlanExecutor$TaskExecutorWorker$1.execute(DefaultTaskPlanExecutor.java:99)
	at org.gradle.execution.taskgraph.DefaultTaskExecutionPlan.execute(DefaultTaskExecutionPlan.java:625)
	at org.gradle.execution.taskgraph.DefaultTaskExecutionPlan.executeWithTask(DefaultTaskExecutionPlan.java:580)
	at org.gradle.execution.taskgraph.DefaultTaskPlanExecutor$TaskExecutorWorker.run(DefaultTaskPlanExecutor.java:99)
	at org.gradle.internal.concurrent.ExecutorPolicy$CatchAndRecordFailures.onExecute(ExecutorPolicy.java:63)
	at org.gradle.internal.concurrent.ManagedExecutorImpl$1.run(ManagedExecutorImpl.java:46)
	at org.gradle.internal.concurrent.ThreadFactoryImpl$ManagedThreadRunnable.run(ThreadFactoryImpl.java:55)
Caused by: org.gradle.process.internal.ExecException: A problem occurred starting process 'command '/Users/vbauer/Library/Android/sdk/ndk-bundle/toolchains/mips64el-linux-android-4.9/prebuilt/darwin-x86_64/bin/mips64el-linux-android-strip''
	at org.gradle.process.internal.DefaultExecHandle.execExceptionFor(DefaultExecHandle.java:220)
	at org.gradle.process.internal.DefaultExecHandle.setEndStateInfo(DefaultExecHandle.java:204)
	at org.gradle.process.internal.DefaultExecHandle.failed(DefaultExecHandle.java:340)
	at org.gradle.process.internal.ExecHandleRunner.run(ExecHandleRunner.java:86)
	at org.gradle.internal.operations.BuildOperationIdentifierPreservingRunnable.run(BuildOperationIdentifierPreservingRunnable.java:39)
	... 3 more
Caused by: net.rubygrapefruit.platform.NativeException: Could not start '/Users/vbauer/Library/Android/sdk/ndk-bundle/toolchains/mips64el-linux-android-4.9/prebuilt/darwin-x86_64/bin/mips64el-linux-android-strip'
	at net.rubygrapefruit.platform.internal.DefaultProcessLauncher.start(DefaultProcessLauncher.java:27)
	at net.rubygrapefruit.platform.internal.WrapperProcessLauncher.start(WrapperProcessLauncher.java:36)
	at org.gradle.process.internal.ExecHandleRunner.run(ExecHandleRunner.java:68)
	... 4 more
Caused by: java.io.IOException: Cannot run program "/Users/vbauer/Library/Android/sdk/ndk-bundle/toolchains/mips64el-linux-android-4.9/prebuilt/darwin-x86_64/bin/mips64el-linux-android-strip" (in directory "/private/var/folders/bq/vtzpc5ns5sg2cthy61lqpg3dfzgbys/T/1535705719112-0/src/ViewFinder-master/example"): error=2, No such file or directory
	at net.rubygrapefruit.platform.internal.DefaultProcessLauncher.start(DefaultProcessLauncher.java:25)
	... 6 more
Caused by: java.io.IOException: error=2, No such file or directory
	... 7 more


* Get more help at https://help.gradle.org

BUILD FAILED in 32s
58 actionable tasks: 58 executed
Exception in thread "Thread-30" java.lang.NoClassDefFoundError: com/android/utils/PathUtils$1
	at com.android.utils.PathUtils.deleteIfExists(PathUtils.java:47)
	at com.android.utils.PathUtils.lambda$addRemovePathHook$0(PathUtils.java:125)
	at java.lang.Thread.run(Thread.java:748)
Caused by: java.lang.ClassNotFoundException: com.android.utils.PathUtils$1
	at java.net.URLClassLoader.findClass(URLClassLoader.java:381)
	at java.lang.ClassLoader.loadClass(ClassLoader.java:424)
	at java.lang.ClassLoader.loadClass(ClassLoader.java:357)
	... 3 more

2018-08-31 15:56:00,050 INFO  ProjectTaskService - Detecting possible tasks...
2018-08-31 15:56:00,051 INFO  SysUtils - Execute command: [/var/folders/bq/vtzpc5ns5sg2cthy61lqpg3dfzgbys/T/1535705719112-0/src/ViewFinder-master/gradlew, -b, /var/folders/bq/vtzpc5ns5sg2cthy61lqpg3dfzgbys/T/1535705719112-0/src/ViewFinder-master/viewfinder/build.gradle, -Dorg.gradle.daemon=false, -Dorg.gradle.daemon.performance.enable-monitoring=false, -Dorg.gradle.configureondemand=true, tasks]
2018-08-31 15:56:07,514 INFO  ProjectTaskService - Detected possible tasks: 64
2018-08-31 15:56:07,514 INFO  ProjectTaskService - Excluded tasks (16): lintDebug mockableAndroidJar deviceCheck lint testReleaseUnitTest deviceAndroidTest uninstallDebugAndroidTest installDebugAndroidTest connectedCheck connectedDebugAndroidTest uninstallAll test check testDebugUnitTest connectedAndroidTest lintRelease
2018-08-31 15:56:07,514 INFO  SysUtils - Execute command: [/var/folders/bq/vtzpc5ns5sg2cthy61lqpg3dfzgbys/T/1535705719112-0/src/ViewFinder-master/gradlew, -b, /var/folders/bq/vtzpc5ns5sg2cthy61lqpg3dfzgbys/T/1535705719112-0/src/ViewFinder-master/viewfinder/build.gradle, -Dorg.gradle.daemon=false, -Dorg.gradle.daemon.performance.enable-monitoring=false, -Dorg.gradle.configureondemand=true, --stacktrace, -x, lintDebug, -x, mockableAndroidJar, -x, deviceCheck, -x, lint, -x, testReleaseUnitTest, -x, deviceAndroidTest, -x, uninstallDebugAndroidTest, -x, installDebugAndroidTest, -x, connectedCheck, -x, connectedDebugAndroidTest, -x, uninstallAll, -x, test, -x, check, -x, testDebugUnitTest, -x, connectedAndroidTest, -x, lintRelease, build]
2018-08-31 15:56:17,674 INFO  SysUtils - Configuration on demand is an incubating feature.
Configuration 'compile' in project ':viewfinder' is deprecated. Use 'implementation' instead.
:viewfinder:preBuild UP-TO-DATE
:viewfinder:preDebugBuild UP-TO-DATE
:viewfinder:compileDebugAidl UP-TO-DATE
:viewfinder:compileDebugNdk NO-SOURCE
:viewfinder:compileDebugRenderscript UP-TO-DATE
:viewfinder:checkDebugManifest UP-TO-DATE
:viewfinder:generateDebugBuildConfig UP-TO-DATE
:viewfinder:prepareLintJar UP-TO-DATE
:viewfinder:generateDebugResValues UP-TO-DATE
:viewfinder:generateDebugResources UP-TO-DATE
:viewfinder:packageDebugResources UP-TO-DATE
:viewfinder:platformAttrExtractor UP-TO-DATE
:viewfinder:processDebugManifest UP-TO-DATE
:viewfinder:processDebugResources UP-TO-DATE
:viewfinder:generateDebugSources UP-TO-DATE
:viewfinder:javaPreCompileDebug UP-TO-DATE
:viewfinder:compileDebugJavaWithJavac UP-TO-DATE
:viewfinder:extractDebugAnnotations
:viewfinder:mergeDebugShaders UP-TO-DATE
:viewfinder:compileDebugShaders UP-TO-DATE
:viewfinder:generateDebugAssets UP-TO-DATE
:viewfinder:mergeDebugAssets UP-TO-DATE
:viewfinder:mergeDebugConsumerProguardFiles
:viewfinder:packageDebugRenderscript NO-SOURCE
:viewfinder:processDebugJavaRes NO-SOURCE
:viewfinder:transformResourcesWithMergeJavaResForDebug
:viewfinder:transformClassesAndResourcesWithSyncLibJarsForDebug
:viewfinder:mergeDebugJniLibFolders UP-TO-DATE
:viewfinder:transformNativeLibsWithMergeJniLibsForDebug UP-TO-DATE
:viewfinder:transformNativeLibsWithStripDebugSymbolForDebug UP-TO-DATE
:viewfinder:transformNativeLibsWithSyncJniLibsForDebug
:viewfinder:bundleDebug
:viewfinder:compileDebugSources UP-TO-DATE
:viewfinder:assembleDebug
:viewfinder:preReleaseBuild UP-TO-DATE
:viewfinder:compileReleaseAidl UP-TO-DATE
:viewfinder:compileReleaseNdk NO-SOURCE
:viewfinder:compileReleaseRenderscript UP-TO-DATE
:viewfinder:checkReleaseManifest UP-TO-DATE
:viewfinder:generateReleaseBuildConfig
:viewfinder:generateReleaseResValues UP-TO-DATE
:viewfinder:generateReleaseResources UP-TO-DATE
:viewfinder:packageReleaseResources
:viewfinder:processReleaseManifest UP-TO-DATE
:viewfinder:processReleaseResources
:viewfinder:generateReleaseSources
:viewfinder:javaPreCompileRelease
:viewfinder:compileReleaseJavaWithJavacNote: /private/var/folders/bq/vtzpc5ns5sg2cthy61lqpg3dfzgbys/T/1535705719112-0/src/ViewFinder-master/viewfinder/src/main/java/com/github/vivchar/viewfinder/ViewFinderImpl.java uses or overrides a deprecated API.
Note: Recompile with -Xlint:deprecation for details.

:viewfinder:extractReleaseAnnotations
:viewfinder:mergeReleaseShaders
:viewfinder:compileReleaseShaders
:viewfinder:generateReleaseAssets
:viewfinder:mergeReleaseAssets
:viewfinder:mergeReleaseConsumerProguardFiles
:viewfinder:packageReleaseRenderscript NO-SOURCE
:viewfinder:processReleaseJavaRes NO-SOURCE
:viewfinder:transformResourcesWithMergeJavaResForRelease
:viewfinder:transformClassesAndResourcesWithSyncLibJarsForRelease
:viewfinder:mergeReleaseJniLibFolders
:viewfinder:transformNativeLibsWithMergeJniLibsForRelease
:viewfinder:transformNativeLibsWithStripDebugSymbolForRelease
:viewfinder:transformNativeLibsWithSyncJniLibsForRelease
:viewfinder:bundleRelease
:viewfinder:compileReleaseSources
:viewfinder:mergeReleaseResources
:viewfinder:verifyReleaseResources
:viewfinder:assembleRelease
:viewfinder:assemble
:viewfinder:build

BUILD SUCCESSFUL in 9s
48 actionable tasks: 25 executed, 23 up-to-date

2018-08-31 15:56:17,720 INFO  ProjectTaskService - Detecting possible tasks...
2018-08-31 15:56:17,720 INFO  SysUtils - Execute command: [/var/folders/bq/vtzpc5ns5sg2cthy61lqpg3dfzgbys/T/1535705719112-0/src/ViewFinder-master/gradlew, -b, /var/folders/bq/vtzpc5ns5sg2cthy61lqpg3dfzgbys/T/1535705719112-0/src/ViewFinder-master/build.gradle, -Dorg.gradle.daemon=false, -Dorg.gradle.daemon.performance.enable-monitoring=false, -Dorg.gradle.configureondemand=true, tasks]
2018-08-31 15:56:25,336 INFO  ProjectTaskService - Detected possible tasks: 68
2018-08-31 15:56:25,337 INFO  ProjectTaskService - Excluded tasks (19): lintDebug mockableAndroidJar deviceCheck lint testReleaseUnitTest uninstallRelease deviceAndroidTest uninstallDebugAndroidTest installDebugAndroidTest connectedCheck connectedDebugAndroidTest uninstallAll test check testDebugUnitTest connectedAndroidTest installDebug lintRelease uninstallDebug
2018-08-31 15:56:25,337 INFO  SysUtils - Execute command: [/var/folders/bq/vtzpc5ns5sg2cthy61lqpg3dfzgbys/T/1535705719112-0/src/ViewFinder-master/gradlew, -b, /var/folders/bq/vtzpc5ns5sg2cthy61lqpg3dfzgbys/T/1535705719112-0/src/ViewFinder-master/build.gradle, -Dorg.gradle.daemon=false, -Dorg.gradle.daemon.performance.enable-monitoring=false, -Dorg.gradle.configureondemand=true, --stacktrace, -x, lintDebug, -x, mockableAndroidJar, -x, deviceCheck, -x, lint, -x, testReleaseUnitTest, -x, uninstallRelease, -x, deviceAndroidTest, -x, uninstallDebugAndroidTest, -x, installDebugAndroidTest, -x, connectedCheck, -x, connectedDebugAndroidTest, -x, uninstallAll, -x, test, -x, check, -x, testDebugUnitTest, -x, connectedAndroidTest, -x, installDebug, -x, lintRelease, -x, uninstallDebug, build]
2018-08-31 15:56:34,282 ERROR SysUtils - Could not process external command
org.apache.commons.exec.ExecuteException: Process exited with an error: 1 (Exit value: 1)
	at org.apache.commons.exec.DefaultExecutor.executeInternal(DefaultExecutor.java:404)
	at org.apache.commons.exec.DefaultExecutor.execute(DefaultExecutor.java:166)
	at com.github.vbauer.apkmaster.util.SysUtils.execute(SysUtils.java:67)
	at com.github.vbauer.apkmaster.util.SysUtils.executeSimple(SysUtils.java:43)
	at com.github.vbauer.apkmaster.service.assembly.ProjectBuildService.buildProject(ProjectBuildService.java:78)
	at com.github.vbauer.apkmaster.service.assembly.ProjectBuildService.buildProject(ProjectBuildService.java:64)
	at com.github.vbauer.apkmaster.service.assembly.ProjectBuildService.buildProject(ProjectBuildService.java:43)
	at com.github.vbauer.apkmaster.service.FullProcessService.build(FullProcessService.java:84)
	at com.github.vbauer.apkmaster.service.FullProcessService.process(FullProcessService.java:34)
	at com.github.vbauer.apkmaster.app.MainApplication.process(MainApplication.java:38)
	at com.github.vbauer.apkmaster.app.MainApplication.main(MainApplication.java:20)
	at sun.reflect.GeneratedMethodAccessor8.invoke(Unknown Source)
	at sun.reflect.DelegatingMethodAccessorImpl.invoke(DelegatingMethodAccessorImpl.java:43)
	at java.lang.reflect.Method.invoke(Method.java:498)
	at com.android.arsenal.util.ReflectionUtils.invoke(ReflectionUtils.java:52)
	at com.android.arsenal.util.ApkMasterUtils.main(ApkMasterUtils.java:30)
	at com.android.arsenal.service.processor.impl.BuildProcessorServiceImpl.buildProject(BuildProcessorServiceImpl.java:196)
	at com.android.arsenal.service.processor.impl.BuildProcessorServiceImpl.build(BuildProcessorServiceImpl.java:130)
	at com.android.arsenal.service.processor.impl.BuildProcessorServiceImpl.lambda$createTasks$1(BuildProcessorServiceImpl.java:113)
	at java.util.concurrent.FutureTask.run(FutureTask.java:266)
	at java.util.concurrent.Executors$RunnableAdapter.call(Executors.java:511)
	at java.util.concurrent.FutureTask.run(FutureTask.java:266)
	at java.util.concurrent.ThreadPoolExecutor.runWorker(ThreadPoolExecutor.java:1149)
	at java.util.concurrent.ThreadPoolExecutor$Worker.run(ThreadPoolExecutor.java:624)
	at java.lang.Thread.run(Thread.java:748)
2018-08-31 15:56:34,282 INFO  SysUtils - Configuration on demand is an incubating feature.
Configuration 'compile' in project ':example' is deprecated. Use 'implementation' instead.
Configuration 'compile' in project ':viewfinder' is deprecated. Use 'implementation' instead.
:example:preBuild UP-TO-DATE
:viewfinder:preBuild UP-TO-DATE
:viewfinder:preDebugBuild UP-TO-DATE
:viewfinder:checkDebugManifest UP-TO-DATE
:viewfinder:processDebugManifest UP-TO-DATE
:example:preDebugBuild UP-TO-DATE
:viewfinder:compileDebugAidl UP-TO-DATE
:example:compileDebugAidl UP-TO-DATE
:viewfinder:packageDebugRenderscript NO-SOURCE
:example:compileDebugRenderscript UP-TO-DATE
:example:checkDebugManifest UP-TO-DATE
:example:generateDebugBuildConfig UP-TO-DATE
:example:prepareLintJar UP-TO-DATE
:example:generateDebugResValues UP-TO-DATE
:example:generateDebugResources UP-TO-DATE
:viewfinder:compileDebugRenderscript UP-TO-DATE
:viewfinder:generateDebugResValues UP-TO-DATE
:viewfinder:generateDebugResources UP-TO-DATE
:viewfinder:packageDebugResources UP-TO-DATE
:example:mergeDebugResources UP-TO-DATE
:example:createDebugCompatibleScreenManifests UP-TO-DATE
:example:processDebugManifest UP-TO-DATE
:example:splitsDiscoveryTaskDebug UP-TO-DATE
:viewfinder:platformAttrExtractor UP-TO-DATE
:viewfinder:processDebugResources UP-TO-DATE
:example:processDebugResources UP-TO-DATE
:example:generateDebugSources UP-TO-DATE
:viewfinder:generateDebugBuildConfig UP-TO-DATE
:viewfinder:prepareLintJar UP-TO-DATE
:viewfinder:generateDebugSources UP-TO-DATE
:viewfinder:javaPreCompileDebug UP-TO-DATE
:viewfinder:compileDebugJavaWithJavac UP-TO-DATE
:viewfinder:processDebugJavaRes NO-SOURCE
:viewfinder:transformClassesAndResourcesWithPrepareIntermediateJarsForDebug UP-TO-DATE
:example:javaPreCompileDebug UP-TO-DATE
:example:compileDebugJavaWithJavac UP-TO-DATE
:example:compileDebugNdk NO-SOURCE
:example:compileDebugSources UP-TO-DATE
:example:mergeDebugShaders UP-TO-DATE
:example:compileDebugShaders UP-TO-DATE
:example:generateDebugAssets UP-TO-DATE
:viewfinder:mergeDebugShaders UP-TO-DATE
:viewfinder:compileDebugShaders UP-TO-DATE
:viewfinder:generateDebugAssets UP-TO-DATE
:viewfinder:mergeDebugAssets UP-TO-DATE
:example:mergeDebugAssets UP-TO-DATE
:example:extractTryWithResourcesSupportJarDebug UP-TO-DATE
:example:transformClassesWithStackFramesFixerForDebug UP-TO-DATE
:example:transformClassesWithDesugarForDebug UP-TO-DATE
:example:transformClassesWithDexBuilderForDebug UP-TO-DATE
:example:transformDexArchiveWithExternalLibsDexMergerForDebug UP-TO-DATE
:example:transformDexArchiveWithDexMergerForDebug UP-TO-DATE
:example:mergeDebugJniLibFolders UP-TO-DATE
:viewfinder:compileDebugNdk NO-SOURCE
:viewfinder:mergeDebugJniLibFolders UP-TO-DATE
:viewfinder:transformNativeLibsWithMergeJniLibsForDebug UP-TO-DATE
:viewfinder:transformNativeLibsWithStripDebugSymbolForDebug UP-TO-DATE
:viewfinder:transformNativeLibsWithIntermediateJniLibsForDebug UP-TO-DATE
:example:transformNativeLibsWithMergeJniLibsForDebug UP-TO-DATE
:example:transformNativeLibsWithStripDebugSymbolForDebug FAILED

FAILURE: Build failed with an exception.

* What went wrong:
Execution failed for task ':example:transformNativeLibsWithStripDebugSymbolForDebug'.
> A problem occurred starting process 'command '/Users/vbauer/Library/Android/sdk/ndk-bundle/toolchains/mips64el-linux-android-4.9/prebuilt/darwin-x86_64/bin/mips64el-linux-android-strip''

* Try:
Run with --info or --debug option to get more log output.

* Exception is:
org.gradle.api.tasks.TaskExecutionException: Execution failed for task ':example:transformNativeLibsWithStripDebugSymbolForDebug'.
	at org.gradle.api.internal.tasks.execution.ExecuteActionsTaskExecuter.executeActions(ExecuteActionsTaskExecuter.java:100)
	at org.gradle.api.internal.tasks.execution.ExecuteActionsTaskExecuter.execute(ExecuteActionsTaskExecuter.java:70)
	at org.gradle.api.internal.tasks.execution.SkipUpToDateTaskExecuter.execute(SkipUpToDateTaskExecuter.java:63)
	at org.gradle.api.internal.tasks.execution.ResolveTaskOutputCachingStateExecuter.execute(ResolveTaskOutputCachingStateExecuter.java:54)
	at org.gradle.api.internal.tasks.execution.ValidatingTaskExecuter.execute(ValidatingTaskExecuter.java:58)
	at org.gradle.api.internal.tasks.execution.SkipEmptySourceFilesTaskExecuter.execute(SkipEmptySourceFilesTaskExecuter.java:88)
	at org.gradle.api.internal.tasks.execution.ResolveTaskArtifactStateTaskExecuter.execute(ResolveTaskArtifactStateTaskExecuter.java:52)
	at org.gradle.api.internal.tasks.execution.SkipTaskWithNoActionsExecuter.execute(SkipTaskWithNoActionsExecuter.java:52)
	at org.gradle.api.internal.tasks.execution.SkipOnlyIfTaskExecuter.execute(SkipOnlyIfTaskExecuter.java:54)
	at org.gradle.api.internal.tasks.execution.ExecuteAtMostOnceTaskExecuter.execute(ExecuteAtMostOnceTaskExecuter.java:43)
	at org.gradle.api.internal.tasks.execution.CatchExceptionTaskExecuter.execute(CatchExceptionTaskExecuter.java:34)
	at org.gradle.execution.taskgraph.DefaultTaskGraphExecuter$EventFiringTaskWorker$1.run(DefaultTaskGraphExecuter.java:248)
	at org.gradle.internal.progress.DefaultBuildOperationExecutor$RunnableBuildOperationWorker.execute(DefaultBuildOperationExecutor.java:336)
	at org.gradle.internal.progress.DefaultBuildOperationExecutor$RunnableBuildOperationWorker.execute(DefaultBuildOperationExecutor.java:328)
	at org.gradle.internal.progress.DefaultBuildOperationExecutor.execute(DefaultBuildOperationExecutor.java:197)
	at org.gradle.internal.progress.DefaultBuildOperationExecutor.run(DefaultBuildOperationExecutor.java:107)
	at org.gradle.execution.taskgraph.DefaultTaskGraphExecuter$EventFiringTaskWorker.execute(DefaultTaskGraphExecuter.java:241)
	at org.gradle.execution.taskgraph.DefaultTaskGraphExecuter$EventFiringTaskWorker.execute(DefaultTaskGraphExecuter.java:230)
	at org.gradle.execution.taskgraph.DefaultTaskPlanExecutor$TaskExecutorWorker.processTask(DefaultTaskPlanExecutor.java:124)
	at org.gradle.execution.taskgraph.DefaultTaskPlanExecutor$TaskExecutorWorker.access$200(DefaultTaskPlanExecutor.java:80)
	at org.gradle.execution.taskgraph.DefaultTaskPlanExecutor$TaskExecutorWorker$1.execute(DefaultTaskPlanExecutor.java:105)
	at org.gradle.execution.taskgraph.DefaultTaskPlanExecutor$TaskExecutorWorker$1.execute(DefaultTaskPlanExecutor.java:99)
	at org.gradle.execution.taskgraph.DefaultTaskExecutionPlan.execute(DefaultTaskExecutionPlan.java:625)
	at org.gradle.execution.taskgraph.DefaultTaskExecutionPlan.executeWithTask(DefaultTaskExecutionPlan.java:580)
	at org.gradle.execution.taskgraph.DefaultTaskPlanExecutor$TaskExecutorWorker.run(DefaultTaskPlanExecutor.java:99)
	at org.gradle.internal.concurrent.ExecutorPolicy$CatchAndRecordFailures.onExecute(ExecutorPolicy.java:63)
	at org.gradle.internal.concurrent.ManagedExecutorImpl$1.run(ManagedExecutorImpl.java:46)
	at org.gradle.internal.concurrent.ThreadFactoryImpl$ManagedThreadRunnable.run(ThreadFactoryImpl.java:55)
Caused by: org.gradle.process.internal.ExecException: A problem occurred starting process 'command '/Users/vbauer/Library/Android/sdk/ndk-bundle/toolchains/mips64el-linux-android-4.9/prebuilt/darwin-x86_64/bin/mips64el-linux-android-strip''
	at org.gradle.process.internal.DefaultExecHandle.execExceptionFor(DefaultExecHandle.java:220)
	at org.gradle.process.internal.DefaultExecHandle.setEndStateInfo(DefaultExecHandle.java:204)
	at org.gradle.process.internal.DefaultExecHandle.failed(DefaultExecHandle.java:340)
	at org.gradle.process.internal.ExecHandleRunner.run(ExecHandleRunner.java:86)
	at org.gradle.internal.operations.BuildOperationIdentifierPreservingRunnable.run(BuildOperationIdentifierPreservingRunnable.java:39)
	... 3 more
Caused by: net.rubygrapefruit.platform.NativeException: Could not start '/Users/vbauer/Library/Android/sdk/ndk-bundle/toolchains/mips64el-linux-android-4.9/prebuilt/darwin-x86_64/bin/mips64el-linux-android-strip'
	at net.rubygrapefruit.platform.internal.DefaultProcessLauncher.start(DefaultProcessLauncher.java:27)
	at net.rubygrapefruit.platform.internal.WrapperProcessLauncher.start(WrapperProcessLauncher.java:36)
	at org.gradle.process.internal.ExecHandleRunner.run(ExecHandleRunner.java:68)
	... 4 more
Caused by: java.io.IOException: Cannot run program "/Users/vbauer/Library/Android/sdk/ndk-bundle/toolchains/mips64el-linux-android-4.9/prebuilt/darwin-x86_64/bin/mips64el-linux-android-strip" (in directory "/private/var/folders/bq/vtzpc5ns5sg2cthy61lqpg3dfzgbys/T/1535705719112-0/src/ViewFinder-master/example"): error=2, No such file or directory
	at net.rubygrapefruit.platform.internal.DefaultProcessLauncher.start(DefaultProcessLauncher.java:25)
	... 6 more
Caused by: java.io.IOException: error=2, No such file or directory
	... 7 more


* Get more help at https://help.gradle.org

BUILD FAILED in 8s
46 actionable tasks: 1 executed, 45 up-to-date

2018-08-31 15:56:34,337 ERROR FullProcessService - Project build has not produced APK file
2018-08-31 15:56:34,382 ERROR FullProcessService - Could not find generated or existed APK file
