2018-10-21 14:38:29,293 INFO  DownloadService - Downloading "https://github.com/kristiyanP/anotherViewPager/archive/master.zip", attempt 3
2018-10-21 14:38:31,334 INFO  DownloadService - Downloaded https://github.com/kristiyanP/anotherViewPager/archive/master.zip, attempt 3
2018-10-21 14:38:31,335 INFO  DownloadService - Size of file "/var/folders/bq/vtzpc5ns5sg2cthy61lqpg3dfzgbys/T/1540107509284-0/master.zip": 408 KB
2018-10-21 14:38:31,335 INFO  ArchiveUtils - Checking entries [.gradle] in ZIP file...
2018-10-21 14:38:31,341 INFO  ArchiveUtils - Has entries [.gradle] in ZIP file /var/folders/bq/vtzpc5ns5sg2cthy61lqpg3dfzgbys/T/1540107509284-0/master.zip: true
2018-10-21 14:38:31,341 DEBUG ZipUtil - Extracting '/var/folders/bq/vtzpc5ns5sg2cthy61lqpg3dfzgbys/T/1540107509284-0/master.zip' into '/var/folders/bq/vtzpc5ns5sg2cthy61lqpg3dfzgbys/T/1540107509284-0/src'.
2018-10-21 14:38:31,371 INFO  FullProcessService - Size of directory with sources: 546 KB
2018-10-21 14:38:31,371 INFO  SysUtils - Execute command: [git, init, /var/folders/bq/vtzpc5ns5sg2cthy61lqpg3dfzgbys/T/1540107509284-0/src]
2018-10-21 14:38:31,387 INFO  SysUtils - Initialized empty Git repository in /private/var/folders/bq/vtzpc5ns5sg2cthy61lqpg3dfzgbys/T/1540107509284-0/src/.git/

2018-10-21 14:38:31,390 INFO  ProjectBuildService - Gradle wrapper(s): /var/folders/bq/vtzpc5ns5sg2cthy61lqpg3dfzgbys/T/1540107509284-0/src/anotherViewPager-master/gradlew /var/folders/bq/vtzpc5ns5sg2cthy61lqpg3dfzgbys/T/1540107509284-0/src/anotherViewPager-master/anotherViewPager/gradlew
2018-10-21 14:38:31,393 INFO  ProjectBuildService - Build script(s): /var/folders/bq/vtzpc5ns5sg2cthy61lqpg3dfzgbys/T/1540107509284-0/src/anotherViewPager-master/anotherViewPager/build.gradle /var/folders/bq/vtzpc5ns5sg2cthy61lqpg3dfzgbys/T/1540107509284-0/src/anotherViewPager-master/demo-app/build.gradle /var/folders/bq/vtzpc5ns5sg2cthy61lqpg3dfzgbys/T/1540107509284-0/src/anotherViewPager-master/build.gradle
2018-10-21 14:38:31,396 INFO  ProjectBuildService - All script(s): /var/folders/bq/vtzpc5ns5sg2cthy61lqpg3dfzgbys/T/1540107509284-0/src/anotherViewPager-master/build.gradle /var/folders/bq/vtzpc5ns5sg2cthy61lqpg3dfzgbys/T/1540107509284-0/src/anotherViewPager-master/anotherViewPager/build.gradle /var/folders/bq/vtzpc5ns5sg2cthy61lqpg3dfzgbys/T/1540107509284-0/src/anotherViewPager-master/settings.gradle /var/folders/bq/vtzpc5ns5sg2cthy61lqpg3dfzgbys/T/1540107509284-0/src/anotherViewPager-master/demo-app/build.gradle
2018-10-21 14:38:31,397 INFO  ProjectBuildService - Remote scripts: none
2018-10-21 14:38:31,397 INFO  ProjectFixService - Fixing project...
2018-10-21 14:38:31,405 INFO  LocalPropertiesFixService - Updated fake /var/folders/bq/vtzpc5ns5sg2cthy61lqpg3dfzgbys/T/1540107509284-0/src/anotherViewPager-master/anotherViewPager/local.properties
2018-10-21 14:38:31,406 INFO  WrapperPropertiesFixService - Gradle wrapper: https://services.gradle.org/distributions/gradle-3.3-all.zip
2018-10-21 14:38:31,406 INFO  WrapperPropertiesFixService - Gradle wrapper was changed from "-all.zip" to "-bin.zip" (https://services.gradle.org/distributions/gradle-3.3-bin.zip)
2018-10-21 14:38:31,408 INFO  ProjectFixService - Build info for "/var/folders/bq/vtzpc5ns5sg2cthy61lqpg3dfzgbys/T/1540107509284-0/src/anotherViewPager-master/anotherViewPager/build.gradle": [buildToolsVersion=<null>,compileSdkVersion=<null>,minSdkVersion=16,targetSdkVersion=<null>]
2018-10-21 14:38:31,408 INFO  ProjectFixService - Fixed build info for "/var/folders/bq/vtzpc5ns5sg2cthy61lqpg3dfzgbys/T/1540107509284-0/src/anotherViewPager-master/anotherViewPager/build.gradle": [buildToolsVersion=28.0.0-rc2,compileSdkVersion=28,minSdkVersion=16,targetSdkVersion=28]
2018-10-21 14:38:31,410 INFO  LocalPropertiesFixService - Created fake /var/folders/bq/vtzpc5ns5sg2cthy61lqpg3dfzgbys/T/1540107509284-0/src/anotherViewPager-master/demo-app/local.properties
2018-10-21 14:38:31,412 INFO  ProjectFixService - Build info for "/var/folders/bq/vtzpc5ns5sg2cthy61lqpg3dfzgbys/T/1540107509284-0/src/anotherViewPager-master/demo-app/build.gradle": [buildToolsVersion=<null>,compileSdkVersion=<null>,minSdkVersion=16,targetSdkVersion=<null>]
2018-10-21 14:38:31,412 INFO  ProjectFixService - Fixed build info for "/var/folders/bq/vtzpc5ns5sg2cthy61lqpg3dfzgbys/T/1540107509284-0/src/anotherViewPager-master/demo-app/build.gradle": [buildToolsVersion=28.0.0-rc2,compileSdkVersion=28,minSdkVersion=16,targetSdkVersion=28]
2018-10-21 14:38:31,413 INFO  LocalPropertiesFixService - Created fake /var/folders/bq/vtzpc5ns5sg2cthy61lqpg3dfzgbys/T/1540107509284-0/src/anotherViewPager-master/local.properties
2018-10-21 14:38:31,413 INFO  WrapperPropertiesFixService - Gradle wrapper: https://services.gradle.org/distributions/gradle-4.10-all.zip
2018-10-21 14:38:31,414 INFO  WrapperPropertiesFixService - Gradle wrapper was changed from "-all.zip" to "-bin.zip" (https://services.gradle.org/distributions/gradle-4.10-bin.zip)
2018-10-21 14:38:31,416 INFO  ProjectFixService - Build info for "/var/folders/bq/vtzpc5ns5sg2cthy61lqpg3dfzgbys/T/1540107509284-0/src/anotherViewPager-master/build.gradle": [buildToolsVersion=<null>,compileSdkVersion=<null>,minSdkVersion=16,targetSdkVersion=<null>]
2018-10-21 14:38:31,416 INFO  ProjectFixService - Fixed build info for "/var/folders/bq/vtzpc5ns5sg2cthy61lqpg3dfzgbys/T/1540107509284-0/src/anotherViewPager-master/build.gradle": [buildToolsVersion=28.0.0-rc2,compileSdkVersion=28,minSdkVersion=16,targetSdkVersion=28]
2018-10-21 14:38:31,417 INFO  ProjectFixService - Project was maybe fixed
2018-10-21 14:38:31,417 INFO  ProjectTaskService - Detecting possible tasks...
2018-10-21 14:38:31,417 INFO  SysUtils - Execute command: [/var/folders/bq/vtzpc5ns5sg2cthy61lqpg3dfzgbys/T/1540107509284-0/src/anotherViewPager-master/anotherViewPager/gradlew, -b, /var/folders/bq/vtzpc5ns5sg2cthy61lqpg3dfzgbys/T/1540107509284-0/src/anotherViewPager-master/anotherViewPager/build.gradle, -Dorg.gradle.daemon=false, -Dorg.gradle.daemon.performance.enable-monitoring=false, -Dorg.gradle.configureondemand=true, tasks]
2018-10-21 14:38:34,387 ERROR ProjectTaskService - Could not detect possible Gradle tasks: Process exited with an error: 1 (Exit value: 1)
2018-10-21 14:38:34,387 INFO  ProjectTaskService - Detected possible tasks: 0
2018-10-21 14:38:34,387 INFO  ProjectTaskService - Excluded tasks (0): none
2018-10-21 14:38:34,387 INFO  SysUtils - Execute command: [/var/folders/bq/vtzpc5ns5sg2cthy61lqpg3dfzgbys/T/1540107509284-0/src/anotherViewPager-master/anotherViewPager/gradlew, -b, /var/folders/bq/vtzpc5ns5sg2cthy61lqpg3dfzgbys/T/1540107509284-0/src/anotherViewPager-master/anotherViewPager/build.gradle, -Dorg.gradle.daemon=false, -Dorg.gradle.daemon.performance.enable-monitoring=false, -Dorg.gradle.configureondemand=true, --stacktrace, build]
2018-10-21 14:38:36,171 ERROR SysUtils - Could not process external command
org.apache.commons.exec.ExecuteException: Process exited with an error: 1 (Exit value: 1)
	at org.apache.commons.exec.DefaultExecutor.executeInternal(DefaultExecutor.java:404)
	at org.apache.commons.exec.DefaultExecutor.execute(DefaultExecutor.java:166)
	at com.github.vbauer.apkmaster.util.SysUtils.execute(SysUtils.java:67)
	at com.github.vbauer.apkmaster.util.SysUtils.executeSimple(SysUtils.java:43)
	at com.github.vbauer.apkmaster.service.assembly.ProjectBuildService.buildProject(ProjectBuildService.java:78)
	at com.github.vbauer.apkmaster.service.assembly.ProjectBuildService.buildProject(ProjectBuildService.java:64)
	at com.github.vbauer.apkmaster.service.assembly.ProjectBuildService.buildProject(ProjectBuildService.java:43)
	at com.github.vbauer.apkmaster.service.FullProcessService.build(FullProcessService.java:84)
	at com.github.vbauer.apkmaster.service.FullProcessService.process(FullProcessService.java:34)
	at com.github.vbauer.apkmaster.app.MainApplication.process(MainApplication.java:38)
	at com.github.vbauer.apkmaster.app.MainApplication.main(MainApplication.java:20)
	at sun.reflect.NativeMethodAccessorImpl.invoke0(Native Method)
	at sun.reflect.NativeMethodAccessorImpl.invoke(NativeMethodAccessorImpl.java:62)
	at sun.reflect.DelegatingMethodAccessorImpl.invoke(DelegatingMethodAccessorImpl.java:43)
	at java.lang.reflect.Method.invoke(Method.java:498)
	at com.android.arsenal.util.ReflectionUtils.invoke(ReflectionUtils.java:52)
	at com.android.arsenal.util.ApkMasterUtils.main(ApkMasterUtils.java:30)
	at com.android.arsenal.service.processor.impl.BuildProcessorServiceImpl.buildProject(BuildProcessorServiceImpl.java:196)
	at com.android.arsenal.service.processor.impl.BuildProcessorServiceImpl.build(BuildProcessorServiceImpl.java:130)
	at com.android.arsenal.service.processor.impl.BuildProcessorServiceImpl.lambda$null$1(BuildProcessorServiceImpl.java:113)
	at java.util.concurrent.FutureTask.run(FutureTask.java:266)
	at java.util.concurrent.Executors$RunnableAdapter.call(Executors.java:511)
	at java.util.concurrent.FutureTask.run(FutureTask.java:266)
	at java.util.concurrent.ThreadPoolExecutor.runWorker(ThreadPoolExecutor.java:1149)
	at java.util.concurrent.ThreadPoolExecutor$Worker.run(ThreadPoolExecutor.java:624)
	at java.lang.Thread.run(Thread.java:748)
2018-10-21 14:38:36,172 INFO  SysUtils - Configuration on demand is an incubating feature.

FAILURE: Build failed with an exception.

* Where:
Build file '/private/var/folders/bq/vtzpc5ns5sg2cthy61lqpg3dfzgbys/T/1540107509284-0/src/anotherViewPager-master/build.gradle' line: 12

* What went wrong:
A problem occurred evaluating root project 'anotherViewPager-master'.
> Could not find method google() for arguments [] on repository container.

* Try:
Run with --info or --debug option to get more log output.

* Exception is:
org.gradle.api.GradleScriptException: A problem occurred evaluating root project 'anotherViewPager-master'.
	at org.gradle.groovy.scripts.internal.DefaultScriptRunnerFactory$ScriptRunnerImpl.run(DefaultScriptRunnerFactory.java:92)
	at org.gradle.configuration.DefaultScriptPluginFactory$ScriptPluginImpl.apply(DefaultScriptPluginFactory.java:152)
	at org.gradle.configuration.project.BuildScriptProcessor.execute(BuildScriptProcessor.java:39)
	at org.gradle.configuration.project.BuildScriptProcessor.execute(BuildScriptProcessor.java:26)
	at org.gradle.configuration.project.ConfigureActionsProjectEvaluator.evaluate(ConfigureActionsProjectEvaluator.java:34)
	at org.gradle.configuration.project.LifecycleProjectEvaluator.doConfigure(LifecycleProjectEvaluator.java:70)
	at org.gradle.configuration.project.LifecycleProjectEvaluator.access$000(LifecycleProjectEvaluator.java:33)
	at org.gradle.configuration.project.LifecycleProjectEvaluator$1.execute(LifecycleProjectEvaluator.java:53)
	at org.gradle.configuration.project.LifecycleProjectEvaluator$1.execute(LifecycleProjectEvaluator.java:50)
	at org.gradle.internal.Transformers$4.transform(Transformers.java:169)
	at org.gradle.internal.progress.DefaultBuildOperationExecutor.run(DefaultBuildOperationExecutor.java:106)
	at org.gradle.internal.progress.DefaultBuildOperationExecutor.run(DefaultBuildOperationExecutor.java:61)
	at org.gradle.configuration.project.LifecycleProjectEvaluator.evaluate(LifecycleProjectEvaluator.java:50)
	at org.gradle.api.internal.project.DefaultProject.evaluate(DefaultProject.java:628)
	at org.gradle.api.internal.project.DefaultProject.evaluate(DefaultProject.java:129)
	at org.gradle.execution.TaskPathProjectEvaluator.configure(TaskPathProjectEvaluator.java:35)
	at org.gradle.configuration.DefaultBuildConfigurer.configure(DefaultBuildConfigurer.java:36)
	at org.gradle.initialization.DefaultGradleLauncher$1.execute(DefaultGradleLauncher.java:161)
	at org.gradle.initialization.DefaultGradleLauncher$1.execute(DefaultGradleLauncher.java:158)
	at org.gradle.internal.Transformers$4.transform(Transformers.java:169)
	at org.gradle.internal.progress.DefaultBuildOperationExecutor.run(DefaultBuildOperationExecutor.java:106)
	at org.gradle.internal.progress.DefaultBuildOperationExecutor.run(DefaultBuildOperationExecutor.java:56)
	at org.gradle.initialization.DefaultGradleLauncher.doBuildStages(DefaultGradleLauncher.java:158)
	at org.gradle.initialization.DefaultGradleLauncher.doBuild(DefaultGradleLauncher.java:119)
	at org.gradle.initialization.DefaultGradleLauncher.run(DefaultGradleLauncher.java:102)
	at org.gradle.launcher.exec.GradleBuildController.run(GradleBuildController.java:71)
	at org.gradle.tooling.internal.provider.ExecuteBuildActionRunner.run(ExecuteBuildActionRunner.java:28)
	at org.gradle.launcher.exec.ChainingBuildActionRunner.run(ChainingBuildActionRunner.java:35)
	at org.gradle.launcher.exec.InProcessBuildActionExecuter.execute(InProcessBuildActionExecuter.java:41)
	at org.gradle.launcher.exec.InProcessBuildActionExecuter.execute(InProcessBuildActionExecuter.java:26)
	at org.gradle.tooling.internal.provider.ContinuousBuildActionExecuter.execute(ContinuousBuildActionExecuter.java:75)
	at org.gradle.tooling.internal.provider.ContinuousBuildActionExecuter.execute(ContinuousBuildActionExecuter.java:49)
	at org.gradle.tooling.internal.provider.ServicesSetupBuildActionExecuter.execute(ServicesSetupBuildActionExecuter.java:44)
	at org.gradle.tooling.internal.provider.ServicesSetupBuildActionExecuter.execute(ServicesSetupBuildActionExecuter.java:29)
	at org.gradle.launcher.cli.RunBuildAction.run(RunBuildAction.java:51)
	at org.gradle.internal.Actions$RunnableActionAdapter.execute(Actions.java:173)
	at org.gradle.launcher.cli.CommandLineActionFactory$ParseAndBuildAction.execute(CommandLineActionFactory.java:244)
	at org.gradle.launcher.cli.CommandLineActionFactory$ParseAndBuildAction.execute(CommandLineActionFactory.java:217)
	at org.gradle.launcher.cli.JavaRuntimeValidationAction.execute(JavaRuntimeValidationAction.java:33)
	at org.gradle.launcher.cli.JavaRuntimeValidationAction.execute(JavaRuntimeValidationAction.java:24)
	at org.gradle.launcher.cli.ExceptionReportingAction.execute(ExceptionReportingAction.java:33)
	at org.gradle.launcher.cli.ExceptionReportingAction.execute(ExceptionReportingAction.java:22)
	at org.gradle.launcher.cli.CommandLineActionFactory$WithLogging.execute(CommandLineActionFactory.java:210)
	at org.gradle.launcher.cli.CommandLineActionFactory$WithLogging.execute(CommandLineActionFactory.java:174)
	at org.gradle.launcher.Main.doAction(Main.java:33)
	at org.gradle.launcher.bootstrap.EntryPoint.run(EntryPoint.java:45)
	at org.gradle.launcher.bootstrap.ProcessBootstrap.runNoExit(ProcessBootstrap.java:60)
	at org.gradle.launcher.bootstrap.ProcessBootstrap.run(ProcessBootstrap.java:37)
	at org.gradle.launcher.GradleMain.main(GradleMain.java:23)
	at org.gradle.wrapper.BootstrapMainStarter.start(BootstrapMainStarter.java:30)
	at org.gradle.wrapper.WrapperExecutor.execute(WrapperExecutor.java:129)
	at org.gradle.wrapper.GradleWrapperMain.main(GradleWrapperMain.java:61)
Caused by: org.gradle.internal.metaobject.AbstractDynamicObject$CustomMessageMissingMethodException: Could not find method google() for arguments [] on repository container.
	at org.gradle.internal.metaobject.AbstractDynamicObject.methodMissingException(AbstractDynamicObject.java:182)
	at org.gradle.internal.metaobject.ConfigureDelegate.invokeMethod(ConfigureDelegate.java:89)
	at build_c3m0w21tz1sut77764btfrx94$_run_closure1$_closure2.doCall(/private/var/folders/bq/vtzpc5ns5sg2cthy61lqpg3dfzgbys/T/1540107509284-0/src/anotherViewPager-master/build.gradle:12)
	at org.gradle.api.internal.ClosureBackedAction.execute(ClosureBackedAction.java:70)
	at org.gradle.util.ConfigureUtil.configureTarget(ConfigureUtil.java:160)
	at org.gradle.util.ConfigureUtil.configureSelf(ConfigureUtil.java:136)
	at org.gradle.api.internal.artifacts.DefaultArtifactRepositoryContainer.configure(DefaultArtifactRepositoryContainer.java:66)
	at org.gradle.api.internal.artifacts.DefaultArtifactRepositoryContainer.configure(DefaultArtifactRepositoryContainer.java:33)
	at org.gradle.util.ConfigureUtil.configure(ConfigureUtil.java:104)
	at org.gradle.api.internal.initialization.DefaultScriptHandler.repositories(DefaultScriptHandler.java:91)
	at org.gradle.internal.metaobject.BeanDynamicObject$MetaClassAdapter.invokeMethod(BeanDynamicObject.java:382)
	at org.gradle.internal.metaobject.BeanDynamicObject.invokeMethod(BeanDynamicObject.java:170)
	at org.gradle.internal.metaobject.ConfigureDelegate.invokeMethod(ConfigureDelegate.java:59)
	at build_c3m0w21tz1sut77764btfrx94$_run_closure1.doCall(/private/var/folders/bq/vtzpc5ns5sg2cthy61lqpg3dfzgbys/T/1540107509284-0/src/anotherViewPager-master/build.gradle:11)
	at org.gradle.api.internal.ClosureBackedAction.execute(ClosureBackedAction.java:70)
	at org.gradle.util.ConfigureUtil.configureTarget(ConfigureUtil.java:160)
	at org.gradle.util.ConfigureUtil.configure(ConfigureUtil.java:106)
	at org.gradle.api.internal.project.DefaultProject.buildscript(DefaultProject.java:1010)
	at org.gradle.api.internal.project.ProjectScript.buildscript(ProjectScript.java:42)
	at org.gradle.api.Script$buildscript.callCurrent(Unknown Source)
	at build_c3m0w21tz1sut77764btfrx94.run(/private/var/folders/bq/vtzpc5ns5sg2cthy61lqpg3dfzgbys/T/1540107509284-0/src/anotherViewPager-master/build.gradle:4)
	at org.gradle.groovy.scripts.internal.DefaultScriptRunnerFactory$ScriptRunnerImpl.run(DefaultScriptRunnerFactory.java:90)
	... 51 more


BUILD FAILED

Total time: 1.619 secs

2018-10-21 14:38:36,176 INFO  ProjectTaskService - Detecting possible tasks...
2018-10-21 14:38:36,176 INFO  SysUtils - Execute command: [/var/folders/bq/vtzpc5ns5sg2cthy61lqpg3dfzgbys/T/1540107509284-0/src/anotherViewPager-master/gradlew, -b, /var/folders/bq/vtzpc5ns5sg2cthy61lqpg3dfzgbys/T/1540107509284-0/src/anotherViewPager-master/demo-app/build.gradle, -Dorg.gradle.daemon=false, -Dorg.gradle.daemon.performance.enable-monitoring=false, -Dorg.gradle.configureondemand=true, tasks]
2018-10-21 14:38:59,184 INFO  ProjectTaskService - Detected possible tasks: 69
2018-10-21 14:38:59,185 INFO  ProjectTaskService - Excluded tasks (18): lintDebug deviceCheck lint testReleaseUnitTest uninstallRelease deviceAndroidTest uninstallDebugAndroidTest installDebugAndroidTest connectedCheck connectedDebugAndroidTest uninstallAll test check testDebugUnitTest connectedAndroidTest installDebug lintRelease uninstallDebug
2018-10-21 14:38:59,185 INFO  SysUtils - Execute command: [/var/folders/bq/vtzpc5ns5sg2cthy61lqpg3dfzgbys/T/1540107509284-0/src/anotherViewPager-master/gradlew, -b, /var/folders/bq/vtzpc5ns5sg2cthy61lqpg3dfzgbys/T/1540107509284-0/src/anotherViewPager-master/demo-app/build.gradle, -Dorg.gradle.daemon=false, -Dorg.gradle.daemon.performance.enable-monitoring=false, -Dorg.gradle.configureondemand=true, --stacktrace, -x, lintDebug, -x, deviceCheck, -x, lint, -x, testReleaseUnitTest, -x, uninstallRelease, -x, deviceAndroidTest, -x, uninstallDebugAndroidTest, -x, installDebugAndroidTest, -x, connectedCheck, -x, connectedDebugAndroidTest, -x, uninstallAll, -x, test, -x, check, -x, testDebugUnitTest, -x, connectedAndroidTest, -x, installDebug, -x, lintRelease, -x, uninstallDebug, build]
2018-10-21 14:39:47,676 INFO  SysUtils - Configuration on demand is an incubating feature.
> Task :anotherViewPager:preBuild UP-TO-DATE
> Task :anotherViewPager:preDebugBuild UP-TO-DATE
> Task :anotherViewPager:compileDebugAidl NO-SOURCE
> Task :anotherViewPager:compileDebugRenderscript
> Task :anotherViewPager:checkDebugManifest
> Task :anotherViewPager:generateDebugBuildConfig
> Task :anotherViewPager:generateDebugResValues
> Task :anotherViewPager:generateDebugResources
> Task :anotherViewPager:packageDebugResources
> Task :anotherViewPager:processDebugManifest
> Task :anotherViewPager:generateDebugRFile
> Task :anotherViewPager:compileDebugKotlin
> Task :anotherViewPager:prepareLintJar
> Task :anotherViewPager:generateDebugSources
> Task :anotherViewPager:javaPreCompileDebug
> Task :anotherViewPager:compileDebugJavaWithJavac
> Task :anotherViewPager:processDebugJavaRes NO-SOURCE
> Task :anotherViewPager:transformClassesAndResourcesWithPrepareIntermediateJarsForDebug
> Task :demo-app:checkDebugClasspath
> Task :demo-app:preBuild UP-TO-DATE
> Task :demo-app:preDebugBuild
> Task :demo-app:compileDebugAidl NO-SOURCE
> Task :anotherViewPager:packageDebugRenderscript NO-SOURCE
> Task :demo-app:compileDebugRenderscript
> Task :demo-app:checkDebugManifest
> Task :demo-app:generateDebugBuildConfig
> Task :demo-app:mainApkListPersistenceDebug
> Task :demo-app:generateDebugResValues
> Task :demo-app:generateDebugResources
> Task :demo-app:mergeDebugResources
> Task :demo-app:createDebugCompatibleScreenManifests
> Task :demo-app:processDebugManifest
> Task :demo-app:splitsDiscoveryTaskDebug
> Task :demo-app:processDebugResources
> Task :demo-app:compileDebugKotlin
> Task :demo-app:prepareLintJar
> Task :demo-app:generateDebugSources
> Task :demo-app:javaPreCompileDebug
> Task :demo-app:compileDebugJavaWithJavac
> Task :demo-app:compileDebugNdk NO-SOURCE
> Task :demo-app:compileDebugSources
> Task :anotherViewPager:mergeDebugShaders
> Task :anotherViewPager:compileDebugShaders
> Task :anotherViewPager:generateDebugAssets
> Task :anotherViewPager:packageDebugAssets
> Task :demo-app:mergeDebugShaders
> Task :demo-app:compileDebugShaders
> Task :demo-app:generateDebugAssets
> Task :demo-app:mergeDebugAssets
D8: Stripped invalid locals information from 1 method.
/Users/vbauer/.gradle/caches/modules-2/files-2.1/org.jetbrains.kotlin/kotlin-stdlib/1.2.71/d9717625bb3c731561251f8dd2c67a1011d6764c/kotlin-stdlib-1.2.71.jar: D8: Methods with invalid locals information:
  java.lang.Object kotlin.sequences.SequencesKt___SequencesKt$zipWithNext$2.doResume(java.lang.Object, java.lang.Throwable)
  Attempt to read local this but no local information was associated with the value being read.
D8: Stripped invalid locals information from 1 method.
/Users/vbauer/.gradle/caches/modules-2/files-2.1/org.jetbrains.kotlin/kotlin-stdlib/1.2.71/d9717625bb3c731561251f8dd2c67a1011d6764c/kotlin-stdlib-1.2.71.jar: D8: Methods with invalid locals information:
  java.lang.Object kotlin.collections.SlidingWindowKt$windowedIterator$1.doResume(java.lang.Object, java.lang.Throwable)
  Attempt to read local this but no local information was associated with the value being read.
> Task :demo-app:transformClassesWithDexBuilderForDebug
> Task :demo-app:transformDexArchiveWithExternalLibsDexMergerForDebug
> Task :demo-app:transformDexArchiveWithDexMergerForDebug
> Task :anotherViewPager:compileDebugNdk NO-SOURCE
> Task :anotherViewPager:mergeDebugJniLibFolders
> Task :anotherViewPager:transformNativeLibsWithMergeJniLibsForDebug
> Task :anotherViewPager:transformNativeLibsWithStripDebugSymbolForDebug
> Task :anotherViewPager:transformNativeLibsWithIntermediateJniLibsForDebug
> Task :demo-app:mergeDebugJniLibFolders
> Task :demo-app:transformNativeLibsWithMergeJniLibsForDebug
> Task :demo-app:transformNativeLibsWithStripDebugSymbolForDebug
> Task :demo-app:checkDebugLibraries
> Task :demo-app:processDebugJavaRes NO-SOURCE
> Task :demo-app:transformResourcesWithMergeJavaResForDebug
> Task :demo-app:validateSigningDebug
> Task :demo-app:packageDebug
> Task :demo-app:assembleDebug
> Task :anotherViewPager:preReleaseBuild UP-TO-DATE
> Task :anotherViewPager:compileReleaseAidl NO-SOURCE
> Task :anotherViewPager:compileReleaseRenderscript
> Task :anotherViewPager:checkReleaseManifest
> Task :anotherViewPager:generateReleaseBuildConfig
> Task :anotherViewPager:generateReleaseResValues
> Task :anotherViewPager:generateReleaseResources
> Task :anotherViewPager:packageReleaseResources
> Task :anotherViewPager:processReleaseManifest
> Task :anotherViewPager:generateReleaseRFile
> Task :anotherViewPager:compileReleaseKotlin
> Task :anotherViewPager:generateReleaseSources
> Task :anotherViewPager:javaPreCompileRelease
> Task :anotherViewPager:compileReleaseJavaWithJavac
> Task :anotherViewPager:processReleaseJavaRes NO-SOURCE
> Task :anotherViewPager:transformClassesAndResourcesWithPrepareIntermediateJarsForRelease
> Task :demo-app:checkReleaseClasspath
> Task :demo-app:preReleaseBuild
> Task :demo-app:compileReleaseAidl NO-SOURCE
> Task :anotherViewPager:packageReleaseRenderscript NO-SOURCE
> Task :demo-app:compileReleaseRenderscript
> Task :demo-app:checkReleaseManifest
> Task :demo-app:generateReleaseBuildConfig
> Task :demo-app:mainApkListPersistenceRelease
> Task :demo-app:generateReleaseResValues
> Task :demo-app:generateReleaseResources
> Task :demo-app:mergeReleaseResources
> Task :demo-app:createReleaseCompatibleScreenManifests
> Task :demo-app:processReleaseManifest
> Task :demo-app:splitsDiscoveryTaskRelease
> Task :demo-app:processReleaseResources
> Task :demo-app:compileReleaseKotlin
> Task :demo-app:generateReleaseSources
> Task :demo-app:javaPreCompileRelease
> Task :demo-app:compileReleaseJavaWithJavac
> Task :demo-app:compileReleaseNdk NO-SOURCE
> Task :demo-app:compileReleaseSources

> Task :demo-app:lintVitalRelease
Calling mockable JAR artifact transform to create file: /Users/vbauer/.gradle/caches/transforms-1/files-1.1/android.jar/05afaf4113af33c32bdbd40435d2075d/android.jar with input /Users/vbauer/Library/Android/sdk/platforms/android-28/android.jar

> Task :anotherViewPager:mergeReleaseShaders
> Task :anotherViewPager:compileReleaseShaders
> Task :anotherViewPager:generateReleaseAssets
> Task :anotherViewPager:packageReleaseAssets
> Task :demo-app:mergeReleaseShaders
> Task :demo-app:compileReleaseShaders
> Task :demo-app:generateReleaseAssets
> Task :demo-app:mergeReleaseAssets
> Task :demo-app:transformClassesWithDexBuilderForRelease
> Task :demo-app:transformDexArchiveWithExternalLibsDexMergerForRelease
> Task :demo-app:transformDexArchiveWithDexMergerForRelease
> Task :anotherViewPager:compileReleaseNdk NO-SOURCE
> Task :anotherViewPager:mergeReleaseJniLibFolders
> Task :anotherViewPager:transformNativeLibsWithMergeJniLibsForRelease
> Task :anotherViewPager:transformNativeLibsWithStripDebugSymbolForRelease
> Task :anotherViewPager:transformNativeLibsWithIntermediateJniLibsForRelease
> Task :demo-app:mergeReleaseJniLibFolders
> Task :demo-app:transformNativeLibsWithMergeJniLibsForRelease
> Task :demo-app:transformNativeLibsWithStripDebugSymbolForRelease
> Task :demo-app:checkReleaseLibraries
> Task :demo-app:processReleaseJavaRes NO-SOURCE
> Task :demo-app:transformResourcesWithMergeJavaResForRelease
> Task :demo-app:packageRelease
> Task :demo-app:assembleRelease
> Task :demo-app:assemble
> Task :demo-app:build

BUILD SUCCESSFUL in 47s
94 actionable tasks: 94 executed

2018-10-21 14:39:47,780 INFO  FullProcessService - Found APK file: /var/folders/bq/vtzpc5ns5sg2cthy61lqpg3dfzgbys/T/1540107509284-0/src/anotherViewPager-master/demo-app/build/outputs/apk/release/demo-app-release-unsigned.apk
