2018-08-31 19:21:26,667 INFO  DownloadService - Downloading "https://github.com/PratikSurela/DraggableView/archive/master.zip", attempt 3
2018-08-31 19:21:28,783 INFO  DownloadService - Downloaded https://github.com/PratikSurela/DraggableView/archive/master.zip, attempt 3
2018-08-31 19:21:28,784 INFO  DownloadService - Size of file "/var/folders/bq/vtzpc5ns5sg2cthy61lqpg3dfzgbys/T/1535718086663-0/master.zip": 155 KB
2018-08-31 19:21:28,784 INFO  ArchiveUtils - Checking entries [.gradle] in ZIP file...
2018-08-31 19:21:28,784 INFO  ArchiveUtils - Has entries [.gradle] in ZIP file /var/folders/bq/vtzpc5ns5sg2cthy61lqpg3dfzgbys/T/1535718086663-0/master.zip: true
2018-08-31 19:21:28,784 DEBUG ZipUtil - Extracting '/var/folders/bq/vtzpc5ns5sg2cthy61lqpg3dfzgbys/T/1535718086663-0/master.zip' into '/var/folders/bq/vtzpc5ns5sg2cthy61lqpg3dfzgbys/T/1535718086663-0/src'.
2018-08-31 19:21:28,804 INFO  FullProcessService - Size of directory with sources: 160 KB
2018-08-31 19:21:28,805 INFO  SysUtils - Execute command: [git, init, /var/folders/bq/vtzpc5ns5sg2cthy61lqpg3dfzgbys/T/1535718086663-0/src]
2018-08-31 19:21:28,852 INFO  SysUtils - Initialized empty Git repository in /private/var/folders/bq/vtzpc5ns5sg2cthy61lqpg3dfzgbys/T/1535718086663-0/src/.git/

2018-08-31 19:21:28,855 INFO  ProjectBuildService - Gradle wrapper(s): /var/folders/bq/vtzpc5ns5sg2cthy61lqpg3dfzgbys/T/1535718086663-0/src/DraggableView-master/gradlew
2018-08-31 19:21:28,858 INFO  ProjectBuildService - Build script(s): /var/folders/bq/vtzpc5ns5sg2cthy61lqpg3dfzgbys/T/1535718086663-0/src/DraggableView-master/app/build.gradle /var/folders/bq/vtzpc5ns5sg2cthy61lqpg3dfzgbys/T/1535718086663-0/src/DraggableView-master/draggable-views/build.gradle /var/folders/bq/vtzpc5ns5sg2cthy61lqpg3dfzgbys/T/1535718086663-0/src/DraggableView-master/build.gradle
2018-08-31 19:21:28,861 INFO  ProjectBuildService - All script(s): /var/folders/bq/vtzpc5ns5sg2cthy61lqpg3dfzgbys/T/1535718086663-0/src/DraggableView-master/app/build.gradle /var/folders/bq/vtzpc5ns5sg2cthy61lqpg3dfzgbys/T/1535718086663-0/src/DraggableView-master/draggable-views/build.gradle /var/folders/bq/vtzpc5ns5sg2cthy61lqpg3dfzgbys/T/1535718086663-0/src/DraggableView-master/build.gradle /var/folders/bq/vtzpc5ns5sg2cthy61lqpg3dfzgbys/T/1535718086663-0/src/DraggableView-master/settings.gradle
2018-08-31 19:21:28,861 INFO  ProjectBuildService - Remote scripts: none
2018-08-31 19:21:28,861 INFO  ProjectFixService - Fixing project...
2018-08-31 19:21:28,868 INFO  LocalPropertiesFixService - Created fake /var/folders/bq/vtzpc5ns5sg2cthy61lqpg3dfzgbys/T/1535718086663-0/src/DraggableView-master/app/local.properties
2018-08-31 19:21:28,868 INFO  ProjectFixService - Build info for "/var/folders/bq/vtzpc5ns5sg2cthy61lqpg3dfzgbys/T/1535718086663-0/src/DraggableView-master/app/build.gradle": [buildToolsVersion=25.0.2,compileSdkVersion=25,minSdkVersion=15,targetSdkVersion=25]
2018-08-31 19:21:28,869 INFO  LocalPropertiesFixService - Created fake /var/folders/bq/vtzpc5ns5sg2cthy61lqpg3dfzgbys/T/1535718086663-0/src/DraggableView-master/draggable-views/local.properties
2018-08-31 19:21:28,869 INFO  ProjectFixService - Build info for "/var/folders/bq/vtzpc5ns5sg2cthy61lqpg3dfzgbys/T/1535718086663-0/src/DraggableView-master/draggable-views/build.gradle": [buildToolsVersion=25.0.2,compileSdkVersion=25,minSdkVersion=15,targetSdkVersion=25]
2018-08-31 19:21:28,870 INFO  LocalPropertiesFixService - Created fake /var/folders/bq/vtzpc5ns5sg2cthy61lqpg3dfzgbys/T/1535718086663-0/src/DraggableView-master/local.properties
2018-08-31 19:21:28,870 INFO  WrapperPropertiesFixService - Gradle wrapper: https://services.gradle.org/distributions/gradle-3.3-all.zip
2018-08-31 19:21:28,871 INFO  WrapperPropertiesFixService - Gradle wrapper was changed from "-all.zip" to "-bin.zip" (https://services.gradle.org/distributions/gradle-3.3-bin.zip)
2018-08-31 19:21:28,871 INFO  ProjectFixService - Build info for "/var/folders/bq/vtzpc5ns5sg2cthy61lqpg3dfzgbys/T/1535718086663-0/src/DraggableView-master/build.gradle": [buildToolsVersion=25.0.2,compileSdkVersion=25,minSdkVersion=15,targetSdkVersion=25]
2018-08-31 19:21:28,872 INFO  ProjectFixService - Project was maybe fixed
2018-08-31 19:21:28,872 INFO  ProjectTaskService - Detecting possible tasks...
2018-08-31 19:21:28,872 INFO  SysUtils - Execute command: [/var/folders/bq/vtzpc5ns5sg2cthy61lqpg3dfzgbys/T/1535718086663-0/src/DraggableView-master/gradlew, -b, /var/folders/bq/vtzpc5ns5sg2cthy61lqpg3dfzgbys/T/1535718086663-0/src/DraggableView-master/app/build.gradle, -Dorg.gradle.daemon=false, -Dorg.gradle.daemon.performance.enable-monitoring=false, -Dorg.gradle.configureondemand=true, tasks]
2018-08-31 19:21:36,291 INFO  ProjectTaskService - Detected possible tasks: 66
2018-08-31 19:21:36,291 INFO  ProjectTaskService - Excluded tasks (19): lintDebug mockableAndroidJar deviceCheck lint testReleaseUnitTest uninstallRelease deviceAndroidTest uninstallDebugAndroidTest installDebugAndroidTest connectedCheck connectedDebugAndroidTest uninstallAll test check testDebugUnitTest connectedAndroidTest installDebug lintRelease uninstallDebug
2018-08-31 19:21:36,291 INFO  SysUtils - Execute command: [/var/folders/bq/vtzpc5ns5sg2cthy61lqpg3dfzgbys/T/1535718086663-0/src/DraggableView-master/gradlew, -b, /var/folders/bq/vtzpc5ns5sg2cthy61lqpg3dfzgbys/T/1535718086663-0/src/DraggableView-master/app/build.gradle, -Dorg.gradle.daemon=false, -Dorg.gradle.daemon.performance.enable-monitoring=false, -Dorg.gradle.configureondemand=true, --stacktrace, -x, lintDebug, -x, mockableAndroidJar, -x, deviceCheck, -x, lint, -x, testReleaseUnitTest, -x, uninstallRelease, -x, deviceAndroidTest, -x, uninstallDebugAndroidTest, -x, installDebugAndroidTest, -x, connectedCheck, -x, connectedDebugAndroidTest, -x, uninstallAll, -x, test, -x, check, -x, testDebugUnitTest, -x, connectedAndroidTest, -x, installDebug, -x, lintRelease, -x, uninstallDebug, build]
2018-08-31 19:21:47,451 ERROR SysUtils - Could not process external command
org.apache.commons.exec.ExecuteException: Process exited with an error: 1 (Exit value: 1)
	at org.apache.commons.exec.DefaultExecutor.executeInternal(DefaultExecutor.java:404)
	at org.apache.commons.exec.DefaultExecutor.execute(DefaultExecutor.java:166)
	at com.github.vbauer.apkmaster.util.SysUtils.execute(SysUtils.java:67)
	at com.github.vbauer.apkmaster.util.SysUtils.executeSimple(SysUtils.java:43)
	at com.github.vbauer.apkmaster.service.assembly.ProjectBuildService.buildProject(ProjectBuildService.java:78)
	at com.github.vbauer.apkmaster.service.assembly.ProjectBuildService.buildProject(ProjectBuildService.java:64)
	at com.github.vbauer.apkmaster.service.assembly.ProjectBuildService.buildProject(ProjectBuildService.java:43)
	at com.github.vbauer.apkmaster.service.FullProcessService.build(FullProcessService.java:84)
	at com.github.vbauer.apkmaster.service.FullProcessService.process(FullProcessService.java:34)
	at com.github.vbauer.apkmaster.app.MainApplication.process(MainApplication.java:38)
	at com.github.vbauer.apkmaster.app.MainApplication.main(MainApplication.java:20)
	at sun.reflect.NativeMethodAccessorImpl.invoke0(Native Method)
	at sun.reflect.NativeMethodAccessorImpl.invoke(NativeMethodAccessorImpl.java:62)
	at sun.reflect.DelegatingMethodAccessorImpl.invoke(DelegatingMethodAccessorImpl.java:43)
	at java.lang.reflect.Method.invoke(Method.java:498)
	at com.android.arsenal.util.ReflectionUtils.invoke(ReflectionUtils.java:52)
	at com.android.arsenal.util.ApkMasterUtils.main(ApkMasterUtils.java:30)
	at com.android.arsenal.service.processor.impl.BuildProcessorServiceImpl.buildProject(BuildProcessorServiceImpl.java:196)
	at com.android.arsenal.service.processor.impl.BuildProcessorServiceImpl.build(BuildProcessorServiceImpl.java:130)
	at com.android.arsenal.service.processor.impl.BuildProcessorServiceImpl.lambda$createTasks$1(BuildProcessorServiceImpl.java:113)
	at java.util.concurrent.FutureTask.run(FutureTask.java:266)
	at java.util.concurrent.Executors$RunnableAdapter.call(Executors.java:511)
	at java.util.concurrent.FutureTask.run(FutureTask.java:266)
	at java.util.concurrent.ThreadPoolExecutor.runWorker(ThreadPoolExecutor.java:1149)
	at java.util.concurrent.ThreadPoolExecutor$Worker.run(ThreadPoolExecutor.java:624)
	at java.lang.Thread.run(Thread.java:748)
2018-08-31 19:21:47,451 INFO  SysUtils - Configuration on demand is an incubating feature.
Incremental java compilation is an incubating feature.
:app:preBuild UP-TO-DATE
:app:preDebugBuild UP-TO-DATE
:app:checkDebugManifest
:app:preReleaseBuild UP-TO-DATE
:app:prepareComAndroidSupportAnimatedVectorDrawable2531Library
:app:prepareComAndroidSupportAppcompatV72531Library
:app:prepareComAndroidSupportSupportCompat2531Library
:app:prepareComAndroidSupportSupportCoreUi2531Library
:app:prepareComAndroidSupportSupportCoreUtils2531Library
:app:prepareComAndroidSupportSupportFragment2531Library
:app:prepareComAndroidSupportSupportMediaCompat2531Library
:app:prepareComAndroidSupportSupportV42531Library
:app:prepareComAndroidSupportSupportVectorDrawable2531Library
:draggable-views:preBuild UP-TO-DATE
:draggable-views:preReleaseBuild UP-TO-DATE
:draggable-views:checkReleaseManifest
:draggable-views:preDebugAndroidTestBuild UP-TO-DATE
:draggable-views:preDebugBuild UP-TO-DATE
:draggable-views:preDebugUnitTestBuild UP-TO-DATE
:draggable-views:preReleaseUnitTestBuild UP-TO-DATE
:draggable-views:prepareComAndroidSupportAnimatedVectorDrawable2531Library
:draggable-views:prepareComAndroidSupportAppcompatV72531Library
:draggable-views:prepareComAndroidSupportSupportCompat2531Library
:draggable-views:prepareComAndroidSupportSupportCoreUi2531Library
:draggable-views:prepareComAndroidSupportSupportCoreUtils2531Library
:draggable-views:prepareComAndroidSupportSupportFragment2531Library
:draggable-views:prepareComAndroidSupportSupportMediaCompat2531Library
:draggable-views:prepareComAndroidSupportSupportV42531Library
:draggable-views:prepareComAndroidSupportSupportVectorDrawable2531Library
:draggable-views:prepareReleaseDependencies
:draggable-views:compileReleaseAidl
:draggable-views:compileReleaseNdk UP-TO-DATE
:draggable-views:compileLint
:draggable-views:copyReleaseLint UP-TO-DATE
:draggable-views:compileReleaseRenderscript
:draggable-views:generateReleaseBuildConfig
:draggable-views:generateReleaseResValues
:draggable-views:generateReleaseResources
:draggable-views:mergeReleaseResources
:draggable-views:processReleaseManifest
:draggable-views:processReleaseResources
:draggable-views:generateReleaseSources
:draggable-views:incrementalReleaseJavaCompilationSafeguard
:draggable-views:javaPreCompileRelease
:draggable-views:compileReleaseJavaWithJavac
:draggable-views:compileReleaseJavaWithJavac - is not incremental (e.g. outputs have changed, no previous execution, etc.).
Note: /private/var/folders/bq/vtzpc5ns5sg2cthy61lqpg3dfzgbys/T/1535718086663-0/src/DraggableView-master/draggable-views/src/main/java/com/app/dragable_views/DraggableViewMain.java uses or overrides a deprecated API.
Note: Recompile with -Xlint:deprecation for details.
:draggable-views:extractReleaseAnnotations
:draggable-views:mergeReleaseShaders
:draggable-views:compileReleaseShaders
:draggable-views:generateReleaseAssets
:draggable-views:mergeReleaseAssets
:draggable-views:mergeReleaseProguardFiles
:draggable-views:packageReleaseRenderscript UP-TO-DATE
:draggable-views:packageReleaseResources
:draggable-views:processReleaseJavaRes UP-TO-DATE
:draggable-views:transformResourcesWithMergeJavaResForRelease
:draggable-views:transformClassesAndResourcesWithSyncLibJarsForRelease
:draggable-views:mergeReleaseJniLibFolders
:draggable-views:transformNativeLibsWithMergeJniLibsForRelease
:draggable-views:transformNativeLibsWithStripDebugSymbolForRelease
:draggable-views:transformNativeLibsWithSyncJniLibsForRelease
:draggable-views:bundleRelease
:app:prepareDebugDependencies
:app:compileDebugAidl
:app:compileDebugRenderscript
:app:generateDebugBuildConfig
:app:generateDebugResValues
:app:generateDebugResources
:app:mergeDebugResources
:app:processDebugManifest
:app:processDebugResources/private/var/folders/bq/vtzpc5ns5sg2cthy61lqpg3dfzgbys/T/1535718086663-0/src/DraggableView-master/app/src/main/res/layout/activity_main.xml:76:32-49: AAPT: No resource found that matches the given name (at 'textColor' with value '@color/colorBlack').
    
/private/var/folders/bq/vtzpc5ns5sg2cthy61lqpg3dfzgbys/T/1535718086663-0/src/DraggableView-master/app/src/main/res/drawable/bg_circle.xml:7:24-41: AAPT: No resource found that matches the given name (at 'color' with value '@color/colorBlack').
    
/private/var/folders/bq/vtzpc5ns5sg2cthy61lqpg3dfzgbys/T/1535718086663-0/src/DraggableView-master/app/build/intermediates/res/merged/debug/layout/activity_main.xml:68: error: Error: No resource found that matches the given name (at 'textColor' with value '@color/colorBlack').

/private/var/folders/bq/vtzpc5ns5sg2cthy61lqpg3dfzgbys/T/1535718086663-0/src/DraggableView-master/app/build/intermediates/res/merged/debug/drawable/bg_circle.xml:6: error: Error: No resource found that matches the given name (at 'color' with value '@color/colorBlack').


 FAILED

FAILURE: Build failed with an exception.

* What went wrong:
Execution failed for task ':app:processDebugResources'.
> com.android.ide.common.process.ProcessException: Failed to execute aapt

* Try:
Run with --info or --debug option to get more log output.

* Exception is:
org.gradle.api.tasks.TaskExecutionException: Execution failed for task ':app:processDebugResources'.
	at org.gradle.api.internal.tasks.execution.ExecuteActionsTaskExecuter.executeActions(ExecuteActionsTaskExecuter.java:84)
	at org.gradle.api.internal.tasks.execution.ExecuteActionsTaskExecuter.execute(ExecuteActionsTaskExecuter.java:55)
	at org.gradle.api.internal.tasks.execution.SkipUpToDateTaskExecuter.execute(SkipUpToDateTaskExecuter.java:62)
	at org.gradle.api.internal.tasks.execution.ValidatingTaskExecuter.execute(ValidatingTaskExecuter.java:58)
	at org.gradle.api.internal.tasks.execution.SkipEmptySourceFilesTaskExecuter.execute(SkipEmptySourceFilesTaskExecuter.java:88)
	at org.gradle.api.internal.tasks.execution.ResolveTaskArtifactStateTaskExecuter.execute(ResolveTaskArtifactStateTaskExecuter.java:46)
	at org.gradle.api.internal.tasks.execution.SkipTaskWithNoActionsExecuter.execute(SkipTaskWithNoActionsExecuter.java:51)
	at org.gradle.api.internal.tasks.execution.SkipOnlyIfTaskExecuter.execute(SkipOnlyIfTaskExecuter.java:54)
	at org.gradle.api.internal.tasks.execution.ExecuteAtMostOnceTaskExecuter.execute(ExecuteAtMostOnceTaskExecuter.java:43)
	at org.gradle.api.internal.tasks.execution.CatchExceptionTaskExecuter.execute(CatchExceptionTaskExecuter.java:34)
	at org.gradle.execution.taskgraph.DefaultTaskGraphExecuter$EventFiringTaskWorker$1.execute(DefaultTaskGraphExecuter.java:236)
	at org.gradle.execution.taskgraph.DefaultTaskGraphExecuter$EventFiringTaskWorker$1.execute(DefaultTaskGraphExecuter.java:228)
	at org.gradle.internal.Transformers$4.transform(Transformers.java:169)
	at org.gradle.internal.progress.DefaultBuildOperationExecutor.run(DefaultBuildOperationExecutor.java:106)
	at org.gradle.internal.progress.DefaultBuildOperationExecutor.run(DefaultBuildOperationExecutor.java:61)
	at org.gradle.execution.taskgraph.DefaultTaskGraphExecuter$EventFiringTaskWorker.execute(DefaultTaskGraphExecuter.java:228)
	at org.gradle.execution.taskgraph.DefaultTaskGraphExecuter$EventFiringTaskWorker.execute(DefaultTaskGraphExecuter.java:215)
	at org.gradle.execution.taskgraph.AbstractTaskPlanExecutor$TaskExecutorWorker.processTask(AbstractTaskPlanExecutor.java:77)
	at org.gradle.execution.taskgraph.AbstractTaskPlanExecutor$TaskExecutorWorker.run(AbstractTaskPlanExecutor.java:58)
	at org.gradle.execution.taskgraph.DefaultTaskPlanExecutor.process(DefaultTaskPlanExecutor.java:32)
	at org.gradle.execution.taskgraph.DefaultTaskGraphExecuter.execute(DefaultTaskGraphExecuter.java:113)
	at org.gradle.execution.SelectedTaskExecutionAction.execute(SelectedTaskExecutionAction.java:37)
	at org.gradle.execution.DefaultBuildExecuter.execute(DefaultBuildExecuter.java:37)
	at org.gradle.execution.DefaultBuildExecuter.access$000(DefaultBuildExecuter.java:23)
	at org.gradle.execution.DefaultBuildExecuter$1.proceed(DefaultBuildExecuter.java:43)
	at org.gradle.execution.DryRunBuildExecutionAction.execute(DryRunBuildExecutionAction.java:32)
	at org.gradle.execution.DefaultBuildExecuter.execute(DefaultBuildExecuter.java:37)
	at org.gradle.execution.DefaultBuildExecuter.execute(DefaultBuildExecuter.java:30)
	at org.gradle.initialization.DefaultGradleLauncher$3.execute(DefaultGradleLauncher.java:196)
	at org.gradle.initialization.DefaultGradleLauncher$3.execute(DefaultGradleLauncher.java:193)
	at org.gradle.internal.Transformers$4.transform(Transformers.java:169)
	at org.gradle.internal.progress.DefaultBuildOperationExecutor.run(DefaultBuildOperationExecutor.java:106)
	at org.gradle.internal.progress.DefaultBuildOperationExecutor.run(DefaultBuildOperationExecutor.java:56)
	at org.gradle.initialization.DefaultGradleLauncher.doBuildStages(DefaultGradleLauncher.java:193)
	at org.gradle.initialization.DefaultGradleLauncher.doBuild(DefaultGradleLauncher.java:119)
	at org.gradle.initialization.DefaultGradleLauncher.run(DefaultGradleLauncher.java:102)
	at org.gradle.launcher.exec.GradleBuildController.run(GradleBuildController.java:71)
	at org.gradle.tooling.internal.provider.ExecuteBuildActionRunner.run(ExecuteBuildActionRunner.java:28)
	at org.gradle.launcher.exec.ChainingBuildActionRunner.run(ChainingBuildActionRunner.java:35)
	at org.gradle.launcher.exec.InProcessBuildActionExecuter.execute(InProcessBuildActionExecuter.java:41)
	at org.gradle.launcher.exec.InProcessBuildActionExecuter.execute(InProcessBuildActionExecuter.java:26)
	at org.gradle.tooling.internal.provider.ContinuousBuildActionExecuter.execute(ContinuousBuildActionExecuter.java:75)
	at org.gradle.tooling.internal.provider.ContinuousBuildActionExecuter.execute(ContinuousBuildActionExecuter.java:49)
	at org.gradle.tooling.internal.provider.ServicesSetupBuildActionExecuter.execute(ServicesSetupBuildActionExecuter.java:44)
	at org.gradle.tooling.internal.provider.ServicesSetupBuildActionExecuter.execute(ServicesSetupBuildActionExecuter.java:29)
	at org.gradle.launcher.cli.RunBuildAction.run(RunBuildAction.java:51)
	at org.gradle.internal.Actions$RunnableActionAdapter.execute(Actions.java:173)
	at org.gradle.launcher.cli.CommandLineActionFactory$ParseAndBuildAction.execute(CommandLineActionFactory.java:244)
	at org.gradle.launcher.cli.CommandLineActionFactory$ParseAndBuildAction.execute(CommandLineActionFactory.java:217)
	at org.gradle.launcher.cli.JavaRuntimeValidationAction.execute(JavaRuntimeValidationAction.java:33)
	at org.gradle.launcher.cli.JavaRuntimeValidationAction.execute(JavaRuntimeValidationAction.java:24)
	at org.gradle.launcher.cli.ExceptionReportingAction.execute(ExceptionReportingAction.java:33)
	at org.gradle.launcher.cli.ExceptionReportingAction.execute(ExceptionReportingAction.java:22)
	at org.gradle.launcher.cli.CommandLineActionFactory$WithLogging.execute(CommandLineActionFactory.java:210)
	at org.gradle.launcher.cli.CommandLineActionFactory$WithLogging.execute(CommandLineActionFactory.java:174)
	at org.gradle.launcher.Main.doAction(Main.java:33)
	at org.gradle.launcher.bootstrap.EntryPoint.run(EntryPoint.java:45)
	at org.gradle.launcher.bootstrap.ProcessBootstrap.runNoExit(ProcessBootstrap.java:60)
	at org.gradle.launcher.bootstrap.ProcessBootstrap.run(ProcessBootstrap.java:37)
	at org.gradle.launcher.GradleMain.main(GradleMain.java:23)
	at org.gradle.wrapper.BootstrapMainStarter.start(BootstrapMainStarter.java:30)
	at org.gradle.wrapper.WrapperExecutor.execute(WrapperExecutor.java:129)
	at org.gradle.wrapper.GradleWrapperMain.main(GradleWrapperMain.java:61)
Caused by: java.lang.RuntimeException: com.android.ide.common.process.ProcessException: Failed to execute aapt
	at com.android.build.gradle.tasks.ProcessAndroidResources.doFullTaskAction(ProcessAndroidResources.java:201)
	at com.android.build.gradle.internal.tasks.IncrementalTask.taskAction(IncrementalTask.java:82)
	at org.gradle.internal.reflect.JavaMethod.invoke(JavaMethod.java:73)
	at org.gradle.api.internal.project.taskfactory.DefaultTaskClassInfoStore$IncrementalTaskAction.doExecute(DefaultTaskClassInfoStore.java:163)
	at org.gradle.api.internal.project.taskfactory.DefaultTaskClassInfoStore$StandardTaskAction.execute(DefaultTaskClassInfoStore.java:134)
	at org.gradle.api.internal.project.taskfactory.DefaultTaskClassInfoStore$StandardTaskAction.execute(DefaultTaskClassInfoStore.java:123)
	at org.gradle.api.internal.tasks.execution.ExecuteActionsTaskExecuter.executeAction(ExecuteActionsTaskExecuter.java:95)
	at org.gradle.api.internal.tasks.execution.ExecuteActionsTaskExecuter.executeActions(ExecuteActionsTaskExecuter.java:76)
	... 62 more
Caused by: com.android.ide.common.process.ProcessException: Failed to execute aapt
	at com.android.builder.core.AndroidBuilder.processResources(AndroidBuilder.java:867)
	at com.android.build.gradle.tasks.ProcessAndroidResources.doFullTaskAction(ProcessAndroidResources.java:194)
	... 69 more
Caused by: java.util.concurrent.ExecutionException: com.android.ide.common.process.ProcessException: Error while executing process /Users/vbauer/Library/Android/sdk/build-tools/25.0.2/aapt with arguments {package -f --no-crunch -I /Users/vbauer/Library/Android/sdk/platforms/android-25/android.jar -M /private/var/folders/bq/vtzpc5ns5sg2cthy61lqpg3dfzgbys/T/1535718086663-0/src/DraggableView-master/app/build/intermediates/manifests/full/debug/AndroidManifest.xml -S /private/var/folders/bq/vtzpc5ns5sg2cthy61lqpg3dfzgbys/T/1535718086663-0/src/DraggableView-master/app/build/intermediates/res/merged/debug -m -J /private/var/folders/bq/vtzpc5ns5sg2cthy61lqpg3dfzgbys/T/1535718086663-0/src/DraggableView-master/app/build/generated/source/r/debug -F /private/var/folders/bq/vtzpc5ns5sg2cthy61lqpg3dfzgbys/T/1535718086663-0/src/DraggableView-master/app/build/intermediates/res/resources-debug.ap_ --debug-mode --custom-package com.app.dragableview -0 apk --output-text-symbols /private/var/folders/bq/vtzpc5ns5sg2cthy61lqpg3dfzgbys/T/1535718086663-0/src/DraggableView-master/app/build/intermediates/symbols/debug --no-version-vectors}
	at com.google.common.util.concurrent.AbstractFuture$Sync.getValue(AbstractFuture.java:299)
	at com.google.common.util.concurrent.AbstractFuture$Sync.get(AbstractFuture.java:286)
	at com.google.common.util.concurrent.AbstractFuture.get(AbstractFuture.java:116)
	at com.android.builder.core.AndroidBuilder.processResources(AndroidBuilder.java:865)
	... 70 more
Caused by: com.android.ide.common.process.ProcessException: Error while executing process /Users/vbauer/Library/Android/sdk/build-tools/25.0.2/aapt with arguments {package -f --no-crunch -I /Users/vbauer/Library/Android/sdk/platforms/android-25/android.jar -M /private/var/folders/bq/vtzpc5ns5sg2cthy61lqpg3dfzgbys/T/1535718086663-0/src/DraggableView-master/app/build/intermediates/manifests/full/debug/AndroidManifest.xml -S /private/var/folders/bq/vtzpc5ns5sg2cthy61lqpg3dfzgbys/T/1535718086663-0/src/DraggableView-master/app/build/intermediates/res/merged/debug -m -J /private/var/folders/bq/vtzpc5ns5sg2cthy61lqpg3dfzgbys/T/1535718086663-0/src/DraggableView-master/app/build/generated/source/r/debug -F /private/var/folders/bq/vtzpc5ns5sg2cthy61lqpg3dfzgbys/T/1535718086663-0/src/DraggableView-master/app/build/intermediates/res/resources-debug.ap_ --debug-mode --custom-package com.app.dragableview -0 apk --output-text-symbols /private/var/folders/bq/vtzpc5ns5sg2cthy61lqpg3dfzgbys/T/1535718086663-0/src/DraggableView-master/app/build/intermediates/symbols/debug --no-version-vectors}
	at com.android.build.gradle.internal.process.GradleProcessResult.buildProcessException(GradleProcessResult.java:74)
	at com.android.build.gradle.internal.process.GradleProcessResult.assertNormalExitValue(GradleProcessResult.java:49)
	at com.android.builder.internal.aapt.AbstractProcessExecutionAapt$1.onSuccess(AbstractProcessExecutionAapt.java:78)
	at com.android.builder.internal.aapt.AbstractProcessExecutionAapt$1.onSuccess(AbstractProcessExecutionAapt.java:74)
	at com.google.common.util.concurrent.Futures$6.run(Futures.java:1319)
	at com.google.common.util.concurrent.MoreExecutors$DirectExecutor.execute(MoreExecutors.java:457)
	at com.google.common.util.concurrent.ExecutionList.executeListener(ExecutionList.java:156)
	at com.google.common.util.concurrent.ExecutionList.execute(ExecutionList.java:145)
	at com.google.common.util.concurrent.AbstractFuture.set(AbstractFuture.java:185)
	at com.google.common.util.concurrent.SettableFuture.set(SettableFuture.java:53)
	at com.android.build.gradle.internal.process.GradleProcessExecutor$1.run(GradleProcessExecutor.java:60)
Caused by: org.gradle.process.internal.ExecException: Process 'command '/Users/vbauer/Library/Android/sdk/build-tools/25.0.2/aapt'' finished with non-zero exit value 1
	at org.gradle.process.internal.DefaultExecHandle$ExecResultImpl.assertNormalExitValue(DefaultExecHandle.java:369)
	at com.android.build.gradle.internal.process.GradleProcessResult.assertNormalExitValue(GradleProcessResult.java:47)
	... 9 more


BUILD FAILED

Total time: 10.91 secs

2018-08-31 19:21:47,499 INFO  ProjectTaskService - Detecting possible tasks...
2018-08-31 19:21:47,499 INFO  SysUtils - Execute command: [/var/folders/bq/vtzpc5ns5sg2cthy61lqpg3dfzgbys/T/1535718086663-0/src/DraggableView-master/gradlew, -b, /var/folders/bq/vtzpc5ns5sg2cthy61lqpg3dfzgbys/T/1535718086663-0/src/DraggableView-master/draggable-views/build.gradle, -Dorg.gradle.daemon=false, -Dorg.gradle.daemon.performance.enable-monitoring=false, -Dorg.gradle.configureondemand=true, tasks]
2018-08-31 19:21:53,215 INFO  ProjectTaskService - Detected possible tasks: 65
2018-08-31 19:21:53,215 INFO  ProjectTaskService - Excluded tasks (16): lintDebug mockableAndroidJar deviceCheck lint testReleaseUnitTest deviceAndroidTest uninstallDebugAndroidTest installDebugAndroidTest connectedCheck connectedDebugAndroidTest uninstallAll test check testDebugUnitTest connectedAndroidTest lintRelease
2018-08-31 19:21:53,215 INFO  SysUtils - Execute command: [/var/folders/bq/vtzpc5ns5sg2cthy61lqpg3dfzgbys/T/1535718086663-0/src/DraggableView-master/gradlew, -b, /var/folders/bq/vtzpc5ns5sg2cthy61lqpg3dfzgbys/T/1535718086663-0/src/DraggableView-master/draggable-views/build.gradle, -Dorg.gradle.daemon=false, -Dorg.gradle.daemon.performance.enable-monitoring=false, -Dorg.gradle.configureondemand=true, --stacktrace, -x, lintDebug, -x, mockableAndroidJar, -x, deviceCheck, -x, lint, -x, testReleaseUnitTest, -x, deviceAndroidTest, -x, uninstallDebugAndroidTest, -x, installDebugAndroidTest, -x, connectedCheck, -x, connectedDebugAndroidTest, -x, uninstallAll, -x, test, -x, check, -x, testDebugUnitTest, -x, connectedAndroidTest, -x, lintRelease, build]
2018-08-31 19:22:02,434 INFO  SysUtils - Configuration on demand is an incubating feature.
Incremental java compilation is an incubating feature.
:draggable-views:preBuild UP-TO-DATE
:draggable-views:preDebugBuild UP-TO-DATE
:draggable-views:checkDebugManifest
:draggable-views:preDebugAndroidTestBuild UP-TO-DATE
:draggable-views:preDebugUnitTestBuild UP-TO-DATE
:draggable-views:preReleaseBuild UP-TO-DATE
:draggable-views:preReleaseUnitTestBuild UP-TO-DATE
:draggable-views:prepareComAndroidSupportAnimatedVectorDrawable2531Library
:draggable-views:prepareComAndroidSupportAppcompatV72531Library
:draggable-views:prepareComAndroidSupportSupportCompat2531Library
:draggable-views:prepareComAndroidSupportSupportCoreUi2531Library
:draggable-views:prepareComAndroidSupportSupportCoreUtils2531Library
:draggable-views:prepareComAndroidSupportSupportFragment2531Library
:draggable-views:prepareComAndroidSupportSupportMediaCompat2531Library
:draggable-views:prepareComAndroidSupportSupportV42531Library
:draggable-views:prepareComAndroidSupportSupportVectorDrawable2531Library
:draggable-views:prepareDebugDependencies
:draggable-views:compileDebugAidl
:draggable-views:compileDebugNdk UP-TO-DATE
:draggable-views:compileLint UP-TO-DATE
:draggable-views:copyDebugLint UP-TO-DATE
:draggable-views:compileDebugRenderscript
:draggable-views:generateDebugBuildConfig
:draggable-views:generateDebugResValues
:draggable-views:generateDebugResources
:draggable-views:mergeDebugResources
:draggable-views:processDebugManifest
:draggable-views:processDebugResources
:draggable-views:generateDebugSources
:draggable-views:incrementalDebugJavaCompilationSafeguard
:draggable-views:javaPreCompileDebug
:draggable-views:compileDebugJavaWithJavac
:draggable-views:compileDebugJavaWithJavac - is not incremental (e.g. outputs have changed, no previous execution, etc.).
Note: /private/var/folders/bq/vtzpc5ns5sg2cthy61lqpg3dfzgbys/T/1535718086663-0/src/DraggableView-master/draggable-views/src/main/java/com/app/dragable_views/DraggableViewMain.java uses or overrides a deprecated API.
Note: Recompile with -Xlint:deprecation for details.
:draggable-views:extractDebugAnnotations
:draggable-views:mergeDebugShaders
:draggable-views:compileDebugShaders
:draggable-views:generateDebugAssets
:draggable-views:mergeDebugAssets
:draggable-views:mergeDebugProguardFiles
:draggable-views:packageDebugRenderscript UP-TO-DATE
:draggable-views:packageDebugResources
:draggable-views:processDebugJavaRes UP-TO-DATE
:draggable-views:transformResourcesWithMergeJavaResForDebug
:draggable-views:transformClassesAndResourcesWithSyncLibJarsForDebug
:draggable-views:mergeDebugJniLibFolders
:draggable-views:transformNativeLibsWithMergeJniLibsForDebug
:draggable-views:transformNativeLibsWithStripDebugSymbolForDebug
:draggable-views:transformNativeLibsWithSyncJniLibsForDebug
:draggable-views:bundleDebug
:draggable-views:compileDebugSources
:draggable-views:assembleDebug
:draggable-views:checkReleaseManifest
:draggable-views:prepareReleaseDependencies
:draggable-views:compileReleaseAidl UP-TO-DATE
:draggable-views:compileReleaseNdk UP-TO-DATE
:draggable-views:copyReleaseLint UP-TO-DATE
:draggable-views:compileReleaseRenderscript UP-TO-DATE
:draggable-views:generateReleaseBuildConfig UP-TO-DATE
:draggable-views:generateReleaseResValues UP-TO-DATE
:draggable-views:generateReleaseResources UP-TO-DATE
:draggable-views:mergeReleaseResources UP-TO-DATE
:draggable-views:processReleaseManifest UP-TO-DATE
:draggable-views:processReleaseResources UP-TO-DATE
:draggable-views:generateReleaseSources UP-TO-DATE
:draggable-views:incrementalReleaseJavaCompilationSafeguard UP-TO-DATE
:draggable-views:javaPreCompileRelease
:draggable-views:compileReleaseJavaWithJavac UP-TO-DATE
:draggable-views:extractReleaseAnnotations UP-TO-DATE
:draggable-views:mergeReleaseShaders UP-TO-DATE
:draggable-views:compileReleaseShaders UP-TO-DATE
:draggable-views:generateReleaseAssets UP-TO-DATE
:draggable-views:mergeReleaseAssets UP-TO-DATE
:draggable-views:mergeReleaseProguardFiles UP-TO-DATE
:draggable-views:packageReleaseRenderscript UP-TO-DATE
:draggable-views:packageReleaseResources UP-TO-DATE
:draggable-views:processReleaseJavaRes UP-TO-DATE
:draggable-views:transformResourcesWithMergeJavaResForRelease UP-TO-DATE
:draggable-views:transformClassesAndResourcesWithSyncLibJarsForRelease UP-TO-DATE
:draggable-views:mergeReleaseJniLibFolders UP-TO-DATE
:draggable-views:transformNativeLibsWithMergeJniLibsForRelease UP-TO-DATE
:draggable-views:transformNativeLibsWithStripDebugSymbolForRelease UP-TO-DATE
:draggable-views:transformNativeLibsWithSyncJniLibsForRelease UP-TO-DATE
:draggable-views:bundleRelease UP-TO-DATE
:draggable-views:compileReleaseSources UP-TO-DATE
:draggable-views:assembleRelease UP-TO-DATE
:draggable-views:assemble
:draggable-views:build

BUILD SUCCESSFUL

Total time: 8.978 secs

2018-08-31 19:22:02,510 INFO  ProjectTaskService - Detecting possible tasks...
2018-08-31 19:22:02,511 INFO  SysUtils - Execute command: [/var/folders/bq/vtzpc5ns5sg2cthy61lqpg3dfzgbys/T/1535718086663-0/src/DraggableView-master/gradlew, -b, /var/folders/bq/vtzpc5ns5sg2cthy61lqpg3dfzgbys/T/1535718086663-0/src/DraggableView-master/build.gradle, -Dorg.gradle.daemon=false, -Dorg.gradle.daemon.performance.enable-monitoring=false, -Dorg.gradle.configureondemand=true, tasks]
2018-08-31 19:22:08,727 INFO  ProjectTaskService - Detected possible tasks: 68
2018-08-31 19:22:08,727 INFO  ProjectTaskService - Excluded tasks (19): lintDebug mockableAndroidJar deviceCheck lint testReleaseUnitTest uninstallRelease deviceAndroidTest uninstallDebugAndroidTest installDebugAndroidTest connectedCheck connectedDebugAndroidTest uninstallAll test check testDebugUnitTest connectedAndroidTest installDebug lintRelease uninstallDebug
2018-08-31 19:22:08,728 INFO  SysUtils - Execute command: [/var/folders/bq/vtzpc5ns5sg2cthy61lqpg3dfzgbys/T/1535718086663-0/src/DraggableView-master/gradlew, -b, /var/folders/bq/vtzpc5ns5sg2cthy61lqpg3dfzgbys/T/1535718086663-0/src/DraggableView-master/build.gradle, -Dorg.gradle.daemon=false, -Dorg.gradle.daemon.performance.enable-monitoring=false, -Dorg.gradle.configureondemand=true, --stacktrace, -x, lintDebug, -x, mockableAndroidJar, -x, deviceCheck, -x, lint, -x, testReleaseUnitTest, -x, uninstallRelease, -x, deviceAndroidTest, -x, uninstallDebugAndroidTest, -x, installDebugAndroidTest, -x, connectedCheck, -x, connectedDebugAndroidTest, -x, uninstallAll, -x, test, -x, check, -x, testDebugUnitTest, -x, connectedAndroidTest, -x, installDebug, -x, lintRelease, -x, uninstallDebug, build]
2018-08-31 19:22:15,843 ERROR SysUtils - Could not process external command
org.apache.commons.exec.ExecuteException: Process exited with an error: 1 (Exit value: 1)
	at org.apache.commons.exec.DefaultExecutor.executeInternal(DefaultExecutor.java:404)
	at org.apache.commons.exec.DefaultExecutor.execute(DefaultExecutor.java:166)
	at com.github.vbauer.apkmaster.util.SysUtils.execute(SysUtils.java:67)
	at com.github.vbauer.apkmaster.util.SysUtils.executeSimple(SysUtils.java:43)
	at com.github.vbauer.apkmaster.service.assembly.ProjectBuildService.buildProject(ProjectBuildService.java:78)
	at com.github.vbauer.apkmaster.service.assembly.ProjectBuildService.buildProject(ProjectBuildService.java:64)
	at com.github.vbauer.apkmaster.service.assembly.ProjectBuildService.buildProject(ProjectBuildService.java:43)
	at com.github.vbauer.apkmaster.service.FullProcessService.build(FullProcessService.java:84)
	at com.github.vbauer.apkmaster.service.FullProcessService.process(FullProcessService.java:34)
	at com.github.vbauer.apkmaster.app.MainApplication.process(MainApplication.java:38)
	at com.github.vbauer.apkmaster.app.MainApplication.main(MainApplication.java:20)
	at sun.reflect.NativeMethodAccessorImpl.invoke0(Native Method)
	at sun.reflect.NativeMethodAccessorImpl.invoke(NativeMethodAccessorImpl.java:62)
	at sun.reflect.DelegatingMethodAccessorImpl.invoke(DelegatingMethodAccessorImpl.java:43)
	at java.lang.reflect.Method.invoke(Method.java:498)
	at com.android.arsenal.util.ReflectionUtils.invoke(ReflectionUtils.java:52)
	at com.android.arsenal.util.ApkMasterUtils.main(ApkMasterUtils.java:30)
	at com.android.arsenal.service.processor.impl.BuildProcessorServiceImpl.buildProject(BuildProcessorServiceImpl.java:196)
	at com.android.arsenal.service.processor.impl.BuildProcessorServiceImpl.build(BuildProcessorServiceImpl.java:130)
	at com.android.arsenal.service.processor.impl.BuildProcessorServiceImpl.lambda$createTasks$1(BuildProcessorServiceImpl.java:113)
	at java.util.concurrent.FutureTask.run(FutureTask.java:266)
	at java.util.concurrent.Executors$RunnableAdapter.call(Executors.java:511)
	at java.util.concurrent.FutureTask.run(FutureTask.java:266)
	at java.util.concurrent.ThreadPoolExecutor.runWorker(ThreadPoolExecutor.java:1149)
	at java.util.concurrent.ThreadPoolExecutor$Worker.run(ThreadPoolExecutor.java:624)
	at java.lang.Thread.run(Thread.java:748)
2018-08-31 19:22:15,843 INFO  SysUtils - Configuration on demand is an incubating feature.
Incremental java compilation is an incubating feature.
:app:preBuild UP-TO-DATE
:app:preDebugBuild UP-TO-DATE
:app:checkDebugManifest
:app:preReleaseBuild UP-TO-DATE
:app:prepareComAndroidSupportAnimatedVectorDrawable2531Library
:app:prepareComAndroidSupportAppcompatV72531Library
:app:prepareComAndroidSupportSupportCompat2531Library
:app:prepareComAndroidSupportSupportCoreUi2531Library
:app:prepareComAndroidSupportSupportCoreUtils2531Library
:app:prepareComAndroidSupportSupportFragment2531Library
:app:prepareComAndroidSupportSupportMediaCompat2531Library
:app:prepareComAndroidSupportSupportV42531Library
:app:prepareComAndroidSupportSupportVectorDrawable2531Library
:draggable-views:preBuild UP-TO-DATE
:draggable-views:preReleaseBuild UP-TO-DATE
:draggable-views:checkReleaseManifest
:draggable-views:preDebugAndroidTestBuild UP-TO-DATE
:draggable-views:preDebugBuild UP-TO-DATE
:draggable-views:preDebugUnitTestBuild UP-TO-DATE
:draggable-views:preReleaseUnitTestBuild UP-TO-DATE
:draggable-views:prepareComAndroidSupportAnimatedVectorDrawable2531Library
:draggable-views:prepareComAndroidSupportAppcompatV72531Library
:draggable-views:prepareComAndroidSupportSupportCompat2531Library
:draggable-views:prepareComAndroidSupportSupportCoreUi2531Library
:draggable-views:prepareComAndroidSupportSupportCoreUtils2531Library
:draggable-views:prepareComAndroidSupportSupportFragment2531Library
:draggable-views:prepareComAndroidSupportSupportMediaCompat2531Library
:draggable-views:prepareComAndroidSupportSupportV42531Library
:draggable-views:prepareComAndroidSupportSupportVectorDrawable2531Library
:draggable-views:prepareReleaseDependencies
:draggable-views:compileReleaseAidl UP-TO-DATE
:draggable-views:compileReleaseNdk UP-TO-DATE
:draggable-views:compileLint UP-TO-DATE
:draggable-views:copyReleaseLint UP-TO-DATE
:draggable-views:compileReleaseRenderscript UP-TO-DATE
:draggable-views:generateReleaseBuildConfig UP-TO-DATE
:draggable-views:generateReleaseResValues UP-TO-DATE
:draggable-views:generateReleaseResources UP-TO-DATE
:draggable-views:mergeReleaseResources UP-TO-DATE
:draggable-views:processReleaseManifest UP-TO-DATE
:draggable-views:processReleaseResources UP-TO-DATE
:draggable-views:generateReleaseSources UP-TO-DATE
:draggable-views:incrementalReleaseJavaCompilationSafeguard UP-TO-DATE
:draggable-views:javaPreCompileRelease
:draggable-views:compileReleaseJavaWithJavac UP-TO-DATE
:draggable-views:extractReleaseAnnotations UP-TO-DATE
:draggable-views:mergeReleaseShaders UP-TO-DATE
:draggable-views:compileReleaseShaders UP-TO-DATE
:draggable-views:generateReleaseAssets UP-TO-DATE
:draggable-views:mergeReleaseAssets UP-TO-DATE
:draggable-views:mergeReleaseProguardFiles UP-TO-DATE
:draggable-views:packageReleaseRenderscript UP-TO-DATE
:draggable-views:packageReleaseResources UP-TO-DATE
:draggable-views:processReleaseJavaRes UP-TO-DATE
:draggable-views:transformResourcesWithMergeJavaResForRelease UP-TO-DATE
:draggable-views:transformClassesAndResourcesWithSyncLibJarsForRelease UP-TO-DATE
:draggable-views:mergeReleaseJniLibFolders UP-TO-DATE
:draggable-views:transformNativeLibsWithMergeJniLibsForRelease UP-TO-DATE
:draggable-views:transformNativeLibsWithStripDebugSymbolForRelease UP-TO-DATE
:draggable-views:transformNativeLibsWithSyncJniLibsForRelease UP-TO-DATE
:draggable-views:bundleRelease UP-TO-DATE
:app:prepareDebugDependencies
:app:compileDebugAidl UP-TO-DATE
:app:compileDebugRenderscript UP-TO-DATE
:app:generateDebugBuildConfig UP-TO-DATE
:app:generateDebugResValues UP-TO-DATE
:app:generateDebugResources UP-TO-DATE
:app:mergeDebugResources UP-TO-DATE
:app:processDebugManifest UP-TO-DATE
:app:processDebugResources/private/var/folders/bq/vtzpc5ns5sg2cthy61lqpg3dfzgbys/T/1535718086663-0/src/DraggableView-master/app/src/main/res/layout/activity_main.xml:76:32-49: AAPT: No resource found that matches the given name (at 'textColor' with value '@color/colorBlack').
    
/private/var/folders/bq/vtzpc5ns5sg2cthy61lqpg3dfzgbys/T/1535718086663-0/src/DraggableView-master/app/src/main/res/drawable/bg_circle.xml:7:24-41: AAPT: No resource found that matches the given name (at 'color' with value '@color/colorBlack').
    
/private/var/folders/bq/vtzpc5ns5sg2cthy61lqpg3dfzgbys/T/1535718086663-0/src/DraggableView-master/app/build/intermediates/res/merged/debug/layout/activity_main.xml:68: error: Error: No resource found that matches the given name (at 'textColor' with value '@color/colorBlack').

/private/var/folders/bq/vtzpc5ns5sg2cthy61lqpg3dfzgbys/T/1535718086663-0/src/DraggableView-master/app/build/intermediates/res/merged/debug/drawable/bg_circle.xml:6: error: Error: No resource found that matches the given name (at 'color' with value '@color/colorBlack').


 FAILED

FAILURE: Build failed with an exception.

* What went wrong:
Execution failed for task ':app:processDebugResources'.
> com.android.ide.common.process.ProcessException: Failed to execute aapt

* Try:
Run with --info or --debug option to get more log output.

* Exception is:
org.gradle.api.tasks.TaskExecutionException: Execution failed for task ':app:processDebugResources'.
	at org.gradle.api.internal.tasks.execution.ExecuteActionsTaskExecuter.executeActions(ExecuteActionsTaskExecuter.java:84)
	at org.gradle.api.internal.tasks.execution.ExecuteActionsTaskExecuter.execute(ExecuteActionsTaskExecuter.java:55)
	at org.gradle.api.internal.tasks.execution.SkipUpToDateTaskExecuter.execute(SkipUpToDateTaskExecuter.java:62)
	at org.gradle.api.internal.tasks.execution.ValidatingTaskExecuter.execute(ValidatingTaskExecuter.java:58)
	at org.gradle.api.internal.tasks.execution.SkipEmptySourceFilesTaskExecuter.execute(SkipEmptySourceFilesTaskExecuter.java:88)
	at org.gradle.api.internal.tasks.execution.ResolveTaskArtifactStateTaskExecuter.execute(ResolveTaskArtifactStateTaskExecuter.java:46)
	at org.gradle.api.internal.tasks.execution.SkipTaskWithNoActionsExecuter.execute(SkipTaskWithNoActionsExecuter.java:51)
	at org.gradle.api.internal.tasks.execution.SkipOnlyIfTaskExecuter.execute(SkipOnlyIfTaskExecuter.java:54)
	at org.gradle.api.internal.tasks.execution.ExecuteAtMostOnceTaskExecuter.execute(ExecuteAtMostOnceTaskExecuter.java:43)
	at org.gradle.api.internal.tasks.execution.CatchExceptionTaskExecuter.execute(CatchExceptionTaskExecuter.java:34)
	at org.gradle.execution.taskgraph.DefaultTaskGraphExecuter$EventFiringTaskWorker$1.execute(DefaultTaskGraphExecuter.java:236)
	at org.gradle.execution.taskgraph.DefaultTaskGraphExecuter$EventFiringTaskWorker$1.execute(DefaultTaskGraphExecuter.java:228)
	at org.gradle.internal.Transformers$4.transform(Transformers.java:169)
	at org.gradle.internal.progress.DefaultBuildOperationExecutor.run(DefaultBuildOperationExecutor.java:106)
	at org.gradle.internal.progress.DefaultBuildOperationExecutor.run(DefaultBuildOperationExecutor.java:61)
	at org.gradle.execution.taskgraph.DefaultTaskGraphExecuter$EventFiringTaskWorker.execute(DefaultTaskGraphExecuter.java:228)
	at org.gradle.execution.taskgraph.DefaultTaskGraphExecuter$EventFiringTaskWorker.execute(DefaultTaskGraphExecuter.java:215)
	at org.gradle.execution.taskgraph.AbstractTaskPlanExecutor$TaskExecutorWorker.processTask(AbstractTaskPlanExecutor.java:77)
	at org.gradle.execution.taskgraph.AbstractTaskPlanExecutor$TaskExecutorWorker.run(AbstractTaskPlanExecutor.java:58)
	at org.gradle.execution.taskgraph.DefaultTaskPlanExecutor.process(DefaultTaskPlanExecutor.java:32)
	at org.gradle.execution.taskgraph.DefaultTaskGraphExecuter.execute(DefaultTaskGraphExecuter.java:113)
	at org.gradle.execution.SelectedTaskExecutionAction.execute(SelectedTaskExecutionAction.java:37)
	at org.gradle.execution.DefaultBuildExecuter.execute(DefaultBuildExecuter.java:37)
	at org.gradle.execution.DefaultBuildExecuter.access$000(DefaultBuildExecuter.java:23)
	at org.gradle.execution.DefaultBuildExecuter$1.proceed(DefaultBuildExecuter.java:43)
	at org.gradle.execution.DryRunBuildExecutionAction.execute(DryRunBuildExecutionAction.java:32)
	at org.gradle.execution.DefaultBuildExecuter.execute(DefaultBuildExecuter.java:37)
	at org.gradle.execution.DefaultBuildExecuter.execute(DefaultBuildExecuter.java:30)
	at org.gradle.initialization.DefaultGradleLauncher$3.execute(DefaultGradleLauncher.java:196)
	at org.gradle.initialization.DefaultGradleLauncher$3.execute(DefaultGradleLauncher.java:193)
	at org.gradle.internal.Transformers$4.transform(Transformers.java:169)
	at org.gradle.internal.progress.DefaultBuildOperationExecutor.run(DefaultBuildOperationExecutor.java:106)
	at org.gradle.internal.progress.DefaultBuildOperationExecutor.run(DefaultBuildOperationExecutor.java:56)
	at org.gradle.initialization.DefaultGradleLauncher.doBuildStages(DefaultGradleLauncher.java:193)
	at org.gradle.initialization.DefaultGradleLauncher.doBuild(DefaultGradleLauncher.java:119)
	at org.gradle.initialization.DefaultGradleLauncher.run(DefaultGradleLauncher.java:102)
	at org.gradle.launcher.exec.GradleBuildController.run(GradleBuildController.java:71)
	at org.gradle.tooling.internal.provider.ExecuteBuildActionRunner.run(ExecuteBuildActionRunner.java:28)
	at org.gradle.launcher.exec.ChainingBuildActionRunner.run(ChainingBuildActionRunner.java:35)
	at org.gradle.launcher.exec.InProcessBuildActionExecuter.execute(InProcessBuildActionExecuter.java:41)
	at org.gradle.launcher.exec.InProcessBuildActionExecuter.execute(InProcessBuildActionExecuter.java:26)
	at org.gradle.tooling.internal.provider.ContinuousBuildActionExecuter.execute(ContinuousBuildActionExecuter.java:75)
	at org.gradle.tooling.internal.provider.ContinuousBuildActionExecuter.execute(ContinuousBuildActionExecuter.java:49)
	at org.gradle.tooling.internal.provider.ServicesSetupBuildActionExecuter.execute(ServicesSetupBuildActionExecuter.java:44)
	at org.gradle.tooling.internal.provider.ServicesSetupBuildActionExecuter.execute(ServicesSetupBuildActionExecuter.java:29)
	at org.gradle.launcher.cli.RunBuildAction.run(RunBuildAction.java:51)
	at org.gradle.internal.Actions$RunnableActionAdapter.execute(Actions.java:173)
	at org.gradle.launcher.cli.CommandLineActionFactory$ParseAndBuildAction.execute(CommandLineActionFactory.java:244)
	at org.gradle.launcher.cli.CommandLineActionFactory$ParseAndBuildAction.execute(CommandLineActionFactory.java:217)
	at org.gradle.launcher.cli.JavaRuntimeValidationAction.execute(JavaRuntimeValidationAction.java:33)
	at org.gradle.launcher.cli.JavaRuntimeValidationAction.execute(JavaRuntimeValidationAction.java:24)
	at org.gradle.launcher.cli.ExceptionReportingAction.execute(ExceptionReportingAction.java:33)
	at org.gradle.launcher.cli.ExceptionReportingAction.execute(ExceptionReportingAction.java:22)
	at org.gradle.launcher.cli.CommandLineActionFactory$WithLogging.execute(CommandLineActionFactory.java:210)
	at org.gradle.launcher.cli.CommandLineActionFactory$WithLogging.execute(CommandLineActionFactory.java:174)
	at org.gradle.launcher.Main.doAction(Main.java:33)
	at org.gradle.launcher.bootstrap.EntryPoint.run(EntryPoint.java:45)
	at org.gradle.launcher.bootstrap.ProcessBootstrap.runNoExit(ProcessBootstrap.java:60)
	at org.gradle.launcher.bootstrap.ProcessBootstrap.run(ProcessBootstrap.java:37)
	at org.gradle.launcher.GradleMain.main(GradleMain.java:23)
	at org.gradle.wrapper.BootstrapMainStarter.start(BootstrapMainStarter.java:30)
	at org.gradle.wrapper.WrapperExecutor.execute(WrapperExecutor.java:129)
	at org.gradle.wrapper.GradleWrapperMain.main(GradleWrapperMain.java:61)
Caused by: java.lang.RuntimeException: com.android.ide.common.process.ProcessException: Failed to execute aapt
	at com.android.build.gradle.tasks.ProcessAndroidResources.doFullTaskAction(ProcessAndroidResources.java:201)
	at com.android.build.gradle.internal.tasks.IncrementalTask.taskAction(IncrementalTask.java:82)
	at org.gradle.internal.reflect.JavaMethod.invoke(JavaMethod.java:73)
	at org.gradle.api.internal.project.taskfactory.DefaultTaskClassInfoStore$IncrementalTaskAction.doExecute(DefaultTaskClassInfoStore.java:163)
	at org.gradle.api.internal.project.taskfactory.DefaultTaskClassInfoStore$StandardTaskAction.execute(DefaultTaskClassInfoStore.java:134)
	at org.gradle.api.internal.project.taskfactory.DefaultTaskClassInfoStore$StandardTaskAction.execute(DefaultTaskClassInfoStore.java:123)
	at org.gradle.api.internal.tasks.execution.ExecuteActionsTaskExecuter.executeAction(ExecuteActionsTaskExecuter.java:95)
	at org.gradle.api.internal.tasks.execution.ExecuteActionsTaskExecuter.executeActions(ExecuteActionsTaskExecuter.java:76)
	... 62 more
Caused by: com.android.ide.common.process.ProcessException: Failed to execute aapt
	at com.android.builder.core.AndroidBuilder.processResources(AndroidBuilder.java:867)
	at com.android.build.gradle.tasks.ProcessAndroidResources.doFullTaskAction(ProcessAndroidResources.java:194)
	... 69 more
Caused by: java.util.concurrent.ExecutionException: com.android.ide.common.process.ProcessException: Error while executing process /Users/vbauer/Library/Android/sdk/build-tools/25.0.2/aapt with arguments {package -f --no-crunch -I /Users/vbauer/Library/Android/sdk/platforms/android-25/android.jar -M /private/var/folders/bq/vtzpc5ns5sg2cthy61lqpg3dfzgbys/T/1535718086663-0/src/DraggableView-master/app/build/intermediates/manifests/full/debug/AndroidManifest.xml -S /private/var/folders/bq/vtzpc5ns5sg2cthy61lqpg3dfzgbys/T/1535718086663-0/src/DraggableView-master/app/build/intermediates/res/merged/debug -m -J /private/var/folders/bq/vtzpc5ns5sg2cthy61lqpg3dfzgbys/T/1535718086663-0/src/DraggableView-master/app/build/generated/source/r/debug -F /private/var/folders/bq/vtzpc5ns5sg2cthy61lqpg3dfzgbys/T/1535718086663-0/src/DraggableView-master/app/build/intermediates/res/resources-debug.ap_ --debug-mode --custom-package com.app.dragableview -0 apk --output-text-symbols /private/var/folders/bq/vtzpc5ns5sg2cthy61lqpg3dfzgbys/T/1535718086663-0/src/DraggableView-master/app/build/intermediates/symbols/debug --no-version-vectors}
	at com.google.common.util.concurrent.AbstractFuture$Sync.getValue(AbstractFuture.java:299)
	at com.google.common.util.concurrent.AbstractFuture$Sync.get(AbstractFuture.java:286)
	at com.google.common.util.concurrent.AbstractFuture.get(AbstractFuture.java:116)
	at com.android.builder.core.AndroidBuilder.processResources(AndroidBuilder.java:865)
	... 70 more
Caused by: com.android.ide.common.process.ProcessException: Error while executing process /Users/vbauer/Library/Android/sdk/build-tools/25.0.2/aapt with arguments {package -f --no-crunch -I /Users/vbauer/Library/Android/sdk/platforms/android-25/android.jar -M /private/var/folders/bq/vtzpc5ns5sg2cthy61lqpg3dfzgbys/T/1535718086663-0/src/DraggableView-master/app/build/intermediates/manifests/full/debug/AndroidManifest.xml -S /private/var/folders/bq/vtzpc5ns5sg2cthy61lqpg3dfzgbys/T/1535718086663-0/src/DraggableView-master/app/build/intermediates/res/merged/debug -m -J /private/var/folders/bq/vtzpc5ns5sg2cthy61lqpg3dfzgbys/T/1535718086663-0/src/DraggableView-master/app/build/generated/source/r/debug -F /private/var/folders/bq/vtzpc5ns5sg2cthy61lqpg3dfzgbys/T/1535718086663-0/src/DraggableView-master/app/build/intermediates/res/resources-debug.ap_ --debug-mode --custom-package com.app.dragableview -0 apk --output-text-symbols /private/var/folders/bq/vtzpc5ns5sg2cthy61lqpg3dfzgbys/T/1535718086663-0/src/DraggableView-master/app/build/intermediates/symbols/debug --no-version-vectors}
	at com.android.build.gradle.internal.process.GradleProcessResult.buildProcessException(GradleProcessResult.java:74)
	at com.android.build.gradle.internal.process.GradleProcessResult.assertNormalExitValue(GradleProcessResult.java:49)
	at com.android.builder.internal.aapt.AbstractProcessExecutionAapt$1.onSuccess(AbstractProcessExecutionAapt.java:78)
	at com.android.builder.internal.aapt.AbstractProcessExecutionAapt$1.onSuccess(AbstractProcessExecutionAapt.java:74)
	at com.google.common.util.concurrent.Futures$6.run(Futures.java:1319)
	at com.google.common.util.concurrent.MoreExecutors$DirectExecutor.execute(MoreExecutors.java:457)
	at com.google.common.util.concurrent.ExecutionList.executeListener(ExecutionList.java:156)
	at com.google.common.util.concurrent.ExecutionList.execute(ExecutionList.java:145)
	at com.google.common.util.concurrent.AbstractFuture.set(AbstractFuture.java:185)
	at com.google.common.util.concurrent.SettableFuture.set(SettableFuture.java:53)
	at com.android.build.gradle.internal.process.GradleProcessExecutor$1.run(GradleProcessExecutor.java:60)
Caused by: org.gradle.process.internal.ExecException: Process 'command '/Users/vbauer/Library/Android/sdk/build-tools/25.0.2/aapt'' finished with non-zero exit value 1
	at org.gradle.process.internal.DefaultExecHandle$ExecResultImpl.assertNormalExitValue(DefaultExecHandle.java:369)
	at com.android.build.gradle.internal.process.GradleProcessResult.assertNormalExitValue(GradleProcessResult.java:47)
	... 9 more


BUILD FAILED

Total time: 6.886 secs

2018-08-31 19:22:15,919 ERROR FullProcessService - Project build has not produced APK file
2018-08-31 19:22:15,994 ERROR FullProcessService - Could not find generated or existed APK file
