2018-08-31 19:17:39,513 INFO  DownloadService - Downloading "https://github.com/antoxa2584x/VideoWatchface/archive/master.zip", attempt 3
2018-08-31 19:17:40,220 INFO  DownloadService - Downloaded https://github.com/antoxa2584x/VideoWatchface/archive/master.zip, attempt 3
2018-08-31 19:17:40,220 INFO  DownloadService - Size of file "/var/folders/bq/vtzpc5ns5sg2cthy61lqpg3dfzgbys/T/1535717859506-0/master.zip": 236 KB
2018-08-31 19:17:40,220 INFO  ArchiveUtils - Checking entries [.gradle] in ZIP file...
2018-08-31 19:17:40,226 INFO  ArchiveUtils - Has entries [.gradle] in ZIP file /var/folders/bq/vtzpc5ns5sg2cthy61lqpg3dfzgbys/T/1535717859506-0/master.zip: true
2018-08-31 19:17:40,226 DEBUG ZipUtil - Extracting '/var/folders/bq/vtzpc5ns5sg2cthy61lqpg3dfzgbys/T/1535717859506-0/master.zip' into '/var/folders/bq/vtzpc5ns5sg2cthy61lqpg3dfzgbys/T/1535717859506-0/src'.
2018-08-31 19:17:40,258 INFO  FullProcessService - Size of directory with sources: 321 KB
2018-08-31 19:17:40,259 INFO  SysUtils - Execute command: [git, init, /var/folders/bq/vtzpc5ns5sg2cthy61lqpg3dfzgbys/T/1535717859506-0/src]
2018-08-31 19:17:40,274 INFO  SysUtils - Initialized empty Git repository in /private/var/folders/bq/vtzpc5ns5sg2cthy61lqpg3dfzgbys/T/1535717859506-0/src/.git/

2018-08-31 19:17:40,279 INFO  ProjectBuildService - Gradle wrapper(s): /var/folders/bq/vtzpc5ns5sg2cthy61lqpg3dfzgbys/T/1535717859506-0/src/VideoWatchface-master/gradlew
2018-08-31 19:17:40,283 INFO  ProjectBuildService - Build script(s): /var/folders/bq/vtzpc5ns5sg2cthy61lqpg3dfzgbys/T/1535717859506-0/src/VideoWatchface-master/mobile/build.gradle /var/folders/bq/vtzpc5ns5sg2cthy61lqpg3dfzgbys/T/1535717859506-0/src/VideoWatchface-master/teleportlib/build.gradle /var/folders/bq/vtzpc5ns5sg2cthy61lqpg3dfzgbys/T/1535717859506-0/src/VideoWatchface-master/wear/build.gradle /var/folders/bq/vtzpc5ns5sg2cthy61lqpg3dfzgbys/T/1535717859506-0/src/VideoWatchface-master/build.gradle
2018-08-31 19:17:40,288 INFO  ProjectBuildService - All script(s): /var/folders/bq/vtzpc5ns5sg2cthy61lqpg3dfzgbys/T/1535717859506-0/src/VideoWatchface-master/mobile/build.gradle /var/folders/bq/vtzpc5ns5sg2cthy61lqpg3dfzgbys/T/1535717859506-0/src/VideoWatchface-master/build.gradle /var/folders/bq/vtzpc5ns5sg2cthy61lqpg3dfzgbys/T/1535717859506-0/src/VideoWatchface-master/settings.gradle /var/folders/bq/vtzpc5ns5sg2cthy61lqpg3dfzgbys/T/1535717859506-0/src/VideoWatchface-master/teleportlib/build.gradle /var/folders/bq/vtzpc5ns5sg2cthy61lqpg3dfzgbys/T/1535717859506-0/src/VideoWatchface-master/wear/build.gradle
2018-08-31 19:17:40,291 INFO  ProjectBuildService - Remote scripts: none
2018-08-31 19:17:40,291 INFO  ProjectFixService - Fixing project...
2018-08-31 19:17:40,302 INFO  LocalPropertiesFixService - Created fake /var/folders/bq/vtzpc5ns5sg2cthy61lqpg3dfzgbys/T/1535717859506-0/src/VideoWatchface-master/mobile/local.properties
2018-08-31 19:17:40,302 INFO  ProjectFixService - Build info for "/var/folders/bq/vtzpc5ns5sg2cthy61lqpg3dfzgbys/T/1535717859506-0/src/VideoWatchface-master/mobile/build.gradle": [buildToolsVersion=24.0.1,compileSdkVersion=24,minSdkVersion=16,targetSdkVersion=24]
2018-08-31 19:17:40,303 INFO  LocalPropertiesFixService - Created fake /var/folders/bq/vtzpc5ns5sg2cthy61lqpg3dfzgbys/T/1535717859506-0/src/VideoWatchface-master/teleportlib/local.properties
2018-08-31 19:17:40,303 INFO  ProjectFixService - Build info for "/var/folders/bq/vtzpc5ns5sg2cthy61lqpg3dfzgbys/T/1535717859506-0/src/VideoWatchface-master/teleportlib/build.gradle": [buildToolsVersion=24.0.1,compileSdkVersion=24,minSdkVersion=16,targetSdkVersion=24]
2018-08-31 19:17:40,304 INFO  LocalPropertiesFixService - Created fake /var/folders/bq/vtzpc5ns5sg2cthy61lqpg3dfzgbys/T/1535717859506-0/src/VideoWatchface-master/wear/local.properties
2018-08-31 19:17:40,304 INFO  ProjectFixService - Build info for "/var/folders/bq/vtzpc5ns5sg2cthy61lqpg3dfzgbys/T/1535717859506-0/src/VideoWatchface-master/wear/build.gradle": [buildToolsVersion=24.0.1,compileSdkVersion=24,minSdkVersion=21,targetSdkVersion=24]
2018-08-31 19:17:40,305 INFO  LocalPropertiesFixService - Created fake /var/folders/bq/vtzpc5ns5sg2cthy61lqpg3dfzgbys/T/1535717859506-0/src/VideoWatchface-master/local.properties
2018-08-31 19:17:40,305 INFO  WrapperPropertiesFixService - Gradle wrapper: https://services.gradle.org/distributions/gradle-2.14.1-all.zip
2018-08-31 19:17:40,306 INFO  WrapperPropertiesFixService - Gradle wrapper was changed from "-all.zip" to "-bin.zip" (https://services.gradle.org/distributions/gradle-2.14.1-bin.zip)
2018-08-31 19:17:40,306 INFO  ProjectFixService - Build info for "/var/folders/bq/vtzpc5ns5sg2cthy61lqpg3dfzgbys/T/1535717859506-0/src/VideoWatchface-master/build.gradle": [buildToolsVersion=24.0.1,compileSdkVersion=24,minSdkVersion=16,targetSdkVersion=24]
2018-08-31 19:17:40,307 INFO  ProjectFixService - Project was maybe fixed
2018-08-31 19:17:40,307 INFO  ProjectTaskService - Detecting possible tasks...
2018-08-31 19:17:40,307 INFO  SysUtils - Execute command: [/var/folders/bq/vtzpc5ns5sg2cthy61lqpg3dfzgbys/T/1535717859506-0/src/VideoWatchface-master/gradlew, -b, /var/folders/bq/vtzpc5ns5sg2cthy61lqpg3dfzgbys/T/1535717859506-0/src/VideoWatchface-master/mobile/build.gradle, -Dorg.gradle.daemon=false, -Dorg.gradle.daemon.performance.enable-monitoring=false, -Dorg.gradle.configureondemand=true, tasks]
2018-08-31 19:19:43,646 INFO  ProjectTaskService - Detected possible tasks: 72
2018-08-31 19:19:43,646 INFO  ProjectTaskService - Excluded tasks (19): lintDebug mockableAndroidJar deviceCheck lint testReleaseUnitTest uninstallRelease deviceAndroidTest uninstallDebugAndroidTest installDebugAndroidTest connectedCheck connectedDebugAndroidTest uninstallAll test check testDebugUnitTest connectedAndroidTest installDebug lintRelease uninstallDebug
2018-08-31 19:19:43,647 INFO  SysUtils - Execute command: [/var/folders/bq/vtzpc5ns5sg2cthy61lqpg3dfzgbys/T/1535717859506-0/src/VideoWatchface-master/gradlew, -b, /var/folders/bq/vtzpc5ns5sg2cthy61lqpg3dfzgbys/T/1535717859506-0/src/VideoWatchface-master/mobile/build.gradle, -Dorg.gradle.daemon=false, -Dorg.gradle.daemon.performance.enable-monitoring=false, -Dorg.gradle.configureondemand=true, --stacktrace, -x, lintDebug, -x, mockableAndroidJar, -x, deviceCheck, -x, lint, -x, testReleaseUnitTest, -x, uninstallRelease, -x, deviceAndroidTest, -x, uninstallDebugAndroidTest, -x, installDebugAndroidTest, -x, connectedCheck, -x, connectedDebugAndroidTest, -x, uninstallAll, -x, test, -x, check, -x, testDebugUnitTest, -x, connectedAndroidTest, -x, installDebug, -x, lintRelease, -x, uninstallDebug, build]
2018-08-31 19:20:17,259 ERROR SysUtils - Could not process external command
org.apache.commons.exec.ExecuteException: Process exited with an error: 1 (Exit value: 1)
	at org.apache.commons.exec.DefaultExecutor.executeInternal(DefaultExecutor.java:404)
	at org.apache.commons.exec.DefaultExecutor.execute(DefaultExecutor.java:166)
	at com.github.vbauer.apkmaster.util.SysUtils.execute(SysUtils.java:67)
	at com.github.vbauer.apkmaster.util.SysUtils.executeSimple(SysUtils.java:43)
	at com.github.vbauer.apkmaster.service.assembly.ProjectBuildService.buildProject(ProjectBuildService.java:78)
	at com.github.vbauer.apkmaster.service.assembly.ProjectBuildService.buildProject(ProjectBuildService.java:64)
	at com.github.vbauer.apkmaster.service.assembly.ProjectBuildService.buildProject(ProjectBuildService.java:43)
	at com.github.vbauer.apkmaster.service.FullProcessService.build(FullProcessService.java:84)
	at com.github.vbauer.apkmaster.service.FullProcessService.process(FullProcessService.java:34)
	at com.github.vbauer.apkmaster.app.MainApplication.process(MainApplication.java:38)
	at com.github.vbauer.apkmaster.app.MainApplication.main(MainApplication.java:20)
	at sun.reflect.NativeMethodAccessorImpl.invoke0(Native Method)
	at sun.reflect.NativeMethodAccessorImpl.invoke(NativeMethodAccessorImpl.java:62)
	at sun.reflect.DelegatingMethodAccessorImpl.invoke(DelegatingMethodAccessorImpl.java:43)
	at java.lang.reflect.Method.invoke(Method.java:498)
	at com.android.arsenal.util.ReflectionUtils.invoke(ReflectionUtils.java:52)
	at com.android.arsenal.util.ApkMasterUtils.main(ApkMasterUtils.java:30)
	at com.android.arsenal.service.processor.impl.BuildProcessorServiceImpl.buildProject(BuildProcessorServiceImpl.java:196)
	at com.android.arsenal.service.processor.impl.BuildProcessorServiceImpl.build(BuildProcessorServiceImpl.java:130)
	at com.android.arsenal.service.processor.impl.BuildProcessorServiceImpl.lambda$createTasks$1(BuildProcessorServiceImpl.java:113)
	at java.util.concurrent.FutureTask.run(FutureTask.java:266)
	at java.util.concurrent.Executors$RunnableAdapter.call(Executors.java:511)
	at java.util.concurrent.FutureTask.run(FutureTask.java:266)
	at java.util.concurrent.ThreadPoolExecutor.runWorker(ThreadPoolExecutor.java:1149)
	at java.util.concurrent.ThreadPoolExecutor$Worker.run(ThreadPoolExecutor.java:624)
	at java.lang.Thread.run(Thread.java:748)
2018-08-31 19:20:17,260 INFO  SysUtils - Configuration on demand is an incubating feature.
Incremental java compilation is an incubating feature.
Jack is required to support java 8 language features.
Jack is required to support java 8 language features.
Jack is required to support java 8 language features.
Jack is required to support java 8 language features.
:mobile:preBuild UP-TO-DATE
:mobile:preDebugBuild UP-TO-DATE
:mobile:checkDebugManifest
:mobile:preReleaseBuild UP-TO-DATE
:teleportlib:preBuild UP-TO-DATE
:teleportlib:preReleaseBuild UP-TO-DATE
:teleportlib:compileReleaseNdk UP-TO-DATE
:teleportlib:compileLint
:teleportlib:copyReleaseLint UP-TO-DATE
:teleportlib:checkReleaseManifest
:teleportlib:preDebugAndroidTestBuild UP-TO-DATE
:teleportlib:preDebugBuild UP-TO-DATE
:teleportlib:preDebugUnitTestBuild UP-TO-DATE
:teleportlib:preReleaseUnitTestBuild UP-TO-DATE
:teleportlib:prepareComAndroidSupportSupportCompat2520Library
:teleportlib:prepareComAndroidSupportSupportCoreUi2520Library
:teleportlib:prepareComAndroidSupportSupportCoreUtils2520Library
:teleportlib:prepareComAndroidSupportSupportFragment2520Library
:teleportlib:prepareComAndroidSupportSupportMediaCompat2520Library
:teleportlib:prepareComAndroidSupportSupportV42520Library
:teleportlib:prepareComGoogleAndroidGmsPlayServicesBase1104Library
:teleportlib:prepareComGoogleAndroidGmsPlayServicesBasement1104Library
:teleportlib:prepareComGoogleAndroidGmsPlayServicesTasks1104Library
:teleportlib:prepareComGoogleAndroidGmsPlayServicesWearable1104Library
:teleportlib:prepareReleaseDependencies
:teleportlib:compileReleaseAidl
:teleportlib:compileReleaseRenderscript
:teleportlib:generateReleaseBuildConfig
:teleportlib:mergeReleaseShaders
:teleportlib:compileReleaseShaders
:teleportlib:generateReleaseAssets
:teleportlib:mergeReleaseAssets
:teleportlib:generateReleaseResValues
:teleportlib:generateReleaseResources
:teleportlib:mergeReleaseResources
:teleportlib:processReleaseManifest
:teleportlib:processReleaseResources
:teleportlib:generateReleaseSources
:teleportlib:incrementalReleaseJavaCompilationSafeguard
:teleportlib:compileReleaseJavaWithJavac
:teleportlib:compileReleaseJavaWithJavac - is not incremental (e.g. outputs have changed, no previous execution, etc.).
Note: /private/var/folders/bq/vtzpc5ns5sg2cthy61lqpg3dfzgbys/T/1535717859506-0/src/VideoWatchface-master/teleportlib/src/main/java/com/mariux/teleport/lib/TeleportClient.java uses or overrides a deprecated API.
Note: Recompile with -Xlint:deprecation for details.
:teleportlib:extractReleaseAnnotations
:teleportlib:mergeReleaseProguardFiles
:teleportlib:packageReleaseRenderscript UP-TO-DATE
:teleportlib:packageReleaseResources
:teleportlib:processReleaseJavaRes UP-TO-DATE
:teleportlib:transformResourcesWithMergeJavaResForRelease
:teleportlib:transformClassesAndResourcesWithSyncLibJarsForRelease
:teleportlib:mergeReleaseJniLibFolders
:teleportlib:transformNative_libsWithMergeJniLibsForRelease
:teleportlib:transformNative_libsWithSyncJniLibsForRelease
:teleportlib:bundleRelease
:mobile:prepareComAndroidSupportAnimatedVectorDrawable2411Library
:mobile:prepareComAndroidSupportAppcompatV72411Library
:mobile:prepareComAndroidSupportDesign2411Library
:mobile:prepareComAndroidSupportRecyclerviewV72411Library
:mobile:prepareComAndroidSupportSupportCompat2520Library
:mobile:prepareComAndroidSupportSupportCoreUi2520Library
:mobile:prepareComAndroidSupportSupportCoreUtils2520Library
:mobile:prepareComAndroidSupportSupportFragment2520Library
:mobile:prepareComAndroidSupportSupportMediaCompat2520Library
:mobile:prepareComAndroidSupportSupportV42520Library
:mobile:prepareComAndroidSupportSupportVectorDrawable2411Library
:mobile:prepareComGithubClansFab164Library
:mobile:prepareComGoogleAndroidGmsPlayServicesAds940Library
:mobile:prepareComGoogleAndroidGmsPlayServicesAdsLite940Library
:mobile:prepareComGoogleAndroidGmsPlayServicesBase1104Library
:mobile:prepareComGoogleAndroidGmsPlayServicesBasement1104Library
:mobile:prepareComGoogleAndroidGmsPlayServicesClearcut940Library
:mobile:prepareComGoogleAndroidGmsPlayServicesGass940Library
:mobile:prepareComGoogleAndroidGmsPlayServicesTasks1104Library
:mobile:prepareComGoogleAndroidGmsPlayServicesWearable1104Library
:mobile:prepareComJakewhartonButterknife840Library
:mobile:prepareComWritingmindsFFmpegAndroid032Library
:mobile:prepareLifeKnowledge4K4lVideoTrimmer113SNAPSHOTLibrary
:mobile:prepareVideoWatchfaceMasterTeleportlibUnspecifiedLibrary
:mobile:prepareDebugDependencies
:mobile:compileDebugAidl
:mobile:compileDebugRenderscript
:mobile:generateDebugBuildConfig
:mobile:mergeDebugShaders
:mobile:compileDebugShaders
:mobile:generateDebugAssets
:mobile:mergeDebugAssets
:mobile:generateDebugResValues
:mobile:generateDebugResources
:mobile:mergeDebugResources
:mobile:processDebugManifest
:mobile:processDebugResources
:mobile:generateDebugSources
:mobile:incrementalDebugJavaCompilationSafeguard
:mobile:compileDebugJavaWithJavac/private/var/folders/bq/vtzpc5ns5sg2cthy61lqpg3dfzgbys/T/1535717859506-0/src/VideoWatchface-master/mobile/src/main/java/devs/goldenpie/com/videowatchface/model/VideoModel.java:18: warning: Generating equals/hashCode implementation but without a call to superclass, even though this class does not extend java.lang.Object. If this is intentional, add '@EqualsAndHashCode(callSuper=false)' to your type.
@Data
^
Note: /private/var/folders/bq/vtzpc5ns5sg2cthy61lqpg3dfzgbys/T/1535717859506-0/src/VideoWatchface-master/mobile/src/main/java/devs/goldenpie/com/videowatchface/utils/DetectWear.java uses or overrides a deprecated API.
Note: Recompile with -Xlint:deprecation for details.
1 warning

:mobile:compileDebugNdk UP-TO-DATE
:mobile:compileDebugSources
:mobile:prePackageMarkerForDebug
:mobile:transformClassesWithRetrolambdaForDebug
:mobile:transformClassesWithDexForDebug FAILED

FAILURE: Build failed with an exception.

* What went wrong:
Execution failed for task ':mobile:transformClassesWithDexForDebug'.
> com.android.build.api.transform.TransformException: com.android.ide.common.process.ProcessException: java.util.concurrent.ExecutionException: com.android.dex.DexException: Multiple dex files define Lcom/google/android/gms/internal/zzee;

* Try:
Run with --info or --debug option to get more log output.

* Exception is:
org.gradle.api.tasks.TaskExecutionException: Execution failed for task ':mobile:transformClassesWithDexForDebug'.
	at org.gradle.api.internal.tasks.execution.ExecuteActionsTaskExecuter.executeActions(ExecuteActionsTaskExecuter.java:69)
	at org.gradle.api.internal.tasks.execution.ExecuteActionsTaskExecuter.execute(ExecuteActionsTaskExecuter.java:46)
	at org.gradle.api.internal.tasks.execution.PostExecutionAnalysisTaskExecuter.execute(PostExecutionAnalysisTaskExecuter.java:35)
	at org.gradle.api.internal.tasks.execution.SkipUpToDateTaskExecuter.execute(SkipUpToDateTaskExecuter.java:66)
	at org.gradle.api.internal.tasks.execution.ValidatingTaskExecuter.execute(ValidatingTaskExecuter.java:58)
	at org.gradle.api.internal.tasks.execution.SkipEmptySourceFilesTaskExecuter.execute(SkipEmptySourceFilesTaskExecuter.java:52)
	at org.gradle.api.internal.tasks.execution.SkipTaskWithNoActionsExecuter.execute(SkipTaskWithNoActionsExecuter.java:52)
	at org.gradle.api.internal.tasks.execution.SkipOnlyIfTaskExecuter.execute(SkipOnlyIfTaskExecuter.java:53)
	at org.gradle.api.internal.tasks.execution.ExecuteAtMostOnceTaskExecuter.execute(ExecuteAtMostOnceTaskExecuter.java:43)
	at org.gradle.execution.taskgraph.DefaultTaskGraphExecuter$EventFiringTaskWorker.execute(DefaultTaskGraphExecuter.java:203)
	at org.gradle.execution.taskgraph.DefaultTaskGraphExecuter$EventFiringTaskWorker.execute(DefaultTaskGraphExecuter.java:185)
	at org.gradle.execution.taskgraph.AbstractTaskPlanExecutor$TaskExecutorWorker.processTask(AbstractTaskPlanExecutor.java:66)
	at org.gradle.execution.taskgraph.AbstractTaskPlanExecutor$TaskExecutorWorker.run(AbstractTaskPlanExecutor.java:50)
	at org.gradle.execution.taskgraph.DefaultTaskPlanExecutor.process(DefaultTaskPlanExecutor.java:25)
	at org.gradle.execution.taskgraph.DefaultTaskGraphExecuter.execute(DefaultTaskGraphExecuter.java:110)
	at org.gradle.execution.SelectedTaskExecutionAction.execute(SelectedTaskExecutionAction.java:37)
	at org.gradle.execution.DefaultBuildExecuter.execute(DefaultBuildExecuter.java:37)
	at org.gradle.execution.DefaultBuildExecuter.access$000(DefaultBuildExecuter.java:23)
	at org.gradle.execution.DefaultBuildExecuter$1.proceed(DefaultBuildExecuter.java:43)
	at org.gradle.execution.DryRunBuildExecutionAction.execute(DryRunBuildExecutionAction.java:32)
	at org.gradle.execution.DefaultBuildExecuter.execute(DefaultBuildExecuter.java:37)
	at org.gradle.execution.DefaultBuildExecuter.execute(DefaultBuildExecuter.java:30)
	at org.gradle.initialization.DefaultGradleLauncher$4.run(DefaultGradleLauncher.java:153)
	at org.gradle.internal.Factories$1.create(Factories.java:22)
	at org.gradle.internal.progress.DefaultBuildOperationExecutor.run(DefaultBuildOperationExecutor.java:91)
	at org.gradle.internal.progress.DefaultBuildOperationExecutor.run(DefaultBuildOperationExecutor.java:53)
	at org.gradle.initialization.DefaultGradleLauncher.doBuildStages(DefaultGradleLauncher.java:150)
	at org.gradle.initialization.DefaultGradleLauncher.access$200(DefaultGradleLauncher.java:32)
	at org.gradle.initialization.DefaultGradleLauncher$1.create(DefaultGradleLauncher.java:98)
	at org.gradle.initialization.DefaultGradleLauncher$1.create(DefaultGradleLauncher.java:92)
	at org.gradle.internal.progress.DefaultBuildOperationExecutor.run(DefaultBuildOperationExecutor.java:91)
	at org.gradle.internal.progress.DefaultBuildOperationExecutor.run(DefaultBuildOperationExecutor.java:63)
	at org.gradle.initialization.DefaultGradleLauncher.doBuild(DefaultGradleLauncher.java:92)
	at org.gradle.initialization.DefaultGradleLauncher.run(DefaultGradleLauncher.java:83)
	at org.gradle.launcher.exec.InProcessBuildActionExecuter$DefaultBuildController.run(InProcessBuildActionExecuter.java:99)
	at org.gradle.tooling.internal.provider.ExecuteBuildActionRunner.run(ExecuteBuildActionRunner.java:28)
	at org.gradle.launcher.exec.ChainingBuildActionRunner.run(ChainingBuildActionRunner.java:35)
	at org.gradle.launcher.exec.InProcessBuildActionExecuter.execute(InProcessBuildActionExecuter.java:48)
	at org.gradle.launcher.exec.InProcessBuildActionExecuter.execute(InProcessBuildActionExecuter.java:30)
	at org.gradle.launcher.exec.ContinuousBuildActionExecuter.execute(ContinuousBuildActionExecuter.java:81)
	at org.gradle.launcher.exec.ContinuousBuildActionExecuter.execute(ContinuousBuildActionExecuter.java:46)
	at org.gradle.launcher.exec.DaemonUsageSuggestingBuildActionExecuter.execute(DaemonUsageSuggestingBuildActionExecuter.java:51)
	at org.gradle.launcher.exec.DaemonUsageSuggestingBuildActionExecuter.execute(DaemonUsageSuggestingBuildActionExecuter.java:28)
	at org.gradle.launcher.cli.RunBuildAction.run(RunBuildAction.java:43)
	at org.gradle.internal.Actions$RunnableActionAdapter.execute(Actions.java:173)
	at org.gradle.launcher.cli.CommandLineActionFactory$ParseAndBuildAction.execute(CommandLineActionFactory.java:239)
	at org.gradle.launcher.cli.CommandLineActionFactory$ParseAndBuildAction.execute(CommandLineActionFactory.java:212)
	at org.gradle.launcher.cli.JavaRuntimeValidationAction.execute(JavaRuntimeValidationAction.java:35)
	at org.gradle.launcher.cli.JavaRuntimeValidationAction.execute(JavaRuntimeValidationAction.java:24)
	at org.gradle.launcher.cli.ExceptionReportingAction.execute(ExceptionReportingAction.java:33)
	at org.gradle.launcher.cli.ExceptionReportingAction.execute(ExceptionReportingAction.java:22)
	at org.gradle.launcher.cli.CommandLineActionFactory$WithLogging.execute(CommandLineActionFactory.java:205)
	at org.gradle.launcher.cli.CommandLineActionFactory$WithLogging.execute(CommandLineActionFactory.java:169)
	at org.gradle.launcher.Main.doAction(Main.java:33)
	at org.gradle.launcher.bootstrap.EntryPoint.run(EntryPoint.java:45)
	at org.gradle.launcher.bootstrap.ProcessBootstrap.runNoExit(ProcessBootstrap.java:55)
	at org.gradle.launcher.bootstrap.ProcessBootstrap.run(ProcessBootstrap.java:36)
	at org.gradle.launcher.GradleMain.main(GradleMain.java:23)
	at org.gradle.wrapper.BootstrapMainStarter.start(BootstrapMainStarter.java:30)
	at org.gradle.wrapper.WrapperExecutor.execute(WrapperExecutor.java:129)
	at org.gradle.wrapper.GradleWrapperMain.main(GradleWrapperMain.java:61)
Caused by: java.lang.RuntimeException: com.android.build.api.transform.TransformException: com.android.ide.common.process.ProcessException: java.util.concurrent.ExecutionException: com.android.dex.DexException: Multiple dex files define Lcom/google/android/gms/internal/zzee;
	at com.android.builder.profile.Recorder$Block.handleException(Recorder.java:54)
	at com.android.builder.profile.ThreadRecorder$1.record(ThreadRecorder.java:57)
	at com.android.builder.profile.ThreadRecorder$1.record(ThreadRecorder.java:47)
	at com.android.build.gradle.internal.pipeline.TransformTask.transform(TransformTask.java:173)
	at org.gradle.internal.reflect.JavaMethod.invoke(JavaMethod.java:75)
	at org.gradle.api.internal.project.taskfactory.AnnotationProcessingTaskFactory$IncrementalTaskAction.doExecute(AnnotationProcessingTaskFactory.java:245)
	at org.gradle.api.internal.project.taskfactory.AnnotationProcessingTaskFactory$StandardTaskAction.execute(AnnotationProcessingTaskFactory.java:221)
	at org.gradle.api.internal.project.taskfactory.AnnotationProcessingTaskFactory$IncrementalTaskAction.execute(AnnotationProcessingTaskFactory.java:232)
	at org.gradle.api.internal.project.taskfactory.AnnotationProcessingTaskFactory$StandardTaskAction.execute(AnnotationProcessingTaskFactory.java:210)
	at org.gradle.api.internal.tasks.execution.ExecuteActionsTaskExecuter.executeAction(ExecuteActionsTaskExecuter.java:80)
	at org.gradle.api.internal.tasks.execution.ExecuteActionsTaskExecuter.executeActions(ExecuteActionsTaskExecuter.java:61)
	... 60 more
Caused by: com.android.build.api.transform.TransformException: com.android.ide.common.process.ProcessException: java.util.concurrent.ExecutionException: com.android.dex.DexException: Multiple dex files define Lcom/google/android/gms/internal/zzee;
	at com.android.build.gradle.internal.transforms.DexTransform.transform(DexTransform.java:421)
	at com.android.build.gradle.internal.pipeline.TransformTask$3.call(TransformTask.java:178)
	at com.android.build.gradle.internal.pipeline.TransformTask$3.call(TransformTask.java:174)
	at com.android.builder.profile.ThreadRecorder$1.record(ThreadRecorder.java:55)
	... 69 more
Caused by: com.android.ide.common.process.ProcessException: java.util.concurrent.ExecutionException: com.android.dex.DexException: Multiple dex files define Lcom/google/android/gms/internal/zzee;
	at com.android.builder.core.AndroidBuilder.dexInProcess(AndroidBuilder.java:1518)
	at com.android.builder.core.AndroidBuilder.runDexer(AndroidBuilder.java:1493)
	at com.android.builder.core.AndroidBuilder.convertByteCode(AndroidBuilder.java:1482)
	at com.android.build.gradle.internal.transforms.DexTransform.transform(DexTransform.java:406)
	... 72 more
Caused by: java.util.concurrent.ExecutionException: com.android.dex.DexException: Multiple dex files define Lcom/google/android/gms/internal/zzee;
	at com.android.builder.core.AndroidBuilder.dexInProcess(AndroidBuilder.java:1507)
	... 75 more
Caused by: com.android.dex.DexException: Multiple dex files define Lcom/google/android/gms/internal/zzee;
	at com.android.dx.merge.DexMerger.readSortableTypes(DexMerger.java:579)
	at com.android.dx.merge.DexMerger.getSortedTypes(DexMerger.java:535)
	at com.android.dx.merge.DexMerger.mergeClassDefs(DexMerger.java:517)
	at com.android.dx.merge.DexMerger.mergeDexes(DexMerger.java:164)
	at com.android.dx.merge.DexMerger.merge(DexMerger.java:188)
	at com.android.dx.command.dexer.Main.mergeLibraryDexBuffers(Main.java:508)
	at com.android.dx.command.dexer.Main.runMonoDex(Main.java:338)
	at com.android.dx.command.dexer.Main.run(Main.java:286)
	at com.android.builder.internal.compiler.DexWrapper.run(DexWrapper.java:52)
	at com.android.builder.core.AndroidBuilder$2.call(AndroidBuilder.java:1511)
	at com.android.builder.core.AndroidBuilder$2.call(AndroidBuilder.java:1507)


BUILD FAILED

Total time: 32.934 secs

2018-08-31 19:20:17,374 INFO  ProjectTaskService - Detecting possible tasks...
2018-08-31 19:20:17,374 INFO  SysUtils - Execute command: [/var/folders/bq/vtzpc5ns5sg2cthy61lqpg3dfzgbys/T/1535717859506-0/src/VideoWatchface-master/gradlew, -b, /var/folders/bq/vtzpc5ns5sg2cthy61lqpg3dfzgbys/T/1535717859506-0/src/VideoWatchface-master/teleportlib/build.gradle, -Dorg.gradle.daemon=false, -Dorg.gradle.daemon.performance.enable-monitoring=false, -Dorg.gradle.configureondemand=true, tasks]
2018-08-31 19:20:24,127 ERROR ProjectTaskService - Could not detect possible Gradle tasks: Process exited with an error: 1 (Exit value: 1)
2018-08-31 19:20:24,127 INFO  ProjectTaskService - Detected possible tasks: 0
2018-08-31 19:20:24,127 INFO  ProjectTaskService - Excluded tasks (0): none
2018-08-31 19:20:24,127 INFO  SysUtils - Execute command: [/var/folders/bq/vtzpc5ns5sg2cthy61lqpg3dfzgbys/T/1535717859506-0/src/VideoWatchface-master/gradlew, -b, /var/folders/bq/vtzpc5ns5sg2cthy61lqpg3dfzgbys/T/1535717859506-0/src/VideoWatchface-master/teleportlib/build.gradle, -Dorg.gradle.daemon=false, -Dorg.gradle.daemon.performance.enable-monitoring=false, -Dorg.gradle.configureondemand=true, --stacktrace, build]
2018-08-31 19:20:42,504 INFO  SysUtils - Configuration on demand is an incubating feature.
Incremental java compilation is an incubating feature.
:teleportlib:preBuild UP-TO-DATE
:teleportlib:preDebugBuild UP-TO-DATE
:teleportlib:compileDebugNdk UP-TO-DATE
:teleportlib:compileLint
:teleportlib:copyDebugLint UP-TO-DATE
:teleportlib:checkDebugManifest
:teleportlib:preDebugAndroidTestBuild UP-TO-DATE
:teleportlib:preDebugUnitTestBuild UP-TO-DATE
:teleportlib:preReleaseBuild UP-TO-DATE
:teleportlib:preReleaseUnitTestBuild UP-TO-DATE
:teleportlib:prepareComAndroidSupportSupportCompat2520Library UP-TO-DATE
:teleportlib:prepareComAndroidSupportSupportCoreUi2520Library UP-TO-DATE
:teleportlib:prepareComAndroidSupportSupportCoreUtils2520Library UP-TO-DATE
:teleportlib:prepareComAndroidSupportSupportFragment2520Library UP-TO-DATE
:teleportlib:prepareComAndroidSupportSupportMediaCompat2520Library UP-TO-DATE
:teleportlib:prepareComAndroidSupportSupportV42520Library UP-TO-DATE
:teleportlib:prepareComGoogleAndroidGmsPlayServicesBase1104Library UP-TO-DATE
:teleportlib:prepareComGoogleAndroidGmsPlayServicesBasement1104Library UP-TO-DATE
:teleportlib:prepareComGoogleAndroidGmsPlayServicesTasks1104Library UP-TO-DATE
:teleportlib:prepareComGoogleAndroidGmsPlayServicesWearable1104Library UP-TO-DATE
:teleportlib:prepareDebugDependencies
:teleportlib:compileDebugAidl
:teleportlib:compileDebugRenderscript
:teleportlib:generateDebugBuildConfig
:teleportlib:mergeDebugShaders
:teleportlib:compileDebugShaders
:teleportlib:generateDebugAssets
:teleportlib:mergeDebugAssets
:teleportlib:generateDebugResValues
:teleportlib:generateDebugResources
:teleportlib:mergeDebugResources
:teleportlib:processDebugManifest
:teleportlib:processDebugResources
:teleportlib:generateDebugSources
:teleportlib:incrementalDebugJavaCompilationSafeguard
:teleportlib:compileDebugJavaWithJavac
:teleportlib:compileDebugJavaWithJavac - is not incremental (e.g. outputs have changed, no previous execution, etc.).
Note: /private/var/folders/bq/vtzpc5ns5sg2cthy61lqpg3dfzgbys/T/1535717859506-0/src/VideoWatchface-master/teleportlib/src/main/java/com/mariux/teleport/lib/TeleportClient.java uses or overrides a deprecated API.
Note: Recompile with -Xlint:deprecation for details.
:teleportlib:extractDebugAnnotations
:teleportlib:mergeDebugProguardFiles
:teleportlib:packageDebugRenderscript UP-TO-DATE
:teleportlib:packageDebugResources
:teleportlib:processDebugJavaRes UP-TO-DATE
:teleportlib:transformResourcesWithMergeJavaResForDebug
:teleportlib:transformClassesAndResourcesWithSyncLibJarsForDebug
:teleportlib:mergeDebugJniLibFolders
:teleportlib:transformNative_libsWithMergeJniLibsForDebug
:teleportlib:transformNative_libsWithSyncJniLibsForDebug
:teleportlib:bundleDebug
:teleportlib:compileDebugSources
:teleportlib:assembleDebug
:teleportlib:compileReleaseNdk UP-TO-DATE
:teleportlib:copyReleaseLint UP-TO-DATE
:teleportlib:checkReleaseManifest
:teleportlib:prepareReleaseDependencies
:teleportlib:compileReleaseAidl UP-TO-DATE
:teleportlib:compileReleaseRenderscript UP-TO-DATE
:teleportlib:generateReleaseBuildConfig UP-TO-DATE
:teleportlib:mergeReleaseShaders UP-TO-DATE
:teleportlib:compileReleaseShaders UP-TO-DATE
:teleportlib:generateReleaseAssets UP-TO-DATE
:teleportlib:mergeReleaseAssets UP-TO-DATE
:teleportlib:generateReleaseResValues UP-TO-DATE
:teleportlib:generateReleaseResources UP-TO-DATE
:teleportlib:mergeReleaseResources UP-TO-DATE
:teleportlib:processReleaseManifest UP-TO-DATE
:teleportlib:processReleaseResources UP-TO-DATE
:teleportlib:generateReleaseSources UP-TO-DATE
:teleportlib:incrementalReleaseJavaCompilationSafeguard UP-TO-DATE
:teleportlib:compileReleaseJavaWithJavac UP-TO-DATE
:teleportlib:extractReleaseAnnotations UP-TO-DATE
:teleportlib:mergeReleaseProguardFiles UP-TO-DATE
:teleportlib:packageReleaseRenderscript UP-TO-DATE
:teleportlib:packageReleaseResources UP-TO-DATE
:teleportlib:processReleaseJavaRes UP-TO-DATE
:teleportlib:transformResourcesWithMergeJavaResForRelease UP-TO-DATE
:teleportlib:transformClassesAndResourcesWithSyncLibJarsForRelease UP-TO-DATE
:teleportlib:mergeReleaseJniLibFolders UP-TO-DATE
:teleportlib:transformNative_libsWithMergeJniLibsForRelease UP-TO-DATE
:teleportlib:transformNative_libsWithSyncJniLibsForRelease UP-TO-DATE
:teleportlib:bundleRelease UP-TO-DATE
:teleportlib:compileReleaseSources UP-TO-DATE
:teleportlib:assembleRelease UP-TO-DATE
:teleportlib:assemble
:teleportlib:lint
Ran lint on variant debug: 6 issues found
Ran lint on variant release: 6 issues found
Wrote HTML report to file:///private/var/folders/bq/vtzpc5ns5sg2cthy61lqpg3dfzgbys/T/1535717859506-0/src/VideoWatchface-master/teleportlib/build/outputs/lint-results-debug.html
Wrote XML report to file:///private/var/folders/bq/vtzpc5ns5sg2cthy61lqpg3dfzgbys/T/1535717859506-0/src/VideoWatchface-master/teleportlib/build/outputs/lint-results-debug.xml
:teleportlib:incrementalDebugUnitTestJavaCompilationSafeguard UP-TO-DATE
:teleportlib:prepareDebugUnitTestDependencies
:teleportlib:compileDebugUnitTestJavaWithJavac UP-TO-DATE
:teleportlib:processDebugUnitTestJavaRes UP-TO-DATE
:teleportlib:compileDebugUnitTestSources UP-TO-DATE
:teleportlib:mockableAndroidJar
:teleportlib:assembleDebugUnitTest
:teleportlib:testDebugUnitTest
:teleportlib:incrementalReleaseUnitTestJavaCompilationSafeguard UP-TO-DATE
:teleportlib:prepareReleaseUnitTestDependencies
:teleportlib:compileReleaseUnitTestJavaWithJavac UP-TO-DATE
:teleportlib:processReleaseUnitTestJavaRes UP-TO-DATE
:teleportlib:compileReleaseUnitTestSources UP-TO-DATE
:teleportlib:assembleReleaseUnitTest
:teleportlib:testReleaseUnitTest
:teleportlib:test
:teleportlib:check
:teleportlib:build

BUILD SUCCESSFUL

Total time: 17.836 secs

2018-08-31 19:20:42,637 INFO  ProjectTaskService - Detecting possible tasks...
2018-08-31 19:20:42,637 INFO  SysUtils - Execute command: [/var/folders/bq/vtzpc5ns5sg2cthy61lqpg3dfzgbys/T/1535717859506-0/src/VideoWatchface-master/gradlew, -b, /var/folders/bq/vtzpc5ns5sg2cthy61lqpg3dfzgbys/T/1535717859506-0/src/VideoWatchface-master/wear/build.gradle, -Dorg.gradle.daemon=false, -Dorg.gradle.daemon.performance.enable-monitoring=false, -Dorg.gradle.configureondemand=true, tasks]
2018-08-31 19:20:48,951 ERROR ProjectTaskService - Could not detect possible Gradle tasks: Process exited with an error: 1 (Exit value: 1)
2018-08-31 19:20:48,951 INFO  ProjectTaskService - Detected possible tasks: 0
2018-08-31 19:20:48,951 INFO  ProjectTaskService - Excluded tasks (0): none
2018-08-31 19:20:48,951 INFO  SysUtils - Execute command: [/var/folders/bq/vtzpc5ns5sg2cthy61lqpg3dfzgbys/T/1535717859506-0/src/VideoWatchface-master/gradlew, -b, /var/folders/bq/vtzpc5ns5sg2cthy61lqpg3dfzgbys/T/1535717859506-0/src/VideoWatchface-master/wear/build.gradle, -Dorg.gradle.daemon=false, -Dorg.gradle.daemon.performance.enable-monitoring=false, -Dorg.gradle.configureondemand=true, --stacktrace, build]
2018-08-31 19:20:59,195 ERROR SysUtils - Could not process external command
org.apache.commons.exec.ExecuteException: Process exited with an error: 1 (Exit value: 1)
	at org.apache.commons.exec.DefaultExecutor.executeInternal(DefaultExecutor.java:404)
	at org.apache.commons.exec.DefaultExecutor.execute(DefaultExecutor.java:166)
	at com.github.vbauer.apkmaster.util.SysUtils.execute(SysUtils.java:67)
	at com.github.vbauer.apkmaster.util.SysUtils.executeSimple(SysUtils.java:43)
	at com.github.vbauer.apkmaster.service.assembly.ProjectBuildService.buildProject(ProjectBuildService.java:78)
	at com.github.vbauer.apkmaster.service.assembly.ProjectBuildService.buildProject(ProjectBuildService.java:64)
	at com.github.vbauer.apkmaster.service.assembly.ProjectBuildService.buildProject(ProjectBuildService.java:43)
	at com.github.vbauer.apkmaster.service.FullProcessService.build(FullProcessService.java:84)
	at com.github.vbauer.apkmaster.service.FullProcessService.process(FullProcessService.java:34)
	at com.github.vbauer.apkmaster.app.MainApplication.process(MainApplication.java:38)
	at com.github.vbauer.apkmaster.app.MainApplication.main(MainApplication.java:20)
	at sun.reflect.NativeMethodAccessorImpl.invoke0(Native Method)
	at sun.reflect.NativeMethodAccessorImpl.invoke(NativeMethodAccessorImpl.java:62)
	at sun.reflect.DelegatingMethodAccessorImpl.invoke(DelegatingMethodAccessorImpl.java:43)
	at java.lang.reflect.Method.invoke(Method.java:498)
	at com.android.arsenal.util.ReflectionUtils.invoke(ReflectionUtils.java:52)
	at com.android.arsenal.util.ApkMasterUtils.main(ApkMasterUtils.java:30)
	at com.android.arsenal.service.processor.impl.BuildProcessorServiceImpl.buildProject(BuildProcessorServiceImpl.java:196)
	at com.android.arsenal.service.processor.impl.BuildProcessorServiceImpl.build(BuildProcessorServiceImpl.java:130)
	at com.android.arsenal.service.processor.impl.BuildProcessorServiceImpl.lambda$createTasks$1(BuildProcessorServiceImpl.java:113)
	at java.util.concurrent.FutureTask.run(FutureTask.java:266)
	at java.util.concurrent.Executors$RunnableAdapter.call(Executors.java:511)
	at java.util.concurrent.FutureTask.run(FutureTask.java:266)
	at java.util.concurrent.ThreadPoolExecutor.runWorker(ThreadPoolExecutor.java:1149)
	at java.util.concurrent.ThreadPoolExecutor$Worker.run(ThreadPoolExecutor.java:624)
	at java.lang.Thread.run(Thread.java:748)
2018-08-31 19:20:59,195 INFO  SysUtils - Configuration on demand is an incubating feature.
Incremental java compilation is an incubating feature.
Jack is required to support java 8 language features.
Jack is required to support java 8 language features.
:teleportlib:preBuild UP-TO-DATE
:teleportlib:preReleaseBuild UP-TO-DATE
:teleportlib:compileReleaseNdk UP-TO-DATE
:teleportlib:compileLint
:teleportlib:copyReleaseLint UP-TO-DATE
:teleportlib:checkReleaseManifest
:teleportlib:preDebugAndroidTestBuild UP-TO-DATE
:teleportlib:preDebugBuild UP-TO-DATE
:teleportlib:preDebugUnitTestBuild UP-TO-DATE
:teleportlib:preReleaseUnitTestBuild UP-TO-DATE
:teleportlib:prepareComAndroidSupportSupportCompat2520Library UP-TO-DATE
:teleportlib:prepareComAndroidSupportSupportCoreUi2520Library UP-TO-DATE
:teleportlib:prepareComAndroidSupportSupportCoreUtils2520Library UP-TO-DATE
:teleportlib:prepareComAndroidSupportSupportFragment2520Library UP-TO-DATE
:teleportlib:prepareComAndroidSupportSupportMediaCompat2520Library UP-TO-DATE
:teleportlib:prepareComAndroidSupportSupportV42520Library UP-TO-DATE
:teleportlib:prepareComGoogleAndroidGmsPlayServicesBase1104Library UP-TO-DATE
:teleportlib:prepareComGoogleAndroidGmsPlayServicesBasement1104Library UP-TO-DATE
:teleportlib:prepareComGoogleAndroidGmsPlayServicesTasks1104Library UP-TO-DATE
:teleportlib:prepareComGoogleAndroidGmsPlayServicesWearable1104Library UP-TO-DATE
:teleportlib:prepareReleaseDependencies
:teleportlib:compileReleaseAidl UP-TO-DATE
:teleportlib:compileReleaseRenderscript UP-TO-DATE
:teleportlib:generateReleaseBuildConfig UP-TO-DATE
:teleportlib:mergeReleaseShaders UP-TO-DATE
:teleportlib:compileReleaseShaders UP-TO-DATE
:teleportlib:generateReleaseAssets UP-TO-DATE
:teleportlib:mergeReleaseAssets UP-TO-DATE
:teleportlib:generateReleaseResValues UP-TO-DATE
:teleportlib:generateReleaseResources UP-TO-DATE
:teleportlib:mergeReleaseResources UP-TO-DATE
:teleportlib:processReleaseManifest UP-TO-DATE
:teleportlib:processReleaseResources UP-TO-DATE
:teleportlib:generateReleaseSources UP-TO-DATE
:teleportlib:incrementalReleaseJavaCompilationSafeguard UP-TO-DATE
:teleportlib:compileReleaseJavaWithJavac UP-TO-DATE
:teleportlib:extractReleaseAnnotations UP-TO-DATE
:teleportlib:mergeReleaseProguardFiles UP-TO-DATE
:teleportlib:packageReleaseRenderscript UP-TO-DATE
:teleportlib:packageReleaseResources UP-TO-DATE
:teleportlib:processReleaseJavaRes UP-TO-DATE
:teleportlib:transformResourcesWithMergeJavaResForRelease UP-TO-DATE
:teleportlib:transformClassesAndResourcesWithSyncLibJarsForRelease UP-TO-DATE
:teleportlib:mergeReleaseJniLibFolders UP-TO-DATE
:teleportlib:transformNative_libsWithMergeJniLibsForRelease UP-TO-DATE
:teleportlib:transformNative_libsWithSyncJniLibsForRelease UP-TO-DATE
:teleportlib:bundleRelease UP-TO-DATE
:wear:preBuild UP-TO-DATE
:wear:preDebugBuild UP-TO-DATE
:wear:checkDebugManifest
:wear:preReleaseBuild UP-TO-DATE
:wear:prepareComAndroidSupportRecyclerviewV72301Library
:wear:prepareComAndroidSupportSupportCompat2520Library
:wear:prepareComAndroidSupportSupportCoreUi2520Library
:wear:prepareComAndroidSupportSupportCoreUtils2520Library
:wear:prepareComAndroidSupportSupportFragment2520Library
:wear:prepareComAndroidSupportSupportMediaCompat2520Library
:wear:prepareComAndroidSupportSupportV42520Library
:wear:prepareComGoogleAndroidGmsPlayServicesBase1104Library
:wear:prepareComGoogleAndroidGmsPlayServicesBasement1104Library
:wear:prepareComGoogleAndroidGmsPlayServicesTasks1104Library
:wear:prepareComGoogleAndroidGmsPlayServicesWearable1104Library
:wear:prepareComGoogleAndroidSupportWearable200Alpha2Library
:wear:prepareComJakewhartonButterknife840Library
:wear:preparePlDroidsonroidsGifAndroidGifDrawable122Library
:wear:prepareVideoWatchfaceMasterTeleportlibUnspecifiedLibrary
:wear:prepareDebugDependencies
:wear:compileDebugAidl
:wear:compileDebugRenderscript
:wear:generateDebugBuildConfig
:wear:mergeDebugShaders
:wear:compileDebugShaders
:wear:generateDebugAssets
:wear:mergeDebugAssets
:wear:generateDebugResValues
:wear:generateDebugResources
:wear:mergeDebugResources
:wear:processDebugManifest
:wear:processDebugResources
:wear:generateDebugSources
:wear:incrementalDebugJavaCompilationSafeguard
:wear:compileDebugJavaWithJavac/private/var/folders/bq/vtzpc5ns5sg2cthy61lqpg3dfzgbys/T/1535717859506-0/src/VideoWatchface-master/wear/src/main/java/devs/goldenpie/com/videowatchface/modules/SortAndStore.java:7: error: package com.watchfacelib does not exist
import com.watchfacelib.Constant;
                       ^
1 error
 FAILED

FAILURE: Build failed with an exception.

* What went wrong:
Execution failed for task ':wear:compileDebugJavaWithJavac'.
> Compilation failed; see the compiler error output for details.

* Try:
Run with --info or --debug option to get more log output.

* Exception is:
org.gradle.api.tasks.TaskExecutionException: Execution failed for task ':wear:compileDebugJavaWithJavac'.
	at org.gradle.api.internal.tasks.execution.ExecuteActionsTaskExecuter.executeActions(ExecuteActionsTaskExecuter.java:69)
	at org.gradle.api.internal.tasks.execution.ExecuteActionsTaskExecuter.execute(ExecuteActionsTaskExecuter.java:46)
	at org.gradle.api.internal.tasks.execution.PostExecutionAnalysisTaskExecuter.execute(PostExecutionAnalysisTaskExecuter.java:35)
	at org.gradle.api.internal.tasks.execution.SkipUpToDateTaskExecuter.execute(SkipUpToDateTaskExecuter.java:66)
	at org.gradle.api.internal.tasks.execution.ValidatingTaskExecuter.execute(ValidatingTaskExecuter.java:58)
	at org.gradle.api.internal.tasks.execution.SkipEmptySourceFilesTaskExecuter.execute(SkipEmptySourceFilesTaskExecuter.java:52)
	at org.gradle.api.internal.tasks.execution.SkipTaskWithNoActionsExecuter.execute(SkipTaskWithNoActionsExecuter.java:52)
	at org.gradle.api.internal.tasks.execution.SkipOnlyIfTaskExecuter.execute(SkipOnlyIfTaskExecuter.java:53)
	at org.gradle.api.internal.tasks.execution.ExecuteAtMostOnceTaskExecuter.execute(ExecuteAtMostOnceTaskExecuter.java:43)
	at org.gradle.execution.taskgraph.DefaultTaskGraphExecuter$EventFiringTaskWorker.execute(DefaultTaskGraphExecuter.java:203)
	at org.gradle.execution.taskgraph.DefaultTaskGraphExecuter$EventFiringTaskWorker.execute(DefaultTaskGraphExecuter.java:185)
	at org.gradle.execution.taskgraph.AbstractTaskPlanExecutor$TaskExecutorWorker.processTask(AbstractTaskPlanExecutor.java:66)
	at org.gradle.execution.taskgraph.AbstractTaskPlanExecutor$TaskExecutorWorker.run(AbstractTaskPlanExecutor.java:50)
	at org.gradle.execution.taskgraph.DefaultTaskPlanExecutor.process(DefaultTaskPlanExecutor.java:25)
	at org.gradle.execution.taskgraph.DefaultTaskGraphExecuter.execute(DefaultTaskGraphExecuter.java:110)
	at org.gradle.execution.SelectedTaskExecutionAction.execute(SelectedTaskExecutionAction.java:37)
	at org.gradle.execution.DefaultBuildExecuter.execute(DefaultBuildExecuter.java:37)
	at org.gradle.execution.DefaultBuildExecuter.access$000(DefaultBuildExecuter.java:23)
	at org.gradle.execution.DefaultBuildExecuter$1.proceed(DefaultBuildExecuter.java:43)
	at org.gradle.execution.DryRunBuildExecutionAction.execute(DryRunBuildExecutionAction.java:32)
	at org.gradle.execution.DefaultBuildExecuter.execute(DefaultBuildExecuter.java:37)
	at org.gradle.execution.DefaultBuildExecuter.execute(DefaultBuildExecuter.java:30)
	at org.gradle.initialization.DefaultGradleLauncher$4.run(DefaultGradleLauncher.java:153)
	at org.gradle.internal.Factories$1.create(Factories.java:22)
	at org.gradle.internal.progress.DefaultBuildOperationExecutor.run(DefaultBuildOperationExecutor.java:91)
	at org.gradle.internal.progress.DefaultBuildOperationExecutor.run(DefaultBuildOperationExecutor.java:53)
	at org.gradle.initialization.DefaultGradleLauncher.doBuildStages(DefaultGradleLauncher.java:150)
	at org.gradle.initialization.DefaultGradleLauncher.access$200(DefaultGradleLauncher.java:32)
	at org.gradle.initialization.DefaultGradleLauncher$1.create(DefaultGradleLauncher.java:98)
	at org.gradle.initialization.DefaultGradleLauncher$1.create(DefaultGradleLauncher.java:92)
	at org.gradle.internal.progress.DefaultBuildOperationExecutor.run(DefaultBuildOperationExecutor.java:91)
	at org.gradle.internal.progress.DefaultBuildOperationExecutor.run(DefaultBuildOperationExecutor.java:63)
	at org.gradle.initialization.DefaultGradleLauncher.doBuild(DefaultGradleLauncher.java:92)
	at org.gradle.initialization.DefaultGradleLauncher.run(DefaultGradleLauncher.java:83)
	at org.gradle.launcher.exec.InProcessBuildActionExecuter$DefaultBuildController.run(InProcessBuildActionExecuter.java:99)
	at org.gradle.tooling.internal.provider.ExecuteBuildActionRunner.run(ExecuteBuildActionRunner.java:28)
	at org.gradle.launcher.exec.ChainingBuildActionRunner.run(ChainingBuildActionRunner.java:35)
	at org.gradle.launcher.exec.InProcessBuildActionExecuter.execute(InProcessBuildActionExecuter.java:48)
	at org.gradle.launcher.exec.InProcessBuildActionExecuter.execute(InProcessBuildActionExecuter.java:30)
	at org.gradle.launcher.exec.ContinuousBuildActionExecuter.execute(ContinuousBuildActionExecuter.java:81)
	at org.gradle.launcher.exec.ContinuousBuildActionExecuter.execute(ContinuousBuildActionExecuter.java:46)
	at org.gradle.launcher.exec.DaemonUsageSuggestingBuildActionExecuter.execute(DaemonUsageSuggestingBuildActionExecuter.java:51)
	at org.gradle.launcher.exec.DaemonUsageSuggestingBuildActionExecuter.execute(DaemonUsageSuggestingBuildActionExecuter.java:28)
	at org.gradle.launcher.cli.RunBuildAction.run(RunBuildAction.java:43)
	at org.gradle.internal.Actions$RunnableActionAdapter.execute(Actions.java:173)
	at org.gradle.launcher.cli.CommandLineActionFactory$ParseAndBuildAction.execute(CommandLineActionFactory.java:239)
	at org.gradle.launcher.cli.CommandLineActionFactory$ParseAndBuildAction.execute(CommandLineActionFactory.java:212)
	at org.gradle.launcher.cli.JavaRuntimeValidationAction.execute(JavaRuntimeValidationAction.java:35)
	at org.gradle.launcher.cli.JavaRuntimeValidationAction.execute(JavaRuntimeValidationAction.java:24)
	at org.gradle.launcher.cli.ExceptionReportingAction.execute(ExceptionReportingAction.java:33)
	at org.gradle.launcher.cli.ExceptionReportingAction.execute(ExceptionReportingAction.java:22)
	at org.gradle.launcher.cli.CommandLineActionFactory$WithLogging.execute(CommandLineActionFactory.java:205)
	at org.gradle.launcher.cli.CommandLineActionFactory$WithLogging.execute(CommandLineActionFactory.java:169)
	at org.gradle.launcher.Main.doAction(Main.java:33)
	at org.gradle.launcher.bootstrap.EntryPoint.run(EntryPoint.java:45)
	at org.gradle.launcher.bootstrap.ProcessBootstrap.runNoExit(ProcessBootstrap.java:55)
	at org.gradle.launcher.bootstrap.ProcessBootstrap.run(ProcessBootstrap.java:36)
	at org.gradle.launcher.GradleMain.main(GradleMain.java:23)
	at org.gradle.wrapper.BootstrapMainStarter.start(BootstrapMainStarter.java:30)
	at org.gradle.wrapper.WrapperExecutor.execute(WrapperExecutor.java:129)
	at org.gradle.wrapper.GradleWrapperMain.main(GradleWrapperMain.java:61)
Caused by: org.gradle.api.internal.tasks.compile.CompilationFailedException: Compilation failed; see the compiler error output for details.
	at org.gradle.api.internal.tasks.compile.JdkJavaCompiler.execute(JdkJavaCompiler.java:48)
	at org.gradle.api.internal.tasks.compile.JdkJavaCompiler.execute(JdkJavaCompiler.java:33)
	at org.gradle.api.internal.tasks.compile.NormalizingJavaCompiler.delegateAndHandleErrors(NormalizingJavaCompiler.java:104)
	at org.gradle.api.internal.tasks.compile.NormalizingJavaCompiler.execute(NormalizingJavaCompiler.java:53)
	at org.gradle.api.internal.tasks.compile.NormalizingJavaCompiler.execute(NormalizingJavaCompiler.java:38)
	at org.gradle.api.internal.tasks.compile.CleaningJavaCompilerSupport.execute(CleaningJavaCompilerSupport.java:35)
	at org.gradle.api.internal.tasks.compile.CleaningJavaCompilerSupport.execute(CleaningJavaCompilerSupport.java:25)
	at org.gradle.api.tasks.compile.JavaCompile.performCompilation(JavaCompile.java:163)
	at org.gradle.api.tasks.compile.JavaCompile.compile(JavaCompile.java:145)
	at org.gradle.api.tasks.compile.JavaCompile.compile(JavaCompile.java:93)
	at com.android.build.gradle.tasks.factory.AndroidJavaCompile.compile(AndroidJavaCompile.java:49)
	at org.gradle.internal.reflect.JavaMethod.invoke(JavaMethod.java:75)
	at org.gradle.api.internal.project.taskfactory.AnnotationProcessingTaskFactory$IncrementalTaskAction.doExecute(AnnotationProcessingTaskFactory.java:245)
	at org.gradle.api.internal.project.taskfactory.AnnotationProcessingTaskFactory$StandardTaskAction.execute(AnnotationProcessingTaskFactory.java:221)
	at org.gradle.api.internal.project.taskfactory.AnnotationProcessingTaskFactory$IncrementalTaskAction.execute(AnnotationProcessingTaskFactory.java:232)
	at org.gradle.api.internal.project.taskfactory.AnnotationProcessingTaskFactory$StandardTaskAction.execute(AnnotationProcessingTaskFactory.java:210)
	at org.gradle.api.internal.tasks.execution.ExecuteActionsTaskExecuter.executeAction(ExecuteActionsTaskExecuter.java:80)
	at org.gradle.api.internal.tasks.execution.ExecuteActionsTaskExecuter.executeActions(ExecuteActionsTaskExecuter.java:61)
	... 60 more


BUILD FAILED

Total time: 9.515 secs

2018-08-31 19:20:59,369 INFO  ProjectTaskService - Detecting possible tasks...
2018-08-31 19:20:59,369 INFO  SysUtils - Execute command: [/var/folders/bq/vtzpc5ns5sg2cthy61lqpg3dfzgbys/T/1535717859506-0/src/VideoWatchface-master/gradlew, -b, /var/folders/bq/vtzpc5ns5sg2cthy61lqpg3dfzgbys/T/1535717859506-0/src/VideoWatchface-master/build.gradle, -Dorg.gradle.daemon=false, -Dorg.gradle.daemon.performance.enable-monitoring=false, -Dorg.gradle.configureondemand=true, tasks]
2018-08-31 19:21:06,456 INFO  ProjectTaskService - Detected possible tasks: 79
2018-08-31 19:21:06,456 INFO  ProjectTaskService - Excluded tasks (19): lintDebug mockableAndroidJar deviceCheck lint testReleaseUnitTest uninstallRelease deviceAndroidTest uninstallDebugAndroidTest installDebugAndroidTest connectedCheck connectedDebugAndroidTest uninstallAll test check testDebugUnitTest connectedAndroidTest installDebug lintRelease uninstallDebug
2018-08-31 19:21:06,457 INFO  SysUtils - Execute command: [/var/folders/bq/vtzpc5ns5sg2cthy61lqpg3dfzgbys/T/1535717859506-0/src/VideoWatchface-master/gradlew, -b, /var/folders/bq/vtzpc5ns5sg2cthy61lqpg3dfzgbys/T/1535717859506-0/src/VideoWatchface-master/build.gradle, -Dorg.gradle.daemon=false, -Dorg.gradle.daemon.performance.enable-monitoring=false, -Dorg.gradle.configureondemand=true, --stacktrace, -x, lintDebug, -x, mockableAndroidJar, -x, deviceCheck, -x, lint, -x, testReleaseUnitTest, -x, uninstallRelease, -x, deviceAndroidTest, -x, uninstallDebugAndroidTest, -x, installDebugAndroidTest, -x, connectedCheck, -x, connectedDebugAndroidTest, -x, uninstallAll, -x, test, -x, check, -x, testDebugUnitTest, -x, connectedAndroidTest, -x, installDebug, -x, lintRelease, -x, uninstallDebug, build]
2018-08-31 19:21:25,131 ERROR SysUtils - Could not process external command
org.apache.commons.exec.ExecuteException: Process exited with an error: 1 (Exit value: 1)
	at org.apache.commons.exec.DefaultExecutor.executeInternal(DefaultExecutor.java:404)
	at org.apache.commons.exec.DefaultExecutor.execute(DefaultExecutor.java:166)
	at com.github.vbauer.apkmaster.util.SysUtils.execute(SysUtils.java:67)
	at com.github.vbauer.apkmaster.util.SysUtils.executeSimple(SysUtils.java:43)
	at com.github.vbauer.apkmaster.service.assembly.ProjectBuildService.buildProject(ProjectBuildService.java:78)
	at com.github.vbauer.apkmaster.service.assembly.ProjectBuildService.buildProject(ProjectBuildService.java:64)
	at com.github.vbauer.apkmaster.service.assembly.ProjectBuildService.buildProject(ProjectBuildService.java:43)
	at com.github.vbauer.apkmaster.service.FullProcessService.build(FullProcessService.java:84)
	at com.github.vbauer.apkmaster.service.FullProcessService.process(FullProcessService.java:34)
	at com.github.vbauer.apkmaster.app.MainApplication.process(MainApplication.java:38)
	at com.github.vbauer.apkmaster.app.MainApplication.main(MainApplication.java:20)
	at sun.reflect.NativeMethodAccessorImpl.invoke0(Native Method)
	at sun.reflect.NativeMethodAccessorImpl.invoke(NativeMethodAccessorImpl.java:62)
	at sun.reflect.DelegatingMethodAccessorImpl.invoke(DelegatingMethodAccessorImpl.java:43)
	at java.lang.reflect.Method.invoke(Method.java:498)
	at com.android.arsenal.util.ReflectionUtils.invoke(ReflectionUtils.java:52)
	at com.android.arsenal.util.ApkMasterUtils.main(ApkMasterUtils.java:30)
	at com.android.arsenal.service.processor.impl.BuildProcessorServiceImpl.buildProject(BuildProcessorServiceImpl.java:196)
	at com.android.arsenal.service.processor.impl.BuildProcessorServiceImpl.build(BuildProcessorServiceImpl.java:130)
	at com.android.arsenal.service.processor.impl.BuildProcessorServiceImpl.lambda$createTasks$1(BuildProcessorServiceImpl.java:113)
	at java.util.concurrent.FutureTask.run(FutureTask.java:266)
	at java.util.concurrent.Executors$RunnableAdapter.call(Executors.java:511)
	at java.util.concurrent.FutureTask.run(FutureTask.java:266)
	at java.util.concurrent.ThreadPoolExecutor.runWorker(ThreadPoolExecutor.java:1149)
	at java.util.concurrent.ThreadPoolExecutor$Worker.run(ThreadPoolExecutor.java:624)
	at java.lang.Thread.run(Thread.java:748)
2018-08-31 19:21:25,137 INFO  SysUtils - Configuration on demand is an incubating feature.
Incremental java compilation is an incubating feature.
Jack is required to support java 8 language features.
Jack is required to support java 8 language features.
Jack is required to support java 8 language features.
Jack is required to support java 8 language features.
:mobile:preBuild UP-TO-DATE
:mobile:preDebugBuild UP-TO-DATE
:mobile:checkDebugManifest
:mobile:preReleaseBuild UP-TO-DATE
:teleportlib:preBuild UP-TO-DATE
:teleportlib:preReleaseBuild UP-TO-DATE
:teleportlib:compileReleaseNdk UP-TO-DATE
:teleportlib:compileLint
:teleportlib:copyReleaseLint UP-TO-DATE
:teleportlib:checkReleaseManifest
:teleportlib:preDebugAndroidTestBuild UP-TO-DATE
:teleportlib:preDebugBuild UP-TO-DATE
:teleportlib:preDebugUnitTestBuild UP-TO-DATE
:teleportlib:preReleaseUnitTestBuild UP-TO-DATE
:teleportlib:prepareComAndroidSupportSupportCompat2520Library UP-TO-DATE
:teleportlib:prepareComAndroidSupportSupportCoreUi2520Library UP-TO-DATE
:teleportlib:prepareComAndroidSupportSupportCoreUtils2520Library UP-TO-DATE
:teleportlib:prepareComAndroidSupportSupportFragment2520Library UP-TO-DATE
:teleportlib:prepareComAndroidSupportSupportMediaCompat2520Library UP-TO-DATE
:teleportlib:prepareComAndroidSupportSupportV42520Library UP-TO-DATE
:teleportlib:prepareComGoogleAndroidGmsPlayServicesBase1104Library UP-TO-DATE
:teleportlib:prepareComGoogleAndroidGmsPlayServicesBasement1104Library UP-TO-DATE
:teleportlib:prepareComGoogleAndroidGmsPlayServicesTasks1104Library UP-TO-DATE
:teleportlib:prepareComGoogleAndroidGmsPlayServicesWearable1104Library UP-TO-DATE
:teleportlib:prepareReleaseDependencies
:teleportlib:compileReleaseAidl UP-TO-DATE
:teleportlib:compileReleaseRenderscript UP-TO-DATE
:teleportlib:generateReleaseBuildConfig UP-TO-DATE
:teleportlib:mergeReleaseShaders UP-TO-DATE
:teleportlib:compileReleaseShaders UP-TO-DATE
:teleportlib:generateReleaseAssets UP-TO-DATE
:teleportlib:mergeReleaseAssets UP-TO-DATE
:teleportlib:generateReleaseResValues UP-TO-DATE
:teleportlib:generateReleaseResources UP-TO-DATE
:teleportlib:mergeReleaseResources UP-TO-DATE
:teleportlib:processReleaseManifest UP-TO-DATE
:teleportlib:processReleaseResources UP-TO-DATE
:teleportlib:generateReleaseSources UP-TO-DATE
:teleportlib:incrementalReleaseJavaCompilationSafeguard UP-TO-DATE
:teleportlib:compileReleaseJavaWithJavac UP-TO-DATE
:teleportlib:extractReleaseAnnotations UP-TO-DATE
:teleportlib:mergeReleaseProguardFiles UP-TO-DATE
:teleportlib:packageReleaseRenderscript UP-TO-DATE
:teleportlib:packageReleaseResources UP-TO-DATE
:teleportlib:processReleaseJavaRes UP-TO-DATE
:teleportlib:transformResourcesWithMergeJavaResForRelease UP-TO-DATE
:teleportlib:transformClassesAndResourcesWithSyncLibJarsForRelease UP-TO-DATE
:teleportlib:mergeReleaseJniLibFolders UP-TO-DATE
:teleportlib:transformNative_libsWithMergeJniLibsForRelease UP-TO-DATE
:teleportlib:transformNative_libsWithSyncJniLibsForRelease UP-TO-DATE
:teleportlib:bundleRelease UP-TO-DATE
:mobile:prepareComAndroidSupportAnimatedVectorDrawable2411Library UP-TO-DATE
:mobile:prepareComAndroidSupportAppcompatV72411Library UP-TO-DATE
:mobile:prepareComAndroidSupportDesign2411Library UP-TO-DATE
:mobile:prepareComAndroidSupportRecyclerviewV72411Library UP-TO-DATE
:mobile:prepareComAndroidSupportSupportCompat2520Library UP-TO-DATE
:mobile:prepareComAndroidSupportSupportCoreUi2520Library UP-TO-DATE
:mobile:prepareComAndroidSupportSupportCoreUtils2520Library UP-TO-DATE
:mobile:prepareComAndroidSupportSupportFragment2520Library UP-TO-DATE
:mobile:prepareComAndroidSupportSupportMediaCompat2520Library UP-TO-DATE
:mobile:prepareComAndroidSupportSupportV42520Library UP-TO-DATE
:mobile:prepareComAndroidSupportSupportVectorDrawable2411Library UP-TO-DATE
:mobile:prepareComGithubClansFab164Library UP-TO-DATE
:mobile:prepareComGoogleAndroidGmsPlayServicesAds940Library UP-TO-DATE
:mobile:prepareComGoogleAndroidGmsPlayServicesAdsLite940Library UP-TO-DATE
:mobile:prepareComGoogleAndroidGmsPlayServicesBase1104Library UP-TO-DATE
:mobile:prepareComGoogleAndroidGmsPlayServicesBasement1104Library UP-TO-DATE
:mobile:prepareComGoogleAndroidGmsPlayServicesClearcut940Library UP-TO-DATE
:mobile:prepareComGoogleAndroidGmsPlayServicesGass940Library UP-TO-DATE
:mobile:prepareComGoogleAndroidGmsPlayServicesTasks1104Library UP-TO-DATE
:mobile:prepareComGoogleAndroidGmsPlayServicesWearable1104Library UP-TO-DATE
:mobile:prepareComJakewhartonButterknife840Library UP-TO-DATE
:mobile:prepareComWritingmindsFFmpegAndroid032Library UP-TO-DATE
:mobile:prepareLifeKnowledge4K4lVideoTrimmer113SNAPSHOTLibrary UP-TO-DATE
:mobile:prepareVideoWatchfaceMasterTeleportlibUnspecifiedLibrary UP-TO-DATE
:mobile:prepareDebugDependencies
:mobile:compileDebugAidl UP-TO-DATE
:mobile:compileDebugRenderscript UP-TO-DATE
:mobile:generateDebugBuildConfig UP-TO-DATE
:mobile:mergeDebugShaders UP-TO-DATE
:mobile:compileDebugShaders UP-TO-DATE
:mobile:generateDebugAssets UP-TO-DATE
:mobile:mergeDebugAssets UP-TO-DATE
:mobile:generateDebugResValues UP-TO-DATE
:mobile:generateDebugResources UP-TO-DATE
:mobile:mergeDebugResources UP-TO-DATE
:mobile:processDebugManifest UP-TO-DATE
:mobile:processDebugResources UP-TO-DATE
:mobile:generateDebugSources UP-TO-DATE
:mobile:incrementalDebugJavaCompilationSafeguard UP-TO-DATE
:mobile:compileDebugJavaWithJavac UP-TO-DATE
:mobile:compileDebugNdk UP-TO-DATE
:mobile:compileDebugSources UP-TO-DATE
:mobile:prePackageMarkerForDebug
:mobile:transformClassesWithRetrolambdaForDebug UP-TO-DATE
:mobile:transformClassesWithDexForDebug FAILED

FAILURE: Build failed with an exception.

* What went wrong:
Execution failed for task ':mobile:transformClassesWithDexForDebug'.
> com.android.build.api.transform.TransformException: com.android.ide.common.process.ProcessException: java.util.concurrent.ExecutionException: com.android.dex.DexException: Multiple dex files define Lcom/google/android/gms/internal/zzee;

* Try:
Run with --info or --debug option to get more log output.

* Exception is:
org.gradle.api.tasks.TaskExecutionException: Execution failed for task ':mobile:transformClassesWithDexForDebug'.
	at org.gradle.api.internal.tasks.execution.ExecuteActionsTaskExecuter.executeActions(ExecuteActionsTaskExecuter.java:69)
	at org.gradle.api.internal.tasks.execution.ExecuteActionsTaskExecuter.execute(ExecuteActionsTaskExecuter.java:46)
	at org.gradle.api.internal.tasks.execution.PostExecutionAnalysisTaskExecuter.execute(PostExecutionAnalysisTaskExecuter.java:35)
	at org.gradle.api.internal.tasks.execution.SkipUpToDateTaskExecuter.execute(SkipUpToDateTaskExecuter.java:66)
	at org.gradle.api.internal.tasks.execution.ValidatingTaskExecuter.execute(ValidatingTaskExecuter.java:58)
	at org.gradle.api.internal.tasks.execution.SkipEmptySourceFilesTaskExecuter.execute(SkipEmptySourceFilesTaskExecuter.java:52)
	at org.gradle.api.internal.tasks.execution.SkipTaskWithNoActionsExecuter.execute(SkipTaskWithNoActionsExecuter.java:52)
	at org.gradle.api.internal.tasks.execution.SkipOnlyIfTaskExecuter.execute(SkipOnlyIfTaskExecuter.java:53)
	at org.gradle.api.internal.tasks.execution.ExecuteAtMostOnceTaskExecuter.execute(ExecuteAtMostOnceTaskExecuter.java:43)
	at org.gradle.execution.taskgraph.DefaultTaskGraphExecuter$EventFiringTaskWorker.execute(DefaultTaskGraphExecuter.java:203)
	at org.gradle.execution.taskgraph.DefaultTaskGraphExecuter$EventFiringTaskWorker.execute(DefaultTaskGraphExecuter.java:185)
	at org.gradle.execution.taskgraph.AbstractTaskPlanExecutor$TaskExecutorWorker.processTask(AbstractTaskPlanExecutor.java:66)
	at org.gradle.execution.taskgraph.AbstractTaskPlanExecutor$TaskExecutorWorker.run(AbstractTaskPlanExecutor.java:50)
	at org.gradle.execution.taskgraph.DefaultTaskPlanExecutor.process(DefaultTaskPlanExecutor.java:25)
	at org.gradle.execution.taskgraph.DefaultTaskGraphExecuter.execute(DefaultTaskGraphExecuter.java:110)
	at org.gradle.execution.SelectedTaskExecutionAction.execute(SelectedTaskExecutionAction.java:37)
	at org.gradle.execution.DefaultBuildExecuter.execute(DefaultBuildExecuter.java:37)
	at org.gradle.execution.DefaultBuildExecuter.access$000(DefaultBuildExecuter.java:23)
	at org.gradle.execution.DefaultBuildExecuter$1.proceed(DefaultBuildExecuter.java:43)
	at org.gradle.execution.DryRunBuildExecutionAction.execute(DryRunBuildExecutionAction.java:32)
	at org.gradle.execution.DefaultBuildExecuter.execute(DefaultBuildExecuter.java:37)
	at org.gradle.execution.DefaultBuildExecuter.execute(DefaultBuildExecuter.java:30)
	at org.gradle.initialization.DefaultGradleLauncher$4.run(DefaultGradleLauncher.java:153)
	at org.gradle.internal.Factories$1.create(Factories.java:22)
	at org.gradle.internal.progress.DefaultBuildOperationExecutor.run(DefaultBuildOperationExecutor.java:91)
	at org.gradle.internal.progress.DefaultBuildOperationExecutor.run(DefaultBuildOperationExecutor.java:53)
	at org.gradle.initialization.DefaultGradleLauncher.doBuildStages(DefaultGradleLauncher.java:150)
	at org.gradle.initialization.DefaultGradleLauncher.access$200(DefaultGradleLauncher.java:32)
	at org.gradle.initialization.DefaultGradleLauncher$1.create(DefaultGradleLauncher.java:98)
	at org.gradle.initialization.DefaultGradleLauncher$1.create(DefaultGradleLauncher.java:92)
	at org.gradle.internal.progress.DefaultBuildOperationExecutor.run(DefaultBuildOperationExecutor.java:91)
	at org.gradle.internal.progress.DefaultBuildOperationExecutor.run(DefaultBuildOperationExecutor.java:63)
	at org.gradle.initialization.DefaultGradleLauncher.doBuild(DefaultGradleLauncher.java:92)
	at org.gradle.initialization.DefaultGradleLauncher.run(DefaultGradleLauncher.java:83)
	at org.gradle.launcher.exec.InProcessBuildActionExecuter$DefaultBuildController.run(InProcessBuildActionExecuter.java:99)
	at org.gradle.tooling.internal.provider.ExecuteBuildActionRunner.run(ExecuteBuildActionRunner.java:28)
	at org.gradle.launcher.exec.ChainingBuildActionRunner.run(ChainingBuildActionRunner.java:35)
	at org.gradle.launcher.exec.InProcessBuildActionExecuter.execute(InProcessBuildActionExecuter.java:48)
	at org.gradle.launcher.exec.InProcessBuildActionExecuter.execute(InProcessBuildActionExecuter.java:30)
	at org.gradle.launcher.exec.ContinuousBuildActionExecuter.execute(ContinuousBuildActionExecuter.java:81)
	at org.gradle.launcher.exec.ContinuousBuildActionExecuter.execute(ContinuousBuildActionExecuter.java:46)
	at org.gradle.launcher.exec.DaemonUsageSuggestingBuildActionExecuter.execute(DaemonUsageSuggestingBuildActionExecuter.java:51)
	at org.gradle.launcher.exec.DaemonUsageSuggestingBuildActionExecuter.execute(DaemonUsageSuggestingBuildActionExecuter.java:28)
	at org.gradle.launcher.cli.RunBuildAction.run(RunBuildAction.java:43)
	at org.gradle.internal.Actions$RunnableActionAdapter.execute(Actions.java:173)
	at org.gradle.launcher.cli.CommandLineActionFactory$ParseAndBuildAction.execute(CommandLineActionFactory.java:239)
	at org.gradle.launcher.cli.CommandLineActionFactory$ParseAndBuildAction.execute(CommandLineActionFactory.java:212)
	at org.gradle.launcher.cli.JavaRuntimeValidationAction.execute(JavaRuntimeValidationAction.java:35)
	at org.gradle.launcher.cli.JavaRuntimeValidationAction.execute(JavaRuntimeValidationAction.java:24)
	at org.gradle.launcher.cli.ExceptionReportingAction.execute(ExceptionReportingAction.java:33)
	at org.gradle.launcher.cli.ExceptionReportingAction.execute(ExceptionReportingAction.java:22)
	at org.gradle.launcher.cli.CommandLineActionFactory$WithLogging.execute(CommandLineActionFactory.java:205)
	at org.gradle.launcher.cli.CommandLineActionFactory$WithLogging.execute(CommandLineActionFactory.java:169)
	at org.gradle.launcher.Main.doAction(Main.java:33)
	at org.gradle.launcher.bootstrap.EntryPoint.run(EntryPoint.java:45)
	at org.gradle.launcher.bootstrap.ProcessBootstrap.runNoExit(ProcessBootstrap.java:55)
	at org.gradle.launcher.bootstrap.ProcessBootstrap.run(ProcessBootstrap.java:36)
	at org.gradle.launcher.GradleMain.main(GradleMain.java:23)
	at org.gradle.wrapper.BootstrapMainStarter.start(BootstrapMainStarter.java:30)
	at org.gradle.wrapper.WrapperExecutor.execute(WrapperExecutor.java:129)
	at org.gradle.wrapper.GradleWrapperMain.main(GradleWrapperMain.java:61)
Caused by: java.lang.RuntimeException: com.android.build.api.transform.TransformException: com.android.ide.common.process.ProcessException: java.util.concurrent.ExecutionException: com.android.dex.DexException: Multiple dex files define Lcom/google/android/gms/internal/zzee;
	at com.android.builder.profile.Recorder$Block.handleException(Recorder.java:54)
	at com.android.builder.profile.ThreadRecorder$1.record(ThreadRecorder.java:57)
	at com.android.builder.profile.ThreadRecorder$1.record(ThreadRecorder.java:47)
	at com.android.build.gradle.internal.pipeline.TransformTask.transform(TransformTask.java:173)
	at org.gradle.internal.reflect.JavaMethod.invoke(JavaMethod.java:75)
	at org.gradle.api.internal.project.taskfactory.AnnotationProcessingTaskFactory$IncrementalTaskAction.doExecute(AnnotationProcessingTaskFactory.java:245)
	at org.gradle.api.internal.project.taskfactory.AnnotationProcessingTaskFactory$StandardTaskAction.execute(AnnotationProcessingTaskFactory.java:221)
	at org.gradle.api.internal.project.taskfactory.AnnotationProcessingTaskFactory$IncrementalTaskAction.execute(AnnotationProcessingTaskFactory.java:232)
	at org.gradle.api.internal.project.taskfactory.AnnotationProcessingTaskFactory$StandardTaskAction.execute(AnnotationProcessingTaskFactory.java:210)
	at org.gradle.api.internal.tasks.execution.ExecuteActionsTaskExecuter.executeAction(ExecuteActionsTaskExecuter.java:80)
	at org.gradle.api.internal.tasks.execution.ExecuteActionsTaskExecuter.executeActions(ExecuteActionsTaskExecuter.java:61)
	... 60 more
Caused by: com.android.build.api.transform.TransformException: com.android.ide.common.process.ProcessException: java.util.concurrent.ExecutionException: com.android.dex.DexException: Multiple dex files define Lcom/google/android/gms/internal/zzee;
	at com.android.build.gradle.internal.transforms.DexTransform.transform(DexTransform.java:421)
	at com.android.build.gradle.internal.pipeline.TransformTask$3.call(TransformTask.java:178)
	at com.android.build.gradle.internal.pipeline.TransformTask$3.call(TransformTask.java:174)
	at com.android.builder.profile.ThreadRecorder$1.record(ThreadRecorder.java:55)
	... 69 more
Caused by: com.android.ide.common.process.ProcessException: java.util.concurrent.ExecutionException: com.android.dex.DexException: Multiple dex files define Lcom/google/android/gms/internal/zzee;
	at com.android.builder.core.AndroidBuilder.dexInProcess(AndroidBuilder.java:1518)
	at com.android.builder.core.AndroidBuilder.runDexer(AndroidBuilder.java:1493)
	at com.android.builder.core.AndroidBuilder.convertByteCode(AndroidBuilder.java:1482)
	at com.android.build.gradle.internal.transforms.DexTransform.transform(DexTransform.java:406)
	... 72 more
Caused by: java.util.concurrent.ExecutionException: com.android.dex.DexException: Multiple dex files define Lcom/google/android/gms/internal/zzee;
	at com.android.builder.core.AndroidBuilder.dexInProcess(AndroidBuilder.java:1507)
	... 75 more
Caused by: com.android.dex.DexException: Multiple dex files define Lcom/google/android/gms/internal/zzee;
	at com.android.dx.merge.DexMerger.readSortableTypes(DexMerger.java:579)
	at com.android.dx.merge.DexMerger.getSortedTypes(DexMerger.java:535)
	at com.android.dx.merge.DexMerger.mergeClassDefs(DexMerger.java:517)
	at com.android.dx.merge.DexMerger.mergeDexes(DexMerger.java:164)
	at com.android.dx.merge.DexMerger.merge(DexMerger.java:188)
	at com.android.dx.command.dexer.Main.mergeLibraryDexBuffers(Main.java:508)
	at com.android.dx.command.dexer.Main.runMonoDex(Main.java:338)
	at com.android.dx.command.dexer.Main.run(Main.java:286)
	at com.android.builder.internal.compiler.DexWrapper.run(DexWrapper.java:52)
	at com.android.builder.core.AndroidBuilder$2.call(AndroidBuilder.java:1511)
	at com.android.builder.core.AndroidBuilder$2.call(AndroidBuilder.java:1507)


BUILD FAILED

Total time: 17.973 secs

2018-08-31 19:21:25,292 ERROR FullProcessService - Project build has not produced APK file
2018-08-31 19:21:25,459 ERROR FullProcessService - Could not find generated or existed APK file
