2018-08-31 20:24:07,940 INFO  DownloadService - Downloading "https://github.com/douo/ActivityBuilder/archive/master.zip", attempt 3
2018-08-31 20:24:10,699 INFO  DownloadService - Downloaded https://github.com/douo/ActivityBuilder/archive/master.zip, attempt 3
2018-08-31 20:24:10,699 INFO  DownloadService - Size of file "/var/folders/bq/vtzpc5ns5sg2cthy61lqpg3dfzgbys/T/1535721847938-0/master.zip": 330 KB
2018-08-31 20:24:10,699 INFO  ArchiveUtils - Checking entries [.gradle] in ZIP file...
2018-08-31 20:24:10,705 INFO  ArchiveUtils - Has entries [.gradle] in ZIP file /var/folders/bq/vtzpc5ns5sg2cthy61lqpg3dfzgbys/T/1535721847938-0/master.zip: true
2018-08-31 20:24:10,706 DEBUG ZipUtil - Extracting '/var/folders/bq/vtzpc5ns5sg2cthy61lqpg3dfzgbys/T/1535721847938-0/master.zip' into '/var/folders/bq/vtzpc5ns5sg2cthy61lqpg3dfzgbys/T/1535721847938-0/src'.
2018-08-31 20:24:10,765 INFO  FullProcessService - Size of directory with sources: 516 KB
2018-08-31 20:24:10,765 INFO  SysUtils - Execute command: [git, init, /var/folders/bq/vtzpc5ns5sg2cthy61lqpg3dfzgbys/T/1535721847938-0/src]
2018-08-31 20:24:10,781 INFO  SysUtils - Initialized empty Git repository in /private/var/folders/bq/vtzpc5ns5sg2cthy61lqpg3dfzgbys/T/1535721847938-0/src/.git/

2018-08-31 20:24:10,788 INFO  ProjectBuildService - Gradle wrapper(s): /var/folders/bq/vtzpc5ns5sg2cthy61lqpg3dfzgbys/T/1535721847938-0/src/ActivityBuilder-master/gradlew
2018-08-31 20:24:10,795 INFO  ProjectBuildService - Build script(s): /var/folders/bq/vtzpc5ns5sg2cthy61lqpg3dfzgbys/T/1535721847938-0/src/ActivityBuilder-master/library/build.gradle /var/folders/bq/vtzpc5ns5sg2cthy61lqpg3dfzgbys/T/1535721847938-0/src/ActivityBuilder-master/sample/build.gradle /var/folders/bq/vtzpc5ns5sg2cthy61lqpg3dfzgbys/T/1535721847938-0/src/ActivityBuilder-master/build.gradle /var/folders/bq/vtzpc5ns5sg2cthy61lqpg3dfzgbys/T/1535721847938-0/src/ActivityBuilder-master/annotations/build.gradle /var/folders/bq/vtzpc5ns5sg2cthy61lqpg3dfzgbys/T/1535721847938-0/src/ActivityBuilder-master/compiler/build.gradle
2018-08-31 20:24:10,801 INFO  ProjectBuildService - All script(s): /var/folders/bq/vtzpc5ns5sg2cthy61lqpg3dfzgbys/T/1535721847938-0/src/ActivityBuilder-master/config/quality.gradle /var/folders/bq/vtzpc5ns5sg2cthy61lqpg3dfzgbys/T/1535721847938-0/src/ActivityBuilder-master/library/build.gradle /var/folders/bq/vtzpc5ns5sg2cthy61lqpg3dfzgbys/T/1535721847938-0/src/ActivityBuilder-master/annotations/build.gradle /var/folders/bq/vtzpc5ns5sg2cthy61lqpg3dfzgbys/T/1535721847938-0/src/ActivityBuilder-master/build.gradle /var/folders/bq/vtzpc5ns5sg2cthy61lqpg3dfzgbys/T/1535721847938-0/src/ActivityBuilder-master/sample/build.gradle /var/folders/bq/vtzpc5ns5sg2cthy61lqpg3dfzgbys/T/1535721847938-0/src/ActivityBuilder-master/release.gradle /var/folders/bq/vtzpc5ns5sg2cthy61lqpg3dfzgbys/T/1535721847938-0/src/ActivityBuilder-master/settings.gradle /var/folders/bq/vtzpc5ns5sg2cthy61lqpg3dfzgbys/T/1535721847938-0/src/ActivityBuilder-master/compiler/build.gradle
2018-08-31 20:24:10,801 INFO  ProjectBuildService - Remote scripts: none
2018-08-31 20:24:10,801 INFO  ProjectFixService - Fixing project...
2018-08-31 20:24:10,821 INFO  LocalPropertiesFixService - Created fake /var/folders/bq/vtzpc5ns5sg2cthy61lqpg3dfzgbys/T/1535721847938-0/src/ActivityBuilder-master/library/local.properties
2018-08-31 20:24:10,825 INFO  ProjectFixService - Build info for "/var/folders/bq/vtzpc5ns5sg2cthy61lqpg3dfzgbys/T/1535721847938-0/src/ActivityBuilder-master/library/build.gradle": [buildToolsVersion=<null>,compileSdkVersion=<null>,minSdkVersion=<null>,targetSdkVersion=<null>]
2018-08-31 20:24:10,825 INFO  ProjectFixService - Fixed build info for "/var/folders/bq/vtzpc5ns5sg2cthy61lqpg3dfzgbys/T/1535721847938-0/src/ActivityBuilder-master/library/build.gradle": [buildToolsVersion=28.0.0-rc2,compileSdkVersion=28,minSdkVersion=28,targetSdkVersion=28]
2018-08-31 20:24:10,826 INFO  LocalPropertiesFixService - Created fake /var/folders/bq/vtzpc5ns5sg2cthy61lqpg3dfzgbys/T/1535721847938-0/src/ActivityBuilder-master/sample/local.properties
2018-08-31 20:24:10,830 INFO  ProjectFixService - Build info for "/var/folders/bq/vtzpc5ns5sg2cthy61lqpg3dfzgbys/T/1535721847938-0/src/ActivityBuilder-master/sample/build.gradle": [buildToolsVersion=<null>,compileSdkVersion=<null>,minSdkVersion=<null>,targetSdkVersion=<null>]
2018-08-31 20:24:10,830 INFO  ProjectFixService - Fixed build info for "/var/folders/bq/vtzpc5ns5sg2cthy61lqpg3dfzgbys/T/1535721847938-0/src/ActivityBuilder-master/sample/build.gradle": [buildToolsVersion=28.0.0-rc2,compileSdkVersion=28,minSdkVersion=28,targetSdkVersion=28]
2018-08-31 20:24:10,831 INFO  LocalPropertiesFixService - Created fake /var/folders/bq/vtzpc5ns5sg2cthy61lqpg3dfzgbys/T/1535721847938-0/src/ActivityBuilder-master/local.properties
2018-08-31 20:24:10,831 INFO  WrapperPropertiesFixService - Gradle wrapper: https://services.gradle.org/distributions/gradle-4.1-all.zip
2018-08-31 20:24:10,832 INFO  WrapperPropertiesFixService - Gradle wrapper was changed from "-all.zip" to "-bin.zip" (https://services.gradle.org/distributions/gradle-4.1-bin.zip)
2018-08-31 20:24:10,836 INFO  ProjectFixService - Build info for "/var/folders/bq/vtzpc5ns5sg2cthy61lqpg3dfzgbys/T/1535721847938-0/src/ActivityBuilder-master/build.gradle": [buildToolsVersion=<null>,compileSdkVersion=<null>,minSdkVersion=<null>,targetSdkVersion=<null>]
2018-08-31 20:24:10,836 INFO  ProjectFixService - Fixed build info for "/var/folders/bq/vtzpc5ns5sg2cthy61lqpg3dfzgbys/T/1535721847938-0/src/ActivityBuilder-master/build.gradle": [buildToolsVersion=28.0.0-rc2,compileSdkVersion=28,minSdkVersion=28,targetSdkVersion=28]
2018-08-31 20:24:10,837 INFO  LocalPropertiesFixService - Created fake /var/folders/bq/vtzpc5ns5sg2cthy61lqpg3dfzgbys/T/1535721847938-0/src/ActivityBuilder-master/annotations/local.properties
2018-08-31 20:24:10,841 INFO  ProjectFixService - Build info for "/var/folders/bq/vtzpc5ns5sg2cthy61lqpg3dfzgbys/T/1535721847938-0/src/ActivityBuilder-master/annotations/build.gradle": [buildToolsVersion=<null>,compileSdkVersion=<null>,minSdkVersion=<null>,targetSdkVersion=<null>]
2018-08-31 20:24:10,841 INFO  ProjectFixService - Fixed build info for "/var/folders/bq/vtzpc5ns5sg2cthy61lqpg3dfzgbys/T/1535721847938-0/src/ActivityBuilder-master/annotations/build.gradle": [buildToolsVersion=28.0.0-rc2,compileSdkVersion=28,minSdkVersion=28,targetSdkVersion=28]
2018-08-31 20:24:10,842 INFO  LocalPropertiesFixService - Created fake /var/folders/bq/vtzpc5ns5sg2cthy61lqpg3dfzgbys/T/1535721847938-0/src/ActivityBuilder-master/compiler/local.properties
2018-08-31 20:24:10,845 INFO  ProjectFixService - Build info for "/var/folders/bq/vtzpc5ns5sg2cthy61lqpg3dfzgbys/T/1535721847938-0/src/ActivityBuilder-master/compiler/build.gradle": [buildToolsVersion=<null>,compileSdkVersion=<null>,minSdkVersion=<null>,targetSdkVersion=<null>]
2018-08-31 20:24:10,846 INFO  ProjectFixService - Fixed build info for "/var/folders/bq/vtzpc5ns5sg2cthy61lqpg3dfzgbys/T/1535721847938-0/src/ActivityBuilder-master/compiler/build.gradle": [buildToolsVersion=28.0.0-rc2,compileSdkVersion=28,minSdkVersion=28,targetSdkVersion=28]
2018-08-31 20:24:10,846 INFO  ProjectFixService - Project was maybe fixed
2018-08-31 20:24:10,846 INFO  ProjectTaskService - Detecting possible tasks...
2018-08-31 20:24:10,846 INFO  SysUtils - Execute command: [/var/folders/bq/vtzpc5ns5sg2cthy61lqpg3dfzgbys/T/1535721847938-0/src/ActivityBuilder-master/gradlew, -b, /var/folders/bq/vtzpc5ns5sg2cthy61lqpg3dfzgbys/T/1535721847938-0/src/ActivityBuilder-master/library/build.gradle, -Dorg.gradle.daemon=false, -Dorg.gradle.daemon.performance.enable-monitoring=false, -Dorg.gradle.configureondemand=true, tasks]
2018-08-31 20:24:32,444 INFO  ProjectTaskService - Detected possible tasks: 75
2018-08-31 20:24:32,444 INFO  ProjectTaskService - Excluded tasks (16): lintDebug mockableAndroidJar deviceCheck lint testReleaseUnitTest deviceAndroidTest uninstallDebugAndroidTest installDebugAndroidTest connectedCheck connectedDebugAndroidTest uninstallAll test check testDebugUnitTest connectedAndroidTest lintRelease
2018-08-31 20:24:32,444 INFO  SysUtils - Execute command: [/var/folders/bq/vtzpc5ns5sg2cthy61lqpg3dfzgbys/T/1535721847938-0/src/ActivityBuilder-master/gradlew, -b, /var/folders/bq/vtzpc5ns5sg2cthy61lqpg3dfzgbys/T/1535721847938-0/src/ActivityBuilder-master/library/build.gradle, -Dorg.gradle.daemon=false, -Dorg.gradle.daemon.performance.enable-monitoring=false, -Dorg.gradle.configureondemand=true, --stacktrace, -x, lintDebug, -x, mockableAndroidJar, -x, deviceCheck, -x, lint, -x, testReleaseUnitTest, -x, deviceAndroidTest, -x, uninstallDebugAndroidTest, -x, installDebugAndroidTest, -x, connectedCheck, -x, connectedDebugAndroidTest, -x, uninstallAll, -x, test, -x, check, -x, testDebugUnitTest, -x, connectedAndroidTest, -x, lintRelease, build]
2018-08-31 20:24:47,308 ERROR SysUtils - Could not process external command
org.apache.commons.exec.ExecuteException: Process exited with an error: 1 (Exit value: 1)
	at org.apache.commons.exec.DefaultExecutor.executeInternal(DefaultExecutor.java:404)
	at org.apache.commons.exec.DefaultExecutor.execute(DefaultExecutor.java:166)
	at com.github.vbauer.apkmaster.util.SysUtils.execute(SysUtils.java:67)
	at com.github.vbauer.apkmaster.util.SysUtils.executeSimple(SysUtils.java:43)
	at com.github.vbauer.apkmaster.service.assembly.ProjectBuildService.buildProject(ProjectBuildService.java:78)
	at com.github.vbauer.apkmaster.service.assembly.ProjectBuildService.buildProject(ProjectBuildService.java:64)
	at com.github.vbauer.apkmaster.service.assembly.ProjectBuildService.buildProject(ProjectBuildService.java:43)
	at com.github.vbauer.apkmaster.service.FullProcessService.build(FullProcessService.java:84)
	at com.github.vbauer.apkmaster.service.FullProcessService.process(FullProcessService.java:34)
	at com.github.vbauer.apkmaster.app.MainApplication.process(MainApplication.java:38)
	at com.github.vbauer.apkmaster.app.MainApplication.main(MainApplication.java:20)
	at sun.reflect.GeneratedMethodAccessor8.invoke(Unknown Source)
	at sun.reflect.DelegatingMethodAccessorImpl.invoke(DelegatingMethodAccessorImpl.java:43)
	at java.lang.reflect.Method.invoke(Method.java:498)
	at com.android.arsenal.util.ReflectionUtils.invoke(ReflectionUtils.java:52)
	at com.android.arsenal.util.ApkMasterUtils.main(ApkMasterUtils.java:30)
	at com.android.arsenal.service.processor.impl.BuildProcessorServiceImpl.buildProject(BuildProcessorServiceImpl.java:196)
	at com.android.arsenal.service.processor.impl.BuildProcessorServiceImpl.build(BuildProcessorServiceImpl.java:130)
	at com.android.arsenal.service.processor.impl.BuildProcessorServiceImpl.lambda$createTasks$1(BuildProcessorServiceImpl.java:113)
	at java.util.concurrent.FutureTask.run(FutureTask.java:266)
	at java.util.concurrent.Executors$RunnableAdapter.call(Executors.java:511)
	at java.util.concurrent.FutureTask.run(FutureTask.java:266)
	at java.util.concurrent.ThreadPoolExecutor.runWorker(ThreadPoolExecutor.java:1149)
	at java.util.concurrent.ThreadPoolExecutor$Worker.run(ThreadPoolExecutor.java:624)
	at java.lang.Thread.run(Thread.java:748)
2018-08-31 20:24:47,309 INFO  SysUtils - Configuration on demand is an incubating feature.
fatal: ambiguous argument 'HEAD': unknown revision or path not in the working tree.
Use '--' to separate paths from revisions, like this:
'git <command> [<revision>...] -- [<file>...]'
The ConfigurableReport.setDestination(Object) method has been deprecated and is scheduled to be removed in Gradle 5.0. Please use the method ConfigurableReport.setDestination(File) instead.
	at org.gradle.api.reporting.internal.SimpleReport.setDestination(SimpleReport.java:76)
	at org.gradle.api.plugins.quality.internal.findbugs.FindBugsXmlReportImpl_Decorated.setDestination(Unknown Source)
	at org.gradle.api.plugins.quality.internal.findbugs.FindBugsXmlReportImpl_Decorated.destination(Unknown Source)
	at sun.reflect.NativeMethodAccessorImpl.invoke0(Native Method)
	at sun.reflect.NativeMethodAccessorImpl.invoke(NativeMethodAccessorImpl.java:62)
	at sun.reflect.DelegatingMethodAccessorImpl.invoke(DelegatingMethodAccessorImpl.java:43)
	at java.lang.reflect.Method.invoke(Method.java:498)
	at org.codehaus.groovy.reflection.CachedMethod.invoke(CachedMethod.java:93)
	at groovy.lang.MetaMethod.doMethodInvoke(MetaMethod.java:325)
	at org.gradle.internal.metaobject.BeanDynamicObject$MetaClassAdapter.invokeMethod(BeanDynamicObject.java:479)
	at org.gradle.internal.metaobject.BeanDynamicObject.tryInvokeMethod(BeanDynamicObject.java:191)
	at org.gradle.internal.metaobject.CompositeDynamicObject.tryInvokeMethod(CompositeDynamicObject.java:98)
	at org.gradle.internal.metaobject.MixInClosurePropertiesAsMethodsDynamicObject.tryInvokeMethod(MixInClosurePropertiesAsMethodsDynamicObject.java:30)
	at org.gradle.internal.metaobject.ConfigureDelegate.invokeMethod(ConfigureDelegate.java:59)
	at org.codehaus.groovy.runtime.metaclass.ClosureMetaClass.invokeOnDelegationObjects(ClosureMetaClass.java:430)
	at org.codehaus.groovy.runtime.metaclass.ClosureMetaClass.invokeMethod(ClosureMetaClass.java:369)
	at groovy.lang.MetaClassImpl.invokeMethod(MetaClassImpl.java:1022)
	at org.codehaus.groovy.runtime.callsite.PogoMetaClassSite.callCurrent(PogoMetaClassSite.java:69)
	at org.codehaus.groovy.runtime.callsite.CallSiteArray.defaultCallCurrent(CallSiteArray.java:52)
	at org.codehaus.groovy.runtime.callsite.AbstractCallSite.callCurrent(AbstractCallSite.java:154)
	at org.codehaus.groovy.runtime.callsite.AbstractCallSite.callCurrent(AbstractCallSite.java:166)
	at quality_9cpn9bt91tew359tw1aq8qd84$_run_closure4$_closure9$_closure10.doCall(/private/var/folders/bq/vtzpc5ns5sg2cthy61lqpg3dfzgbys/T/1535721847938-0/src/ActivityBuilder-master/config/quality.gradle:48)
	at sun.reflect.NativeMethodAccessorImpl.invoke0(Native Method)
	at sun.reflect.NativeMethodAccessorImpl.invoke(NativeMethodAccessorImpl.java:62)
	at sun.reflect.DelegatingMethodAccessorImpl.invoke(DelegatingMethodAccessorImpl.java:43)
	at java.lang.reflect.Method.invoke(Method.java:498)
	at org.codehaus.groovy.reflection.CachedMethod.invoke(CachedMethod.java:93)
	at groovy.lang.MetaMethod.doMethodInvoke(MetaMethod.java:325)
	at org.codehaus.groovy.runtime.metaclass.ClosureMetaClass.invokeMethod(ClosureMetaClass.java:294)
	at groovy.lang.MetaClassImpl.invokeMethod(MetaClassImpl.java:1022)
	at groovy.lang.Closure.call(Closure.java:414)
	at groovy.lang.Closure.call(Closure.java:430)
	at org.gradle.api.internal.ClosureBackedAction.execute(ClosureBackedAction.java:71)
	at org.gradle.util.ConfigureUtil.configureTarget(ConfigureUtil.java:160)
	at org.gradle.util.ConfigureUtil.configureSelf(ConfigureUtil.java:136)
	at org.gradle.api.reporting.internal.SimpleReport.configure(SimpleReport.java:104)
	at org.gradle.api.reporting.internal.SimpleReport.configure(SimpleReport.java:34)
	at org.gradle.util.ConfigureUtil.configure(ConfigureUtil.java:104)
	at org.gradle.api.internal.DefaultNamedDomainObjectCollection$ContainerElementsDynamicObject.tryInvokeMethod(DefaultNamedDomainObjectCollection.java:369)
	at org.gradle.internal.metaobject.BeanDynamicObject$MetaClassAdapter.invokeMethod(BeanDynamicObject.java:499)
	at org.gradle.internal.metaobject.BeanDynamicObject.tryInvokeMethod(BeanDynamicObject.java:191)
	at org.gradle.internal.metaobject.CompositeDynamicObject.tryInvokeMethod(CompositeDynamicObject.java:98)
	at org.gradle.internal.metaobject.MixInClosurePropertiesAsMethodsDynamicObject.tryInvokeMethod(MixInClosurePropertiesAsMethodsDynamicObject.java:30)
	at org.gradle.internal.metaobject.ConfigureDelegate.invokeMethod(ConfigureDelegate.java:59)
	at org.codehaus.groovy.runtime.metaclass.ClosureMetaClass.invokeOnDelegationObjects(ClosureMetaClass.java:430)
	at org.codehaus.groovy.runtime.metaclass.ClosureMetaClass.invokeMethod(ClosureMetaClass.java:369)
	at groovy.lang.MetaClassImpl.invokeMethod(MetaClassImpl.java:1022)
	at org.codehaus.groovy.runtime.callsite.PogoMetaClassSite.callCurrent(PogoMetaClassSite.java:69)
	at org.codehaus.groovy.runtime.callsite.CallSiteArray.defaultCallCurrent(CallSiteArray.java:52)
	at org.codehaus.groovy.runtime.callsite.AbstractCallSite.callCurrent(AbstractCallSite.java:154)
	at org.codehaus.groovy.runtime.callsite.AbstractCallSite.callCurrent(AbstractCallSite.java:166)
	at quality_9cpn9bt91tew359tw1aq8qd84$_run_closure4$_closure9.doCall(/private/var/folders/bq/vtzpc5ns5sg2cthy61lqpg3dfzgbys/T/1535721847938-0/src/ActivityBuilder-master/config/quality.gradle:47)
	at sun.reflect.NativeMethodAccessorImpl.invoke0(Native Method)
	at sun.reflect.NativeMethodAccessorImpl.invoke(NativeMethodAccessorImpl.java:62)
	at sun.reflect.DelegatingMethodAccessorImpl.invoke(DelegatingMethodAccessorImpl.java:43)
	at java.lang.reflect.Method.invoke(Method.java:498)
	at org.codehaus.groovy.reflection.CachedMethod.invoke(CachedMethod.java:93)
	at groovy.lang.MetaMethod.doMethodInvoke(MetaMethod.java:325)
	at org.codehaus.groovy.runtime.metaclass.ClosureMetaClass.invokeMethod(ClosureMetaClass.java:294)
	at groovy.lang.MetaClassImpl.invokeMethod(MetaClassImpl.java:1022)
	at groovy.lang.Closure.call(Closure.java:414)
	at groovy.lang.Closure.call(Closure.java:430)
	at org.gradle.api.internal.ClosureBackedAction.execute(ClosureBackedAction.java:71)
	at org.gradle.util.ConfigureUtil.configureTarget(ConfigureUtil.java:160)
	at org.gradle.util.ConfigureUtil.configureSelf(ConfigureUtil.java:136)
	at org.gradle.api.reporting.internal.DefaultReportContainer.configure(DefaultReportContainer.java:93)
	at org.gradle.api.reporting.internal.DefaultReportContainer.configure(DefaultReportContainer.java:44)
	at org.gradle.api.internal.ClosureBackedAction.execute(ClosureBackedAction.java:63)
	at org.gradle.api.plugins.quality.FindBugs.reports(FindBugs.java:167)
	at org.gradle.api.plugins.quality.FindBugs.reports(FindBugs.java:144)
	at org.gradle.api.plugins.quality.FindBugs.reports(FindBugs.java:68)
	at sun.reflect.NativeMethodAccessorImpl.invoke0(Native Method)
	at sun.reflect.NativeMethodAccessorImpl.invoke(NativeMethodAccessorImpl.java:62)
	at sun.reflect.DelegatingMethodAccessorImpl.invoke(DelegatingMethodAccessorImpl.java:43)
	at java.lang.reflect.Method.invoke(Method.java:498)
	at org.codehaus.groovy.reflection.CachedMethod.invoke(CachedMethod.java:93)
	at groovy.lang.MetaMethod.doMethodInvoke(MetaMethod.java:325)
	at org.gradle.internal.metaobject.BeanDynamicObject$MetaClassAdapter.invokeMethod(BeanDynamicObject.java:479)
	at org.gradle.internal.metaobject.BeanDynamicObject.tryInvokeMethod(BeanDynamicObject.java:191)
	at org.gradle.internal.metaobject.CompositeDynamicObject.tryInvokeMethod(CompositeDynamicObject.java:98)
	at org.gradle.internal.metaobject.MixInClosurePropertiesAsMethodsDynamicObject.tryInvokeMethod(MixInClosurePropertiesAsMethodsDynamicObject.java:30)
	at org.gradle.internal.metaobject.ConfigureDelegate.invokeMethod(ConfigureDelegate.java:59)
	at org.codehaus.groovy.runtime.metaclass.ClosureMetaClass.invokeOnDelegationObjects(ClosureMetaClass.java:430)
	at org.codehaus.groovy.runtime.metaclass.ClosureMetaClass.invokeMethod(ClosureMetaClass.java:369)
	at groovy.lang.MetaClassImpl.invokeMethod(MetaClassImpl.java:1022)
	at org.codehaus.groovy.runtime.callsite.PogoMetaClassSite.callCurrent(PogoMetaClassSite.java:69)
	at org.codehaus.groovy.runtime.callsite.CallSiteArray.defaultCallCurrent(CallSiteArray.java:52)
	at org.codehaus.groovy.runtime.callsite.AbstractCallSite.callCurrent(AbstractCallSite.java:154)
	at org.codehaus.groovy.runtime.callsite.AbstractCallSite.callCurrent(AbstractCallSite.java:166)
	at quality_9cpn9bt91tew359tw1aq8qd84$_run_closure4.doCall(/private/var/folders/bq/vtzpc5ns5sg2cthy61lqpg3dfzgbys/T/1535721847938-0/src/ActivityBuilder-master/config/quality.gradle:44)
	at sun.reflect.NativeMethodAccessorImpl.invoke0(Native Method)
	at sun.reflect.NativeMethodAccessorImpl.invoke(NativeMethodAccessorImpl.java:62)
	at sun.reflect.DelegatingMethodAccessorImpl.invoke(DelegatingMethodAccessorImpl.java:43)
	at java.lang.reflect.Method.invoke(Method.java:498)
	at org.codehaus.groovy.reflection.CachedMethod.invoke(CachedMethod.java:93)
	at groovy.lang.MetaMethod.doMethodInvoke(MetaMethod.java:325)
	at org.codehaus.groovy.runtime.metaclass.ClosureMetaClass.invokeMethod(ClosureMetaClass.java:294)
	at groovy.lang.MetaClassImpl.invokeMethod(MetaClassImpl.java:1022)
	at groovy.lang.Closure.call(Closure.java:414)
	at groovy.lang.Closure.call(Closure.java:430)
	at org.gradle.api.internal.ClosureBackedAction.execute(ClosureBackedAction.java:71)
	at org.gradle.util.ConfigureUtil.configureTarget(ConfigureUtil.java:160)
	at org.gradle.util.ConfigureUtil.configureSelf(ConfigureUtil.java:136)
	at org.gradle.api.internal.AbstractTask.configure(AbstractTask.java:600)
	at org.gradle.api.internal.project.DefaultProject.task(DefaultProject.java:1193)
	at sun.reflect.NativeMethodAccessorImpl.invoke0(Native Method)
	at sun.reflect.NativeMethodAccessorImpl.invoke(NativeMethodAccessorImpl.java:62)
	at sun.reflect.DelegatingMethodAccessorImpl.invoke(DelegatingMethodAccessorImpl.java:43)
	at java.lang.reflect.Method.invoke(Method.java:498)
	at org.codehaus.groovy.reflection.CachedMethod.invoke(CachedMethod.java:93)
	at groovy.lang.MetaMethod.doMethodInvoke(MetaMethod.java:325)
	at org.gradle.internal.metaobject.BeanDynamicObject$MetaClassAdapter.invokeMethod(BeanDynamicObject.java:479)
	at org.gradle.internal.metaobject.BeanDynamicObject.tryInvokeMethod(BeanDynamicObject.java:191)
	at org.gradle.internal.metaobject.CompositeDynamicObject.tryInvokeMethod(CompositeDynamicObject.java:98)
	at org.gradle.internal.metaobject.MixInClosurePropertiesAsMethodsDynamicObject.tryInvokeMethod(MixInClosurePropertiesAsMethodsDynamicObject.java:30)
	at org.gradle.groovy.scripts.BasicScript$ScriptDynamicObject.tryInvokeMethod(BasicScript.java:134)
	at org.gradle.internal.metaobject.AbstractDynamicObject.invokeMethod(AbstractDynamicObject.java:160)
	at org.gradle.groovy.scripts.BasicScript.invokeMethod(BasicScript.java:83)
	at org.codehaus.groovy.runtime.callsite.PogoMetaClassSite.callCurrent(PogoMetaClassSite.java:75)
	at org.codehaus.groovy.runtime.callsite.CallSiteArray.defaultCallCurrent(CallSiteArray.java:52)
	at org.codehaus.groovy.runtime.callsite.AbstractCallSite.callCurrent(AbstractCallSite.java:154)
	at org.codehaus.groovy.runtime.callsite.AbstractCallSite.callCurrent(AbstractCallSite.java:182)
	at quality_9cpn9bt91tew359tw1aq8qd84.run(/private/var/folders/bq/vtzpc5ns5sg2cthy61lqpg3dfzgbys/T/1535721847938-0/src/ActivityBuilder-master/config/quality.gradle:33)
	at org.gradle.groovy.scripts.internal.DefaultScriptRunnerFactory$ScriptRunnerImpl.run(DefaultScriptRunnerFactory.java:90)
	at org.gradle.configuration.DefaultScriptPluginFactory$ScriptPluginImpl$2.run(DefaultScriptPluginFactory.java:187)
	at org.gradle.configuration.DefaultScriptTarget.addConfiguration(DefaultScriptTarget.java:74)
	at org.gradle.configuration.DefaultScriptPluginFactory$ScriptPluginImpl.apply(DefaultScriptPluginFactory.java:192)
	at org.gradle.configuration.BuildOperationScriptPlugin$1.run(BuildOperationScriptPlugin.java:61)
	at org.gradle.internal.progress.DefaultBuildOperationExecutor$RunnableBuildOperationWorker.execute(DefaultBuildOperationExecutor.java:336)
	at org.gradle.internal.progress.DefaultBuildOperationExecutor$RunnableBuildOperationWorker.execute(DefaultBuildOperationExecutor.java:328)
	at org.gradle.internal.progress.DefaultBuildOperationExecutor.execute(DefaultBuildOperationExecutor.java:197)
	at org.gradle.internal.progress.DefaultBuildOperationExecutor.run(DefaultBuildOperationExecutor.java:107)
	at org.gradle.configuration.BuildOperationScriptPlugin.apply(BuildOperationScriptPlugin.java:58)
	at org.gradle.api.internal.plugins.DefaultObjectConfigurationAction.applyScript(DefaultObjectConfigurationAction.java:102)
	at org.gradle.api.internal.plugins.DefaultObjectConfigurationAction.access$000(DefaultObjectConfigurationAction.java:36)
	at org.gradle.api.internal.plugins.DefaultObjectConfigurationAction$1.run(DefaultObjectConfigurationAction.java:62)
	at org.gradle.api.internal.plugins.DefaultObjectConfigurationAction.execute(DefaultObjectConfigurationAction.java:136)
	at org.gradle.api.internal.project.AbstractPluginAware.apply(AbstractPluginAware.java:46)
	at org.gradle.api.internal.project.ProjectScript.apply(ProjectScript.java:34)
	at org.gradle.api.Script$apply$1.callCurrent(Unknown Source)
	at org.codehaus.groovy.runtime.callsite.CallSiteArray.defaultCallCurrent(CallSiteArray.java:52)
	at org.codehaus.groovy.runtime.callsite.AbstractCallSite.callCurrent(AbstractCallSite.java:154)
	at org.codehaus.groovy.runtime.callsite.AbstractCallSite.callCurrent(AbstractCallSite.java:166)
	at build_15dqminvuq4bjga64nl136ll4.run(/private/var/folders/bq/vtzpc5ns5sg2cthy61lqpg3dfzgbys/T/1535721847938-0/src/ActivityBuilder-master/library/build.gradle:48)
	at org.gradle.groovy.scripts.internal.DefaultScriptRunnerFactory$ScriptRunnerImpl.run(DefaultScriptRunnerFactory.java:90)
	at org.gradle.configuration.DefaultScriptPluginFactory$ScriptPluginImpl$2.run(DefaultScriptPluginFactory.java:187)
	at org.gradle.configuration.ProjectScriptTarget.addConfiguration(ProjectScriptTarget.java:77)
	at org.gradle.configuration.DefaultScriptPluginFactory$ScriptPluginImpl.apply(DefaultScriptPluginFactory.java:192)
	at org.gradle.configuration.BuildOperationScriptPlugin$1.run(BuildOperationScriptPlugin.java:61)
	at org.gradle.internal.progress.DefaultBuildOperationExecutor$RunnableBuildOperationWorker.execute(DefaultBuildOperationExecutor.java:336)
	at org.gradle.internal.progress.DefaultBuildOperationExecutor$RunnableBuildOperationWorker.execute(DefaultBuildOperationExecutor.java:328)
	at org.gradle.internal.progress.DefaultBuildOperationExecutor.execute(DefaultBuildOperationExecutor.java:197)
	at org.gradle.internal.progress.DefaultBuildOperationExecutor.run(DefaultBuildOperationExecutor.java:107)
	at org.gradle.configuration.BuildOperationScriptPlugin.apply(BuildOperationScriptPlugin.java:58)
	at org.gradle.configuration.project.BuildScriptProcessor.execute(BuildScriptProcessor.java:39)
	at org.gradle.configuration.project.BuildScriptProcessor.execute(BuildScriptProcessor.java:26)
	at org.gradle.configuration.project.ConfigureActionsProjectEvaluator.evaluate(ConfigureActionsProjectEvaluator.java:34)
	at org.gradle.configuration.project.LifecycleProjectEvaluator.doConfigure(LifecycleProjectEvaluator.java:63)
	at org.gradle.configuration.project.LifecycleProjectEvaluator.access$100(LifecycleProjectEvaluator.java:33)
	at org.gradle.configuration.project.LifecycleProjectEvaluator$ConfigureProject.run(LifecycleProjectEvaluator.java:103)
	at org.gradle.internal.progress.DefaultBuildOperationExecutor$RunnableBuildOperationWorker.execute(DefaultBuildOperationExecutor.java:336)
	at org.gradle.internal.progress.DefaultBuildOperationExecutor$RunnableBuildOperationWorker.execute(DefaultBuildOperationExecutor.java:328)
	at org.gradle.internal.progress.DefaultBuildOperationExecutor.execute(DefaultBuildOperationExecutor.java:197)
	at org.gradle.internal.progress.DefaultBuildOperationExecutor.run(DefaultBuildOperationExecutor.java:107)
	at org.gradle.configuration.project.LifecycleProjectEvaluator.evaluate(LifecycleProjectEvaluator.java:49)
	at org.gradle.api.internal.project.DefaultProject.evaluate(DefaultProject.java:651)
	at org.gradle.api.internal.project.DefaultProject.evaluate(DefaultProject.java:133)
	at org.gradle.execution.TaskPathProjectEvaluator.configure(TaskPathProjectEvaluator.java:35)
	at org.gradle.execution.TaskSelector.getFilter(TaskSelector.java:59)
	at org.gradle.execution.ExcludedTaskFilteringBuildConfigurationAction.configure(ExcludedTaskFilteringBuildConfigurationAction.java:42)
	at org.gradle.execution.DefaultBuildConfigurationActionExecuter.configure(DefaultBuildConfigurationActionExecuter.java:48)
	at org.gradle.execution.DefaultBuildConfigurationActionExecuter.select(DefaultBuildConfigurationActionExecuter.java:36)
	at org.gradle.initialization.DefaultGradleLauncher$CalculateTaskGraph.run(DefaultGradleLauncher.java:265)
	at org.gradle.internal.progress.DefaultBuildOperationExecutor$RunnableBuildOperationWorker.execute(DefaultBuildOperationExecutor.java:336)
	at org.gradle.internal.progress.DefaultBuildOperationExecutor$RunnableBuildOperationWorker.execute(DefaultBuildOperationExecutor.java:328)
	at org.gradle.internal.progress.DefaultBuildOperationExecutor.execute(DefaultBuildOperationExecutor.java:197)
	at org.gradle.internal.progress.DefaultBuildOperationExecutor.run(DefaultBuildOperationExecutor.java:107)
	at org.gradle.initialization.DefaultGradleLauncher.constructTaskGraph(DefaultGradleLauncher.java:173)
	at org.gradle.initialization.DefaultGradleLauncher.doBuildStages(DefaultGradleLauncher.java:128)
	at org.gradle.initialization.DefaultGradleLauncher.executeTasks(DefaultGradleLauncher.java:107)
	at org.gradle.internal.invocation.GradleBuildController$1.call(GradleBuildController.java:78)
	at org.gradle.internal.invocation.GradleBuildController$1.call(GradleBuildController.java:75)
	at org.gradle.internal.work.DefaultWorkerLeaseService.withLocks(DefaultWorkerLeaseService.java:152)
	at org.gradle.internal.invocation.GradleBuildController.doBuild(GradleBuildController.java:100)
	at org.gradle.internal.invocation.GradleBuildController.run(GradleBuildController.java:75)
	at org.gradle.tooling.internal.provider.ExecuteBuildActionRunner.run(ExecuteBuildActionRunner.java:28)
	at org.gradle.launcher.exec.ChainingBuildActionRunner.run(ChainingBuildActionRunner.java:35)
	at org.gradle.tooling.internal.provider.ValidatingBuildActionRunner.run(ValidatingBuildActionRunner.java:32)
	at org.gradle.launcher.exec.RunAsBuildOperationBuildActionRunner$1.run(RunAsBuildOperationBuildActionRunner.java:43)
	at org.gradle.internal.progress.DefaultBuildOperationExecutor$RunnableBuildOperationWorker.execute(DefaultBuildOperationExecutor.java:336)
	at org.gradle.internal.progress.DefaultBuildOperationExecutor$RunnableBuildOperationWorker.execute(DefaultBuildOperationExecutor.java:328)
	at org.gradle.internal.progress.DefaultBuildOperationExecutor.execute(DefaultBuildOperationExecutor.java:197)
	at org.gradle.internal.progress.DefaultBuildOperationExecutor.run(DefaultBuildOperationExecutor.java:107)
	at org.gradle.launcher.exec.RunAsBuildOperationBuildActionRunner.run(RunAsBuildOperationBuildActionRunner.java:40)
	at org.gradle.tooling.internal.provider.SubscribableBuildActionRunner.run(SubscribableBuildActionRunner.java:51)
	at org.gradle.launcher.exec.InProcessBuildActionExecuter.execute(InProcessBuildActionExecuter.java:45)
	at org.gradle.launcher.exec.InProcessBuildActionExecuter.execute(InProcessBuildActionExecuter.java:29)
	at org.gradle.launcher.exec.BuildTreeScopeBuildActionExecuter.execute(BuildTreeScopeBuildActionExecuter.java:39)
	at org.gradle.launcher.exec.BuildTreeScopeBuildActionExecuter.execute(BuildTreeScopeBuildActionExecuter.java:25)
	at org.gradle.tooling.internal.provider.ContinuousBuildActionExecuter.execute(ContinuousBuildActionExecuter.java:71)
	at org.gradle.tooling.internal.provider.ContinuousBuildActionExecuter.execute(ContinuousBuildActionExecuter.java:45)
	at org.gradle.tooling.internal.provider.ServicesSetupBuildActionExecuter.execute(ServicesSetupBuildActionExecuter.java:51)
	at org.gradle.tooling.internal.provider.ServicesSetupBuildActionExecuter.execute(ServicesSetupBuildActionExecuter.java:32)
	at org.gradle.tooling.internal.provider.GradleThreadBuildActionExecuter.execute(GradleThreadBuildActionExecuter.java:36)
	at org.gradle.tooling.internal.provider.GradleThreadBuildActionExecuter.execute(GradleThreadBuildActionExecuter.java:25)
	at org.gradle.tooling.internal.provider.ParallelismConfigurationBuildActionExecuter.execute(ParallelismConfigurationBuildActionExecuter.java:43)
	at org.gradle.tooling.internal.provider.ParallelismConfigurationBuildActionExecuter.execute(ParallelismConfigurationBuildActionExecuter.java:29)
	at org.gradle.tooling.internal.provider.StartParamsValidatingActionExecuter.execute(StartParamsValidatingActionExecuter.java:64)
	at org.gradle.tooling.internal.provider.StartParamsValidatingActionExecuter.execute(StartParamsValidatingActionExecuter.java:29)
	at org.gradle.tooling.internal.provider.SessionFailureReportingActionExecuter.execute(SessionFailureReportingActionExecuter.java:55)
	at org.gradle.tooling.internal.provider.SessionFailureReportingActionExecuter.execute(SessionFailureReportingActionExecuter.java:42)
	at org.gradle.tooling.internal.provider.SetupLoggingActionExecuter.execute(SetupLoggingActionExecuter.java:58)
	at org.gradle.tooling.internal.provider.SetupLoggingActionExecuter.execute(SetupLoggingActionExecuter.java:33)
	at org.gradle.launcher.cli.RunBuildAction.run(RunBuildAction.java:51)
	at org.gradle.internal.Actions$RunnableActionAdapter.execute(Actions.java:173)
	at org.gradle.launcher.cli.CommandLineActionFactory$ParseAndBuildAction.execute(CommandLineActionFactory.java:287)
	at org.gradle.launcher.cli.CommandLineActionFactory$ParseAndBuildAction.execute(CommandLineActionFactory.java:260)
	at org.gradle.launcher.cli.JavaRuntimeValidationAction.execute(JavaRuntimeValidationAction.java:33)
	at org.gradle.launcher.cli.JavaRuntimeValidationAction.execute(JavaRuntimeValidationAction.java:24)
	at org.gradle.launcher.cli.ExceptionReportingAction.execute(ExceptionReportingAction.java:33)
	at org.gradle.launcher.cli.ExceptionReportingAction.execute(ExceptionReportingAction.java:22)
	at org.gradle.launcher.cli.CommandLineActionFactory$WithLogging.execute(CommandLineActionFactory.java:253)
	at org.gradle.launcher.cli.CommandLineActionFactory$WithLogging.execute(CommandLineActionFactory.java:182)
	at org.gradle.launcher.Main.doAction(Main.java:33)
	at org.gradle.launcher.bootstrap.EntryPoint.run(EntryPoint.java:45)
	at sun.reflect.NativeMethodAccessorImpl.invoke0(Native Method)
	at sun.reflect.NativeMethodAccessorImpl.invoke(NativeMethodAccessorImpl.java:62)
	at sun.reflect.DelegatingMethodAccessorImpl.invoke(DelegatingMethodAccessorImpl.java:43)
	at java.lang.reflect.Method.invoke(Method.java:498)
	at org.gradle.launcher.bootstrap.ProcessBootstrap.runNoExit(ProcessBootstrap.java:60)
	at org.gradle.launcher.bootstrap.ProcessBootstrap.run(ProcessBootstrap.java:37)
	at org.gradle.launcher.GradleMain.main(GradleMain.java:23)
	at sun.reflect.NativeMethodAccessorImpl.invoke0(Native Method)
	at sun.reflect.NativeMethodAccessorImpl.invoke(NativeMethodAccessorImpl.java:62)
	at sun.reflect.DelegatingMethodAccessorImpl.invoke(DelegatingMethodAccessorImpl.java:43)
	at java.lang.reflect.Method.invoke(Method.java:498)
	at org.gradle.wrapper.BootstrapMainStarter.start(BootstrapMainStarter.java:30)
	at org.gradle.wrapper.WrapperExecutor.execute(WrapperExecutor.java:129)
	at org.gradle.wrapper.GradleWrapperMain.main(GradleWrapperMain.java:61)
0.1.0
0.1.0
[/Users/vbauer/.gradle/caches/modules-2/files-2.1/info.dourok.builder/activity-builder-annotations/0.1.65/9f50bc29f8cd41d6fba4e83368159db87d68f29/activity-builder-annotations-0.1.65.jar, /Users/vbauer/.gradle/caches/transforms-1/files-1.1/support-fragment-26.1.0.aar/ce310bc72867ad41cd15ad0ef6f3c40a/jars/classes.jar, /Users/vbauer/.gradle/caches/transforms-1/files-1.1/support-core-ui-26.1.0.aar/cc81e844e559c500f99bbf8435f095f7/jars/classes.jar, /Users/vbauer/.gradle/caches/transforms-1/files-1.1/support-core-utils-26.1.0.aar/20c077f7377ec6d81f0d46f38314d55e/jars/classes.jar, /Users/vbauer/.gradle/caches/transforms-1/files-1.1/support-compat-26.1.0.aar/2b0115d6474e0fb20a17143708c41ae4/jars/classes.jar, /Users/vbauer/.gradle/caches/modules-2/files-2.1/com.android.support/support-annotations/26.1.0/814258103cf26a15fcc26ecce35f5b7d24b73f8/support-annotations-26.1.0.jar, /Users/vbauer/.gradle/caches/transforms-1/files-1.1/runtime-1.0.0.aar/cc96f0cfc1be374a4325bc9d0653e703/jars/classes.jar, /Users/vbauer/.gradle/caches/modules-2/files-2.1/android.arch.lifecycle/common/1.0.0/e414a4cb28434e25c4f6aa71426eb20cf4874ae9/common-1.0.0.jar, /Users/vbauer/.gradle/caches/modules-2/files-2.1/android.arch.core/common/1.0.0/a2d487452376193fc8c103dd2b9bd5f2b1b44563/common-1.0.0.jar, /Users/vbauer/Library/Android/sdk/platforms/android-26/android.jar]
[/Users/vbauer/.gradle/caches/modules-2/files-2.1/info.dourok.builder/activity-builder-annotations/0.1.65/9f50bc29f8cd41d6fba4e83368159db87d68f29/activity-builder-annotations-0.1.65.jar, /Users/vbauer/.gradle/caches/transforms-1/files-1.1/support-fragment-26.1.0.aar/ce310bc72867ad41cd15ad0ef6f3c40a/jars/classes.jar, /Users/vbauer/.gradle/caches/transforms-1/files-1.1/support-core-ui-26.1.0.aar/cc81e844e559c500f99bbf8435f095f7/jars/classes.jar, /Users/vbauer/.gradle/caches/transforms-1/files-1.1/support-core-utils-26.1.0.aar/20c077f7377ec6d81f0d46f38314d55e/jars/classes.jar, /Users/vbauer/.gradle/caches/transforms-1/files-1.1/support-compat-26.1.0.aar/2b0115d6474e0fb20a17143708c41ae4/jars/classes.jar, /Users/vbauer/.gradle/caches/modules-2/files-2.1/com.android.support/support-annotations/26.1.0/814258103cf26a15fcc26ecce35f5b7d24b73f8/support-annotations-26.1.0.jar, /Users/vbauer/.gradle/caches/transforms-1/files-1.1/runtime-1.0.0.aar/cc96f0cfc1be374a4325bc9d0653e703/jars/classes.jar, /Users/vbauer/.gradle/caches/modules-2/files-2.1/android.arch.lifecycle/common/1.0.0/e414a4cb28434e25c4f6aa71426eb20cf4874ae9/common-1.0.0.jar, /Users/vbauer/.gradle/caches/modules-2/files-2.1/android.arch.core/common/1.0.0/a2d487452376193fc8c103dd2b9bd5f2b1b44563/common-1.0.0.jar, /Users/vbauer/Library/Android/sdk/platforms/android-26/android.jar]
:library:preBuild UP-TO-DATE
:library:preDebugBuild UP-TO-DATE
:library:compileDebugAidl
:library:compileDebugNdk NO-SOURCE
:library:compileDebugRenderscript
:library:checkDebugManifest
:library:generateDebugBuildConfig
:library:prepareLintJar
:library:generateDebugResValues
:library:generateDebugResources
:library:packageDebugResources
:library:platformAttrExtractor
:library:processDebugManifest
:library:javaPreCompileDebug
:library:mergeDebugShaders
:library:compileDebugShaders
:library:generateDebugAssets
:library:mergeDebugAssets
:library:mergeDebugConsumerProguardFiles
:library:packageDebugRenderscript NO-SOURCE
:library:processDebugJavaRes NO-SOURCE
:library:mergeDebugJniLibFolders
:library:transformNativeLibsWithMergeJniLibsForDebug
:library:transformNativeLibsWithStripDebugSymbolForDebug
:library:transformNativeLibsWithSyncJniLibsForDebug
:library:preReleaseBuild UP-TO-DATE
:library:compileReleaseAidl
:library:compileReleaseNdk NO-SOURCE
:library:compileReleaseRenderscript
:library:checkReleaseManifest
:library:generateReleaseBuildConfig
:library:generateReleaseResValues
:library:generateReleaseResources
:library:packageReleaseResources
:library:processReleaseManifest
:library:javaPreCompileRelease
:library:mergeReleaseShaders
:library:compileReleaseShaders
:library:generateReleaseAssets
:library:mergeReleaseAssets
:library:mergeReleaseConsumerProguardFiles
:library:packageReleaseRenderscript NO-SOURCE
:library:processReleaseJavaRes NO-SOURCE
:library:mergeReleaseJniLibFolders
:library:transformNativeLibsWithMergeJniLibsForRelease
:library:transformNativeLibsWithStripDebugSymbolForRelease
:library:transformNativeLibsWithSyncJniLibsForRelease
:library:mergeReleaseResources
:library:verifyReleaseResources
:library:sourcesJar
:library:processDebugResources
:library:generateDebugSources
:library:compileDebugJavaWithJavacNote: Some input files use unchecked or unsafe operations.
Note: Recompile with -Xlint:unchecked for details.

:library:extractDebugAnnotations
:library:transformResourcesWithMergeJavaResForDebug
:library:transformClassesAndResourcesWithSyncLibJarsForDebug
:library:bundleDebug
:library:compileDebugSources
:library:assembleDebug
:library:processReleaseResources
:library:generateReleaseSources
:library:compileReleaseJavaWithJavacNote: Some input files use unchecked or unsafe operations.
Note: Recompile with -Xlint:unchecked for details.

:library:extractReleaseAnnotations
:library:transformResourcesWithMergeJavaResForRelease
:library:transformClassesAndResourcesWithSyncLibJarsForRelease
:library:bundleRelease
:library:compileReleaseSources
:library:assembleRelease
:library:generateReleaseJavadocjavadoc: warning - Error reading file: /Users/vbauer/Library/Android/sdk/docs/reference/package-list
/private/var/folders/bq/vtzpc5ns5sg2cthy61lqpg3dfzgbys/T/1535721847938-0/src/ActivityBuilder-master/library/src/main/java/info/dourok/esactivity/BaseActivityBuilder.java:50: warning: no @param for intent
  public void setIntent(Intent intent) {
              ^
/private/var/folders/bq/vtzpc5ns5sg2cthy61lqpg3dfzgbys/T/1535721847938-0/src/ActivityBuilder-master/library/src/main/java/info/dourok/esactivity/BaseActivityBuilder.java:124: warning: no @param for requestCode
  public void startForResult(int requestCode) {
              ^
/private/var/folders/bq/vtzpc5ns5sg2cthy61lqpg3dfzgbys/T/1535721847938-0/src/ActivityBuilder-master/library/src/main/java/info/dourok/esactivity/BaseActivityBuilder.java:129: warning: no @param for f
  public void startForResult(Fragment f, int requestCode) {
              ^
/private/var/folders/bq/vtzpc5ns5sg2cthy61lqpg3dfzgbys/T/1535721847938-0/src/ActivityBuilder-master/library/src/main/java/info/dourok/esactivity/BaseActivityBuilder.java:129: warning: no @param for requestCode
  public void startForResult(Fragment f, int requestCode) {
              ^
/private/var/folders/bq/vtzpc5ns5sg2cthy61lqpg3dfzgbys/T/1535721847938-0/src/ActivityBuilder-master/library/src/main/java/info/dourok/esactivity/BaseActivityBuilder.java:134: warning: no @param for f
  public void startForResult(android.support.v4.app.Fragment f, int requestCode) {
              ^
/private/var/folders/bq/vtzpc5ns5sg2cthy61lqpg3dfzgbys/T/1535721847938-0/src/ActivityBuilder-master/library/src/main/java/info/dourok/esactivity/BaseActivityBuilder.java:134: warning: no @param for requestCode
  public void startForResult(android.support.v4.app.Fragment f, int requestCode) {
              ^
/private/var/folders/bq/vtzpc5ns5sg2cthy61lqpg3dfzgbys/T/1535721847938-0/src/ActivityBuilder-master/library/src/main/java/info/dourok/esactivity/BaseActivityBuilder.java:140: warning: no @param for requestCode
  public void startForResult(int requestCode, Bundle options) {
              ^
/private/var/folders/bq/vtzpc5ns5sg2cthy61lqpg3dfzgbys/T/1535721847938-0/src/ActivityBuilder-master/library/src/main/java/info/dourok/esactivity/BaseActivityBuilder.java:140: warning: no @param for options
  public void startForResult(int requestCode, Bundle options) {
              ^
/private/var/folders/bq/vtzpc5ns5sg2cthy61lqpg3dfzgbys/T/1535721847938-0/src/ActivityBuilder-master/library/src/main/java/info/dourok/esactivity/BaseActivityBuilder.java:146: warning: no @param for f
  public void startForResult(Fragment f, int requestCode, Bundle options) {
              ^
/private/var/folders/bq/vtzpc5ns5sg2cthy61lqpg3dfzgbys/T/1535721847938-0/src/ActivityBuilder-master/library/src/main/java/info/dourok/esactivity/BaseActivityBuilder.java:146: warning: no @param for requestCode
  public void startForResult(Fragment f, int requestCode, Bundle options) {
              ^
/private/var/folders/bq/vtzpc5ns5sg2cthy61lqpg3dfzgbys/T/1535721847938-0/src/ActivityBuilder-master/library/src/main/java/info/dourok/esactivity/BaseActivityBuilder.java:146: warning: no @param for options
  public void startForResult(Fragment f, int requestCode, Bundle options) {
              ^
/private/var/folders/bq/vtzpc5ns5sg2cthy61lqpg3dfzgbys/T/1535721847938-0/src/ActivityBuilder-master/library/src/main/java/info/dourok/esactivity/BaseActivityBuilder.java:151: warning: no @param for f
  public void startForResult(android.support.v4.app.Fragment f, int requestCode, Bundle options) {
              ^
/private/var/folders/bq/vtzpc5ns5sg2cthy61lqpg3dfzgbys/T/1535721847938-0/src/ActivityBuilder-master/library/src/main/java/info/dourok/esactivity/BaseActivityBuilder.java:151: warning: no @param for requestCode
  public void startForResult(android.support.v4.app.Fragment f, int requestCode, Bundle options) {
              ^
/private/var/folders/bq/vtzpc5ns5sg2cthy61lqpg3dfzgbys/T/1535721847938-0/src/ActivityBuilder-master/library/src/main/java/info/dourok/esactivity/BaseActivityBuilder.java:151: warning: no @param for options
  public void startForResult(android.support.v4.app.Fragment f, int requestCode, Bundle options) {
              ^
/private/var/folders/bq/vtzpc5ns5sg2cthy61lqpg3dfzgbys/T/1535721847938-0/src/ActivityBuilder-master/library/src/main/java/info/dourok/esactivity/BaseActivityBuilder.java:18: error: unknown tag: date
 * @date 2017/8/15
   ^
/private/var/folders/bq/vtzpc5ns5sg2cthy61lqpg3dfzgbys/T/1535721847938-0/src/ActivityBuilder-master/library/src/main/java/info/dourok/esactivity/BaseBuilder.java:5: error: unknown tag: date
 * @date 2017/8/6
   ^
/private/var/folders/bq/vtzpc5ns5sg2cthy61lqpg3dfzgbys/T/1535721847938-0/src/ActivityBuilder-master/library/src/main/java/info/dourok/esactivity/BaseResultConsumer.java:18: error: unknown tag: date
 * @date 2017/8/6
   ^
/private/var/folders/bq/vtzpc5ns5sg2cthy61lqpg3dfzgbys/T/1535721847938-0/src/ActivityBuilder-master/library/src/main/java/info/dourok/esactivity/IntentWrapper.java:16: error: unknown tag: date
 * @date 2017/8/6
   ^
/private/var/folders/bq/vtzpc5ns5sg2cthy61lqpg3dfzgbys/T/1535721847938-0/src/ActivityBuilder-master/library/src/main/java/info/dourok/esactivity/LambdaStateCallback.java:9: error: unknown tag: date
 * @date 2018/3/2.
   ^
/private/var/folders/bq/vtzpc5ns5sg2cthy61lqpg3dfzgbys/T/1535721847938-0/src/ActivityBuilder-master/library/src/main/java/info/dourok/esactivity/MessengerFragment.java:92: warning: no @param for activity
  public static MessengerFragment fragmentFor(Activity activity) {
                                  ^
/private/var/folders/bq/vtzpc5ns5sg2cthy61lqpg3dfzgbys/T/1535721847938-0/src/ActivityBuilder-master/library/src/main/java/info/dourok/esactivity/MessengerFragment.java:92: warning: no @return
  public static MessengerFragment fragmentFor(Activity activity) {
                                  ^
/private/var/folders/bq/vtzpc5ns5sg2cthy61lqpg3dfzgbys/T/1535721847938-0/src/ActivityBuilder-master/library/src/main/java/info/dourok/esactivity/MessengerFragment.java:17: error: unknown tag: date
 * @date 2017/8/5
   ^
/private/var/folders/bq/vtzpc5ns5sg2cthy61lqpg3dfzgbys/T/1535721847938-0/src/ActivityBuilder-master/library/src/main/java/info/dourok/esactivity/RefManager.java:52: warning: no @param for builder
  public @NonNull Map<String, Object> getOrCreateRefMap(BaseBuilder builder) {
                                      ^
/private/var/folders/bq/vtzpc5ns5sg2cthy61lqpg3dfzgbys/T/1535721847938-0/src/ActivityBuilder-master/library/src/main/java/info/dourok/esactivity/RefManager.java:52: warning: no @return
  public @NonNull Map<String, Object> getOrCreateRefMap(BaseBuilder builder) {
                                      ^
/private/var/folders/bq/vtzpc5ns5sg2cthy61lqpg3dfzgbys/T/1535721847938-0/src/ActivityBuilder-master/library/src/main/java/info/dourok/esactivity/RefManager.java:57: warning: no @param for intent
  public @NonNull Map<String, Object> getOrCreateRefMap(Intent intent) {
                                      ^
/private/var/folders/bq/vtzpc5ns5sg2cthy61lqpg3dfzgbys/T/1535721847938-0/src/ActivityBuilder-master/library/src/main/java/info/dourok/esactivity/RefManager.java:57: warning: no @return
  public @NonNull Map<String, Object> getOrCreateRefMap(Intent intent) {
                                      ^
/private/var/folders/bq/vtzpc5ns5sg2cthy61lqpg3dfzgbys/T/1535721847938-0/src/ActivityBuilder-master/library/src/main/java/info/dourok/esactivity/RefManager.java:69: warning: no @param for intent
  public static int getKeyOfMap(Intent intent) {
                    ^
/private/var/folders/bq/vtzpc5ns5sg2cthy61lqpg3dfzgbys/T/1535721847938-0/src/ActivityBuilder-master/library/src/main/java/info/dourok/esactivity/RefManager.java:69: warning: no @return
  public static int getKeyOfMap(Intent intent) {
                    ^
/private/var/folders/bq/vtzpc5ns5sg2cthy61lqpg3dfzgbys/T/1535721847938-0/src/ActivityBuilder-master/library/src/main/java/info/dourok/esactivity/RefManager.java:78: warning: no @param for oldIntent
  public void rebindRefMap(Intent oldIntent, Intent newIntent) {
              ^
/private/var/folders/bq/vtzpc5ns5sg2cthy61lqpg3dfzgbys/T/1535721847938-0/src/ActivityBuilder-master/library/src/main/java/info/dourok/esactivity/RefManager.java:78: warning: no @param for newIntent
  public void rebindRefMap(Intent oldIntent, Intent newIntent) {
              ^
/private/var/folders/bq/vtzpc5ns5sg2cthy61lqpg3dfzgbys/T/1535721847938-0/src/ActivityBuilder-master/library/src/main/java/info/dourok/esactivity/RefManager.java:16: error: unknown tag: date
 * @date 2017/8/31
   ^
/private/var/folders/bq/vtzpc5ns5sg2cthy61lqpg3dfzgbys/T/1535721847938-0/src/ActivityBuilder-master/library/src/main/java/info/dourok/esactivity/reference/AbstractActivityReferenceUpdater.java:48: warning: no @param for field
  protected abstract Object findNewObject(Activity activity, Field field, Object lambda,
                            ^
/private/var/folders/bq/vtzpc5ns5sg2cthy61lqpg3dfzgbys/T/1535721847938-0/src/ActivityBuilder-master/library/src/main/java/info/dourok/esactivity/reference/AbstractActivityReferenceUpdater.java:48: warning: no @param for lambda
  protected abstract Object findNewObject(Activity activity, Field field, Object lambda,
                            ^
/private/var/folders/bq/vtzpc5ns5sg2cthy61lqpg3dfzgbys/T/1535721847938-0/src/ActivityBuilder-master/library/src/main/java/info/dourok/esactivity/reference/AbstractActivityReferenceUpdater.java:12: error: unknown tag: date
 * @date 2018/3/2.
   ^
/private/var/folders/bq/vtzpc5ns5sg2cthy61lqpg3dfzgbys/T/1535721847938-0/src/ActivityBuilder-master/library/src/main/java/info/dourok/esactivity/reference/ActivityReferenceUpdater.java:8: error: unknown tag: date
 * @date 2018/3/3.
   ^
/private/var/folders/bq/vtzpc5ns5sg2cthy61lqpg3dfzgbys/T/1535721847938-0/src/ActivityBuilder-master/library/src/main/java/info/dourok/esactivity/reference/FragmentReferenceUpdater.java:15: error: unknown tag: date
 * @date 2018/3/3.
   ^
/private/var/folders/bq/vtzpc5ns5sg2cthy61lqpg3dfzgbys/T/1535721847938-0/src/ActivityBuilder-master/library/src/main/java/info/dourok/esactivity/reference/ViewReferenceUpdater.java:9: error: unknown tag: date
 * @date 2018/3/3.
   ^

11 errors
27 warnings
:library:generateReleaseJavadoc FAILED

FAILURE: Build failed with an exception.

* What went wrong:
Execution failed for task ':library:generateReleaseJavadoc'.
> Javadoc generation failed. Generated Javadoc options file (useful for troubleshooting): '/private/var/folders/bq/vtzpc5ns5sg2cthy61lqpg3dfzgbys/T/1535721847938-0/src/ActivityBuilder-master/library/build/tmp/generateReleaseJavadoc/javadoc.options'

* Try:
Run with --info or --debug option to get more log output.

* Exception is:
org.gradle.api.tasks.TaskExecutionException: Execution failed for task ':library:generateReleaseJavadoc'.
	at org.gradle.api.internal.tasks.execution.ExecuteActionsTaskExecuter.executeActions(ExecuteActionsTaskExecuter.java:100)
	at org.gradle.api.internal.tasks.execution.ExecuteActionsTaskExecuter.execute(ExecuteActionsTaskExecuter.java:70)
	at org.gradle.api.internal.tasks.execution.SkipUpToDateTaskExecuter.execute(SkipUpToDateTaskExecuter.java:63)
	at org.gradle.api.internal.tasks.execution.ResolveTaskOutputCachingStateExecuter.execute(ResolveTaskOutputCachingStateExecuter.java:54)
	at org.gradle.api.internal.tasks.execution.ValidatingTaskExecuter.execute(ValidatingTaskExecuter.java:58)
	at org.gradle.api.internal.tasks.execution.SkipEmptySourceFilesTaskExecuter.execute(SkipEmptySourceFilesTaskExecuter.java:88)
	at org.gradle.api.internal.tasks.execution.ResolveTaskArtifactStateTaskExecuter.execute(ResolveTaskArtifactStateTaskExecuter.java:52)
	at org.gradle.api.internal.tasks.execution.SkipTaskWithNoActionsExecuter.execute(SkipTaskWithNoActionsExecuter.java:52)
	at org.gradle.api.internal.tasks.execution.SkipOnlyIfTaskExecuter.execute(SkipOnlyIfTaskExecuter.java:54)
	at org.gradle.api.internal.tasks.execution.ExecuteAtMostOnceTaskExecuter.execute(ExecuteAtMostOnceTaskExecuter.java:43)
	at org.gradle.api.internal.tasks.execution.CatchExceptionTaskExecuter.execute(CatchExceptionTaskExecuter.java:34)
	at org.gradle.execution.taskgraph.DefaultTaskGraphExecuter$EventFiringTaskWorker$1.run(DefaultTaskGraphExecuter.java:248)
	at org.gradle.internal.progress.DefaultBuildOperationExecutor$RunnableBuildOperationWorker.execute(DefaultBuildOperationExecutor.java:336)
	at org.gradle.internal.progress.DefaultBuildOperationExecutor$RunnableBuildOperationWorker.execute(DefaultBuildOperationExecutor.java:328)
	at org.gradle.internal.progress.DefaultBuildOperationExecutor.execute(DefaultBuildOperationExecutor.java:197)
	at org.gradle.internal.progress.DefaultBuildOperationExecutor.run(DefaultBuildOperationExecutor.java:107)
	at org.gradle.execution.taskgraph.DefaultTaskGraphExecuter$EventFiringTaskWorker.execute(DefaultTaskGraphExecuter.java:241)
	at org.gradle.execution.taskgraph.DefaultTaskGraphExecuter$EventFiringTaskWorker.execute(DefaultTaskGraphExecuter.java:230)
	at org.gradle.execution.taskgraph.DefaultTaskPlanExecutor$TaskExecutorWorker.processTask(DefaultTaskPlanExecutor.java:124)
	at org.gradle.execution.taskgraph.DefaultTaskPlanExecutor$TaskExecutorWorker.access$200(DefaultTaskPlanExecutor.java:80)
	at org.gradle.execution.taskgraph.DefaultTaskPlanExecutor$TaskExecutorWorker$1.execute(DefaultTaskPlanExecutor.java:105)
	at org.gradle.execution.taskgraph.DefaultTaskPlanExecutor$TaskExecutorWorker$1.execute(DefaultTaskPlanExecutor.java:99)
	at org.gradle.execution.taskgraph.DefaultTaskExecutionPlan.execute(DefaultTaskExecutionPlan.java:625)
	at org.gradle.execution.taskgraph.DefaultTaskExecutionPlan.executeWithTask(DefaultTaskExecutionPlan.java:580)
	at org.gradle.execution.taskgraph.DefaultTaskPlanExecutor$TaskExecutorWorker.run(DefaultTaskPlanExecutor.java:99)
	at org.gradle.internal.concurrent.ExecutorPolicy$CatchAndRecordFailures.onExecute(ExecutorPolicy.java:63)
	at org.gradle.internal.concurrent.ManagedExecutorImpl$1.run(ManagedExecutorImpl.java:46)
	at org.gradle.internal.concurrent.ThreadFactoryImpl$ManagedThreadRunnable.run(ThreadFactoryImpl.java:55)
Caused by: org.gradle.api.GradleException: Javadoc generation failed. Generated Javadoc options file (useful for troubleshooting): '/private/var/folders/bq/vtzpc5ns5sg2cthy61lqpg3dfzgbys/T/1535721847938-0/src/ActivityBuilder-master/library/build/tmp/generateReleaseJavadoc/javadoc.options'
	at org.gradle.api.tasks.javadoc.internal.JavadocGenerator.execute(JavadocGenerator.java:58)
	at org.gradle.api.tasks.javadoc.internal.JavadocGenerator.execute(JavadocGenerator.java:31)
	at org.gradle.api.tasks.javadoc.Javadoc.executeExternalJavadoc(Javadoc.java:156)
	at org.gradle.api.tasks.javadoc.Javadoc.generate(Javadoc.java:144)
	at org.gradle.internal.reflect.JavaMethod.invoke(JavaMethod.java:73)
	at org.gradle.api.internal.project.taskfactory.DefaultTaskClassInfoStore$StandardTaskAction.doExecute(DefaultTaskClassInfoStore.java:141)
	at org.gradle.api.internal.project.taskfactory.DefaultTaskClassInfoStore$StandardTaskAction.execute(DefaultTaskClassInfoStore.java:134)
	at org.gradle.api.internal.project.taskfactory.DefaultTaskClassInfoStore$StandardTaskAction.execute(DefaultTaskClassInfoStore.java:121)
	at org.gradle.api.internal.AbstractTask$TaskActionWrapper.execute(AbstractTask.java:731)
	at org.gradle.api.internal.AbstractTask$TaskActionWrapper.execute(AbstractTask.java:705)
	at org.gradle.api.internal.tasks.execution.ExecuteActionsTaskExecuter$1.run(ExecuteActionsTaskExecuter.java:122)
	at org.gradle.internal.progress.DefaultBuildOperationExecutor$RunnableBuildOperationWorker.execute(DefaultBuildOperationExecutor.java:336)
	at org.gradle.internal.progress.DefaultBuildOperationExecutor$RunnableBuildOperationWorker.execute(DefaultBuildOperationExecutor.java:328)
	at org.gradle.internal.progress.DefaultBuildOperationExecutor.execute(DefaultBuildOperationExecutor.java:197)
	at org.gradle.internal.progress.DefaultBuildOperationExecutor.run(DefaultBuildOperationExecutor.java:107)
	at org.gradle.api.internal.tasks.execution.ExecuteActionsTaskExecuter.executeAction(ExecuteActionsTaskExecuter.java:111)
	at org.gradle.api.internal.tasks.execution.ExecuteActionsTaskExecuter.executeActions(ExecuteActionsTaskExecuter.java:92)
	... 27 more
Caused by: org.gradle.process.internal.ExecException: Process 'command '/Library/Java/JavaVirtualMachines/jdk1.8.0_172.jdk/Contents/Home/bin/javadoc'' finished with non-zero exit value 1
	at org.gradle.process.internal.DefaultExecHandle$ExecResultImpl.assertNormalExitValue(DefaultExecHandle.java:380)
	at org.gradle.process.internal.DefaultExecAction.execute(DefaultExecAction.java:31)
	at org.gradle.api.tasks.javadoc.internal.JavadocGenerator.execute(JavadocGenerator.java:53)
	... 43 more


* Get more help at https://help.gradle.org

BUILD FAILED in 14s
50 actionable tasks: 50 executed

2018-08-31 20:24:47,343 INFO  ProjectTaskService - Detecting possible tasks...
2018-08-31 20:24:47,343 INFO  SysUtils - Execute command: [/var/folders/bq/vtzpc5ns5sg2cthy61lqpg3dfzgbys/T/1535721847938-0/src/ActivityBuilder-master/gradlew, -b, /var/folders/bq/vtzpc5ns5sg2cthy61lqpg3dfzgbys/T/1535721847938-0/src/ActivityBuilder-master/sample/build.gradle, -Dorg.gradle.daemon=false, -Dorg.gradle.daemon.performance.enable-monitoring=false, -Dorg.gradle.configureondemand=true, tasks]
2018-08-31 20:24:53,809 INFO  ProjectTaskService - Detected possible tasks: 69
2018-08-31 20:24:53,809 INFO  ProjectTaskService - Excluded tasks (19): lintDebug mockableAndroidJar deviceCheck lint testReleaseUnitTest uninstallRelease deviceAndroidTest uninstallDebugAndroidTest installDebugAndroidTest connectedCheck connectedDebugAndroidTest uninstallAll test check testDebugUnitTest connectedAndroidTest installDebug lintRelease uninstallDebug
2018-08-31 20:24:53,809 INFO  SysUtils - Execute command: [/var/folders/bq/vtzpc5ns5sg2cthy61lqpg3dfzgbys/T/1535721847938-0/src/ActivityBuilder-master/gradlew, -b, /var/folders/bq/vtzpc5ns5sg2cthy61lqpg3dfzgbys/T/1535721847938-0/src/ActivityBuilder-master/sample/build.gradle, -Dorg.gradle.daemon=false, -Dorg.gradle.daemon.performance.enable-monitoring=false, -Dorg.gradle.configureondemand=true, --stacktrace, -x, lintDebug, -x, mockableAndroidJar, -x, deviceCheck, -x, lint, -x, testReleaseUnitTest, -x, uninstallRelease, -x, deviceAndroidTest, -x, uninstallDebugAndroidTest, -x, installDebugAndroidTest, -x, connectedCheck, -x, connectedDebugAndroidTest, -x, uninstallAll, -x, test, -x, check, -x, testDebugUnitTest, -x, connectedAndroidTest, -x, installDebug, -x, lintRelease, -x, uninstallDebug, build]
2018-08-31 20:25:11,785 ERROR SysUtils - Could not process external command
org.apache.commons.exec.ExecuteException: Process exited with an error: 1 (Exit value: 1)
	at org.apache.commons.exec.DefaultExecutor.executeInternal(DefaultExecutor.java:404)
	at org.apache.commons.exec.DefaultExecutor.execute(DefaultExecutor.java:166)
	at com.github.vbauer.apkmaster.util.SysUtils.execute(SysUtils.java:67)
	at com.github.vbauer.apkmaster.util.SysUtils.executeSimple(SysUtils.java:43)
	at com.github.vbauer.apkmaster.service.assembly.ProjectBuildService.buildProject(ProjectBuildService.java:78)
	at com.github.vbauer.apkmaster.service.assembly.ProjectBuildService.buildProject(ProjectBuildService.java:64)
	at com.github.vbauer.apkmaster.service.assembly.ProjectBuildService.buildProject(ProjectBuildService.java:43)
	at com.github.vbauer.apkmaster.service.FullProcessService.build(FullProcessService.java:84)
	at com.github.vbauer.apkmaster.service.FullProcessService.process(FullProcessService.java:34)
	at com.github.vbauer.apkmaster.app.MainApplication.process(MainApplication.java:38)
	at com.github.vbauer.apkmaster.app.MainApplication.main(MainApplication.java:20)
	at sun.reflect.GeneratedMethodAccessor8.invoke(Unknown Source)
	at sun.reflect.DelegatingMethodAccessorImpl.invoke(DelegatingMethodAccessorImpl.java:43)
	at java.lang.reflect.Method.invoke(Method.java:498)
	at com.android.arsenal.util.ReflectionUtils.invoke(ReflectionUtils.java:52)
	at com.android.arsenal.util.ApkMasterUtils.main(ApkMasterUtils.java:30)
	at com.android.arsenal.service.processor.impl.BuildProcessorServiceImpl.buildProject(BuildProcessorServiceImpl.java:196)
	at com.android.arsenal.service.processor.impl.BuildProcessorServiceImpl.build(BuildProcessorServiceImpl.java:130)
	at com.android.arsenal.service.processor.impl.BuildProcessorServiceImpl.lambda$createTasks$1(BuildProcessorServiceImpl.java:113)
	at java.util.concurrent.FutureTask.run(FutureTask.java:266)
	at java.util.concurrent.Executors$RunnableAdapter.call(Executors.java:511)
	at java.util.concurrent.FutureTask.run(FutureTask.java:266)
	at java.util.concurrent.ThreadPoolExecutor.runWorker(ThreadPoolExecutor.java:1149)
	at java.util.concurrent.ThreadPoolExecutor$Worker.run(ThreadPoolExecutor.java:624)
	at java.lang.Thread.run(Thread.java:748)
2018-08-31 20:25:11,785 INFO  SysUtils - Configuration on demand is an incubating feature.
fatal: ambiguous argument 'HEAD': unknown revision or path not in the working tree.
Use '--' to separate paths from revisions, like this:
'git <command> [<revision>...] -- [<file>...]'
The ConfigurableReport.setDestination(Object) method has been deprecated and is scheduled to be removed in Gradle 5.0. Please use the method ConfigurableReport.setDestination(File) instead.
	at org.gradle.api.reporting.internal.SimpleReport.setDestination(SimpleReport.java:76)
	at org.gradle.api.plugins.quality.internal.findbugs.FindBugsXmlReportImpl_Decorated.setDestination(Unknown Source)
	at org.gradle.api.plugins.quality.internal.findbugs.FindBugsXmlReportImpl_Decorated.destination(Unknown Source)
	at sun.reflect.NativeMethodAccessorImpl.invoke0(Native Method)
	at sun.reflect.NativeMethodAccessorImpl.invoke(NativeMethodAccessorImpl.java:62)
	at sun.reflect.DelegatingMethodAccessorImpl.invoke(DelegatingMethodAccessorImpl.java:43)
	at java.lang.reflect.Method.invoke(Method.java:498)
	at org.codehaus.groovy.reflection.CachedMethod.invoke(CachedMethod.java:93)
	at groovy.lang.MetaMethod.doMethodInvoke(MetaMethod.java:325)
	at org.gradle.internal.metaobject.BeanDynamicObject$MetaClassAdapter.invokeMethod(BeanDynamicObject.java:479)
	at org.gradle.internal.metaobject.BeanDynamicObject.tryInvokeMethod(BeanDynamicObject.java:191)
	at org.gradle.internal.metaobject.CompositeDynamicObject.tryInvokeMethod(CompositeDynamicObject.java:98)
	at org.gradle.internal.metaobject.MixInClosurePropertiesAsMethodsDynamicObject.tryInvokeMethod(MixInClosurePropertiesAsMethodsDynamicObject.java:30)
	at org.gradle.internal.metaobject.ConfigureDelegate.invokeMethod(ConfigureDelegate.java:59)
	at org.codehaus.groovy.runtime.metaclass.ClosureMetaClass.invokeOnDelegationObjects(ClosureMetaClass.java:430)
	at org.codehaus.groovy.runtime.metaclass.ClosureMetaClass.invokeMethod(ClosureMetaClass.java:369)
	at groovy.lang.MetaClassImpl.invokeMethod(MetaClassImpl.java:1022)
	at org.codehaus.groovy.runtime.callsite.PogoMetaClassSite.callCurrent(PogoMetaClassSite.java:69)
	at org.codehaus.groovy.runtime.callsite.CallSiteArray.defaultCallCurrent(CallSiteArray.java:52)
	at org.codehaus.groovy.runtime.callsite.AbstractCallSite.callCurrent(AbstractCallSite.java:154)
	at org.codehaus.groovy.runtime.callsite.AbstractCallSite.callCurrent(AbstractCallSite.java:166)
	at quality_9cpn9bt91tew359tw1aq8qd84$_run_closure4$_closure9$_closure10.doCall(/private/var/folders/bq/vtzpc5ns5sg2cthy61lqpg3dfzgbys/T/1535721847938-0/src/ActivityBuilder-master/config/quality.gradle:48)
	at sun.reflect.NativeMethodAccessorImpl.invoke0(Native Method)
	at sun.reflect.NativeMethodAccessorImpl.invoke(NativeMethodAccessorImpl.java:62)
	at sun.reflect.DelegatingMethodAccessorImpl.invoke(DelegatingMethodAccessorImpl.java:43)
	at java.lang.reflect.Method.invoke(Method.java:498)
	at org.codehaus.groovy.reflection.CachedMethod.invoke(CachedMethod.java:93)
	at groovy.lang.MetaMethod.doMethodInvoke(MetaMethod.java:325)
	at org.codehaus.groovy.runtime.metaclass.ClosureMetaClass.invokeMethod(ClosureMetaClass.java:294)
	at groovy.lang.MetaClassImpl.invokeMethod(MetaClassImpl.java:1022)
	at groovy.lang.Closure.call(Closure.java:414)
	at groovy.lang.Closure.call(Closure.java:430)
	at org.gradle.api.internal.ClosureBackedAction.execute(ClosureBackedAction.java:71)
	at org.gradle.util.ConfigureUtil.configureTarget(ConfigureUtil.java:160)
	at org.gradle.util.ConfigureUtil.configureSelf(ConfigureUtil.java:136)
	at org.gradle.api.reporting.internal.SimpleReport.configure(SimpleReport.java:104)
	at org.gradle.api.reporting.internal.SimpleReport.configure(SimpleReport.java:34)
	at org.gradle.util.ConfigureUtil.configure(ConfigureUtil.java:104)
	at org.gradle.api.internal.DefaultNamedDomainObjectCollection$ContainerElementsDynamicObject.tryInvokeMethod(DefaultNamedDomainObjectCollection.java:369)
	at org.gradle.internal.metaobject.BeanDynamicObject$MetaClassAdapter.invokeMethod(BeanDynamicObject.java:499)
	at org.gradle.internal.metaobject.BeanDynamicObject.tryInvokeMethod(BeanDynamicObject.java:191)
	at org.gradle.internal.metaobject.CompositeDynamicObject.tryInvokeMethod(CompositeDynamicObject.java:98)
	at org.gradle.internal.metaobject.MixInClosurePropertiesAsMethodsDynamicObject.tryInvokeMethod(MixInClosurePropertiesAsMethodsDynamicObject.java:30)
	at org.gradle.internal.metaobject.ConfigureDelegate.invokeMethod(ConfigureDelegate.java:59)
	at org.codehaus.groovy.runtime.metaclass.ClosureMetaClass.invokeOnDelegationObjects(ClosureMetaClass.java:430)
	at org.codehaus.groovy.runtime.metaclass.ClosureMetaClass.invokeMethod(ClosureMetaClass.java:369)
	at groovy.lang.MetaClassImpl.invokeMethod(MetaClassImpl.java:1022)
	at org.codehaus.groovy.runtime.callsite.PogoMetaClassSite.callCurrent(PogoMetaClassSite.java:69)
	at org.codehaus.groovy.runtime.callsite.CallSiteArray.defaultCallCurrent(CallSiteArray.java:52)
	at org.codehaus.groovy.runtime.callsite.AbstractCallSite.callCurrent(AbstractCallSite.java:154)
	at org.codehaus.groovy.runtime.callsite.AbstractCallSite.callCurrent(AbstractCallSite.java:166)
	at quality_9cpn9bt91tew359tw1aq8qd84$_run_closure4$_closure9.doCall(/private/var/folders/bq/vtzpc5ns5sg2cthy61lqpg3dfzgbys/T/1535721847938-0/src/ActivityBuilder-master/config/quality.gradle:47)
	at sun.reflect.NativeMethodAccessorImpl.invoke0(Native Method)
	at sun.reflect.NativeMethodAccessorImpl.invoke(NativeMethodAccessorImpl.java:62)
	at sun.reflect.DelegatingMethodAccessorImpl.invoke(DelegatingMethodAccessorImpl.java:43)
	at java.lang.reflect.Method.invoke(Method.java:498)
	at org.codehaus.groovy.reflection.CachedMethod.invoke(CachedMethod.java:93)
	at groovy.lang.MetaMethod.doMethodInvoke(MetaMethod.java:325)
	at org.codehaus.groovy.runtime.metaclass.ClosureMetaClass.invokeMethod(ClosureMetaClass.java:294)
	at groovy.lang.MetaClassImpl.invokeMethod(MetaClassImpl.java:1022)
	at groovy.lang.Closure.call(Closure.java:414)
	at groovy.lang.Closure.call(Closure.java:430)
	at org.gradle.api.internal.ClosureBackedAction.execute(ClosureBackedAction.java:71)
	at org.gradle.util.ConfigureUtil.configureTarget(ConfigureUtil.java:160)
	at org.gradle.util.ConfigureUtil.configureSelf(ConfigureUtil.java:136)
	at org.gradle.api.reporting.internal.DefaultReportContainer.configure(DefaultReportContainer.java:93)
	at org.gradle.api.reporting.internal.DefaultReportContainer.configure(DefaultReportContainer.java:44)
	at org.gradle.api.internal.ClosureBackedAction.execute(ClosureBackedAction.java:63)
	at org.gradle.api.plugins.quality.FindBugs.reports(FindBugs.java:167)
	at org.gradle.api.plugins.quality.FindBugs.reports(FindBugs.java:144)
	at org.gradle.api.plugins.quality.FindBugs.reports(FindBugs.java:68)
	at sun.reflect.NativeMethodAccessorImpl.invoke0(Native Method)
	at sun.reflect.NativeMethodAccessorImpl.invoke(NativeMethodAccessorImpl.java:62)
	at sun.reflect.DelegatingMethodAccessorImpl.invoke(DelegatingMethodAccessorImpl.java:43)
	at java.lang.reflect.Method.invoke(Method.java:498)
	at org.codehaus.groovy.reflection.CachedMethod.invoke(CachedMethod.java:93)
	at groovy.lang.MetaMethod.doMethodInvoke(MetaMethod.java:325)
	at org.gradle.internal.metaobject.BeanDynamicObject$MetaClassAdapter.invokeMethod(BeanDynamicObject.java:479)
	at org.gradle.internal.metaobject.BeanDynamicObject.tryInvokeMethod(BeanDynamicObject.java:191)
	at org.gradle.internal.metaobject.CompositeDynamicObject.tryInvokeMethod(CompositeDynamicObject.java:98)
	at org.gradle.internal.metaobject.MixInClosurePropertiesAsMethodsDynamicObject.tryInvokeMethod(MixInClosurePropertiesAsMethodsDynamicObject.java:30)
	at org.gradle.internal.metaobject.ConfigureDelegate.invokeMethod(ConfigureDelegate.java:59)
	at org.codehaus.groovy.runtime.metaclass.ClosureMetaClass.invokeOnDelegationObjects(ClosureMetaClass.java:430)
	at org.codehaus.groovy.runtime.metaclass.ClosureMetaClass.invokeMethod(ClosureMetaClass.java:369)
	at groovy.lang.MetaClassImpl.invokeMethod(MetaClassImpl.java:1022)
	at org.codehaus.groovy.runtime.callsite.PogoMetaClassSite.callCurrent(PogoMetaClassSite.java:69)
	at org.codehaus.groovy.runtime.callsite.CallSiteArray.defaultCallCurrent(CallSiteArray.java:52)
	at org.codehaus.groovy.runtime.callsite.AbstractCallSite.callCurrent(AbstractCallSite.java:154)
	at org.codehaus.groovy.runtime.callsite.AbstractCallSite.callCurrent(AbstractCallSite.java:166)
	at quality_9cpn9bt91tew359tw1aq8qd84$_run_closure4.doCall(/private/var/folders/bq/vtzpc5ns5sg2cthy61lqpg3dfzgbys/T/1535721847938-0/src/ActivityBuilder-master/config/quality.gradle:44)
	at sun.reflect.NativeMethodAccessorImpl.invoke0(Native Method)
	at sun.reflect.NativeMethodAccessorImpl.invoke(NativeMethodAccessorImpl.java:62)
	at sun.reflect.DelegatingMethodAccessorImpl.invoke(DelegatingMethodAccessorImpl.java:43)
	at java.lang.reflect.Method.invoke(Method.java:498)
	at org.codehaus.groovy.reflection.CachedMethod.invoke(CachedMethod.java:93)
	at groovy.lang.MetaMethod.doMethodInvoke(MetaMethod.java:325)
	at org.codehaus.groovy.runtime.metaclass.ClosureMetaClass.invokeMethod(ClosureMetaClass.java:294)
	at groovy.lang.MetaClassImpl.invokeMethod(MetaClassImpl.java:1022)
	at groovy.lang.Closure.call(Closure.java:414)
	at groovy.lang.Closure.call(Closure.java:430)
	at org.gradle.api.internal.ClosureBackedAction.execute(ClosureBackedAction.java:71)
	at org.gradle.util.ConfigureUtil.configureTarget(ConfigureUtil.java:160)
	at org.gradle.util.ConfigureUtil.configureSelf(ConfigureUtil.java:136)
	at org.gradle.api.internal.AbstractTask.configure(AbstractTask.java:600)
	at org.gradle.api.internal.project.DefaultProject.task(DefaultProject.java:1193)
	at sun.reflect.NativeMethodAccessorImpl.invoke0(Native Method)
	at sun.reflect.NativeMethodAccessorImpl.invoke(NativeMethodAccessorImpl.java:62)
	at sun.reflect.DelegatingMethodAccessorImpl.invoke(DelegatingMethodAccessorImpl.java:43)
	at java.lang.reflect.Method.invoke(Method.java:498)
	at org.codehaus.groovy.reflection.CachedMethod.invoke(CachedMethod.java:93)
	at groovy.lang.MetaMethod.doMethodInvoke(MetaMethod.java:325)
	at org.gradle.internal.metaobject.BeanDynamicObject$MetaClassAdapter.invokeMethod(BeanDynamicObject.java:479)
	at org.gradle.internal.metaobject.BeanDynamicObject.tryInvokeMethod(BeanDynamicObject.java:191)
	at org.gradle.internal.metaobject.CompositeDynamicObject.tryInvokeMethod(CompositeDynamicObject.java:98)
	at org.gradle.internal.metaobject.MixInClosurePropertiesAsMethodsDynamicObject.tryInvokeMethod(MixInClosurePropertiesAsMethodsDynamicObject.java:30)
	at org.gradle.groovy.scripts.BasicScript$ScriptDynamicObject.tryInvokeMethod(BasicScript.java:134)
	at org.gradle.internal.metaobject.AbstractDynamicObject.invokeMethod(AbstractDynamicObject.java:160)
	at org.gradle.groovy.scripts.BasicScript.invokeMethod(BasicScript.java:83)
	at org.codehaus.groovy.runtime.callsite.PogoMetaClassSite.callCurrent(PogoMetaClassSite.java:75)
	at org.codehaus.groovy.runtime.callsite.CallSiteArray.defaultCallCurrent(CallSiteArray.java:52)
	at org.codehaus.groovy.runtime.callsite.AbstractCallSite.callCurrent(AbstractCallSite.java:154)
	at org.codehaus.groovy.runtime.callsite.AbstractCallSite.callCurrent(AbstractCallSite.java:182)
	at quality_9cpn9bt91tew359tw1aq8qd84.run(/private/var/folders/bq/vtzpc5ns5sg2cthy61lqpg3dfzgbys/T/1535721847938-0/src/ActivityBuilder-master/config/quality.gradle:33)
	at org.gradle.groovy.scripts.internal.DefaultScriptRunnerFactory$ScriptRunnerImpl.run(DefaultScriptRunnerFactory.java:90)
	at org.gradle.configuration.DefaultScriptPluginFactory$ScriptPluginImpl$2.run(DefaultScriptPluginFactory.java:187)
	at org.gradle.configuration.DefaultScriptTarget.addConfiguration(DefaultScriptTarget.java:74)
	at org.gradle.configuration.DefaultScriptPluginFactory$ScriptPluginImpl.apply(DefaultScriptPluginFactory.java:192)
	at org.gradle.configuration.BuildOperationScriptPlugin$1.run(BuildOperationScriptPlugin.java:61)
	at org.gradle.internal.progress.DefaultBuildOperationExecutor$RunnableBuildOperationWorker.execute(DefaultBuildOperationExecutor.java:336)
	at org.gradle.internal.progress.DefaultBuildOperationExecutor$RunnableBuildOperationWorker.execute(DefaultBuildOperationExecutor.java:328)
	at org.gradle.internal.progress.DefaultBuildOperationExecutor.execute(DefaultBuildOperationExecutor.java:197)
	at org.gradle.internal.progress.DefaultBuildOperationExecutor.run(DefaultBuildOperationExecutor.java:107)
	at org.gradle.configuration.BuildOperationScriptPlugin.apply(BuildOperationScriptPlugin.java:58)
	at org.gradle.api.internal.plugins.DefaultObjectConfigurationAction.applyScript(DefaultObjectConfigurationAction.java:102)
	at org.gradle.api.internal.plugins.DefaultObjectConfigurationAction.access$000(DefaultObjectConfigurationAction.java:36)
	at org.gradle.api.internal.plugins.DefaultObjectConfigurationAction$1.run(DefaultObjectConfigurationAction.java:62)
	at org.gradle.api.internal.plugins.DefaultObjectConfigurationAction.execute(DefaultObjectConfigurationAction.java:136)
	at org.gradle.api.internal.project.AbstractPluginAware.apply(AbstractPluginAware.java:46)
	at org.gradle.api.internal.project.ProjectScript.apply(ProjectScript.java:34)
	at org.gradle.api.Script$apply$1.callCurrent(Unknown Source)
	at org.codehaus.groovy.runtime.callsite.CallSiteArray.defaultCallCurrent(CallSiteArray.java:52)
	at org.codehaus.groovy.runtime.callsite.AbstractCallSite.callCurrent(AbstractCallSite.java:154)
	at org.codehaus.groovy.runtime.callsite.AbstractCallSite.callCurrent(AbstractCallSite.java:166)
	at build_alzj13jv5r7o9xnmljgmsof8n.run(/private/var/folders/bq/vtzpc5ns5sg2cthy61lqpg3dfzgbys/T/1535721847938-0/src/ActivityBuilder-master/compiler/build.gradle:68)
	at org.gradle.groovy.scripts.internal.DefaultScriptRunnerFactory$ScriptRunnerImpl.run(DefaultScriptRunnerFactory.java:90)
	at org.gradle.configuration.DefaultScriptPluginFactory$ScriptPluginImpl$2.run(DefaultScriptPluginFactory.java:187)
	at org.gradle.configuration.ProjectScriptTarget.addConfiguration(ProjectScriptTarget.java:77)
	at org.gradle.configuration.DefaultScriptPluginFactory$ScriptPluginImpl.apply(DefaultScriptPluginFactory.java:192)
	at org.gradle.configuration.BuildOperationScriptPlugin$1.run(BuildOperationScriptPlugin.java:61)
	at org.gradle.internal.progress.DefaultBuildOperationExecutor$RunnableBuildOperationWorker.execute(DefaultBuildOperationExecutor.java:336)
	at org.gradle.internal.progress.DefaultBuildOperationExecutor$RunnableBuildOperationWorker.execute(DefaultBuildOperationExecutor.java:328)
	at org.gradle.internal.progress.DefaultBuildOperationExecutor.execute(DefaultBuildOperationExecutor.java:197)
	at org.gradle.internal.progress.DefaultBuildOperationExecutor.run(DefaultBuildOperationExecutor.java:107)
	at org.gradle.configuration.BuildOperationScriptPlugin.apply(BuildOperationScriptPlugin.java:58)
	at org.gradle.configuration.project.BuildScriptProcessor.execute(BuildScriptProcessor.java:39)
	at org.gradle.configuration.project.BuildScriptProcessor.execute(BuildScriptProcessor.java:26)
	at org.gradle.configuration.project.ConfigureActionsProjectEvaluator.evaluate(ConfigureActionsProjectEvaluator.java:34)
	at org.gradle.configuration.project.LifecycleProjectEvaluator.doConfigure(LifecycleProjectEvaluator.java:63)
	at org.gradle.configuration.project.LifecycleProjectEvaluator.access$100(LifecycleProjectEvaluator.java:33)
	at org.gradle.configuration.project.LifecycleProjectEvaluator$ConfigureProject.run(LifecycleProjectEvaluator.java:103)
	at org.gradle.internal.progress.DefaultBuildOperationExecutor$RunnableBuildOperationWorker.execute(DefaultBuildOperationExecutor.java:336)
	at org.gradle.internal.progress.DefaultBuildOperationExecutor$RunnableBuildOperationWorker.execute(DefaultBuildOperationExecutor.java:328)
	at org.gradle.internal.progress.DefaultBuildOperationExecutor.execute(DefaultBuildOperationExecutor.java:197)
	at org.gradle.internal.progress.DefaultBuildOperationExecutor.run(DefaultBuildOperationExecutor.java:107)
	at org.gradle.configuration.project.LifecycleProjectEvaluator.evaluate(LifecycleProjectEvaluator.java:49)
	at org.gradle.api.internal.project.DefaultProject.evaluate(DefaultProject.java:651)
	at org.gradle.api.internal.project.DefaultProject.evaluate(DefaultProject.java:133)
	at org.gradle.api.internal.project.DefaultProjectAccessListener.evaluateProjectAndDiscoverTasks(DefaultProjectAccessListener.java:32)
	at org.gradle.api.internal.project.DefaultProjectAccessListener.beforeResolvingProjectDependency(DefaultProjectAccessListener.java:28)
	at org.gradle.api.internal.artifacts.dependencies.DefaultProjectDependency.beforeResolved(DefaultProjectDependency.java:100)
	at org.gradle.api.internal.artifacts.ivyservice.moduleconverter.dependencies.ProjectIvyDependencyDescriptorFactory.createDependencyDescriptor(ProjectIvyDependencyDescriptorFactory.java:43)
	at org.gradle.api.internal.artifacts.ivyservice.moduleconverter.dependencies.DefaultDependencyDescriptorFactory.createDependencyDescriptor(DefaultDependencyDescriptorFactory.java:36)
	at org.gradle.api.internal.artifacts.ivyservice.moduleconverter.dependencies.DefaultDependenciesToModuleDescriptorConverter.addDependencies(DefaultDependenciesToModuleDescriptorConverter.java:53)
	at org.gradle.api.internal.artifacts.ivyservice.moduleconverter.dependencies.DefaultDependenciesToModuleDescriptorConverter.addDependencyDescriptors(DefaultDependenciesToModuleDescriptorConverter.java:44)
	at org.gradle.api.internal.artifacts.ivyservice.moduleconverter.DefaultConfigurationComponentMetaDataBuilder.addConfigurations(DefaultConfigurationComponentMetaDataBuilder.java:37)
	at org.gradle.api.internal.artifacts.ivyservice.moduleconverter.DefaultRootComponentMetadataBuilder.toRootComponentMetaData(DefaultRootComponentMetadataBuilder.java:68)
	at org.gradle.api.internal.artifacts.configurations.DefaultConfiguration.toRootComponentMetaData(DefaultConfiguration.java:690)
	at org.gradle.api.internal.artifacts.ivyservice.resolveengine.DefaultArtifactDependencyResolver$DefaultResolveContextToComponentResolver.resolve(DefaultArtifactDependencyResolver.java:134)
	at org.gradle.api.internal.artifacts.ivyservice.resolveengine.graph.DependencyGraphBuilder.resolve(DependencyGraphBuilder.java:116)
	at org.gradle.api.internal.artifacts.ivyservice.resolveengine.DefaultArtifactDependencyResolver.resolve(DefaultArtifactDependencyResolver.java:86)
	at org.gradle.api.internal.artifacts.ivyservice.DefaultConfigurationResolver.resolveBuildDependencies(DefaultConfigurationResolver.java:112)
	at org.gradle.api.internal.artifacts.ivyservice.ShortCircuitEmptyConfigurationResolver.resolveBuildDependencies(ShortCircuitEmptyConfigurationResolver.java:64)
	at org.gradle.api.internal.artifacts.ivyservice.ErrorHandlingConfigurationResolver.resolveBuildDependencies(ErrorHandlingConfigurationResolver.java:55)
	at org.gradle.api.internal.artifacts.configurations.DefaultConfiguration$ConfigurationTaskDependency.visitDependencies(DefaultConfiguration.java:1248)
	at org.gradle.api.internal.tasks.CachingTaskDependencyResolveContext$TaskGraphImpl.getNodeValues(CachingTaskDependencyResolveContext.java:90)
	at org.gradle.internal.graph.CachingDirectedGraphWalker$GraphWithEmpyEdges.getNodeValues(CachingDirectedGraphWalker.java:202)
	at org.gradle.internal.graph.CachingDirectedGraphWalker.doSearch(CachingDirectedGraphWalker.java:112)
	at org.gradle.internal.graph.CachingDirectedGraphWalker.findValues(CachingDirectedGraphWalker.java:64)
	at org.gradle.api.internal.tasks.CachingTaskDependencyResolveContext.doResolve(CachingTaskDependencyResolveContext.java:77)
	at org.gradle.api.internal.tasks.CachingTaskDependencyResolveContext.resolve(CachingTaskDependencyResolveContext.java:66)
	at org.gradle.api.internal.tasks.CachingTaskDependencyResolveContext.getDependencies(CachingTaskDependencyResolveContext.java:56)
	at org.gradle.execution.taskgraph.DefaultTaskExecutionPlan.addToTaskGraph(DefaultTaskExecutionPlan.java:175)
	at org.gradle.execution.taskgraph.DefaultTaskGraphExecuter.addTasks(DefaultTaskGraphExecuter.java:111)
	at org.gradle.execution.TaskNameResolvingBuildConfigurationAction.configure(TaskNameResolvingBuildConfigurationAction.java:47)
	at org.gradle.execution.DefaultBuildConfigurationActionExecuter.configure(DefaultBuildConfigurationActionExecuter.java:48)
	at org.gradle.execution.DefaultBuildConfigurationActionExecuter.access$000(DefaultBuildConfigurationActionExecuter.java:25)
	at org.gradle.execution.DefaultBuildConfigurationActionExecuter$1.proceed(DefaultBuildConfigurationActionExecuter.java:54)
	at org.gradle.execution.DefaultTasksBuildExecutionAction.configure(DefaultTasksBuildExecutionAction.java:44)
	at org.gradle.execution.DefaultBuildConfigurationActionExecuter.configure(DefaultBuildConfigurationActionExecuter.java:48)
	at org.gradle.execution.DefaultBuildConfigurationActionExecuter.access$000(DefaultBuildConfigurationActionExecuter.java:25)
	at org.gradle.execution.DefaultBuildConfigurationActionExecuter$1.proceed(DefaultBuildConfigurationActionExecuter.java:54)
	at org.gradle.execution.ExcludedTaskFilteringBuildConfigurationAction.configure(ExcludedTaskFilteringBuildConfigurationAction.java:47)
	at org.gradle.execution.DefaultBuildConfigurationActionExecuter.configure(DefaultBuildConfigurationActionExecuter.java:48)
	at org.gradle.execution.DefaultBuildConfigurationActionExecuter.select(DefaultBuildConfigurationActionExecuter.java:36)
	at org.gradle.initialization.DefaultGradleLauncher$CalculateTaskGraph.run(DefaultGradleLauncher.java:265)
	at org.gradle.internal.progress.DefaultBuildOperationExecutor$RunnableBuildOperationWorker.execute(DefaultBuildOperationExecutor.java:336)
	at org.gradle.internal.progress.DefaultBuildOperationExecutor$RunnableBuildOperationWorker.execute(DefaultBuildOperationExecutor.java:328)
	at org.gradle.internal.progress.DefaultBuildOperationExecutor.execute(DefaultBuildOperationExecutor.java:197)
	at org.gradle.internal.progress.DefaultBuildOperationExecutor.run(DefaultBuildOperationExecutor.java:107)
	at org.gradle.initialization.DefaultGradleLauncher.constructTaskGraph(DefaultGradleLauncher.java:173)
	at org.gradle.initialization.DefaultGradleLauncher.doBuildStages(DefaultGradleLauncher.java:128)
	at org.gradle.initialization.DefaultGradleLauncher.executeTasks(DefaultGradleLauncher.java:107)
	at org.gradle.internal.invocation.GradleBuildController$1.call(GradleBuildController.java:78)
	at org.gradle.internal.invocation.GradleBuildController$1.call(GradleBuildController.java:75)
	at org.gradle.internal.work.DefaultWorkerLeaseService.withLocks(DefaultWorkerLeaseService.java:152)
	at org.gradle.internal.invocation.GradleBuildController.doBuild(GradleBuildController.java:100)
	at org.gradle.internal.invocation.GradleBuildController.run(GradleBuildController.java:75)
	at org.gradle.tooling.internal.provider.ExecuteBuildActionRunner.run(ExecuteBuildActionRunner.java:28)
	at org.gradle.launcher.exec.ChainingBuildActionRunner.run(ChainingBuildActionRunner.java:35)
	at org.gradle.tooling.internal.provider.ValidatingBuildActionRunner.run(ValidatingBuildActionRunner.java:32)
	at org.gradle.launcher.exec.RunAsBuildOperationBuildActionRunner$1.run(RunAsBuildOperationBuildActionRunner.java:43)
	at org.gradle.internal.progress.DefaultBuildOperationExecutor$RunnableBuildOperationWorker.execute(DefaultBuildOperationExecutor.java:336)
	at org.gradle.internal.progress.DefaultBuildOperationExecutor$RunnableBuildOperationWorker.execute(DefaultBuildOperationExecutor.java:328)
	at org.gradle.internal.progress.DefaultBuildOperationExecutor.execute(DefaultBuildOperationExecutor.java:197)
	at org.gradle.internal.progress.DefaultBuildOperationExecutor.run(DefaultBuildOperationExecutor.java:107)
	at org.gradle.launcher.exec.RunAsBuildOperationBuildActionRunner.run(RunAsBuildOperationBuildActionRunner.java:40)
	at org.gradle.tooling.internal.provider.SubscribableBuildActionRunner.run(SubscribableBuildActionRunner.java:51)
	at org.gradle.launcher.exec.InProcessBuildActionExecuter.execute(InProcessBuildActionExecuter.java:45)
	at org.gradle.launcher.exec.InProcessBuildActionExecuter.execute(InProcessBuildActionExecuter.java:29)
	at org.gradle.launcher.exec.BuildTreeScopeBuildActionExecuter.execute(BuildTreeScopeBuildActionExecuter.java:39)
	at org.gradle.launcher.exec.BuildTreeScopeBuildActionExecuter.execute(BuildTreeScopeBuildActionExecuter.java:25)
	at org.gradle.tooling.internal.provider.ContinuousBuildActionExecuter.execute(ContinuousBuildActionExecuter.java:71)
	at org.gradle.tooling.internal.provider.ContinuousBuildActionExecuter.execute(ContinuousBuildActionExecuter.java:45)
	at org.gradle.tooling.internal.provider.ServicesSetupBuildActionExecuter.execute(ServicesSetupBuildActionExecuter.java:51)
	at org.gradle.tooling.internal.provider.ServicesSetupBuildActionExecuter.execute(ServicesSetupBuildActionExecuter.java:32)
	at org.gradle.tooling.internal.provider.GradleThreadBuildActionExecuter.execute(GradleThreadBuildActionExecuter.java:36)
	at org.gradle.tooling.internal.provider.GradleThreadBuildActionExecuter.execute(GradleThreadBuildActionExecuter.java:25)
	at org.gradle.tooling.internal.provider.ParallelismConfigurationBuildActionExecuter.execute(ParallelismConfigurationBuildActionExecuter.java:43)
	at org.gradle.tooling.internal.provider.ParallelismConfigurationBuildActionExecuter.execute(ParallelismConfigurationBuildActionExecuter.java:29)
	at org.gradle.tooling.internal.provider.StartParamsValidatingActionExecuter.execute(StartParamsValidatingActionExecuter.java:64)
	at org.gradle.tooling.internal.provider.StartParamsValidatingActionExecuter.execute(StartParamsValidatingActionExecuter.java:29)
	at org.gradle.tooling.internal.provider.SessionFailureReportingActionExecuter.execute(SessionFailureReportingActionExecuter.java:55)
	at org.gradle.tooling.internal.provider.SessionFailureReportingActionExecuter.execute(SessionFailureReportingActionExecuter.java:42)
	at org.gradle.tooling.internal.provider.SetupLoggingActionExecuter.execute(SetupLoggingActionExecuter.java:58)
	at org.gradle.tooling.internal.provider.SetupLoggingActionExecuter.execute(SetupLoggingActionExecuter.java:33)
	at org.gradle.launcher.cli.RunBuildAction.run(RunBuildAction.java:51)
	at org.gradle.internal.Actions$RunnableActionAdapter.execute(Actions.java:173)
	at org.gradle.launcher.cli.CommandLineActionFactory$ParseAndBuildAction.execute(CommandLineActionFactory.java:287)
	at org.gradle.launcher.cli.CommandLineActionFactory$ParseAndBuildAction.execute(CommandLineActionFactory.java:260)
	at org.gradle.launcher.cli.JavaRuntimeValidationAction.execute(JavaRuntimeValidationAction.java:33)
	at org.gradle.launcher.cli.JavaRuntimeValidationAction.execute(JavaRuntimeValidationAction.java:24)
	at org.gradle.launcher.cli.ExceptionReportingAction.execute(ExceptionReportingAction.java:33)
	at org.gradle.launcher.cli.ExceptionReportingAction.execute(ExceptionReportingAction.java:22)
	at org.gradle.launcher.cli.CommandLineActionFactory$WithLogging.execute(CommandLineActionFactory.java:253)
	at org.gradle.launcher.cli.CommandLineActionFactory$WithLogging.execute(CommandLineActionFactory.java:182)
	at org.gradle.launcher.Main.doAction(Main.java:33)
	at org.gradle.launcher.bootstrap.EntryPoint.run(EntryPoint.java:45)
	at sun.reflect.NativeMethodAccessorImpl.invoke0(Native Method)
	at sun.reflect.NativeMethodAccessorImpl.invoke(NativeMethodAccessorImpl.java:62)
	at sun.reflect.DelegatingMethodAccessorImpl.invoke(DelegatingMethodAccessorImpl.java:43)
	at java.lang.reflect.Method.invoke(Method.java:498)
	at org.gradle.launcher.bootstrap.ProcessBootstrap.runNoExit(ProcessBootstrap.java:60)
	at org.gradle.launcher.bootstrap.ProcessBootstrap.run(ProcessBootstrap.java:37)
	at org.gradle.launcher.GradleMain.main(GradleMain.java:23)
	at sun.reflect.NativeMethodAccessorImpl.invoke0(Native Method)
	at sun.reflect.NativeMethodAccessorImpl.invoke(NativeMethodAccessorImpl.java:62)
	at sun.reflect.DelegatingMethodAccessorImpl.invoke(DelegatingMethodAccessorImpl.java:43)
	at java.lang.reflect.Method.invoke(Method.java:498)
	at org.gradle.wrapper.BootstrapMainStarter.start(BootstrapMainStarter.java:30)
	at org.gradle.wrapper.WrapperExecutor.execute(WrapperExecutor.java:129)
	at org.gradle.wrapper.GradleWrapperMain.main(GradleWrapperMain.java:61)
0.1.0
0.1.0
[/Users/vbauer/.gradle/caches/modules-2/files-2.1/info.dourok.builder/activity-builder-annotations/0.1.65/9f50bc29f8cd41d6fba4e83368159db87d68f29/activity-builder-annotations-0.1.65.jar, /Users/vbauer/.gradle/caches/transforms-1/files-1.1/support-fragment-26.1.0.aar/ce310bc72867ad41cd15ad0ef6f3c40a/jars/classes.jar, /Users/vbauer/.gradle/caches/transforms-1/files-1.1/support-core-ui-26.1.0.aar/cc81e844e559c500f99bbf8435f095f7/jars/classes.jar, /Users/vbauer/.gradle/caches/transforms-1/files-1.1/support-core-utils-26.1.0.aar/20c077f7377ec6d81f0d46f38314d55e/jars/classes.jar, /Users/vbauer/.gradle/caches/transforms-1/files-1.1/support-compat-26.1.0.aar/2b0115d6474e0fb20a17143708c41ae4/jars/classes.jar, /Users/vbauer/.gradle/caches/modules-2/files-2.1/com.android.support/support-annotations/26.1.0/814258103cf26a15fcc26ecce35f5b7d24b73f8/support-annotations-26.1.0.jar, /Users/vbauer/.gradle/caches/transforms-1/files-1.1/runtime-1.0.0.aar/cc96f0cfc1be374a4325bc9d0653e703/jars/classes.jar, /Users/vbauer/.gradle/caches/modules-2/files-2.1/android.arch.lifecycle/common/1.0.0/e414a4cb28434e25c4f6aa71426eb20cf4874ae9/common-1.0.0.jar, /Users/vbauer/.gradle/caches/modules-2/files-2.1/android.arch.core/common/1.0.0/a2d487452376193fc8c103dd2b9bd5f2b1b44563/common-1.0.0.jar, /Users/vbauer/Library/Android/sdk/platforms/android-26/android.jar]
[/Users/vbauer/.gradle/caches/modules-2/files-2.1/info.dourok.builder/activity-builder-annotations/0.1.65/9f50bc29f8cd41d6fba4e83368159db87d68f29/activity-builder-annotations-0.1.65.jar, /Users/vbauer/.gradle/caches/transforms-1/files-1.1/support-fragment-26.1.0.aar/ce310bc72867ad41cd15ad0ef6f3c40a/jars/classes.jar, /Users/vbauer/.gradle/caches/transforms-1/files-1.1/support-core-ui-26.1.0.aar/cc81e844e559c500f99bbf8435f095f7/jars/classes.jar, /Users/vbauer/.gradle/caches/transforms-1/files-1.1/support-core-utils-26.1.0.aar/20c077f7377ec6d81f0d46f38314d55e/jars/classes.jar, /Users/vbauer/.gradle/caches/transforms-1/files-1.1/support-compat-26.1.0.aar/2b0115d6474e0fb20a17143708c41ae4/jars/classes.jar, /Users/vbauer/.gradle/caches/modules-2/files-2.1/com.android.support/support-annotations/26.1.0/814258103cf26a15fcc26ecce35f5b7d24b73f8/support-annotations-26.1.0.jar, /Users/vbauer/.gradle/caches/transforms-1/files-1.1/runtime-1.0.0.aar/cc96f0cfc1be374a4325bc9d0653e703/jars/classes.jar, /Users/vbauer/.gradle/caches/modules-2/files-2.1/android.arch.lifecycle/common/1.0.0/e414a4cb28434e25c4f6aa71426eb20cf4874ae9/common-1.0.0.jar, /Users/vbauer/.gradle/caches/modules-2/files-2.1/android.arch.core/common/1.0.0/a2d487452376193fc8c103dd2b9bd5f2b1b44563/common-1.0.0.jar, /Users/vbauer/Library/Android/sdk/platforms/android-26/android.jar]
:compiler:compileJava
Download https://jcenter.bintray.com/com/google/guava/guava/23.0-android/guava-23.0-android.pom
Download https://jcenter.bintray.com/com/google/guava/guava-parent/23.0-android/guava-parent-23.0-android.pom
Download https://jcenter.bintray.com/com/google/guava/guava/23.0-android/guava-23.0-android.jar
Note: /private/var/folders/bq/vtzpc5ns5sg2cthy61lqpg3dfzgbys/T/1535721847938-0/src/ActivityBuilder-master/compiler/src/main/java/info/dourok/compiler/ActivityProcessorFactory.java uses unchecked or unsafe operations.
Note: Recompile with -Xlint:unchecked for details.
:compiler:compileGroovy NO-SOURCE
:compiler:processResources NO-SOURCE
:compiler:classes
:compiler:jar
:library:preBuild UP-TO-DATE
:library:preDebugBuild UP-TO-DATE
:library:compileDebugAidl UP-TO-DATE
:library:compileDebugRenderscript UP-TO-DATE
:library:checkDebugManifest UP-TO-DATE
:library:generateDebugBuildConfig UP-TO-DATE
:library:prepareLintJar UP-TO-DATE
:library:generateDebugResValues UP-TO-DATE
:library:generateDebugResources UP-TO-DATE
:library:packageDebugResources UP-TO-DATE
:library:platformAttrExtractor UP-TO-DATE
:library:processDebugManifest UP-TO-DATE
:library:processDebugResources UP-TO-DATE
:library:generateDebugSources UP-TO-DATE
:library:javaPreCompileDebug UP-TO-DATE
:library:compileDebugJavaWithJavac UP-TO-DATE
:library:processDebugJavaRes NO-SOURCE
:library:transformClassesAndResourcesWithPrepareIntermediateJarsForDebug
:sample:preBuild UP-TO-DATE
:sample:preDebugBuild
Download https://dl.google.com/dl/android/maven2/android/arch/lifecycle/common-java8/1.0.0-rc1/common-java8-1.0.0-rc1.pom
Download https://dl.google.com/dl/android/maven2/android/arch/persistence/room/runtime/1.0.0-rc1/runtime-1.0.0-rc1.pom
Download https://dl.google.com/dl/android/maven2/android/arch/persistence/db-framework/1.0.0-rc1/db-framework-1.0.0-rc1.pom
Download https://dl.google.com/dl/android/maven2/android/arch/persistence/room/common/1.0.0-rc1/common-1.0.0-rc1.pom
Download https://dl.google.com/dl/android/maven2/android/arch/persistence/db/1.0.0-rc1/db-1.0.0-rc1.pom
Download https://dl.google.com/dl/android/maven2/android/arch/persistence/db/1.0.0-rc1/db-1.0.0-rc1.aar
Download https://dl.google.com/dl/android/maven2/android/arch/persistence/db-framework/1.0.0-rc1/db-framework-1.0.0-rc1.aar
Download https://dl.google.com/dl/android/maven2/android/arch/persistence/room/runtime/1.0.0-rc1/runtime-1.0.0-rc1.aar
:sample:compileDebugAidl
:library:packageDebugRenderscript NO-SOURCE
:sample:compileDebugRenderscript
:sample:checkDebugManifest
:sample:generateDebugBuildConfig
:sample:prepareLintJar
:sample:generateDebugResValues
:sample:generateDebugResources
:sample:mergeDebugResources
:sample:createDebugCompatibleScreenManifests
:sample:processDebugManifest
:sample:splitsDiscoveryTaskDebug
:sample:processDebugResources
:sample:generateDebugSources
:sample:dataBindingExportBuildInfoDebug
Download https://dl.google.com/dl/android/maven2/android/arch/lifecycle/common-java8/1.0.0-rc1/common-java8-1.0.0-rc1.jar
Download https://dl.google.com/dl/android/maven2/android/arch/persistence/room/common/1.0.0-rc1/common-1.0.0-rc1.jar
:sample:javaPreCompileDebug
:sample:transformDataBindingWithDataBindingMergeArtifactsForDebug
:sample:compileDebugJavaWithJavac/private/var/folders/bq/vtzpc5ns5sg2cthy61lqpg3dfzgbys/T/1535721847938-0/src/ActivityBuilder-master/sample/src/main/java/info/dourok/esactivity/sample/camera/CameraActivity.java:41: error: incompatible types: incompatible parameter types in lambda expression
            .forOk((context, intent) -> context.showPicture(tmpFile))
                   ^
/private/var/folders/bq/vtzpc5ns5sg2cthy61lqpg3dfzgbys/T/1535721847938-0/src/ActivityBuilder-master/sample/src/main/java/info/dourok/esactivity/sample/MainActivity.java:54: error: incompatible types: incompatible parameter types in lambda expression
                        (mainActivity, intent) -> showContent("cancel"))
                        ^
/private/var/folders/bq/vtzpc5ns5sg2cthy61lqpg3dfzgbys/T/1535721847938-0/src/ActivityBuilder-master/sample/src/main/java/info/dourok/esactivity/sample/MainActivity.java:84: error: incompatible types: incompatible parameter types in lambda expression
                    (context, data) ->
                    ^
Note: Some input files use unchecked or unsafe operations.
Note: Recompile with -Xlint:unchecked for details.
Note: Some messages have been simplified; recompile with -Xdiags:verbose to get full output
3 errors
 FAILED

FAILURE: Build failed with an exception.

* What went wrong:
Execution failed for task ':sample:compileDebugJavaWithJavac'.
> Compilation failed; see the compiler error output for details.

* Try:
Run with --info or --debug option to get more log output.

* Exception is:
org.gradle.api.tasks.TaskExecutionException: Execution failed for task ':sample:compileDebugJavaWithJavac'.
	at org.gradle.api.internal.tasks.execution.ExecuteActionsTaskExecuter.executeActions(ExecuteActionsTaskExecuter.java:100)
	at org.gradle.api.internal.tasks.execution.ExecuteActionsTaskExecuter.execute(ExecuteActionsTaskExecuter.java:70)
	at org.gradle.api.internal.tasks.execution.SkipUpToDateTaskExecuter.execute(SkipUpToDateTaskExecuter.java:63)
	at org.gradle.api.internal.tasks.execution.ResolveTaskOutputCachingStateExecuter.execute(ResolveTaskOutputCachingStateExecuter.java:54)
	at org.gradle.api.internal.tasks.execution.ValidatingTaskExecuter.execute(ValidatingTaskExecuter.java:58)
	at org.gradle.api.internal.tasks.execution.SkipEmptySourceFilesTaskExecuter.execute(SkipEmptySourceFilesTaskExecuter.java:88)
	at org.gradle.api.internal.tasks.execution.ResolveTaskArtifactStateTaskExecuter.execute(ResolveTaskArtifactStateTaskExecuter.java:52)
	at org.gradle.api.internal.tasks.execution.SkipTaskWithNoActionsExecuter.execute(SkipTaskWithNoActionsExecuter.java:52)
	at org.gradle.api.internal.tasks.execution.SkipOnlyIfTaskExecuter.execute(SkipOnlyIfTaskExecuter.java:54)
	at org.gradle.api.internal.tasks.execution.ExecuteAtMostOnceTaskExecuter.execute(ExecuteAtMostOnceTaskExecuter.java:43)
	at org.gradle.api.internal.tasks.execution.CatchExceptionTaskExecuter.execute(CatchExceptionTaskExecuter.java:34)
	at org.gradle.execution.taskgraph.DefaultTaskGraphExecuter$EventFiringTaskWorker$1.run(DefaultTaskGraphExecuter.java:248)
	at org.gradle.internal.progress.DefaultBuildOperationExecutor$RunnableBuildOperationWorker.execute(DefaultBuildOperationExecutor.java:336)
	at org.gradle.internal.progress.DefaultBuildOperationExecutor$RunnableBuildOperationWorker.execute(DefaultBuildOperationExecutor.java:328)
	at org.gradle.internal.progress.DefaultBuildOperationExecutor.execute(DefaultBuildOperationExecutor.java:197)
	at org.gradle.internal.progress.DefaultBuildOperationExecutor.run(DefaultBuildOperationExecutor.java:107)
	at org.gradle.execution.taskgraph.DefaultTaskGraphExecuter$EventFiringTaskWorker.execute(DefaultTaskGraphExecuter.java:241)
	at org.gradle.execution.taskgraph.DefaultTaskGraphExecuter$EventFiringTaskWorker.execute(DefaultTaskGraphExecuter.java:230)
	at org.gradle.execution.taskgraph.DefaultTaskPlanExecutor$TaskExecutorWorker.processTask(DefaultTaskPlanExecutor.java:124)
	at org.gradle.execution.taskgraph.DefaultTaskPlanExecutor$TaskExecutorWorker.access$200(DefaultTaskPlanExecutor.java:80)
	at org.gradle.execution.taskgraph.DefaultTaskPlanExecutor$TaskExecutorWorker$1.execute(DefaultTaskPlanExecutor.java:105)
	at org.gradle.execution.taskgraph.DefaultTaskPlanExecutor$TaskExecutorWorker$1.execute(DefaultTaskPlanExecutor.java:99)
	at org.gradle.execution.taskgraph.DefaultTaskExecutionPlan.execute(DefaultTaskExecutionPlan.java:625)
	at org.gradle.execution.taskgraph.DefaultTaskExecutionPlan.executeWithTask(DefaultTaskExecutionPlan.java:580)
	at org.gradle.execution.taskgraph.DefaultTaskPlanExecutor$TaskExecutorWorker.run(DefaultTaskPlanExecutor.java:99)
	at org.gradle.internal.concurrent.ExecutorPolicy$CatchAndRecordFailures.onExecute(ExecutorPolicy.java:63)
	at org.gradle.internal.concurrent.ManagedExecutorImpl$1.run(ManagedExecutorImpl.java:46)
	at org.gradle.internal.concurrent.ThreadFactoryImpl$ManagedThreadRunnable.run(ThreadFactoryImpl.java:55)
Caused by: org.gradle.api.internal.tasks.compile.CompilationFailedException: Compilation failed; see the compiler error output for details.
	at org.gradle.api.internal.tasks.compile.JdkJavaCompiler.execute(JdkJavaCompiler.java:51)
	at org.gradle.api.internal.tasks.compile.JdkJavaCompiler.execute(JdkJavaCompiler.java:36)
	at org.gradle.api.internal.tasks.compile.NormalizingJavaCompiler.delegateAndHandleErrors(NormalizingJavaCompiler.java:99)
	at org.gradle.api.internal.tasks.compile.NormalizingJavaCompiler.execute(NormalizingJavaCompiler.java:52)
	at org.gradle.api.internal.tasks.compile.NormalizingJavaCompiler.execute(NormalizingJavaCompiler.java:37)
	at org.gradle.api.internal.tasks.compile.CleaningJavaCompilerSupport.execute(CleaningJavaCompilerSupport.java:35)
	at org.gradle.api.internal.tasks.compile.CleaningJavaCompilerSupport.execute(CleaningJavaCompilerSupport.java:25)
	at org.gradle.api.tasks.compile.JavaCompile.performCompilation(JavaCompile.java:198)
	at org.gradle.api.tasks.compile.JavaCompile.compile(JavaCompile.java:183)
	at org.gradle.api.tasks.compile.JavaCompile.compile(JavaCompile.java:120)
	at com.android.build.gradle.tasks.factory.AndroidJavaCompile.compile(AndroidJavaCompile.java:95)
	at org.gradle.internal.reflect.JavaMethod.invoke(JavaMethod.java:73)
	at org.gradle.api.internal.project.taskfactory.DefaultTaskClassInfoStore$IncrementalTaskAction.doExecute(DefaultTaskClassInfoStore.java:173)
	at org.gradle.api.internal.project.taskfactory.DefaultTaskClassInfoStore$StandardTaskAction.execute(DefaultTaskClassInfoStore.java:134)
	at org.gradle.api.internal.project.taskfactory.DefaultTaskClassInfoStore$StandardTaskAction.execute(DefaultTaskClassInfoStore.java:121)
	at org.gradle.api.internal.tasks.execution.ExecuteActionsTaskExecuter$1.run(ExecuteActionsTaskExecuter.java:122)
	at org.gradle.internal.progress.DefaultBuildOperationExecutor$RunnableBuildOperationWorker.execute(DefaultBuildOperationExecutor.java:336)
	at org.gradle.internal.progress.DefaultBuildOperationExecutor$RunnableBuildOperationWorker.execute(DefaultBuildOperationExecutor.java:328)
	at org.gradle.internal.progress.DefaultBuildOperationExecutor.execute(DefaultBuildOperationExecutor.java:197)
	at org.gradle.internal.progress.DefaultBuildOperationExecutor.run(DefaultBuildOperationExecutor.java:107)
	at org.gradle.api.internal.tasks.execution.ExecuteActionsTaskExecuter.executeAction(ExecuteActionsTaskExecuter.java:111)
	at org.gradle.api.internal.tasks.execution.ExecuteActionsTaskExecuter.executeActions(ExecuteActionsTaskExecuter.java:92)
	... 27 more


* Get more help at https://help.gradle.org

BUILD FAILED in 17s
31 actionable tasks: 19 executed, 12 up-to-date

2018-08-31 20:25:11,840 INFO  ProjectTaskService - Detecting possible tasks...
2018-08-31 20:25:11,841 INFO  SysUtils - Execute command: [/var/folders/bq/vtzpc5ns5sg2cthy61lqpg3dfzgbys/T/1535721847938-0/src/ActivityBuilder-master/gradlew, -b, /var/folders/bq/vtzpc5ns5sg2cthy61lqpg3dfzgbys/T/1535721847938-0/src/ActivityBuilder-master/build.gradle, -Dorg.gradle.daemon=false, -Dorg.gradle.daemon.performance.enable-monitoring=false, -Dorg.gradle.configureondemand=true, tasks]
2018-08-31 20:25:19,247 INFO  ProjectTaskService - Detected possible tasks: 86
2018-08-31 20:25:19,247 INFO  ProjectTaskService - Excluded tasks (20): lintDebug mockableAndroidJar deviceCheck lint testReleaseUnitTest javadoc uninstallRelease deviceAndroidTest uninstallDebugAndroidTest installDebugAndroidTest connectedCheck connectedDebugAndroidTest uninstallAll test check testDebugUnitTest connectedAndroidTest installDebug lintRelease uninstallDebug
2018-08-31 20:25:19,247 INFO  SysUtils - Execute command: [/var/folders/bq/vtzpc5ns5sg2cthy61lqpg3dfzgbys/T/1535721847938-0/src/ActivityBuilder-master/gradlew, -b, /var/folders/bq/vtzpc5ns5sg2cthy61lqpg3dfzgbys/T/1535721847938-0/src/ActivityBuilder-master/build.gradle, -Dorg.gradle.daemon=false, -Dorg.gradle.daemon.performance.enable-monitoring=false, -Dorg.gradle.configureondemand=true, --stacktrace, -x, lintDebug, -x, mockableAndroidJar, -x, deviceCheck, -x, lint, -x, testReleaseUnitTest, -x, javadoc, -x, uninstallRelease, -x, deviceAndroidTest, -x, uninstallDebugAndroidTest, -x, installDebugAndroidTest, -x, connectedCheck, -x, connectedDebugAndroidTest, -x, uninstallAll, -x, test, -x, check, -x, testDebugUnitTest, -x, connectedAndroidTest, -x, installDebug, -x, lintRelease, -x, uninstallDebug, build]
2018-08-31 20:25:28,821 ERROR SysUtils - Could not process external command
org.apache.commons.exec.ExecuteException: Process exited with an error: 1 (Exit value: 1)
	at org.apache.commons.exec.DefaultExecutor.executeInternal(DefaultExecutor.java:404)
	at org.apache.commons.exec.DefaultExecutor.execute(DefaultExecutor.java:166)
	at com.github.vbauer.apkmaster.util.SysUtils.execute(SysUtils.java:67)
	at com.github.vbauer.apkmaster.util.SysUtils.executeSimple(SysUtils.java:43)
	at com.github.vbauer.apkmaster.service.assembly.ProjectBuildService.buildProject(ProjectBuildService.java:78)
	at com.github.vbauer.apkmaster.service.assembly.ProjectBuildService.buildProject(ProjectBuildService.java:64)
	at com.github.vbauer.apkmaster.service.assembly.ProjectBuildService.buildProject(ProjectBuildService.java:43)
	at com.github.vbauer.apkmaster.service.FullProcessService.build(FullProcessService.java:84)
	at com.github.vbauer.apkmaster.service.FullProcessService.process(FullProcessService.java:34)
	at com.github.vbauer.apkmaster.app.MainApplication.process(MainApplication.java:38)
	at com.github.vbauer.apkmaster.app.MainApplication.main(MainApplication.java:20)
	at sun.reflect.GeneratedMethodAccessor8.invoke(Unknown Source)
	at sun.reflect.DelegatingMethodAccessorImpl.invoke(DelegatingMethodAccessorImpl.java:43)
	at java.lang.reflect.Method.invoke(Method.java:498)
	at com.android.arsenal.util.ReflectionUtils.invoke(ReflectionUtils.java:52)
	at com.android.arsenal.util.ApkMasterUtils.main(ApkMasterUtils.java:30)
	at com.android.arsenal.service.processor.impl.BuildProcessorServiceImpl.buildProject(BuildProcessorServiceImpl.java:196)
	at com.android.arsenal.service.processor.impl.BuildProcessorServiceImpl.build(BuildProcessorServiceImpl.java:130)
	at com.android.arsenal.service.processor.impl.BuildProcessorServiceImpl.lambda$createTasks$1(BuildProcessorServiceImpl.java:113)
	at java.util.concurrent.FutureTask.run(FutureTask.java:266)
	at java.util.concurrent.Executors$RunnableAdapter.call(Executors.java:511)
	at java.util.concurrent.FutureTask.run(FutureTask.java:266)
	at java.util.concurrent.ThreadPoolExecutor.runWorker(ThreadPoolExecutor.java:1149)
	at java.util.concurrent.ThreadPoolExecutor$Worker.run(ThreadPoolExecutor.java:624)
	at java.lang.Thread.run(Thread.java:748)
2018-08-31 20:25:28,821 INFO  SysUtils - Configuration on demand is an incubating feature.
fatal: ambiguous argument 'HEAD': unknown revision or path not in the working tree.
Use '--' to separate paths from revisions, like this:
'git <command> [<revision>...] -- [<file>...]'
0.1.0
The ConfigurableReport.setDestination(Object) method has been deprecated and is scheduled to be removed in Gradle 5.0. Please use the method ConfigurableReport.setDestination(File) instead.
	at org.gradle.api.reporting.internal.SimpleReport.setDestination(SimpleReport.java:76)
	at org.gradle.api.plugins.quality.internal.findbugs.FindBugsXmlReportImpl_Decorated.setDestination(Unknown Source)
	at org.gradle.api.plugins.quality.internal.findbugs.FindBugsXmlReportImpl_Decorated.destination(Unknown Source)
	at sun.reflect.NativeMethodAccessorImpl.invoke0(Native Method)
	at sun.reflect.NativeMethodAccessorImpl.invoke(NativeMethodAccessorImpl.java:62)
	at sun.reflect.DelegatingMethodAccessorImpl.invoke(DelegatingMethodAccessorImpl.java:43)
	at java.lang.reflect.Method.invoke(Method.java:498)
	at org.codehaus.groovy.reflection.CachedMethod.invoke(CachedMethod.java:93)
	at groovy.lang.MetaMethod.doMethodInvoke(MetaMethod.java:325)
	at org.gradle.internal.metaobject.BeanDynamicObject$MetaClassAdapter.invokeMethod(BeanDynamicObject.java:479)
	at org.gradle.internal.metaobject.BeanDynamicObject.tryInvokeMethod(BeanDynamicObject.java:191)
	at org.gradle.internal.metaobject.CompositeDynamicObject.tryInvokeMethod(CompositeDynamicObject.java:98)
	at org.gradle.internal.metaobject.MixInClosurePropertiesAsMethodsDynamicObject.tryInvokeMethod(MixInClosurePropertiesAsMethodsDynamicObject.java:30)
	at org.gradle.internal.metaobject.ConfigureDelegate.invokeMethod(ConfigureDelegate.java:59)
	at org.codehaus.groovy.runtime.metaclass.ClosureMetaClass.invokeOnDelegationObjects(ClosureMetaClass.java:430)
	at org.codehaus.groovy.runtime.metaclass.ClosureMetaClass.invokeMethod(ClosureMetaClass.java:369)
	at groovy.lang.MetaClassImpl.invokeMethod(MetaClassImpl.java:1022)
	at org.codehaus.groovy.runtime.callsite.PogoMetaClassSite.callCurrent(PogoMetaClassSite.java:69)
	at org.codehaus.groovy.runtime.callsite.CallSiteArray.defaultCallCurrent(CallSiteArray.java:52)
	at org.codehaus.groovy.runtime.callsite.AbstractCallSite.callCurrent(AbstractCallSite.java:154)
	at org.codehaus.groovy.runtime.callsite.AbstractCallSite.callCurrent(AbstractCallSite.java:166)
	at quality_9cpn9bt91tew359tw1aq8qd84$_run_closure4$_closure9$_closure10.doCall(/private/var/folders/bq/vtzpc5ns5sg2cthy61lqpg3dfzgbys/T/1535721847938-0/src/ActivityBuilder-master/config/quality.gradle:48)
	at sun.reflect.NativeMethodAccessorImpl.invoke0(Native Method)
	at sun.reflect.NativeMethodAccessorImpl.invoke(NativeMethodAccessorImpl.java:62)
	at sun.reflect.DelegatingMethodAccessorImpl.invoke(DelegatingMethodAccessorImpl.java:43)
	at java.lang.reflect.Method.invoke(Method.java:498)
	at org.codehaus.groovy.reflection.CachedMethod.invoke(CachedMethod.java:93)
	at groovy.lang.MetaMethod.doMethodInvoke(MetaMethod.java:325)
	at org.codehaus.groovy.runtime.metaclass.ClosureMetaClass.invokeMethod(ClosureMetaClass.java:294)
	at groovy.lang.MetaClassImpl.invokeMethod(MetaClassImpl.java:1022)
	at groovy.lang.Closure.call(Closure.java:414)
	at groovy.lang.Closure.call(Closure.java:430)
	at org.gradle.api.internal.ClosureBackedAction.execute(ClosureBackedAction.java:71)
	at org.gradle.util.ConfigureUtil.configureTarget(ConfigureUtil.java:160)
	at org.gradle.util.ConfigureUtil.configureSelf(ConfigureUtil.java:136)
	at org.gradle.api.reporting.internal.SimpleReport.configure(SimpleReport.java:104)
	at org.gradle.api.reporting.internal.SimpleReport.configure(SimpleReport.java:34)
	at org.gradle.util.ConfigureUtil.configure(ConfigureUtil.java:104)
	at org.gradle.api.internal.DefaultNamedDomainObjectCollection$ContainerElementsDynamicObject.tryInvokeMethod(DefaultNamedDomainObjectCollection.java:369)
	at org.gradle.internal.metaobject.BeanDynamicObject$MetaClassAdapter.invokeMethod(BeanDynamicObject.java:499)
	at org.gradle.internal.metaobject.BeanDynamicObject.tryInvokeMethod(BeanDynamicObject.java:191)
	at org.gradle.internal.metaobject.CompositeDynamicObject.tryInvokeMethod(CompositeDynamicObject.java:98)
	at org.gradle.internal.metaobject.MixInClosurePropertiesAsMethodsDynamicObject.tryInvokeMethod(MixInClosurePropertiesAsMethodsDynamicObject.java:30)
	at org.gradle.internal.metaobject.ConfigureDelegate.invokeMethod(ConfigureDelegate.java:59)
	at org.codehaus.groovy.runtime.metaclass.ClosureMetaClass.invokeOnDelegationObjects(ClosureMetaClass.java:430)
	at org.codehaus.groovy.runtime.metaclass.ClosureMetaClass.invokeMethod(ClosureMetaClass.java:369)
	at groovy.lang.MetaClassImpl.invokeMethod(MetaClassImpl.java:1022)
	at org.codehaus.groovy.runtime.callsite.PogoMetaClassSite.callCurrent(PogoMetaClassSite.java:69)
	at org.codehaus.groovy.runtime.callsite.CallSiteArray.defaultCallCurrent(CallSiteArray.java:52)
	at org.codehaus.groovy.runtime.callsite.AbstractCallSite.callCurrent(AbstractCallSite.java:154)
	at org.codehaus.groovy.runtime.callsite.AbstractCallSite.callCurrent(AbstractCallSite.java:166)
	at quality_9cpn9bt91tew359tw1aq8qd84$_run_closure4$_closure9.doCall(/private/var/folders/bq/vtzpc5ns5sg2cthy61lqpg3dfzgbys/T/1535721847938-0/src/ActivityBuilder-master/config/quality.gradle:47)
	at sun.reflect.NativeMethodAccessorImpl.invoke0(Native Method)
	at sun.reflect.NativeMethodAccessorImpl.invoke(NativeMethodAccessorImpl.java:62)
	at sun.reflect.DelegatingMethodAccessorImpl.invoke(DelegatingMethodAccessorImpl.java:43)
	at java.lang.reflect.Method.invoke(Method.java:498)
	at org.codehaus.groovy.reflection.CachedMethod.invoke(CachedMethod.java:93)
	at groovy.lang.MetaMethod.doMethodInvoke(MetaMethod.java:325)
	at org.codehaus.groovy.runtime.metaclass.ClosureMetaClass.invokeMethod(ClosureMetaClass.java:294)
	at groovy.lang.MetaClassImpl.invokeMethod(MetaClassImpl.java:1022)
	at groovy.lang.Closure.call(Closure.java:414)
	at groovy.lang.Closure.call(Closure.java:430)
	at org.gradle.api.internal.ClosureBackedAction.execute(ClosureBackedAction.java:71)
	at org.gradle.util.ConfigureUtil.configureTarget(ConfigureUtil.java:160)
	at org.gradle.util.ConfigureUtil.configureSelf(ConfigureUtil.java:136)
	at org.gradle.api.reporting.internal.DefaultReportContainer.configure(DefaultReportContainer.java:93)
	at org.gradle.api.reporting.internal.DefaultReportContainer.configure(DefaultReportContainer.java:44)
	at org.gradle.api.internal.ClosureBackedAction.execute(ClosureBackedAction.java:63)
	at org.gradle.api.plugins.quality.FindBugs.reports(FindBugs.java:167)
	at org.gradle.api.plugins.quality.FindBugs.reports(FindBugs.java:144)
	at org.gradle.api.plugins.quality.FindBugs.reports(FindBugs.java:68)
	at sun.reflect.NativeMethodAccessorImpl.invoke0(Native Method)
	at sun.reflect.NativeMethodAccessorImpl.invoke(NativeMethodAccessorImpl.java:62)
	at sun.reflect.DelegatingMethodAccessorImpl.invoke(DelegatingMethodAccessorImpl.java:43)
	at java.lang.reflect.Method.invoke(Method.java:498)
	at org.codehaus.groovy.reflection.CachedMethod.invoke(CachedMethod.java:93)
	at groovy.lang.MetaMethod.doMethodInvoke(MetaMethod.java:325)
	at org.gradle.internal.metaobject.BeanDynamicObject$MetaClassAdapter.invokeMethod(BeanDynamicObject.java:479)
	at org.gradle.internal.metaobject.BeanDynamicObject.tryInvokeMethod(BeanDynamicObject.java:191)
	at org.gradle.internal.metaobject.CompositeDynamicObject.tryInvokeMethod(CompositeDynamicObject.java:98)
	at org.gradle.internal.metaobject.MixInClosurePropertiesAsMethodsDynamicObject.tryInvokeMethod(MixInClosurePropertiesAsMethodsDynamicObject.java:30)
	at org.gradle.internal.metaobject.ConfigureDelegate.invokeMethod(ConfigureDelegate.java:59)
	at org.codehaus.groovy.runtime.metaclass.ClosureMetaClass.invokeOnDelegationObjects(ClosureMetaClass.java:430)
	at org.codehaus.groovy.runtime.metaclass.ClosureMetaClass.invokeMethod(ClosureMetaClass.java:369)
	at groovy.lang.MetaClassImpl.invokeMethod(MetaClassImpl.java:1022)
	at org.codehaus.groovy.runtime.callsite.PogoMetaClassSite.callCurrent(PogoMetaClassSite.java:69)
	at org.codehaus.groovy.runtime.callsite.CallSiteArray.defaultCallCurrent(CallSiteArray.java:52)
	at org.codehaus.groovy.runtime.callsite.AbstractCallSite.callCurrent(AbstractCallSite.java:154)
	at org.codehaus.groovy.runtime.callsite.AbstractCallSite.callCurrent(AbstractCallSite.java:166)
	at quality_9cpn9bt91tew359tw1aq8qd84$_run_closure4.doCall(/private/var/folders/bq/vtzpc5ns5sg2cthy61lqpg3dfzgbys/T/1535721847938-0/src/ActivityBuilder-master/config/quality.gradle:44)
	at sun.reflect.NativeMethodAccessorImpl.invoke0(Native Method)
	at sun.reflect.NativeMethodAccessorImpl.invoke(NativeMethodAccessorImpl.java:62)
	at sun.reflect.DelegatingMethodAccessorImpl.invoke(DelegatingMethodAccessorImpl.java:43)
	at java.lang.reflect.Method.invoke(Method.java:498)
	at org.codehaus.groovy.reflection.CachedMethod.invoke(CachedMethod.java:93)
	at groovy.lang.MetaMethod.doMethodInvoke(MetaMethod.java:325)
	at org.codehaus.groovy.runtime.metaclass.ClosureMetaClass.invokeMethod(ClosureMetaClass.java:294)
	at groovy.lang.MetaClassImpl.invokeMethod(MetaClassImpl.java:1022)
	at groovy.lang.Closure.call(Closure.java:414)
	at groovy.lang.Closure.call(Closure.java:430)
	at org.gradle.api.internal.ClosureBackedAction.execute(ClosureBackedAction.java:71)
	at org.gradle.util.ConfigureUtil.configureTarget(ConfigureUtil.java:160)
	at org.gradle.util.ConfigureUtil.configureSelf(ConfigureUtil.java:136)
	at org.gradle.api.internal.AbstractTask.configure(AbstractTask.java:600)
	at org.gradle.api.internal.project.DefaultProject.task(DefaultProject.java:1193)
	at sun.reflect.NativeMethodAccessorImpl.invoke0(Native Method)
	at sun.reflect.NativeMethodAccessorImpl.invoke(NativeMethodAccessorImpl.java:62)
	at sun.reflect.DelegatingMethodAccessorImpl.invoke(DelegatingMethodAccessorImpl.java:43)
	at java.lang.reflect.Method.invoke(Method.java:498)
	at org.codehaus.groovy.reflection.CachedMethod.invoke(CachedMethod.java:93)
	at groovy.lang.MetaMethod.doMethodInvoke(MetaMethod.java:325)
	at org.gradle.internal.metaobject.BeanDynamicObject$MetaClassAdapter.invokeMethod(BeanDynamicObject.java:479)
	at org.gradle.internal.metaobject.BeanDynamicObject.tryInvokeMethod(BeanDynamicObject.java:191)
	at org.gradle.internal.metaobject.CompositeDynamicObject.tryInvokeMethod(CompositeDynamicObject.java:98)
	at org.gradle.internal.metaobject.MixInClosurePropertiesAsMethodsDynamicObject.tryInvokeMethod(MixInClosurePropertiesAsMethodsDynamicObject.java:30)
	at org.gradle.groovy.scripts.BasicScript$ScriptDynamicObject.tryInvokeMethod(BasicScript.java:134)
	at org.gradle.internal.metaobject.AbstractDynamicObject.invokeMethod(AbstractDynamicObject.java:160)
	at org.gradle.groovy.scripts.BasicScript.invokeMethod(BasicScript.java:83)
	at org.codehaus.groovy.runtime.callsite.PogoMetaClassSite.callCurrent(PogoMetaClassSite.java:75)
	at org.codehaus.groovy.runtime.callsite.CallSiteArray.defaultCallCurrent(CallSiteArray.java:52)
	at org.codehaus.groovy.runtime.callsite.AbstractCallSite.callCurrent(AbstractCallSite.java:154)
	at org.codehaus.groovy.runtime.callsite.AbstractCallSite.callCurrent(AbstractCallSite.java:182)
	at quality_9cpn9bt91tew359tw1aq8qd84.run(/private/var/folders/bq/vtzpc5ns5sg2cthy61lqpg3dfzgbys/T/1535721847938-0/src/ActivityBuilder-master/config/quality.gradle:33)
	at org.gradle.groovy.scripts.internal.DefaultScriptRunnerFactory$ScriptRunnerImpl.run(DefaultScriptRunnerFactory.java:90)
	at org.gradle.configuration.DefaultScriptPluginFactory$ScriptPluginImpl$2.run(DefaultScriptPluginFactory.java:187)
	at org.gradle.configuration.DefaultScriptTarget.addConfiguration(DefaultScriptTarget.java:74)
	at org.gradle.configuration.DefaultScriptPluginFactory$ScriptPluginImpl.apply(DefaultScriptPluginFactory.java:192)
	at org.gradle.configuration.BuildOperationScriptPlugin$1.run(BuildOperationScriptPlugin.java:61)
	at org.gradle.internal.progress.DefaultBuildOperationExecutor$RunnableBuildOperationWorker.execute(DefaultBuildOperationExecutor.java:336)
	at org.gradle.internal.progress.DefaultBuildOperationExecutor$RunnableBuildOperationWorker.execute(DefaultBuildOperationExecutor.java:328)
	at org.gradle.internal.progress.DefaultBuildOperationExecutor.execute(DefaultBuildOperationExecutor.java:197)
	at org.gradle.internal.progress.DefaultBuildOperationExecutor.run(DefaultBuildOperationExecutor.java:107)
	at org.gradle.configuration.BuildOperationScriptPlugin.apply(BuildOperationScriptPlugin.java:58)
	at org.gradle.api.internal.plugins.DefaultObjectConfigurationAction.applyScript(DefaultObjectConfigurationAction.java:102)
	at org.gradle.api.internal.plugins.DefaultObjectConfigurationAction.access$000(DefaultObjectConfigurationAction.java:36)
	at org.gradle.api.internal.plugins.DefaultObjectConfigurationAction$1.run(DefaultObjectConfigurationAction.java:62)
	at org.gradle.api.internal.plugins.DefaultObjectConfigurationAction.execute(DefaultObjectConfigurationAction.java:136)
	at org.gradle.api.internal.project.AbstractPluginAware.apply(AbstractPluginAware.java:46)
	at org.gradle.api.internal.project.ProjectScript.apply(ProjectScript.java:34)
	at org.gradle.api.Script$apply$1.callCurrent(Unknown Source)
	at org.codehaus.groovy.runtime.callsite.CallSiteArray.defaultCallCurrent(CallSiteArray.java:52)
	at org.codehaus.groovy.runtime.callsite.AbstractCallSite.callCurrent(AbstractCallSite.java:154)
	at org.codehaus.groovy.runtime.callsite.AbstractCallSite.callCurrent(AbstractCallSite.java:166)
	at build_alzj13jv5r7o9xnmljgmsof8n.run(/private/var/folders/bq/vtzpc5ns5sg2cthy61lqpg3dfzgbys/T/1535721847938-0/src/ActivityBuilder-master/compiler/build.gradle:68)
	at org.gradle.groovy.scripts.internal.DefaultScriptRunnerFactory$ScriptRunnerImpl.run(DefaultScriptRunnerFactory.java:90)
	at org.gradle.configuration.DefaultScriptPluginFactory$ScriptPluginImpl$2.run(DefaultScriptPluginFactory.java:187)
	at org.gradle.configuration.ProjectScriptTarget.addConfiguration(ProjectScriptTarget.java:77)
	at org.gradle.configuration.DefaultScriptPluginFactory$ScriptPluginImpl.apply(DefaultScriptPluginFactory.java:192)
	at org.gradle.configuration.BuildOperationScriptPlugin$1.run(BuildOperationScriptPlugin.java:61)
	at org.gradle.internal.progress.DefaultBuildOperationExecutor$RunnableBuildOperationWorker.execute(DefaultBuildOperationExecutor.java:336)
	at org.gradle.internal.progress.DefaultBuildOperationExecutor$RunnableBuildOperationWorker.execute(DefaultBuildOperationExecutor.java:328)
	at org.gradle.internal.progress.DefaultBuildOperationExecutor.execute(DefaultBuildOperationExecutor.java:197)
	at org.gradle.internal.progress.DefaultBuildOperationExecutor.run(DefaultBuildOperationExecutor.java:107)
	at org.gradle.configuration.BuildOperationScriptPlugin.apply(BuildOperationScriptPlugin.java:58)
	at org.gradle.configuration.project.BuildScriptProcessor.execute(BuildScriptProcessor.java:39)
	at org.gradle.configuration.project.BuildScriptProcessor.execute(BuildScriptProcessor.java:26)
	at org.gradle.configuration.project.ConfigureActionsProjectEvaluator.evaluate(ConfigureActionsProjectEvaluator.java:34)
	at org.gradle.configuration.project.LifecycleProjectEvaluator.doConfigure(LifecycleProjectEvaluator.java:63)
	at org.gradle.configuration.project.LifecycleProjectEvaluator.access$100(LifecycleProjectEvaluator.java:33)
	at org.gradle.configuration.project.LifecycleProjectEvaluator$ConfigureProject.run(LifecycleProjectEvaluator.java:103)
	at org.gradle.internal.progress.DefaultBuildOperationExecutor$RunnableBuildOperationWorker.execute(DefaultBuildOperationExecutor.java:336)
	at org.gradle.internal.progress.DefaultBuildOperationExecutor$RunnableBuildOperationWorker.execute(DefaultBuildOperationExecutor.java:328)
	at org.gradle.internal.progress.DefaultBuildOperationExecutor.execute(DefaultBuildOperationExecutor.java:197)
	at org.gradle.internal.progress.DefaultBuildOperationExecutor.run(DefaultBuildOperationExecutor.java:107)
	at org.gradle.configuration.project.LifecycleProjectEvaluator.evaluate(LifecycleProjectEvaluator.java:49)
	at org.gradle.api.internal.project.DefaultProject.evaluate(DefaultProject.java:651)
	at org.gradle.api.internal.project.DefaultProject.evaluate(DefaultProject.java:133)
	at org.gradle.execution.TaskPathProjectEvaluator.configure(TaskPathProjectEvaluator.java:35)
	at org.gradle.execution.TaskPathProjectEvaluator.configureHierarchy(TaskPathProjectEvaluator.java:62)
	at org.gradle.execution.TaskSelector.getSelection(TaskSelector.java:100)
	at org.gradle.execution.TaskSelector.getFilter(TaskSelector.java:66)
	at org.gradle.execution.ExcludedTaskFilteringBuildConfigurationAction.configure(ExcludedTaskFilteringBuildConfigurationAction.java:42)
	at org.gradle.execution.DefaultBuildConfigurationActionExecuter.configure(DefaultBuildConfigurationActionExecuter.java:48)
	at org.gradle.execution.DefaultBuildConfigurationActionExecuter.select(DefaultBuildConfigurationActionExecuter.java:36)
	at org.gradle.initialization.DefaultGradleLauncher$CalculateTaskGraph.run(DefaultGradleLauncher.java:265)
	at org.gradle.internal.progress.DefaultBuildOperationExecutor$RunnableBuildOperationWorker.execute(DefaultBuildOperationExecutor.java:336)
	at org.gradle.internal.progress.DefaultBuildOperationExecutor$RunnableBuildOperationWorker.execute(DefaultBuildOperationExecutor.java:328)
	at org.gradle.internal.progress.DefaultBuildOperationExecutor.execute(DefaultBuildOperationExecutor.java:197)
	at org.gradle.internal.progress.DefaultBuildOperationExecutor.run(DefaultBuildOperationExecutor.java:107)
	at org.gradle.initialization.DefaultGradleLauncher.constructTaskGraph(DefaultGradleLauncher.java:173)
	at org.gradle.initialization.DefaultGradleLauncher.doBuildStages(DefaultGradleLauncher.java:128)
	at org.gradle.initialization.DefaultGradleLauncher.executeTasks(DefaultGradleLauncher.java:107)
	at org.gradle.internal.invocation.GradleBuildController$1.call(GradleBuildController.java:78)
	at org.gradle.internal.invocation.GradleBuildController$1.call(GradleBuildController.java:75)
	at org.gradle.internal.work.DefaultWorkerLeaseService.withLocks(DefaultWorkerLeaseService.java:152)
	at org.gradle.internal.invocation.GradleBuildController.doBuild(GradleBuildController.java:100)
	at org.gradle.internal.invocation.GradleBuildController.run(GradleBuildController.java:75)
	at org.gradle.tooling.internal.provider.ExecuteBuildActionRunner.run(ExecuteBuildActionRunner.java:28)
	at org.gradle.launcher.exec.ChainingBuildActionRunner.run(ChainingBuildActionRunner.java:35)
	at org.gradle.tooling.internal.provider.ValidatingBuildActionRunner.run(ValidatingBuildActionRunner.java:32)
	at org.gradle.launcher.exec.RunAsBuildOperationBuildActionRunner$1.run(RunAsBuildOperationBuildActionRunner.java:43)
	at org.gradle.internal.progress.DefaultBuildOperationExecutor$RunnableBuildOperationWorker.execute(DefaultBuildOperationExecutor.java:336)
	at org.gradle.internal.progress.DefaultBuildOperationExecutor$RunnableBuildOperationWorker.execute(DefaultBuildOperationExecutor.java:328)
	at org.gradle.internal.progress.DefaultBuildOperationExecutor.execute(DefaultBuildOperationExecutor.java:197)
	at org.gradle.internal.progress.DefaultBuildOperationExecutor.run(DefaultBuildOperationExecutor.java:107)
	at org.gradle.launcher.exec.RunAsBuildOperationBuildActionRunner.run(RunAsBuildOperationBuildActionRunner.java:40)
	at org.gradle.tooling.internal.provider.SubscribableBuildActionRunner.run(SubscribableBuildActionRunner.java:51)
	at org.gradle.launcher.exec.InProcessBuildActionExecuter.execute(InProcessBuildActionExecuter.java:45)
	at org.gradle.launcher.exec.InProcessBuildActionExecuter.execute(InProcessBuildActionExecuter.java:29)
	at org.gradle.launcher.exec.BuildTreeScopeBuildActionExecuter.execute(BuildTreeScopeBuildActionExecuter.java:39)
	at org.gradle.launcher.exec.BuildTreeScopeBuildActionExecuter.execute(BuildTreeScopeBuildActionExecuter.java:25)
	at org.gradle.tooling.internal.provider.ContinuousBuildActionExecuter.execute(ContinuousBuildActionExecuter.java:71)
	at org.gradle.tooling.internal.provider.ContinuousBuildActionExecuter.execute(ContinuousBuildActionExecuter.java:45)
	at org.gradle.tooling.internal.provider.ServicesSetupBuildActionExecuter.execute(ServicesSetupBuildActionExecuter.java:51)
	at org.gradle.tooling.internal.provider.ServicesSetupBuildActionExecuter.execute(ServicesSetupBuildActionExecuter.java:32)
	at org.gradle.tooling.internal.provider.GradleThreadBuildActionExecuter.execute(GradleThreadBuildActionExecuter.java:36)
	at org.gradle.tooling.internal.provider.GradleThreadBuildActionExecuter.execute(GradleThreadBuildActionExecuter.java:25)
	at org.gradle.tooling.internal.provider.ParallelismConfigurationBuildActionExecuter.execute(ParallelismConfigurationBuildActionExecuter.java:43)
	at org.gradle.tooling.internal.provider.ParallelismConfigurationBuildActionExecuter.execute(ParallelismConfigurationBuildActionExecuter.java:29)
	at org.gradle.tooling.internal.provider.StartParamsValidatingActionExecuter.execute(StartParamsValidatingActionExecuter.java:64)
	at org.gradle.tooling.internal.provider.StartParamsValidatingActionExecuter.execute(StartParamsValidatingActionExecuter.java:29)
	at org.gradle.tooling.internal.provider.SessionFailureReportingActionExecuter.execute(SessionFailureReportingActionExecuter.java:55)
	at org.gradle.tooling.internal.provider.SessionFailureReportingActionExecuter.execute(SessionFailureReportingActionExecuter.java:42)
	at org.gradle.tooling.internal.provider.SetupLoggingActionExecuter.execute(SetupLoggingActionExecuter.java:58)
	at org.gradle.tooling.internal.provider.SetupLoggingActionExecuter.execute(SetupLoggingActionExecuter.java:33)
	at org.gradle.launcher.cli.RunBuildAction.run(RunBuildAction.java:51)
	at org.gradle.internal.Actions$RunnableActionAdapter.execute(Actions.java:173)
	at org.gradle.launcher.cli.CommandLineActionFactory$ParseAndBuildAction.execute(CommandLineActionFactory.java:287)
	at org.gradle.launcher.cli.CommandLineActionFactory$ParseAndBuildAction.execute(CommandLineActionFactory.java:260)
	at org.gradle.launcher.cli.JavaRuntimeValidationAction.execute(JavaRuntimeValidationAction.java:33)
	at org.gradle.launcher.cli.JavaRuntimeValidationAction.execute(JavaRuntimeValidationAction.java:24)
	at org.gradle.launcher.cli.ExceptionReportingAction.execute(ExceptionReportingAction.java:33)
	at org.gradle.launcher.cli.ExceptionReportingAction.execute(ExceptionReportingAction.java:22)
	at org.gradle.launcher.cli.CommandLineActionFactory$WithLogging.execute(CommandLineActionFactory.java:253)
	at org.gradle.launcher.cli.CommandLineActionFactory$WithLogging.execute(CommandLineActionFactory.java:182)
	at org.gradle.launcher.Main.doAction(Main.java:33)
	at org.gradle.launcher.bootstrap.EntryPoint.run(EntryPoint.java:45)
	at sun.reflect.NativeMethodAccessorImpl.invoke0(Native Method)
	at sun.reflect.NativeMethodAccessorImpl.invoke(NativeMethodAccessorImpl.java:62)
	at sun.reflect.DelegatingMethodAccessorImpl.invoke(DelegatingMethodAccessorImpl.java:43)
	at java.lang.reflect.Method.invoke(Method.java:498)
	at org.gradle.launcher.bootstrap.ProcessBootstrap.runNoExit(ProcessBootstrap.java:60)
	at org.gradle.launcher.bootstrap.ProcessBootstrap.run(ProcessBootstrap.java:37)
	at org.gradle.launcher.GradleMain.main(GradleMain.java:23)
	at sun.reflect.NativeMethodAccessorImpl.invoke0(Native Method)
	at sun.reflect.NativeMethodAccessorImpl.invoke(NativeMethodAccessorImpl.java:62)
	at sun.reflect.DelegatingMethodAccessorImpl.invoke(DelegatingMethodAccessorImpl.java:43)
	at java.lang.reflect.Method.invoke(Method.java:498)
	at org.gradle.wrapper.BootstrapMainStarter.start(BootstrapMainStarter.java:30)
	at org.gradle.wrapper.WrapperExecutor.execute(WrapperExecutor.java:129)
	at org.gradle.wrapper.GradleWrapperMain.main(GradleWrapperMain.java:61)
0.1.0
0.1.0
[/Users/vbauer/.gradle/caches/modules-2/files-2.1/info.dourok.builder/activity-builder-annotations/0.1.65/9f50bc29f8cd41d6fba4e83368159db87d68f29/activity-builder-annotations-0.1.65.jar, /Users/vbauer/.gradle/caches/transforms-1/files-1.1/support-fragment-26.1.0.aar/ce310bc72867ad41cd15ad0ef6f3c40a/jars/classes.jar, /Users/vbauer/.gradle/caches/transforms-1/files-1.1/support-core-ui-26.1.0.aar/cc81e844e559c500f99bbf8435f095f7/jars/classes.jar, /Users/vbauer/.gradle/caches/transforms-1/files-1.1/support-core-utils-26.1.0.aar/20c077f7377ec6d81f0d46f38314d55e/jars/classes.jar, /Users/vbauer/.gradle/caches/transforms-1/files-1.1/support-compat-26.1.0.aar/2b0115d6474e0fb20a17143708c41ae4/jars/classes.jar, /Users/vbauer/.gradle/caches/modules-2/files-2.1/com.android.support/support-annotations/26.1.0/814258103cf26a15fcc26ecce35f5b7d24b73f8/support-annotations-26.1.0.jar, /Users/vbauer/.gradle/caches/transforms-1/files-1.1/runtime-1.0.0.aar/cc96f0cfc1be374a4325bc9d0653e703/jars/classes.jar, /Users/vbauer/.gradle/caches/modules-2/files-2.1/android.arch.lifecycle/common/1.0.0/e414a4cb28434e25c4f6aa71426eb20cf4874ae9/common-1.0.0.jar, /Users/vbauer/.gradle/caches/modules-2/files-2.1/android.arch.core/common/1.0.0/a2d487452376193fc8c103dd2b9bd5f2b1b44563/common-1.0.0.jar, /Users/vbauer/Library/Android/sdk/platforms/android-26/android.jar]
[/Users/vbauer/.gradle/caches/modules-2/files-2.1/info.dourok.builder/activity-builder-annotations/0.1.65/9f50bc29f8cd41d6fba4e83368159db87d68f29/activity-builder-annotations-0.1.65.jar, /Users/vbauer/.gradle/caches/transforms-1/files-1.1/support-fragment-26.1.0.aar/ce310bc72867ad41cd15ad0ef6f3c40a/jars/classes.jar, /Users/vbauer/.gradle/caches/transforms-1/files-1.1/support-core-ui-26.1.0.aar/cc81e844e559c500f99bbf8435f095f7/jars/classes.jar, /Users/vbauer/.gradle/caches/transforms-1/files-1.1/support-core-utils-26.1.0.aar/20c077f7377ec6d81f0d46f38314d55e/jars/classes.jar, /Users/vbauer/.gradle/caches/transforms-1/files-1.1/support-compat-26.1.0.aar/2b0115d6474e0fb20a17143708c41ae4/jars/classes.jar, /Users/vbauer/.gradle/caches/modules-2/files-2.1/com.android.support/support-annotations/26.1.0/814258103cf26a15fcc26ecce35f5b7d24b73f8/support-annotations-26.1.0.jar, /Users/vbauer/.gradle/caches/transforms-1/files-1.1/runtime-1.0.0.aar/cc96f0cfc1be374a4325bc9d0653e703/jars/classes.jar, /Users/vbauer/.gradle/caches/modules-2/files-2.1/android.arch.lifecycle/common/1.0.0/e414a4cb28434e25c4f6aa71426eb20cf4874ae9/common-1.0.0.jar, /Users/vbauer/.gradle/caches/modules-2/files-2.1/android.arch.core/common/1.0.0/a2d487452376193fc8c103dd2b9bd5f2b1b44563/common-1.0.0.jar, /Users/vbauer/Library/Android/sdk/platforms/android-26/android.jar]
:annotations:compileJava
:annotations:processResources NO-SOURCE
:annotations:classes
:annotations:jar
:annotations:javadocJar
:annotations:sourcesJar
:annotations:assemble
:annotations:build
:compiler:compileJava UP-TO-DATE
:compiler:compileGroovy NO-SOURCE
:compiler:processResources NO-SOURCE
:compiler:classes UP-TO-DATE
:compiler:jar UP-TO-DATE
:compiler:javadocJar
:compiler:sourcesJar
:compiler:assemble
:compiler:build
:library:preBuild UP-TO-DATE
:library:preDebugBuild UP-TO-DATE
:library:compileDebugAidl UP-TO-DATE
:library:compileDebugNdk NO-SOURCE
:library:compileDebugRenderscript UP-TO-DATE
:library:checkDebugManifest UP-TO-DATE
:library:generateDebugBuildConfig UP-TO-DATE
:library:prepareLintJar UP-TO-DATE
:library:generateDebugResValues UP-TO-DATE
:library:generateDebugResources UP-TO-DATE
:library:packageDebugResources UP-TO-DATE
:library:platformAttrExtractor UP-TO-DATE
:library:processDebugManifest UP-TO-DATE
:library:processDebugResources UP-TO-DATE
:library:generateDebugSources UP-TO-DATE
:library:javaPreCompileDebug UP-TO-DATE
:library:compileDebugJavaWithJavac UP-TO-DATE
:library:extractDebugAnnotations UP-TO-DATE
:library:mergeDebugShaders UP-TO-DATE
:library:compileDebugShaders UP-TO-DATE
:library:generateDebugAssets UP-TO-DATE
:library:mergeDebugAssets UP-TO-DATE
:library:mergeDebugConsumerProguardFiles UP-TO-DATE
:library:packageDebugRenderscript NO-SOURCE
:library:processDebugJavaRes NO-SOURCE
:library:transformResourcesWithMergeJavaResForDebug UP-TO-DATE
:library:transformClassesAndResourcesWithSyncLibJarsForDebug UP-TO-DATE
:library:mergeDebugJniLibFolders UP-TO-DATE
:library:transformNativeLibsWithMergeJniLibsForDebug UP-TO-DATE
:library:transformNativeLibsWithStripDebugSymbolForDebug UP-TO-DATE
:library:transformNativeLibsWithSyncJniLibsForDebug UP-TO-DATE
:library:bundleDebug UP-TO-DATE
:library:compileDebugSources UP-TO-DATE
:library:assembleDebug UP-TO-DATE
:library:preReleaseBuild UP-TO-DATE
:library:compileReleaseAidl UP-TO-DATE
:library:compileReleaseNdk NO-SOURCE
:library:compileReleaseRenderscript UP-TO-DATE
:library:checkReleaseManifest UP-TO-DATE
:library:generateReleaseBuildConfig UP-TO-DATE
:library:generateReleaseResValues UP-TO-DATE
:library:generateReleaseResources UP-TO-DATE
:library:packageReleaseResources UP-TO-DATE
:library:processReleaseManifest UP-TO-DATE
:library:processReleaseResources UP-TO-DATE
:library:generateReleaseSources UP-TO-DATE
:library:javaPreCompileRelease UP-TO-DATE
:library:compileReleaseJavaWithJavac UP-TO-DATE
:library:extractReleaseAnnotations UP-TO-DATE
:library:mergeReleaseShaders UP-TO-DATE
:library:compileReleaseShaders UP-TO-DATE
:library:generateReleaseAssets UP-TO-DATE
:library:mergeReleaseAssets UP-TO-DATE
:library:mergeReleaseConsumerProguardFiles UP-TO-DATE
:library:packageReleaseRenderscript NO-SOURCE
:library:processReleaseJavaRes NO-SOURCE
:library:transformResourcesWithMergeJavaResForRelease UP-TO-DATE
:library:transformClassesAndResourcesWithSyncLibJarsForRelease UP-TO-DATE
:library:mergeReleaseJniLibFolders UP-TO-DATE
:library:transformNativeLibsWithMergeJniLibsForRelease UP-TO-DATE
:library:transformNativeLibsWithStripDebugSymbolForRelease UP-TO-DATE
:library:transformNativeLibsWithSyncJniLibsForRelease UP-TO-DATE
:library:bundleRelease UP-TO-DATE
:library:compileReleaseSources UP-TO-DATE
:library:mergeReleaseResources UP-TO-DATE
:library:verifyReleaseResources UP-TO-DATE
:library:assembleRelease UP-TO-DATE
:library:generateReleaseJavadocjavadoc: warning - Error reading file: /Users/vbauer/Library/Android/sdk/docs/reference/package-list
/private/var/folders/bq/vtzpc5ns5sg2cthy61lqpg3dfzgbys/T/1535721847938-0/src/ActivityBuilder-master/library/src/main/java/info/dourok/esactivity/BaseActivityBuilder.java:50: warning: no @param for intent
  public void setIntent(Intent intent) {
              ^
/private/var/folders/bq/vtzpc5ns5sg2cthy61lqpg3dfzgbys/T/1535721847938-0/src/ActivityBuilder-master/library/src/main/java/info/dourok/esactivity/BaseActivityBuilder.java:124: warning: no @param for requestCode
  public void startForResult(int requestCode) {
              ^
/private/var/folders/bq/vtzpc5ns5sg2cthy61lqpg3dfzgbys/T/1535721847938-0/src/ActivityBuilder-master/library/src/main/java/info/dourok/esactivity/BaseActivityBuilder.java:129: warning: no @param for f
  public void startForResult(Fragment f, int requestCode) {
              ^
/private/var/folders/bq/vtzpc5ns5sg2cthy61lqpg3dfzgbys/T/1535721847938-0/src/ActivityBuilder-master/library/src/main/java/info/dourok/esactivity/BaseActivityBuilder.java:129: warning: no @param for requestCode
  public void startForResult(Fragment f, int requestCode) {
              ^
/private/var/folders/bq/vtzpc5ns5sg2cthy61lqpg3dfzgbys/T/1535721847938-0/src/ActivityBuilder-master/library/src/main/java/info/dourok/esactivity/BaseActivityBuilder.java:134: warning: no @param for f
  public void startForResult(android.support.v4.app.Fragment f, int requestCode) {
              ^
/private/var/folders/bq/vtzpc5ns5sg2cthy61lqpg3dfzgbys/T/1535721847938-0/src/ActivityBuilder-master/library/src/main/java/info/dourok/esactivity/BaseActivityBuilder.java:134: warning: no @param for requestCode
  public void startForResult(android.support.v4.app.Fragment f, int requestCode) {
              ^
/private/var/folders/bq/vtzpc5ns5sg2cthy61lqpg3dfzgbys/T/1535721847938-0/src/ActivityBuilder-master/library/src/main/java/info/dourok/esactivity/BaseActivityBuilder.java:140: warning: no @param for requestCode
  public void startForResult(int requestCode, Bundle options) {
              ^
/private/var/folders/bq/vtzpc5ns5sg2cthy61lqpg3dfzgbys/T/1535721847938-0/src/ActivityBuilder-master/library/src/main/java/info/dourok/esactivity/BaseActivityBuilder.java:140: warning: no @param for options
  public void startForResult(int requestCode, Bundle options) {
              ^
/private/var/folders/bq/vtzpc5ns5sg2cthy61lqpg3dfzgbys/T/1535721847938-0/src/ActivityBuilder-master/library/src/main/java/info/dourok/esactivity/BaseActivityBuilder.java:146: warning: no @param for f
  public void startForResult(Fragment f, int requestCode, Bundle options) {
              ^
/private/var/folders/bq/vtzpc5ns5sg2cthy61lqpg3dfzgbys/T/1535721847938-0/src/ActivityBuilder-master/library/src/main/java/info/dourok/esactivity/BaseActivityBuilder.java:146: warning: no @param for requestCode
  public void startForResult(Fragment f, int requestCode, Bundle options) {
              ^
/private/var/folders/bq/vtzpc5ns5sg2cthy61lqpg3dfzgbys/T/1535721847938-0/src/ActivityBuilder-master/library/src/main/java/info/dourok/esactivity/BaseActivityBuilder.java:146: warning: no @param for options
  public void startForResult(Fragment f, int requestCode, Bundle options) {
              ^
/private/var/folders/bq/vtzpc5ns5sg2cthy61lqpg3dfzgbys/T/1535721847938-0/src/ActivityBuilder-master/library/src/main/java/info/dourok/esactivity/BaseActivityBuilder.java:151: warning: no @param for f
  public void startForResult(android.support.v4.app.Fragment f, int requestCode, Bundle options) {
              ^
/private/var/folders/bq/vtzpc5ns5sg2cthy61lqpg3dfzgbys/T/1535721847938-0/src/ActivityBuilder-master/library/src/main/java/info/dourok/esactivity/BaseActivityBuilder.java:151: warning: no @param for requestCode
  public void startForResult(android.support.v4.app.Fragment f, int requestCode, Bundle options) {
              ^
/private/var/folders/bq/vtzpc5ns5sg2cthy61lqpg3dfzgbys/T/1535721847938-0/src/ActivityBuilder-master/library/src/main/java/info/dourok/esactivity/BaseActivityBuilder.java:151: warning: no @param for options
  public void startForResult(android.support.v4.app.Fragment f, int requestCode, Bundle options) {
              ^
/private/var/folders/bq/vtzpc5ns5sg2cthy61lqpg3dfzgbys/T/1535721847938-0/src/ActivityBuilder-master/library/src/main/java/info/dourok/esactivity/BaseActivityBuilder.java:18: error: unknown tag: date
 * @date 2017/8/15
   ^
/private/var/folders/bq/vtzpc5ns5sg2cthy61lqpg3dfzgbys/T/1535721847938-0/src/ActivityBuilder-master/library/src/main/java/info/dourok/esactivity/BaseBuilder.java:5: error: unknown tag: date
 * @date 2017/8/6
   ^
/private/var/folders/bq/vtzpc5ns5sg2cthy61lqpg3dfzgbys/T/1535721847938-0/src/ActivityBuilder-master/library/src/main/java/info/dourok/esactivity/BaseResultConsumer.java:18: error: unknown tag: date
 * @date 2017/8/6
   ^
/private/var/folders/bq/vtzpc5ns5sg2cthy61lqpg3dfzgbys/T/1535721847938-0/src/ActivityBuilder-master/library/src/main/java/info/dourok/esactivity/IntentWrapper.java:16: error: unknown tag: date
 * @date 2017/8/6
   ^
/private/var/folders/bq/vtzpc5ns5sg2cthy61lqpg3dfzgbys/T/1535721847938-0/src/ActivityBuilder-master/library/src/main/java/info/dourok/esactivity/LambdaStateCallback.java:9: error: unknown tag: date
 * @date 2018/3/2.
   ^
/private/var/folders/bq/vtzpc5ns5sg2cthy61lqpg3dfzgbys/T/1535721847938-0/src/ActivityBuilder-master/library/src/main/java/info/dourok/esactivity/MessengerFragment.java:92: warning: no @param for activity
  public static MessengerFragment fragmentFor(Activity activity) {
                                  ^
/private/var/folders/bq/vtzpc5ns5sg2cthy61lqpg3dfzgbys/T/1535721847938-0/src/ActivityBuilder-master/library/src/main/java/info/dourok/esactivity/MessengerFragment.java:92: warning: no @return
  public static MessengerFragment fragmentFor(Activity activity) {
                                  ^
/private/var/folders/bq/vtzpc5ns5sg2cthy61lqpg3dfzgbys/T/1535721847938-0/src/ActivityBuilder-master/library/src/main/java/info/dourok/esactivity/MessengerFragment.java:17: error: unknown tag: date
 * @date 2017/8/5
   ^
/private/var/folders/bq/vtzpc5ns5sg2cthy61lqpg3dfzgbys/T/1535721847938-0/src/ActivityBuilder-master/library/src/main/java/info/dourok/esactivity/RefManager.java:52: warning: no @param for builder
  public @NonNull Map<String, Object> getOrCreateRefMap(BaseBuilder builder) {
                                      ^
/private/var/folders/bq/vtzpc5ns5sg2cthy61lqpg3dfzgbys/T/1535721847938-0/src/ActivityBuilder-master/library/src/main/java/info/dourok/esactivity/RefManager.java:52: warning: no @return
  public @NonNull Map<String, Object> getOrCreateRefMap(BaseBuilder builder) {
                                      ^
/private/var/folders/bq/vtzpc5ns5sg2cthy61lqpg3dfzgbys/T/1535721847938-0/src/ActivityBuilder-master/library/src/main/java/info/dourok/esactivity/RefManager.java:57: warning: no @param for intent
  public @NonNull Map<String, Object> getOrCreateRefMap(Intent intent) {
                                      ^
/private/var/folders/bq/vtzpc5ns5sg2cthy61lqpg3dfzgbys/T/1535721847938-0/src/ActivityBuilder-master/library/src/main/java/info/dourok/esactivity/RefManager.java:57: warning: no @return
  public @NonNull Map<String, Object> getOrCreateRefMap(Intent intent) {
                                      ^
/private/var/folders/bq/vtzpc5ns5sg2cthy61lqpg3dfzgbys/T/1535721847938-0/src/ActivityBuilder-master/library/src/main/java/info/dourok/esactivity/RefManager.java:69: warning: no @param for intent
  public static int getKeyOfMap(Intent intent) {
                    ^
/private/var/folders/bq/vtzpc5ns5sg2cthy61lqpg3dfzgbys/T/1535721847938-0/src/ActivityBuilder-master/library/src/main/java/info/dourok/esactivity/RefManager.java:69: warning: no @return
  public static int getKeyOfMap(Intent intent) {
                    ^
/private/var/folders/bq/vtzpc5ns5sg2cthy61lqpg3dfzgbys/T/1535721847938-0/src/ActivityBuilder-master/library/src/main/java/info/dourok/esactivity/RefManager.java:78: warning: no @param for oldIntent
  public void rebindRefMap(Intent oldIntent, Intent newIntent) {
              ^
/private/var/folders/bq/vtzpc5ns5sg2cthy61lqpg3dfzgbys/T/1535721847938-0/src/ActivityBuilder-master/library/src/main/java/info/dourok/esactivity/RefManager.java:78: warning: no @param for newIntent
  public void rebindRefMap(Intent oldIntent, Intent newIntent) {
              ^
/private/var/folders/bq/vtzpc5ns5sg2cthy61lqpg3dfzgbys/T/1535721847938-0/src/ActivityBuilder-master/library/src/main/java/info/dourok/esactivity/RefManager.java:16: error: unknown tag: date
 * @date 2017/8/31
   ^
/private/var/folders/bq/vtzpc5ns5sg2cthy61lqpg3dfzgbys/T/1535721847938-0/src/ActivityBuilder-master/library/src/main/java/info/dourok/esactivity/reference/AbstractActivityReferenceUpdater.java:48: warning: no @param for field
  protected abstract Object findNewObject(Activity activity, Field field, Object lambda,
                            ^
/private/var/folders/bq/vtzpc5ns5sg2cthy61lqpg3dfzgbys/T/1535721847938-0/src/ActivityBuilder-master/library/src/main/java/info/dourok/esactivity/reference/AbstractActivityReferenceUpdater.java:48: warning: no @param for lambda
  protected abstract Object findNewObject(Activity activity, Field field, Object lambda,
                            ^
/private/var/folders/bq/vtzpc5ns5sg2cthy61lqpg3dfzgbys/T/1535721847938-0/src/ActivityBuilder-master/library/src/main/java/info/dourok/esactivity/reference/AbstractActivityReferenceUpdater.java:12: error: unknown tag: date
 * @date 2018/3/2.
   ^
/private/var/folders/bq/vtzpc5ns5sg2cthy61lqpg3dfzgbys/T/1535721847938-0/src/ActivityBuilder-master/library/src/main/java/info/dourok/esactivity/reference/ActivityReferenceUpdater.java:8: error: unknown tag: date
 * @date 2018/3/3.
   ^
/private/var/folders/bq/vtzpc5ns5sg2cthy61lqpg3dfzgbys/T/1535721847938-0/src/ActivityBuilder-master/library/src/main/java/info/dourok/esactivity/reference/FragmentReferenceUpdater.java:15: error: unknown tag: date
 * @date 2018/3/3.
   ^
/private/var/folders/bq/vtzpc5ns5sg2cthy61lqpg3dfzgbys/T/1535721847938-0/src/ActivityBuilder-master/library/src/main/java/info/dourok/esactivity/reference/ViewReferenceUpdater.java:9: error: unknown tag: date
 * @date 2018/3/3.
   ^

11 errors
27 warnings
:library:generateReleaseJavadoc FAILED

FAILURE: Build failed with an exception.

* What went wrong:
Execution failed for task ':library:generateReleaseJavadoc'.
> Javadoc generation failed. Generated Javadoc options file (useful for troubleshooting): '/private/var/folders/bq/vtzpc5ns5sg2cthy61lqpg3dfzgbys/T/1535721847938-0/src/ActivityBuilder-master/library/build/tmp/generateReleaseJavadoc/javadoc.options'

* Try:
Run with --info or --debug option to get more log output.

* Exception is:
org.gradle.api.tasks.TaskExecutionException: Execution failed for task ':library:generateReleaseJavadoc'.
	at org.gradle.api.internal.tasks.execution.ExecuteActionsTaskExecuter.executeActions(ExecuteActionsTaskExecuter.java:100)
	at org.gradle.api.internal.tasks.execution.ExecuteActionsTaskExecuter.execute(ExecuteActionsTaskExecuter.java:70)
	at org.gradle.api.internal.tasks.execution.SkipUpToDateTaskExecuter.execute(SkipUpToDateTaskExecuter.java:63)
	at org.gradle.api.internal.tasks.execution.ResolveTaskOutputCachingStateExecuter.execute(ResolveTaskOutputCachingStateExecuter.java:54)
	at org.gradle.api.internal.tasks.execution.ValidatingTaskExecuter.execute(ValidatingTaskExecuter.java:58)
	at org.gradle.api.internal.tasks.execution.SkipEmptySourceFilesTaskExecuter.execute(SkipEmptySourceFilesTaskExecuter.java:88)
	at org.gradle.api.internal.tasks.execution.ResolveTaskArtifactStateTaskExecuter.execute(ResolveTaskArtifactStateTaskExecuter.java:52)
	at org.gradle.api.internal.tasks.execution.SkipTaskWithNoActionsExecuter.execute(SkipTaskWithNoActionsExecuter.java:52)
	at org.gradle.api.internal.tasks.execution.SkipOnlyIfTaskExecuter.execute(SkipOnlyIfTaskExecuter.java:54)
	at org.gradle.api.internal.tasks.execution.ExecuteAtMostOnceTaskExecuter.execute(ExecuteAtMostOnceTaskExecuter.java:43)
	at org.gradle.api.internal.tasks.execution.CatchExceptionTaskExecuter.execute(CatchExceptionTaskExecuter.java:34)
	at org.gradle.execution.taskgraph.DefaultTaskGraphExecuter$EventFiringTaskWorker$1.run(DefaultTaskGraphExecuter.java:248)
	at org.gradle.internal.progress.DefaultBuildOperationExecutor$RunnableBuildOperationWorker.execute(DefaultBuildOperationExecutor.java:336)
	at org.gradle.internal.progress.DefaultBuildOperationExecutor$RunnableBuildOperationWorker.execute(DefaultBuildOperationExecutor.java:328)
	at org.gradle.internal.progress.DefaultBuildOperationExecutor.execute(DefaultBuildOperationExecutor.java:197)
	at org.gradle.internal.progress.DefaultBuildOperationExecutor.run(DefaultBuildOperationExecutor.java:107)
	at org.gradle.execution.taskgraph.DefaultTaskGraphExecuter$EventFiringTaskWorker.execute(DefaultTaskGraphExecuter.java:241)
	at org.gradle.execution.taskgraph.DefaultTaskGraphExecuter$EventFiringTaskWorker.execute(DefaultTaskGraphExecuter.java:230)
	at org.gradle.execution.taskgraph.DefaultTaskPlanExecutor$TaskExecutorWorker.processTask(DefaultTaskPlanExecutor.java:124)
	at org.gradle.execution.taskgraph.DefaultTaskPlanExecutor$TaskExecutorWorker.access$200(DefaultTaskPlanExecutor.java:80)
	at org.gradle.execution.taskgraph.DefaultTaskPlanExecutor$TaskExecutorWorker$1.execute(DefaultTaskPlanExecutor.java:105)
	at org.gradle.execution.taskgraph.DefaultTaskPlanExecutor$TaskExecutorWorker$1.execute(DefaultTaskPlanExecutor.java:99)
	at org.gradle.execution.taskgraph.DefaultTaskExecutionPlan.execute(DefaultTaskExecutionPlan.java:625)
	at org.gradle.execution.taskgraph.DefaultTaskExecutionPlan.executeWithTask(DefaultTaskExecutionPlan.java:580)
	at org.gradle.execution.taskgraph.DefaultTaskPlanExecutor$TaskExecutorWorker.run(DefaultTaskPlanExecutor.java:99)
	at org.gradle.internal.concurrent.ExecutorPolicy$CatchAndRecordFailures.onExecute(ExecutorPolicy.java:63)
	at org.gradle.internal.concurrent.ManagedExecutorImpl$1.run(ManagedExecutorImpl.java:46)
	at org.gradle.internal.concurrent.ThreadFactoryImpl$ManagedThreadRunnable.run(ThreadFactoryImpl.java:55)
Caused by: org.gradle.api.GradleException: Javadoc generation failed. Generated Javadoc options file (useful for troubleshooting): '/private/var/folders/bq/vtzpc5ns5sg2cthy61lqpg3dfzgbys/T/1535721847938-0/src/ActivityBuilder-master/library/build/tmp/generateReleaseJavadoc/javadoc.options'
	at org.gradle.api.tasks.javadoc.internal.JavadocGenerator.execute(JavadocGenerator.java:58)
	at org.gradle.api.tasks.javadoc.internal.JavadocGenerator.execute(JavadocGenerator.java:31)
	at org.gradle.api.tasks.javadoc.Javadoc.executeExternalJavadoc(Javadoc.java:156)
	at org.gradle.api.tasks.javadoc.Javadoc.generate(Javadoc.java:144)
	at org.gradle.internal.reflect.JavaMethod.invoke(JavaMethod.java:73)
	at org.gradle.api.internal.project.taskfactory.DefaultTaskClassInfoStore$StandardTaskAction.doExecute(DefaultTaskClassInfoStore.java:141)
	at org.gradle.api.internal.project.taskfactory.DefaultTaskClassInfoStore$StandardTaskAction.execute(DefaultTaskClassInfoStore.java:134)
	at org.gradle.api.internal.project.taskfactory.DefaultTaskClassInfoStore$StandardTaskAction.execute(DefaultTaskClassInfoStore.java:121)
	at org.gradle.api.internal.AbstractTask$TaskActionWrapper.execute(AbstractTask.java:731)
	at org.gradle.api.internal.AbstractTask$TaskActionWrapper.execute(AbstractTask.java:705)
	at org.gradle.api.internal.tasks.execution.ExecuteActionsTaskExecuter$1.run(ExecuteActionsTaskExecuter.java:122)
	at org.gradle.internal.progress.DefaultBuildOperationExecutor$RunnableBuildOperationWorker.execute(DefaultBuildOperationExecutor.java:336)
	at org.gradle.internal.progress.DefaultBuildOperationExecutor$RunnableBuildOperationWorker.execute(DefaultBuildOperationExecutor.java:328)
	at org.gradle.internal.progress.DefaultBuildOperationExecutor.execute(DefaultBuildOperationExecutor.java:197)
	at org.gradle.internal.progress.DefaultBuildOperationExecutor.run(DefaultBuildOperationExecutor.java:107)
	at org.gradle.api.internal.tasks.execution.ExecuteActionsTaskExecuter.executeAction(ExecuteActionsTaskExecuter.java:111)
	at org.gradle.api.internal.tasks.execution.ExecuteActionsTaskExecuter.executeActions(ExecuteActionsTaskExecuter.java:92)
	... 27 more
Caused by: org.gradle.process.internal.ExecException: Process 'command '/Library/Java/JavaVirtualMachines/jdk1.8.0_172.jdk/Contents/Home/bin/javadoc'' finished with non-zero exit value 1
	at org.gradle.process.internal.DefaultExecHandle$ExecResultImpl.assertNormalExitValue(DefaultExecHandle.java:380)
	at org.gradle.process.internal.DefaultExecAction.execute(DefaultExecAction.java:31)
	at org.gradle.api.tasks.javadoc.internal.JavadocGenerator.execute(JavadocGenerator.java:53)
	... 43 more


* Get more help at https://help.gradle.org

BUILD FAILED in 9s
57 actionable tasks: 7 executed, 50 up-to-date

2018-08-31 20:25:28,880 INFO  ProjectTaskService - Detecting possible tasks...
2018-08-31 20:25:28,880 INFO  SysUtils - Execute command: [/var/folders/bq/vtzpc5ns5sg2cthy61lqpg3dfzgbys/T/1535721847938-0/src/ActivityBuilder-master/gradlew, -b, /var/folders/bq/vtzpc5ns5sg2cthy61lqpg3dfzgbys/T/1535721847938-0/src/ActivityBuilder-master/annotations/build.gradle, -Dorg.gradle.daemon=false, -Dorg.gradle.daemon.performance.enable-monitoring=false, -Dorg.gradle.configureondemand=true, tasks]
2018-08-31 20:25:32,579 INFO  ProjectTaskService - Detected possible tasks: 46
2018-08-31 20:25:32,579 INFO  ProjectTaskService - Excluded tasks (3): javadoc test check
2018-08-31 20:25:32,579 INFO  SysUtils - Execute command: [/var/folders/bq/vtzpc5ns5sg2cthy61lqpg3dfzgbys/T/1535721847938-0/src/ActivityBuilder-master/gradlew, -b, /var/folders/bq/vtzpc5ns5sg2cthy61lqpg3dfzgbys/T/1535721847938-0/src/ActivityBuilder-master/annotations/build.gradle, -Dorg.gradle.daemon=false, -Dorg.gradle.daemon.performance.enable-monitoring=false, -Dorg.gradle.configureondemand=true, --stacktrace, -x, javadoc, -x, test, -x, check, build]
2018-08-31 20:25:36,383 INFO  SysUtils - Configuration on demand is an incubating feature.
fatal: ambiguous argument 'HEAD': unknown revision or path not in the working tree.
Use '--' to separate paths from revisions, like this:
'git <command> [<revision>...] -- [<file>...]'
0.1.0
:annotations:compileJava UP-TO-DATE
:annotations:processResources NO-SOURCE
:annotations:classes UP-TO-DATE
:annotations:jar UP-TO-DATE
:annotations:javadocJar UP-TO-DATE
:annotations:sourcesJar UP-TO-DATE
:annotations:assemble UP-TO-DATE
:annotations:build

BUILD SUCCESSFUL in 3s
4 actionable tasks: 4 up-to-date

2018-08-31 20:25:36,438 INFO  ProjectTaskService - Detecting possible tasks...
2018-08-31 20:25:36,438 INFO  SysUtils - Execute command: [/var/folders/bq/vtzpc5ns5sg2cthy61lqpg3dfzgbys/T/1535721847938-0/src/ActivityBuilder-master/gradlew, -b, /var/folders/bq/vtzpc5ns5sg2cthy61lqpg3dfzgbys/T/1535721847938-0/src/ActivityBuilder-master/compiler/build.gradle, -Dorg.gradle.daemon=false, -Dorg.gradle.daemon.performance.enable-monitoring=false, -Dorg.gradle.configureondemand=true, tasks]
2018-08-31 20:25:40,377 INFO  ProjectTaskService - Detected possible tasks: 49
2018-08-31 20:25:40,377 INFO  ProjectTaskService - Excluded tasks (3): javadoc test check
2018-08-31 20:25:40,377 INFO  SysUtils - Execute command: [/var/folders/bq/vtzpc5ns5sg2cthy61lqpg3dfzgbys/T/1535721847938-0/src/ActivityBuilder-master/gradlew, -b, /var/folders/bq/vtzpc5ns5sg2cthy61lqpg3dfzgbys/T/1535721847938-0/src/ActivityBuilder-master/compiler/build.gradle, -Dorg.gradle.daemon=false, -Dorg.gradle.daemon.performance.enable-monitoring=false, -Dorg.gradle.configureondemand=true, --stacktrace, -x, javadoc, -x, test, -x, check, build]
2018-08-31 20:25:44,577 INFO  SysUtils - Configuration on demand is an incubating feature.
fatal: ambiguous argument 'HEAD': unknown revision or path not in the working tree.
Use '--' to separate paths from revisions, like this:
'git <command> [<revision>...] -- [<file>...]'
The ConfigurableReport.setDestination(Object) method has been deprecated and is scheduled to be removed in Gradle 5.0. Please use the method ConfigurableReport.setDestination(File) instead.
	at org.gradle.api.reporting.internal.SimpleReport.setDestination(SimpleReport.java:76)
	at org.gradle.api.plugins.quality.internal.findbugs.FindBugsXmlReportImpl_Decorated.setDestination(Unknown Source)
	at org.gradle.api.plugins.quality.internal.findbugs.FindBugsXmlReportImpl_Decorated.destination(Unknown Source)
	at sun.reflect.NativeMethodAccessorImpl.invoke0(Native Method)
	at sun.reflect.NativeMethodAccessorImpl.invoke(NativeMethodAccessorImpl.java:62)
	at sun.reflect.DelegatingMethodAccessorImpl.invoke(DelegatingMethodAccessorImpl.java:43)
	at java.lang.reflect.Method.invoke(Method.java:498)
	at org.codehaus.groovy.reflection.CachedMethod.invoke(CachedMethod.java:93)
	at groovy.lang.MetaMethod.doMethodInvoke(MetaMethod.java:325)
	at org.gradle.internal.metaobject.BeanDynamicObject$MetaClassAdapter.invokeMethod(BeanDynamicObject.java:479)
	at org.gradle.internal.metaobject.BeanDynamicObject.tryInvokeMethod(BeanDynamicObject.java:191)
	at org.gradle.internal.metaobject.CompositeDynamicObject.tryInvokeMethod(CompositeDynamicObject.java:98)
	at org.gradle.internal.metaobject.MixInClosurePropertiesAsMethodsDynamicObject.tryInvokeMethod(MixInClosurePropertiesAsMethodsDynamicObject.java:30)
	at org.gradle.internal.metaobject.ConfigureDelegate.invokeMethod(ConfigureDelegate.java:59)
	at org.codehaus.groovy.runtime.metaclass.ClosureMetaClass.invokeOnDelegationObjects(ClosureMetaClass.java:430)
	at org.codehaus.groovy.runtime.metaclass.ClosureMetaClass.invokeMethod(ClosureMetaClass.java:369)
	at groovy.lang.MetaClassImpl.invokeMethod(MetaClassImpl.java:1022)
	at org.codehaus.groovy.runtime.callsite.PogoMetaClassSite.callCurrent(PogoMetaClassSite.java:69)
	at org.codehaus.groovy.runtime.callsite.CallSiteArray.defaultCallCurrent(CallSiteArray.java:52)
	at org.codehaus.groovy.runtime.callsite.AbstractCallSite.callCurrent(AbstractCallSite.java:154)
	at org.codehaus.groovy.runtime.callsite.AbstractCallSite.callCurrent(AbstractCallSite.java:166)
	at quality_9cpn9bt91tew359tw1aq8qd84$_run_closure4$_closure9$_closure10.doCall(/private/var/folders/bq/vtzpc5ns5sg2cthy61lqpg3dfzgbys/T/1535721847938-0/src/ActivityBuilder-master/config/quality.gradle:48)
	at sun.reflect.NativeMethodAccessorImpl.invoke0(Native Method)
	at sun.reflect.NativeMethodAccessorImpl.invoke(NativeMethodAccessorImpl.java:62)
	at sun.reflect.DelegatingMethodAccessorImpl.invoke(DelegatingMethodAccessorImpl.java:43)
	at java.lang.reflect.Method.invoke(Method.java:498)
	at org.codehaus.groovy.reflection.CachedMethod.invoke(CachedMethod.java:93)
	at groovy.lang.MetaMethod.doMethodInvoke(MetaMethod.java:325)
	at org.codehaus.groovy.runtime.metaclass.ClosureMetaClass.invokeMethod(ClosureMetaClass.java:294)
	at groovy.lang.MetaClassImpl.invokeMethod(MetaClassImpl.java:1022)
	at groovy.lang.Closure.call(Closure.java:414)
	at groovy.lang.Closure.call(Closure.java:430)
	at org.gradle.api.internal.ClosureBackedAction.execute(ClosureBackedAction.java:71)
	at org.gradle.util.ConfigureUtil.configureTarget(ConfigureUtil.java:160)
	at org.gradle.util.ConfigureUtil.configureSelf(ConfigureUtil.java:136)
	at org.gradle.api.reporting.internal.SimpleReport.configure(SimpleReport.java:104)
	at org.gradle.api.reporting.internal.SimpleReport.configure(SimpleReport.java:34)
	at org.gradle.util.ConfigureUtil.configure(ConfigureUtil.java:104)
	at org.gradle.api.internal.DefaultNamedDomainObjectCollection$ContainerElementsDynamicObject.tryInvokeMethod(DefaultNamedDomainObjectCollection.java:369)
	at org.gradle.internal.metaobject.BeanDynamicObject$MetaClassAdapter.invokeMethod(BeanDynamicObject.java:499)
	at org.gradle.internal.metaobject.BeanDynamicObject.tryInvokeMethod(BeanDynamicObject.java:191)
	at org.gradle.internal.metaobject.CompositeDynamicObject.tryInvokeMethod(CompositeDynamicObject.java:98)
	at org.gradle.internal.metaobject.MixInClosurePropertiesAsMethodsDynamicObject.tryInvokeMethod(MixInClosurePropertiesAsMethodsDynamicObject.java:30)
	at org.gradle.internal.metaobject.ConfigureDelegate.invokeMethod(ConfigureDelegate.java:59)
	at org.codehaus.groovy.runtime.metaclass.ClosureMetaClass.invokeOnDelegationObjects(ClosureMetaClass.java:430)
	at org.codehaus.groovy.runtime.metaclass.ClosureMetaClass.invokeMethod(ClosureMetaClass.java:369)
	at groovy.lang.MetaClassImpl.invokeMethod(MetaClassImpl.java:1022)
	at org.codehaus.groovy.runtime.callsite.PogoMetaClassSite.callCurrent(PogoMetaClassSite.java:69)
	at org.codehaus.groovy.runtime.callsite.CallSiteArray.defaultCallCurrent(CallSiteArray.java:52)
	at org.codehaus.groovy.runtime.callsite.AbstractCallSite.callCurrent(AbstractCallSite.java:154)
	at org.codehaus.groovy.runtime.callsite.AbstractCallSite.callCurrent(AbstractCallSite.java:166)
	at quality_9cpn9bt91tew359tw1aq8qd84$_run_closure4$_closure9.doCall(/private/var/folders/bq/vtzpc5ns5sg2cthy61lqpg3dfzgbys/T/1535721847938-0/src/ActivityBuilder-master/config/quality.gradle:47)
	at sun.reflect.NativeMethodAccessorImpl.invoke0(Native Method)
	at sun.reflect.NativeMethodAccessorImpl.invoke(NativeMethodAccessorImpl.java:62)
	at sun.reflect.DelegatingMethodAccessorImpl.invoke(DelegatingMethodAccessorImpl.java:43)
	at java.lang.reflect.Method.invoke(Method.java:498)
	at org.codehaus.groovy.reflection.CachedMethod.invoke(CachedMethod.java:93)
	at groovy.lang.MetaMethod.doMethodInvoke(MetaMethod.java:325)
	at org.codehaus.groovy.runtime.metaclass.ClosureMetaClass.invokeMethod(ClosureMetaClass.java:294)
	at groovy.lang.MetaClassImpl.invokeMethod(MetaClassImpl.java:1022)
	at groovy.lang.Closure.call(Closure.java:414)
	at groovy.lang.Closure.call(Closure.java:430)
	at org.gradle.api.internal.ClosureBackedAction.execute(ClosureBackedAction.java:71)
	at org.gradle.util.ConfigureUtil.configureTarget(ConfigureUtil.java:160)
	at org.gradle.util.ConfigureUtil.configureSelf(ConfigureUtil.java:136)
	at org.gradle.api.reporting.internal.DefaultReportContainer.configure(DefaultReportContainer.java:93)
	at org.gradle.api.reporting.internal.DefaultReportContainer.configure(DefaultReportContainer.java:44)
	at org.gradle.api.internal.ClosureBackedAction.execute(ClosureBackedAction.java:63)
	at org.gradle.api.plugins.quality.FindBugs.reports(FindBugs.java:167)
	at org.gradle.api.plugins.quality.FindBugs.reports(FindBugs.java:144)
	at org.gradle.api.plugins.quality.FindBugs.reports(FindBugs.java:68)
	at sun.reflect.NativeMethodAccessorImpl.invoke0(Native Method)
	at sun.reflect.NativeMethodAccessorImpl.invoke(NativeMethodAccessorImpl.java:62)
	at sun.reflect.DelegatingMethodAccessorImpl.invoke(DelegatingMethodAccessorImpl.java:43)
	at java.lang.reflect.Method.invoke(Method.java:498)
	at org.codehaus.groovy.reflection.CachedMethod.invoke(CachedMethod.java:93)
	at groovy.lang.MetaMethod.doMethodInvoke(MetaMethod.java:325)
	at org.gradle.internal.metaobject.BeanDynamicObject$MetaClassAdapter.invokeMethod(BeanDynamicObject.java:479)
	at org.gradle.internal.metaobject.BeanDynamicObject.tryInvokeMethod(BeanDynamicObject.java:191)
	at org.gradle.internal.metaobject.CompositeDynamicObject.tryInvokeMethod(CompositeDynamicObject.java:98)
	at org.gradle.internal.metaobject.MixInClosurePropertiesAsMethodsDynamicObject.tryInvokeMethod(MixInClosurePropertiesAsMethodsDynamicObject.java:30)
	at org.gradle.internal.metaobject.ConfigureDelegate.invokeMethod(ConfigureDelegate.java:59)
	at org.codehaus.groovy.runtime.metaclass.ClosureMetaClass.invokeOnDelegationObjects(ClosureMetaClass.java:430)
	at org.codehaus.groovy.runtime.metaclass.ClosureMetaClass.invokeMethod(ClosureMetaClass.java:369)
	at groovy.lang.MetaClassImpl.invokeMethod(MetaClassImpl.java:1022)
	at org.codehaus.groovy.runtime.callsite.PogoMetaClassSite.callCurrent(PogoMetaClassSite.java:69)
	at org.codehaus.groovy.runtime.callsite.CallSiteArray.defaultCallCurrent(CallSiteArray.java:52)
	at org.codehaus.groovy.runtime.callsite.AbstractCallSite.callCurrent(AbstractCallSite.java:154)
	at org.codehaus.groovy.runtime.callsite.AbstractCallSite.callCurrent(AbstractCallSite.java:166)
	at quality_9cpn9bt91tew359tw1aq8qd84$_run_closure4.doCall(/private/var/folders/bq/vtzpc5ns5sg2cthy61lqpg3dfzgbys/T/1535721847938-0/src/ActivityBuilder-master/config/quality.gradle:44)
	at sun.reflect.NativeMethodAccessorImpl.invoke0(Native Method)
	at sun.reflect.NativeMethodAccessorImpl.invoke(NativeMethodAccessorImpl.java:62)
	at sun.reflect.DelegatingMethodAccessorImpl.invoke(DelegatingMethodAccessorImpl.java:43)
	at java.lang.reflect.Method.invoke(Method.java:498)
	at org.codehaus.groovy.reflection.CachedMethod.invoke(CachedMethod.java:93)
	at groovy.lang.MetaMethod.doMethodInvoke(MetaMethod.java:325)
	at org.codehaus.groovy.runtime.metaclass.ClosureMetaClass.invokeMethod(ClosureMetaClass.java:294)
	at groovy.lang.MetaClassImpl.invokeMethod(MetaClassImpl.java:1022)
	at groovy.lang.Closure.call(Closure.java:414)
	at groovy.lang.Closure.call(Closure.java:430)
	at org.gradle.api.internal.ClosureBackedAction.execute(ClosureBackedAction.java:71)
	at org.gradle.util.ConfigureUtil.configureTarget(ConfigureUtil.java:160)
	at org.gradle.util.ConfigureUtil.configureSelf(ConfigureUtil.java:136)
	at org.gradle.api.internal.AbstractTask.configure(AbstractTask.java:600)
	at org.gradle.api.internal.project.DefaultProject.task(DefaultProject.java:1193)
	at sun.reflect.NativeMethodAccessorImpl.invoke0(Native Method)
	at sun.reflect.NativeMethodAccessorImpl.invoke(NativeMethodAccessorImpl.java:62)
	at sun.reflect.DelegatingMethodAccessorImpl.invoke(DelegatingMethodAccessorImpl.java:43)
	at java.lang.reflect.Method.invoke(Method.java:498)
	at org.codehaus.groovy.reflection.CachedMethod.invoke(CachedMethod.java:93)
	at groovy.lang.MetaMethod.doMethodInvoke(MetaMethod.java:325)
	at org.gradle.internal.metaobject.BeanDynamicObject$MetaClassAdapter.invokeMethod(BeanDynamicObject.java:479)
	at org.gradle.internal.metaobject.BeanDynamicObject.tryInvokeMethod(BeanDynamicObject.java:191)
	at org.gradle.internal.metaobject.CompositeDynamicObject.tryInvokeMethod(CompositeDynamicObject.java:98)
	at org.gradle.internal.metaobject.MixInClosurePropertiesAsMethodsDynamicObject.tryInvokeMethod(MixInClosurePropertiesAsMethodsDynamicObject.java:30)
	at org.gradle.groovy.scripts.BasicScript$ScriptDynamicObject.tryInvokeMethod(BasicScript.java:134)
	at org.gradle.internal.metaobject.AbstractDynamicObject.invokeMethod(AbstractDynamicObject.java:160)
	at org.gradle.groovy.scripts.BasicScript.invokeMethod(BasicScript.java:83)
	at org.codehaus.groovy.runtime.callsite.PogoMetaClassSite.callCurrent(PogoMetaClassSite.java:75)
	at org.codehaus.groovy.runtime.callsite.CallSiteArray.defaultCallCurrent(CallSiteArray.java:52)
	at org.codehaus.groovy.runtime.callsite.AbstractCallSite.callCurrent(AbstractCallSite.java:154)
	at org.codehaus.groovy.runtime.callsite.AbstractCallSite.callCurrent(AbstractCallSite.java:182)
	at quality_9cpn9bt91tew359tw1aq8qd84.run(/private/var/folders/bq/vtzpc5ns5sg2cthy61lqpg3dfzgbys/T/1535721847938-0/src/ActivityBuilder-master/config/quality.gradle:33)
	at org.gradle.groovy.scripts.internal.DefaultScriptRunnerFactory$ScriptRunnerImpl.run(DefaultScriptRunnerFactory.java:90)
	at org.gradle.configuration.DefaultScriptPluginFactory$ScriptPluginImpl$2.run(DefaultScriptPluginFactory.java:187)
	at org.gradle.configuration.DefaultScriptTarget.addConfiguration(DefaultScriptTarget.java:74)
	at org.gradle.configuration.DefaultScriptPluginFactory$ScriptPluginImpl.apply(DefaultScriptPluginFactory.java:192)
	at org.gradle.configuration.BuildOperationScriptPlugin$1.run(BuildOperationScriptPlugin.java:61)
	at org.gradle.internal.progress.DefaultBuildOperationExecutor$RunnableBuildOperationWorker.execute(DefaultBuildOperationExecutor.java:336)
	at org.gradle.internal.progress.DefaultBuildOperationExecutor$RunnableBuildOperationWorker.execute(DefaultBuildOperationExecutor.java:328)
	at org.gradle.internal.progress.DefaultBuildOperationExecutor.execute(DefaultBuildOperationExecutor.java:197)
	at org.gradle.internal.progress.DefaultBuildOperationExecutor.run(DefaultBuildOperationExecutor.java:107)
	at org.gradle.configuration.BuildOperationScriptPlugin.apply(BuildOperationScriptPlugin.java:58)
	at org.gradle.api.internal.plugins.DefaultObjectConfigurationAction.applyScript(DefaultObjectConfigurationAction.java:102)
	at org.gradle.api.internal.plugins.DefaultObjectConfigurationAction.access$000(DefaultObjectConfigurationAction.java:36)
	at org.gradle.api.internal.plugins.DefaultObjectConfigurationAction$1.run(DefaultObjectConfigurationAction.java:62)
	at org.gradle.api.internal.plugins.DefaultObjectConfigurationAction.execute(DefaultObjectConfigurationAction.java:136)
	at org.gradle.api.internal.project.AbstractPluginAware.apply(AbstractPluginAware.java:46)
	at org.gradle.api.internal.project.ProjectScript.apply(ProjectScript.java:34)
	at org.gradle.api.Script$apply$1.callCurrent(Unknown Source)
	at org.codehaus.groovy.runtime.callsite.CallSiteArray.defaultCallCurrent(CallSiteArray.java:52)
	at org.codehaus.groovy.runtime.callsite.AbstractCallSite.callCurrent(AbstractCallSite.java:154)
	at org.codehaus.groovy.runtime.callsite.AbstractCallSite.callCurrent(AbstractCallSite.java:166)
	at build_alzj13jv5r7o9xnmljgmsof8n.run(/private/var/folders/bq/vtzpc5ns5sg2cthy61lqpg3dfzgbys/T/1535721847938-0/src/ActivityBuilder-master/compiler/build.gradle:68)
	at org.gradle.groovy.scripts.internal.DefaultScriptRunnerFactory$ScriptRunnerImpl.run(DefaultScriptRunnerFactory.java:90)
	at org.gradle.configuration.DefaultScriptPluginFactory$ScriptPluginImpl$2.run(DefaultScriptPluginFactory.java:187)
	at org.gradle.configuration.ProjectScriptTarget.addConfiguration(ProjectScriptTarget.java:77)
	at org.gradle.configuration.DefaultScriptPluginFactory$ScriptPluginImpl.apply(DefaultScriptPluginFactory.java:192)
	at org.gradle.configuration.BuildOperationScriptPlugin$1.run(BuildOperationScriptPlugin.java:61)
	at org.gradle.internal.progress.DefaultBuildOperationExecutor$RunnableBuildOperationWorker.execute(DefaultBuildOperationExecutor.java:336)
	at org.gradle.internal.progress.DefaultBuildOperationExecutor$RunnableBuildOperationWorker.execute(DefaultBuildOperationExecutor.java:328)
	at org.gradle.internal.progress.DefaultBuildOperationExecutor.execute(DefaultBuildOperationExecutor.java:197)
	at org.gradle.internal.progress.DefaultBuildOperationExecutor.run(DefaultBuildOperationExecutor.java:107)
	at org.gradle.configuration.BuildOperationScriptPlugin.apply(BuildOperationScriptPlugin.java:58)
	at org.gradle.configuration.project.BuildScriptProcessor.execute(BuildScriptProcessor.java:39)
	at org.gradle.configuration.project.BuildScriptProcessor.execute(BuildScriptProcessor.java:26)
	at org.gradle.configuration.project.ConfigureActionsProjectEvaluator.evaluate(ConfigureActionsProjectEvaluator.java:34)
	at org.gradle.configuration.project.LifecycleProjectEvaluator.doConfigure(LifecycleProjectEvaluator.java:63)
	at org.gradle.configuration.project.LifecycleProjectEvaluator.access$100(LifecycleProjectEvaluator.java:33)
	at org.gradle.configuration.project.LifecycleProjectEvaluator$ConfigureProject.run(LifecycleProjectEvaluator.java:103)
	at org.gradle.internal.progress.DefaultBuildOperationExecutor$RunnableBuildOperationWorker.execute(DefaultBuildOperationExecutor.java:336)
	at org.gradle.internal.progress.DefaultBuildOperationExecutor$RunnableBuildOperationWorker.execute(DefaultBuildOperationExecutor.java:328)
	at org.gradle.internal.progress.DefaultBuildOperationExecutor.execute(DefaultBuildOperationExecutor.java:197)
	at org.gradle.internal.progress.DefaultBuildOperationExecutor.run(DefaultBuildOperationExecutor.java:107)
	at org.gradle.configuration.project.LifecycleProjectEvaluator.evaluate(LifecycleProjectEvaluator.java:49)
	at org.gradle.api.internal.project.DefaultProject.evaluate(DefaultProject.java:651)
	at org.gradle.api.internal.project.DefaultProject.evaluate(DefaultProject.java:133)
	at org.gradle.execution.TaskPathProjectEvaluator.configure(TaskPathProjectEvaluator.java:35)
	at org.gradle.execution.TaskSelector.getFilter(TaskSelector.java:59)
	at org.gradle.execution.ExcludedTaskFilteringBuildConfigurationAction.configure(ExcludedTaskFilteringBuildConfigurationAction.java:42)
	at org.gradle.execution.DefaultBuildConfigurationActionExecuter.configure(DefaultBuildConfigurationActionExecuter.java:48)
	at org.gradle.execution.DefaultBuildConfigurationActionExecuter.select(DefaultBuildConfigurationActionExecuter.java:36)
	at org.gradle.initialization.DefaultGradleLauncher$CalculateTaskGraph.run(DefaultGradleLauncher.java:265)
	at org.gradle.internal.progress.DefaultBuildOperationExecutor$RunnableBuildOperationWorker.execute(DefaultBuildOperationExecutor.java:336)
	at org.gradle.internal.progress.DefaultBuildOperationExecutor$RunnableBuildOperationWorker.execute(DefaultBuildOperationExecutor.java:328)
	at org.gradle.internal.progress.DefaultBuildOperationExecutor.execute(DefaultBuildOperationExecutor.java:197)
	at org.gradle.internal.progress.DefaultBuildOperationExecutor.run(DefaultBuildOperationExecutor.java:107)
	at org.gradle.initialization.DefaultGradleLauncher.constructTaskGraph(DefaultGradleLauncher.java:173)
	at org.gradle.initialization.DefaultGradleLauncher.doBuildStages(DefaultGradleLauncher.java:128)
	at org.gradle.initialization.DefaultGradleLauncher.executeTasks(DefaultGradleLauncher.java:107)
	at org.gradle.internal.invocation.GradleBuildController$1.call(GradleBuildController.java:78)
	at org.gradle.internal.invocation.GradleBuildController$1.call(GradleBuildController.java:75)
	at org.gradle.internal.work.DefaultWorkerLeaseService.withLocks(DefaultWorkerLeaseService.java:152)
	at org.gradle.internal.invocation.GradleBuildController.doBuild(GradleBuildController.java:100)
	at org.gradle.internal.invocation.GradleBuildController.run(GradleBuildController.java:75)
	at org.gradle.tooling.internal.provider.ExecuteBuildActionRunner.run(ExecuteBuildActionRunner.java:28)
	at org.gradle.launcher.exec.ChainingBuildActionRunner.run(ChainingBuildActionRunner.java:35)
	at org.gradle.tooling.internal.provider.ValidatingBuildActionRunner.run(ValidatingBuildActionRunner.java:32)
	at org.gradle.launcher.exec.RunAsBuildOperationBuildActionRunner$1.run(RunAsBuildOperationBuildActionRunner.java:43)
	at org.gradle.internal.progress.DefaultBuildOperationExecutor$RunnableBuildOperationWorker.execute(DefaultBuildOperationExecutor.java:336)
	at org.gradle.internal.progress.DefaultBuildOperationExecutor$RunnableBuildOperationWorker.execute(DefaultBuildOperationExecutor.java:328)
	at org.gradle.internal.progress.DefaultBuildOperationExecutor.execute(DefaultBuildOperationExecutor.java:197)
	at org.gradle.internal.progress.DefaultBuildOperationExecutor.run(DefaultBuildOperationExecutor.java:107)
	at org.gradle.launcher.exec.RunAsBuildOperationBuildActionRunner.run(RunAsBuildOperationBuildActionRunner.java:40)
	at org.gradle.tooling.internal.provider.SubscribableBuildActionRunner.run(SubscribableBuildActionRunner.java:51)
	at org.gradle.launcher.exec.InProcessBuildActionExecuter.execute(InProcessBuildActionExecuter.java:45)
	at org.gradle.launcher.exec.InProcessBuildActionExecuter.execute(InProcessBuildActionExecuter.java:29)
	at org.gradle.launcher.exec.BuildTreeScopeBuildActionExecuter.execute(BuildTreeScopeBuildActionExecuter.java:39)
	at org.gradle.launcher.exec.BuildTreeScopeBuildActionExecuter.execute(BuildTreeScopeBuildActionExecuter.java:25)
	at org.gradle.tooling.internal.provider.ContinuousBuildActionExecuter.execute(ContinuousBuildActionExecuter.java:71)
	at org.gradle.tooling.internal.provider.ContinuousBuildActionExecuter.execute(ContinuousBuildActionExecuter.java:45)
	at org.gradle.tooling.internal.provider.ServicesSetupBuildActionExecuter.execute(ServicesSetupBuildActionExecuter.java:51)
	at org.gradle.tooling.internal.provider.ServicesSetupBuildActionExecuter.execute(ServicesSetupBuildActionExecuter.java:32)
	at org.gradle.tooling.internal.provider.GradleThreadBuildActionExecuter.execute(GradleThreadBuildActionExecuter.java:36)
	at org.gradle.tooling.internal.provider.GradleThreadBuildActionExecuter.execute(GradleThreadBuildActionExecuter.java:25)
	at org.gradle.tooling.internal.provider.ParallelismConfigurationBuildActionExecuter.execute(ParallelismConfigurationBuildActionExecuter.java:43)
	at org.gradle.tooling.internal.provider.ParallelismConfigurationBuildActionExecuter.execute(ParallelismConfigurationBuildActionExecuter.java:29)
	at org.gradle.tooling.internal.provider.StartParamsValidatingActionExecuter.execute(StartParamsValidatingActionExecuter.java:64)
	at org.gradle.tooling.internal.provider.StartParamsValidatingActionExecuter.execute(StartParamsValidatingActionExecuter.java:29)
	at org.gradle.tooling.internal.provider.SessionFailureReportingActionExecuter.execute(SessionFailureReportingActionExecuter.java:55)
	at org.gradle.tooling.internal.provider.SessionFailureReportingActionExecuter.execute(SessionFailureReportingActionExecuter.java:42)
	at org.gradle.tooling.internal.provider.SetupLoggingActionExecuter.execute(SetupLoggingActionExecuter.java:58)
	at org.gradle.tooling.internal.provider.SetupLoggingActionExecuter.execute(SetupLoggingActionExecuter.java:33)
	at org.gradle.launcher.cli.RunBuildAction.run(RunBuildAction.java:51)
	at org.gradle.internal.Actions$RunnableActionAdapter.execute(Actions.java:173)
	at org.gradle.launcher.cli.CommandLineActionFactory$ParseAndBuildAction.execute(CommandLineActionFactory.java:287)
	at org.gradle.launcher.cli.CommandLineActionFactory$ParseAndBuildAction.execute(CommandLineActionFactory.java:260)
	at org.gradle.launcher.cli.JavaRuntimeValidationAction.execute(JavaRuntimeValidationAction.java:33)
	at org.gradle.launcher.cli.JavaRuntimeValidationAction.execute(JavaRuntimeValidationAction.java:24)
	at org.gradle.launcher.cli.ExceptionReportingAction.execute(ExceptionReportingAction.java:33)
	at org.gradle.launcher.cli.ExceptionReportingAction.execute(ExceptionReportingAction.java:22)
	at org.gradle.launcher.cli.CommandLineActionFactory$WithLogging.execute(CommandLineActionFactory.java:253)
	at org.gradle.launcher.cli.CommandLineActionFactory$WithLogging.execute(CommandLineActionFactory.java:182)
	at org.gradle.launcher.Main.doAction(Main.java:33)
	at org.gradle.launcher.bootstrap.EntryPoint.run(EntryPoint.java:45)
	at sun.reflect.NativeMethodAccessorImpl.invoke0(Native Method)
	at sun.reflect.NativeMethodAccessorImpl.invoke(NativeMethodAccessorImpl.java:62)
	at sun.reflect.DelegatingMethodAccessorImpl.invoke(DelegatingMethodAccessorImpl.java:43)
	at java.lang.reflect.Method.invoke(Method.java:498)
	at org.gradle.launcher.bootstrap.ProcessBootstrap.runNoExit(ProcessBootstrap.java:60)
	at org.gradle.launcher.bootstrap.ProcessBootstrap.run(ProcessBootstrap.java:37)
	at org.gradle.launcher.GradleMain.main(GradleMain.java:23)
	at sun.reflect.NativeMethodAccessorImpl.invoke0(Native Method)
	at sun.reflect.NativeMethodAccessorImpl.invoke(NativeMethodAccessorImpl.java:62)
	at sun.reflect.DelegatingMethodAccessorImpl.invoke(DelegatingMethodAccessorImpl.java:43)
	at java.lang.reflect.Method.invoke(Method.java:498)
	at org.gradle.wrapper.BootstrapMainStarter.start(BootstrapMainStarter.java:30)
	at org.gradle.wrapper.WrapperExecutor.execute(WrapperExecutor.java:129)
	at org.gradle.wrapper.GradleWrapperMain.main(GradleWrapperMain.java:61)
0.1.0
:compiler:compileJava UP-TO-DATE
:compiler:compileGroovy NO-SOURCE
:compiler:processResources NO-SOURCE
:compiler:classes UP-TO-DATE
:compiler:jar UP-TO-DATE
:compiler:javadocJar UP-TO-DATE
:compiler:sourcesJar UP-TO-DATE
:compiler:assemble UP-TO-DATE
:compiler:build

BUILD SUCCESSFUL in 4s
4 actionable tasks: 4 up-to-date

2018-08-31 20:25:44,631 ERROR FullProcessService - Project build has not produced APK file
2018-08-31 20:25:44,681 ERROR FullProcessService - Could not find generated or existed APK file
