2018-09-01 17:59:06,708 INFO  DownloadService - Downloading "https://github.com/rohitpuriji/Universal-Async-Handler/archive/master.zip", attempt 3
2018-09-01 17:59:07,386 INFO  DownloadService - Downloaded https://github.com/rohitpuriji/Universal-Async-Handler/archive/master.zip, attempt 3
2018-09-01 17:59:07,387 INFO  DownloadService - Size of file "/var/folders/bq/vtzpc5ns5sg2cthy61lqpg3dfzgbys/T/1535799546705-0/master.zip": 146 KB
2018-09-01 17:59:07,387 INFO  ArchiveUtils - Checking entries [.gradle] in ZIP file...
2018-09-01 17:59:07,389 INFO  ArchiveUtils - Has entries [.gradle] in ZIP file /var/folders/bq/vtzpc5ns5sg2cthy61lqpg3dfzgbys/T/1535799546705-0/master.zip: true
2018-09-01 17:59:07,389 DEBUG ZipUtil - Extracting '/var/folders/bq/vtzpc5ns5sg2cthy61lqpg3dfzgbys/T/1535799546705-0/master.zip' into '/var/folders/bq/vtzpc5ns5sg2cthy61lqpg3dfzgbys/T/1535799546705-0/src'.
2018-09-01 17:59:07,409 INFO  FullProcessService - Size of directory with sources: 148 KB
2018-09-01 17:59:07,410 INFO  SysUtils - Execute command: [git, init, /var/folders/bq/vtzpc5ns5sg2cthy61lqpg3dfzgbys/T/1535799546705-0/src]
2018-09-01 17:59:07,425 INFO  SysUtils - Initialized empty Git repository in /private/var/folders/bq/vtzpc5ns5sg2cthy61lqpg3dfzgbys/T/1535799546705-0/src/.git/

2018-09-01 17:59:07,428 INFO  ProjectBuildService - Gradle wrapper(s): /var/folders/bq/vtzpc5ns5sg2cthy61lqpg3dfzgbys/T/1535799546705-0/src/Universal-Async-Handler-master/gradlew
2018-09-01 17:59:07,431 INFO  ProjectBuildService - Build script(s): /var/folders/bq/vtzpc5ns5sg2cthy61lqpg3dfzgbys/T/1535799546705-0/src/Universal-Async-Handler-master/app/build.gradle /var/folders/bq/vtzpc5ns5sg2cthy61lqpg3dfzgbys/T/1535799546705-0/src/Universal-Async-Handler-master/universalasynchandler/build.gradle /var/folders/bq/vtzpc5ns5sg2cthy61lqpg3dfzgbys/T/1535799546705-0/src/Universal-Async-Handler-master/build.gradle
2018-09-01 17:59:07,434 INFO  ProjectBuildService - All script(s): /var/folders/bq/vtzpc5ns5sg2cthy61lqpg3dfzgbys/T/1535799546705-0/src/Universal-Async-Handler-master/app/build.gradle /var/folders/bq/vtzpc5ns5sg2cthy61lqpg3dfzgbys/T/1535799546705-0/src/Universal-Async-Handler-master/build.gradle /var/folders/bq/vtzpc5ns5sg2cthy61lqpg3dfzgbys/T/1535799546705-0/src/Universal-Async-Handler-master/universalasynchandler/build.gradle /var/folders/bq/vtzpc5ns5sg2cthy61lqpg3dfzgbys/T/1535799546705-0/src/Universal-Async-Handler-master/settings.gradle
2018-09-01 17:59:07,434 INFO  ProjectBuildService - Remote scripts: none
2018-09-01 17:59:07,434 INFO  ProjectFixService - Fixing project...
2018-09-01 17:59:07,441 INFO  LocalPropertiesFixService - Created fake /var/folders/bq/vtzpc5ns5sg2cthy61lqpg3dfzgbys/T/1535799546705-0/src/Universal-Async-Handler-master/app/local.properties
2018-09-01 17:59:07,441 INFO  ProjectFixService - Build info for "/var/folders/bq/vtzpc5ns5sg2cthy61lqpg3dfzgbys/T/1535799546705-0/src/Universal-Async-Handler-master/app/build.gradle": [buildToolsVersion=25.0.0,compileSdkVersion=25,minSdkVersion=16,targetSdkVersion=25]
2018-09-01 17:59:07,442 INFO  LocalPropertiesFixService - Created fake /var/folders/bq/vtzpc5ns5sg2cthy61lqpg3dfzgbys/T/1535799546705-0/src/Universal-Async-Handler-master/universalasynchandler/local.properties
2018-09-01 17:59:07,442 INFO  ProjectFixService - Build info for "/var/folders/bq/vtzpc5ns5sg2cthy61lqpg3dfzgbys/T/1535799546705-0/src/Universal-Async-Handler-master/universalasynchandler/build.gradle": [buildToolsVersion=25.0.0,compileSdkVersion=25,minSdkVersion=15,targetSdkVersion=25]
2018-09-01 17:59:07,443 INFO  LocalPropertiesFixService - Created fake /var/folders/bq/vtzpc5ns5sg2cthy61lqpg3dfzgbys/T/1535799546705-0/src/Universal-Async-Handler-master/local.properties
2018-09-01 17:59:07,443 INFO  WrapperPropertiesFixService - Gradle wrapper: https://services.gradle.org/distributions/gradle-2.14.1-all.zip
2018-09-01 17:59:07,443 INFO  WrapperPropertiesFixService - Gradle wrapper was changed from "-all.zip" to "-bin.zip" (https://services.gradle.org/distributions/gradle-2.14.1-bin.zip)
2018-09-01 17:59:07,444 INFO  ProjectFixService - Build info for "/var/folders/bq/vtzpc5ns5sg2cthy61lqpg3dfzgbys/T/1535799546705-0/src/Universal-Async-Handler-master/build.gradle": [buildToolsVersion=25.0.0,compileSdkVersion=25,minSdkVersion=16,targetSdkVersion=25]
2018-09-01 17:59:07,444 INFO  ProjectFixService - Project was maybe fixed
2018-09-01 17:59:07,445 INFO  ProjectTaskService - Detecting possible tasks...
2018-09-01 17:59:07,445 INFO  SysUtils - Execute command: [/var/folders/bq/vtzpc5ns5sg2cthy61lqpg3dfzgbys/T/1535799546705-0/src/Universal-Async-Handler-master/gradlew, -b, /var/folders/bq/vtzpc5ns5sg2cthy61lqpg3dfzgbys/T/1535799546705-0/src/Universal-Async-Handler-master/app/build.gradle, -Dorg.gradle.daemon=false, -Dorg.gradle.daemon.performance.enable-monitoring=false, -Dorg.gradle.configureondemand=true, tasks]
2018-09-01 17:59:09,964 ERROR ProjectTaskService - Could not detect possible Gradle tasks: Process exited with an error: 1 (Exit value: 1)
2018-09-01 17:59:09,964 INFO  ProjectTaskService - Detected possible tasks: 0
2018-09-01 17:59:09,964 INFO  ProjectTaskService - Excluded tasks (0): none
2018-09-01 17:59:09,964 INFO  SysUtils - Execute command: [/var/folders/bq/vtzpc5ns5sg2cthy61lqpg3dfzgbys/T/1535799546705-0/src/Universal-Async-Handler-master/gradlew, -b, /var/folders/bq/vtzpc5ns5sg2cthy61lqpg3dfzgbys/T/1535799546705-0/src/Universal-Async-Handler-master/app/build.gradle, -Dorg.gradle.daemon=false, -Dorg.gradle.daemon.performance.enable-monitoring=false, -Dorg.gradle.configureondemand=true, --stacktrace, build]
2018-09-01 17:59:11,496 ERROR SysUtils - Could not process external command
org.apache.commons.exec.ExecuteException: Process exited with an error: 1 (Exit value: 1)
	at org.apache.commons.exec.DefaultExecutor.executeInternal(DefaultExecutor.java:404)
	at org.apache.commons.exec.DefaultExecutor.execute(DefaultExecutor.java:166)
	at com.github.vbauer.apkmaster.util.SysUtils.execute(SysUtils.java:67)
	at com.github.vbauer.apkmaster.util.SysUtils.executeSimple(SysUtils.java:43)
	at com.github.vbauer.apkmaster.service.assembly.ProjectBuildService.buildProject(ProjectBuildService.java:78)
	at com.github.vbauer.apkmaster.service.assembly.ProjectBuildService.buildProject(ProjectBuildService.java:64)
	at com.github.vbauer.apkmaster.service.assembly.ProjectBuildService.buildProject(ProjectBuildService.java:43)
	at com.github.vbauer.apkmaster.service.FullProcessService.build(FullProcessService.java:84)
	at com.github.vbauer.apkmaster.service.FullProcessService.process(FullProcessService.java:34)
	at com.github.vbauer.apkmaster.app.MainApplication.process(MainApplication.java:38)
	at com.github.vbauer.apkmaster.app.MainApplication.main(MainApplication.java:20)
	at sun.reflect.NativeMethodAccessorImpl.invoke0(Native Method)
	at sun.reflect.NativeMethodAccessorImpl.invoke(NativeMethodAccessorImpl.java:62)
	at sun.reflect.DelegatingMethodAccessorImpl.invoke(DelegatingMethodAccessorImpl.java:43)
	at java.lang.reflect.Method.invoke(Method.java:498)
	at com.android.arsenal.util.ReflectionUtils.invoke(ReflectionUtils.java:52)
	at com.android.arsenal.util.ApkMasterUtils.main(ApkMasterUtils.java:30)
	at com.android.arsenal.service.processor.impl.BuildProcessorServiceImpl.buildProject(BuildProcessorServiceImpl.java:196)
	at com.android.arsenal.service.processor.impl.BuildProcessorServiceImpl.build(BuildProcessorServiceImpl.java:130)
	at com.android.arsenal.service.processor.impl.BuildProcessorServiceImpl.lambda$createTasks$1(BuildProcessorServiceImpl.java:113)
	at java.util.concurrent.FutureTask.run(FutureTask.java:266)
	at java.util.concurrent.Executors$RunnableAdapter.call(Executors.java:511)
	at java.util.concurrent.FutureTask.run(FutureTask.java:266)
	at java.util.concurrent.ThreadPoolExecutor.runWorker(ThreadPoolExecutor.java:1149)
	at java.util.concurrent.ThreadPoolExecutor$Worker.run(ThreadPoolExecutor.java:624)
	at java.lang.Thread.run(Thread.java:748)
2018-09-01 17:59:11,496 INFO  SysUtils - Configuration on demand is an incubating feature.

FAILURE: Build failed with an exception.

* Where:
Build file '/private/var/folders/bq/vtzpc5ns5sg2cthy61lqpg3dfzgbys/T/1535799546705-0/src/Universal-Async-Handler-master/app/build.gradle' line: 1

* What went wrong:
A problem occurred evaluating root project 'app'.
> Plugin with id 'com.android.application' not found.

* Try:
Run with --info or --debug option to get more log output.

* Exception is:
org.gradle.api.GradleScriptException: A problem occurred evaluating root project 'app'.
	at org.gradle.groovy.scripts.internal.DefaultScriptRunnerFactory$ScriptRunnerImpl.run(DefaultScriptRunnerFactory.java:93)
	at org.gradle.configuration.DefaultScriptPluginFactory$ScriptPluginImpl$2.run(DefaultScriptPluginFactory.java:177)
	at org.gradle.configuration.ProjectScriptTarget.addConfiguration(ProjectScriptTarget.java:77)
	at org.gradle.configuration.DefaultScriptPluginFactory$ScriptPluginImpl.apply(DefaultScriptPluginFactory.java:182)
	at org.gradle.configuration.project.BuildScriptProcessor.execute(BuildScriptProcessor.java:38)
	at org.gradle.configuration.project.BuildScriptProcessor.execute(BuildScriptProcessor.java:25)
	at org.gradle.configuration.project.ConfigureActionsProjectEvaluator.evaluate(ConfigureActionsProjectEvaluator.java:34)
	at org.gradle.configuration.project.LifecycleProjectEvaluator.evaluate(LifecycleProjectEvaluator.java:55)
	at org.gradle.api.internal.project.AbstractProject.evaluate(AbstractProject.java:540)
	at org.gradle.api.internal.project.AbstractProject.evaluate(AbstractProject.java:93)
	at org.gradle.execution.TaskPathProjectEvaluator.configure(TaskPathProjectEvaluator.java:35)
	at org.gradle.configuration.DefaultBuildConfigurer.configure(DefaultBuildConfigurer.java:33)
	at org.gradle.initialization.DefaultGradleLauncher$2.run(DefaultGradleLauncher.java:124)
	at org.gradle.internal.Factories$1.create(Factories.java:22)
	at org.gradle.internal.progress.DefaultBuildOperationExecutor.run(DefaultBuildOperationExecutor.java:91)
	at org.gradle.internal.progress.DefaultBuildOperationExecutor.run(DefaultBuildOperationExecutor.java:53)
	at org.gradle.initialization.DefaultGradleLauncher.doBuildStages(DefaultGradleLauncher.java:121)
	at org.gradle.initialization.DefaultGradleLauncher.access$200(DefaultGradleLauncher.java:32)
	at org.gradle.initialization.DefaultGradleLauncher$1.create(DefaultGradleLauncher.java:98)
	at org.gradle.initialization.DefaultGradleLauncher$1.create(DefaultGradleLauncher.java:92)
	at org.gradle.internal.progress.DefaultBuildOperationExecutor.run(DefaultBuildOperationExecutor.java:91)
	at org.gradle.internal.progress.DefaultBuildOperationExecutor.run(DefaultBuildOperationExecutor.java:63)
	at org.gradle.initialization.DefaultGradleLauncher.doBuild(DefaultGradleLauncher.java:92)
	at org.gradle.initialization.DefaultGradleLauncher.run(DefaultGradleLauncher.java:83)
	at org.gradle.launcher.exec.InProcessBuildActionExecuter$DefaultBuildController.run(InProcessBuildActionExecuter.java:99)
	at org.gradle.tooling.internal.provider.ExecuteBuildActionRunner.run(ExecuteBuildActionRunner.java:28)
	at org.gradle.launcher.exec.ChainingBuildActionRunner.run(ChainingBuildActionRunner.java:35)
	at org.gradle.launcher.exec.InProcessBuildActionExecuter.execute(InProcessBuildActionExecuter.java:48)
	at org.gradle.launcher.exec.InProcessBuildActionExecuter.execute(InProcessBuildActionExecuter.java:30)
	at org.gradle.launcher.exec.ContinuousBuildActionExecuter.execute(ContinuousBuildActionExecuter.java:81)
	at org.gradle.launcher.exec.ContinuousBuildActionExecuter.execute(ContinuousBuildActionExecuter.java:46)
	at org.gradle.launcher.exec.DaemonUsageSuggestingBuildActionExecuter.execute(DaemonUsageSuggestingBuildActionExecuter.java:51)
	at org.gradle.launcher.exec.DaemonUsageSuggestingBuildActionExecuter.execute(DaemonUsageSuggestingBuildActionExecuter.java:28)
	at org.gradle.launcher.cli.RunBuildAction.run(RunBuildAction.java:43)
	at org.gradle.internal.Actions$RunnableActionAdapter.execute(Actions.java:173)
	at org.gradle.launcher.cli.CommandLineActionFactory$ParseAndBuildAction.execute(CommandLineActionFactory.java:239)
	at org.gradle.launcher.cli.CommandLineActionFactory$ParseAndBuildAction.execute(CommandLineActionFactory.java:212)
	at org.gradle.launcher.cli.JavaRuntimeValidationAction.execute(JavaRuntimeValidationAction.java:35)
	at org.gradle.launcher.cli.JavaRuntimeValidationAction.execute(JavaRuntimeValidationAction.java:24)
	at org.gradle.launcher.cli.ExceptionReportingAction.execute(ExceptionReportingAction.java:33)
	at org.gradle.launcher.cli.ExceptionReportingAction.execute(ExceptionReportingAction.java:22)
	at org.gradle.launcher.cli.CommandLineActionFactory$WithLogging.execute(CommandLineActionFactory.java:205)
	at org.gradle.launcher.cli.CommandLineActionFactory$WithLogging.execute(CommandLineActionFactory.java:169)
	at org.gradle.launcher.Main.doAction(Main.java:33)
	at org.gradle.launcher.bootstrap.EntryPoint.run(EntryPoint.java:45)
	at org.gradle.launcher.bootstrap.ProcessBootstrap.runNoExit(ProcessBootstrap.java:55)
	at org.gradle.launcher.bootstrap.ProcessBootstrap.run(ProcessBootstrap.java:36)
	at org.gradle.launcher.GradleMain.main(GradleMain.java:23)
	at org.gradle.wrapper.BootstrapMainStarter.start(BootstrapMainStarter.java:30)
	at org.gradle.wrapper.WrapperExecutor.execute(WrapperExecutor.java:129)
	at org.gradle.wrapper.GradleWrapperMain.main(GradleWrapperMain.java:61)
Caused by: org.gradle.api.plugins.UnknownPluginException: Plugin with id 'com.android.application' not found.
	at org.gradle.api.internal.plugins.DefaultPluginManager.apply(DefaultPluginManager.java:110)
	at org.gradle.api.internal.plugins.DefaultObjectConfigurationAction.applyType(DefaultObjectConfigurationAction.java:113)
	at org.gradle.api.internal.plugins.DefaultObjectConfigurationAction.access$200(DefaultObjectConfigurationAction.java:36)
	at org.gradle.api.internal.plugins.DefaultObjectConfigurationAction$3.run(DefaultObjectConfigurationAction.java:80)
	at org.gradle.api.internal.plugins.DefaultObjectConfigurationAction.execute(DefaultObjectConfigurationAction.java:136)
	at org.gradle.api.internal.project.AbstractPluginAware.apply(AbstractPluginAware.java:46)
	at org.gradle.api.internal.project.ProjectScript.apply(ProjectScript.java:34)
	at org.gradle.api.Script$apply.callCurrent(Unknown Source)
	at build_hm6x1xeox07dg6th2visrezh.run(/private/var/folders/bq/vtzpc5ns5sg2cthy61lqpg3dfzgbys/T/1535799546705-0/src/Universal-Async-Handler-master/app/build.gradle:1)
	at org.gradle.groovy.scripts.internal.DefaultScriptRunnerFactory$ScriptRunnerImpl.run(DefaultScriptRunnerFactory.java:91)
	... 50 more


BUILD FAILED

Total time: 1.394 secs

2018-09-01 17:59:11,500 INFO  ProjectTaskService - Detecting possible tasks...
2018-09-01 17:59:11,500 INFO  SysUtils - Execute command: [/var/folders/bq/vtzpc5ns5sg2cthy61lqpg3dfzgbys/T/1535799546705-0/src/Universal-Async-Handler-master/gradlew, -b, /var/folders/bq/vtzpc5ns5sg2cthy61lqpg3dfzgbys/T/1535799546705-0/src/Universal-Async-Handler-master/universalasynchandler/build.gradle, -Dorg.gradle.daemon=false, -Dorg.gradle.daemon.performance.enable-monitoring=false, -Dorg.gradle.configureondemand=true, tasks]
2018-09-01 17:59:25,238 INFO  ProjectTaskService - Detected possible tasks: 69
2018-09-01 17:59:25,238 INFO  ProjectTaskService - Excluded tasks (16): lintDebug mockableAndroidJar deviceCheck lint testReleaseUnitTest deviceAndroidTest uninstallDebugAndroidTest installDebugAndroidTest connectedCheck connectedDebugAndroidTest uninstallAll test check testDebugUnitTest connectedAndroidTest lintRelease
2018-09-01 17:59:25,238 INFO  SysUtils - Execute command: [/var/folders/bq/vtzpc5ns5sg2cthy61lqpg3dfzgbys/T/1535799546705-0/src/Universal-Async-Handler-master/gradlew, -b, /var/folders/bq/vtzpc5ns5sg2cthy61lqpg3dfzgbys/T/1535799546705-0/src/Universal-Async-Handler-master/universalasynchandler/build.gradle, -Dorg.gradle.daemon=false, -Dorg.gradle.daemon.performance.enable-monitoring=false, -Dorg.gradle.configureondemand=true, --stacktrace, -x, lintDebug, -x, mockableAndroidJar, -x, deviceCheck, -x, lint, -x, testReleaseUnitTest, -x, deviceAndroidTest, -x, uninstallDebugAndroidTest, -x, installDebugAndroidTest, -x, connectedCheck, -x, connectedDebugAndroidTest, -x, uninstallAll, -x, test, -x, check, -x, testDebugUnitTest, -x, connectedAndroidTest, -x, lintRelease, build]
2018-09-01 17:59:38,210 INFO  SysUtils - Configuration on demand is an incubating feature.
Incremental java compilation is an incubating feature.
:universalasynchandler:preBuild UP-TO-DATE
:universalasynchandler:preDebugBuild UP-TO-DATE
:universalasynchandler:checkDebugManifest
:universalasynchandler:preDebugAndroidTestBuild UP-TO-DATE
:universalasynchandler:preDebugUnitTestBuild UP-TO-DATE
:universalasynchandler:preReleaseBuild UP-TO-DATE
:universalasynchandler:preReleaseUnitTestBuild UP-TO-DATE
:universalasynchandler:prepareComAndroidSupportAnimatedVectorDrawable2531Library
:universalasynchandler:prepareComAndroidSupportAppcompatV72531Library
:universalasynchandler:prepareComAndroidSupportSupportCompat2531Library
:universalasynchandler:prepareComAndroidSupportSupportCoreUi2531Library
:universalasynchandler:prepareComAndroidSupportSupportCoreUtils2531Library
:universalasynchandler:prepareComAndroidSupportSupportFragment2531Library
:universalasynchandler:prepareComAndroidSupportSupportMediaCompat2531Library
:universalasynchandler:prepareComAndroidSupportSupportV42531Library
:universalasynchandler:prepareComAndroidSupportSupportVectorDrawable2531Library
:universalasynchandler:prepareDebugDependencies
:universalasynchandler:compileDebugAidl
:universalasynchandler:compileDebugNdk UP-TO-DATE
:universalasynchandler:compileLint
:universalasynchandler:copyDebugLint UP-TO-DATE
:universalasynchandler:compileDebugRenderscript
:universalasynchandler:generateDebugBuildConfig
:universalasynchandler:generateDebugResValues
:universalasynchandler:generateDebugResources
:universalasynchandler:mergeDebugResources
:universalasynchandler:processDebugManifest
:universalasynchandler:processDebugResources
:universalasynchandler:generateDebugSources
:universalasynchandler:incrementalDebugJavaCompilationSafeguard
:universalasynchandler:compileDebugJavaWithJavac
:universalasynchandler:compileDebugJavaWithJavac - is not incremental (e.g. outputs have changed, no previous execution, etc.).
Note: /private/var/folders/bq/vtzpc5ns5sg2cthy61lqpg3dfzgbys/T/1535799546705-0/src/Universal-Async-Handler-master/universalasynchandler/src/main/java/com/tech/universalasynchandler/AsyncTaskHandler.java uses or overrides a deprecated API.
Note: Recompile with -Xlint:deprecation for details.
:universalasynchandler:extractDebugAnnotations
:universalasynchandler:mergeDebugShaders
:universalasynchandler:compileDebugShaders
:universalasynchandler:generateDebugAssets
:universalasynchandler:mergeDebugAssets
:universalasynchandler:mergeDebugProguardFiles
:universalasynchandler:packageDebugRenderscript UP-TO-DATE
:universalasynchandler:packageDebugResources
:universalasynchandler:processDebugJavaRes UP-TO-DATE
:universalasynchandler:transformResourcesWithMergeJavaResForDebug
:universalasynchandler:transformClassesAndResourcesWithSyncLibJarsForDebug
:universalasynchandler:mergeDebugJniLibFolders
:universalasynchandler:transformNative_libsWithMergeJniLibsForDebug
:universalasynchandler:transformNative_libsWithSyncJniLibsForDebug
:universalasynchandler:bundleDebug
:universalasynchandler:compileDebugSources
:universalasynchandler:assembleDebug
:universalasynchandler:checkReleaseManifest
:universalasynchandler:prepareReleaseDependencies
:universalasynchandler:compileReleaseAidl
:universalasynchandler:compileReleaseNdk UP-TO-DATE
:universalasynchandler:copyReleaseLint UP-TO-DATE
:universalasynchandler:compileReleaseRenderscript
:universalasynchandler:generateReleaseBuildConfig
:universalasynchandler:generateReleaseResValues
:universalasynchandler:generateReleaseResources
:universalasynchandler:mergeReleaseResources
:universalasynchandler:processReleaseManifest
:universalasynchandler:processReleaseResources
:universalasynchandler:generateReleaseSources
:universalasynchandler:incrementalReleaseJavaCompilationSafeguard
:universalasynchandler:compileReleaseJavaWithJavac
:universalasynchandler:compileReleaseJavaWithJavac - is not incremental (e.g. outputs have changed, no previous execution, etc.).
Note: /private/var/folders/bq/vtzpc5ns5sg2cthy61lqpg3dfzgbys/T/1535799546705-0/src/Universal-Async-Handler-master/universalasynchandler/src/main/java/com/tech/universalasynchandler/AsyncTaskHandler.java uses or overrides a deprecated API.
Note: Recompile with -Xlint:deprecation for details.
:universalasynchandler:extractReleaseAnnotations
:universalasynchandler:mergeReleaseShaders
:universalasynchandler:compileReleaseShaders
:universalasynchandler:generateReleaseAssets
:universalasynchandler:mergeReleaseAssets
:universalasynchandler:mergeReleaseProguardFiles
:universalasynchandler:packageReleaseRenderscript UP-TO-DATE
:universalasynchandler:packageReleaseResources
:universalasynchandler:processReleaseJavaRes UP-TO-DATE
:universalasynchandler:transformResourcesWithMergeJavaResForRelease
:universalasynchandler:transformClassesAndResourcesWithSyncLibJarsForRelease
:universalasynchandler:mergeReleaseJniLibFolders
:universalasynchandler:transformNative_libsWithMergeJniLibsForRelease
:universalasynchandler:transformNative_libsWithSyncJniLibsForRelease
:universalasynchandler:bundleRelease
:universalasynchandler:compileReleaseSources
:universalasynchandler:assembleRelease
:universalasynchandler:assemble
:universalasynchandler:build

BUILD SUCCESSFUL

Total time: 12.386 secs

2018-09-01 17:59:38,307 INFO  ProjectTaskService - Detecting possible tasks...
2018-09-01 17:59:38,307 INFO  SysUtils - Execute command: [/var/folders/bq/vtzpc5ns5sg2cthy61lqpg3dfzgbys/T/1535799546705-0/src/Universal-Async-Handler-master/gradlew, -b, /var/folders/bq/vtzpc5ns5sg2cthy61lqpg3dfzgbys/T/1535799546705-0/src/Universal-Async-Handler-master/build.gradle, -Dorg.gradle.daemon=false, -Dorg.gradle.daemon.performance.enable-monitoring=false, -Dorg.gradle.configureondemand=true, tasks]
2018-09-01 17:59:44,791 INFO  ProjectTaskService - Detected possible tasks: 69
2018-09-01 17:59:44,791 INFO  ProjectTaskService - Excluded tasks (16): lintDebug mockableAndroidJar deviceCheck lint testReleaseUnitTest deviceAndroidTest uninstallDebugAndroidTest installDebugAndroidTest connectedCheck connectedDebugAndroidTest uninstallAll test check testDebugUnitTest connectedAndroidTest lintRelease
2018-09-01 17:59:44,791 INFO  SysUtils - Execute command: [/var/folders/bq/vtzpc5ns5sg2cthy61lqpg3dfzgbys/T/1535799546705-0/src/Universal-Async-Handler-master/gradlew, -b, /var/folders/bq/vtzpc5ns5sg2cthy61lqpg3dfzgbys/T/1535799546705-0/src/Universal-Async-Handler-master/build.gradle, -Dorg.gradle.daemon=false, -Dorg.gradle.daemon.performance.enable-monitoring=false, -Dorg.gradle.configureondemand=true, --stacktrace, -x, lintDebug, -x, mockableAndroidJar, -x, deviceCheck, -x, lint, -x, testReleaseUnitTest, -x, deviceAndroidTest, -x, uninstallDebugAndroidTest, -x, installDebugAndroidTest, -x, connectedCheck, -x, connectedDebugAndroidTest, -x, uninstallAll, -x, test, -x, check, -x, testDebugUnitTest, -x, connectedAndroidTest, -x, lintRelease, build]
2018-09-01 17:59:51,528 INFO  SysUtils - Configuration on demand is an incubating feature.
Incremental java compilation is an incubating feature.
:universalasynchandler:preBuild UP-TO-DATE
:universalasynchandler:preDebugBuild UP-TO-DATE
:universalasynchandler:checkDebugManifest
:universalasynchandler:preDebugAndroidTestBuild UP-TO-DATE
:universalasynchandler:preDebugUnitTestBuild UP-TO-DATE
:universalasynchandler:preReleaseBuild UP-TO-DATE
:universalasynchandler:preReleaseUnitTestBuild UP-TO-DATE
:universalasynchandler:prepareComAndroidSupportAnimatedVectorDrawable2531Library UP-TO-DATE
:universalasynchandler:prepareComAndroidSupportAppcompatV72531Library UP-TO-DATE
:universalasynchandler:prepareComAndroidSupportSupportCompat2531Library UP-TO-DATE
:universalasynchandler:prepareComAndroidSupportSupportCoreUi2531Library UP-TO-DATE
:universalasynchandler:prepareComAndroidSupportSupportCoreUtils2531Library UP-TO-DATE
:universalasynchandler:prepareComAndroidSupportSupportFragment2531Library UP-TO-DATE
:universalasynchandler:prepareComAndroidSupportSupportMediaCompat2531Library UP-TO-DATE
:universalasynchandler:prepareComAndroidSupportSupportV42531Library UP-TO-DATE
:universalasynchandler:prepareComAndroidSupportSupportVectorDrawable2531Library UP-TO-DATE
:universalasynchandler:prepareDebugDependencies
:universalasynchandler:compileDebugAidl UP-TO-DATE
:universalasynchandler:compileDebugNdk UP-TO-DATE
:universalasynchandler:compileLint UP-TO-DATE
:universalasynchandler:copyDebugLint UP-TO-DATE
:universalasynchandler:compileDebugRenderscript UP-TO-DATE
:universalasynchandler:generateDebugBuildConfig UP-TO-DATE
:universalasynchandler:generateDebugResValues UP-TO-DATE
:universalasynchandler:generateDebugResources UP-TO-DATE
:universalasynchandler:mergeDebugResources UP-TO-DATE
:universalasynchandler:processDebugManifest UP-TO-DATE
:universalasynchandler:processDebugResources UP-TO-DATE
:universalasynchandler:generateDebugSources UP-TO-DATE
:universalasynchandler:incrementalDebugJavaCompilationSafeguard UP-TO-DATE
:universalasynchandler:compileDebugJavaWithJavac UP-TO-DATE
:universalasynchandler:extractDebugAnnotations UP-TO-DATE
:universalasynchandler:mergeDebugShaders UP-TO-DATE
:universalasynchandler:compileDebugShaders UP-TO-DATE
:universalasynchandler:generateDebugAssets UP-TO-DATE
:universalasynchandler:mergeDebugAssets UP-TO-DATE
:universalasynchandler:mergeDebugProguardFiles UP-TO-DATE
:universalasynchandler:packageDebugRenderscript UP-TO-DATE
:universalasynchandler:packageDebugResources UP-TO-DATE
:universalasynchandler:processDebugJavaRes UP-TO-DATE
:universalasynchandler:transformResourcesWithMergeJavaResForDebug UP-TO-DATE
:universalasynchandler:transformClassesAndResourcesWithSyncLibJarsForDebug UP-TO-DATE
:universalasynchandler:mergeDebugJniLibFolders UP-TO-DATE
:universalasynchandler:transformNative_libsWithMergeJniLibsForDebug UP-TO-DATE
:universalasynchandler:transformNative_libsWithSyncJniLibsForDebug UP-TO-DATE
:universalasynchandler:bundleDebug UP-TO-DATE
:universalasynchandler:compileDebugSources UP-TO-DATE
:universalasynchandler:assembleDebug UP-TO-DATE
:universalasynchandler:checkReleaseManifest
:universalasynchandler:prepareReleaseDependencies
:universalasynchandler:compileReleaseAidl UP-TO-DATE
:universalasynchandler:compileReleaseNdk UP-TO-DATE
:universalasynchandler:copyReleaseLint UP-TO-DATE
:universalasynchandler:compileReleaseRenderscript UP-TO-DATE
:universalasynchandler:generateReleaseBuildConfig UP-TO-DATE
:universalasynchandler:generateReleaseResValues UP-TO-DATE
:universalasynchandler:generateReleaseResources UP-TO-DATE
:universalasynchandler:mergeReleaseResources UP-TO-DATE
:universalasynchandler:processReleaseManifest UP-TO-DATE
:universalasynchandler:processReleaseResources UP-TO-DATE
:universalasynchandler:generateReleaseSources UP-TO-DATE
:universalasynchandler:incrementalReleaseJavaCompilationSafeguard UP-TO-DATE
:universalasynchandler:compileReleaseJavaWithJavac UP-TO-DATE
:universalasynchandler:extractReleaseAnnotations UP-TO-DATE
:universalasynchandler:mergeReleaseShaders UP-TO-DATE
:universalasynchandler:compileReleaseShaders UP-TO-DATE
:universalasynchandler:generateReleaseAssets UP-TO-DATE
:universalasynchandler:mergeReleaseAssets UP-TO-DATE
:universalasynchandler:mergeReleaseProguardFiles UP-TO-DATE
:universalasynchandler:packageReleaseRenderscript UP-TO-DATE
:universalasynchandler:packageReleaseResources UP-TO-DATE
:universalasynchandler:processReleaseJavaRes UP-TO-DATE
:universalasynchandler:transformResourcesWithMergeJavaResForRelease UP-TO-DATE
:universalasynchandler:transformClassesAndResourcesWithSyncLibJarsForRelease UP-TO-DATE
:universalasynchandler:mergeReleaseJniLibFolders UP-TO-DATE
:universalasynchandler:transformNative_libsWithMergeJniLibsForRelease UP-TO-DATE
:universalasynchandler:transformNative_libsWithSyncJniLibsForRelease UP-TO-DATE
:universalasynchandler:bundleRelease UP-TO-DATE
:universalasynchandler:compileReleaseSources UP-TO-DATE
:universalasynchandler:assembleRelease UP-TO-DATE
:universalasynchandler:assemble UP-TO-DATE
:universalasynchandler:build

BUILD SUCCESSFUL

Total time: 6.141 secs

2018-09-01 17:59:51,627 ERROR FullProcessService - Project build has not produced APK file
2018-09-01 17:59:51,715 ERROR FullProcessService - Could not find generated or existed APK file
