2018-08-31 15:18:44,753 INFO  DownloadService - Downloading "https://github.com/milaptank/SpannableTextView/archive/master.zip", attempt 3
2018-08-31 15:18:45,686 INFO  DownloadService - Downloaded https://github.com/milaptank/SpannableTextView/archive/master.zip, attempt 3
2018-08-31 15:18:45,686 INFO  DownloadService - Size of file "/var/folders/bq/vtzpc5ns5sg2cthy61lqpg3dfzgbys/T/1535703524744-0/master.zip": 445 KB
2018-08-31 15:18:45,686 INFO  ArchiveUtils - Checking entries [.gradle] in ZIP file...
2018-08-31 15:18:45,686 INFO  ArchiveUtils - Has entries [.gradle] in ZIP file /var/folders/bq/vtzpc5ns5sg2cthy61lqpg3dfzgbys/T/1535703524744-0/master.zip: true
2018-08-31 15:18:45,687 DEBUG ZipUtil - Extracting '/var/folders/bq/vtzpc5ns5sg2cthy61lqpg3dfzgbys/T/1535703524744-0/master.zip' into '/var/folders/bq/vtzpc5ns5sg2cthy61lqpg3dfzgbys/T/1535703524744-0/src'.
2018-08-31 15:18:45,707 INFO  FullProcessService - Size of directory with sources: 470 KB
2018-08-31 15:18:45,707 INFO  SysUtils - Execute command: [git, init, /var/folders/bq/vtzpc5ns5sg2cthy61lqpg3dfzgbys/T/1535703524744-0/src]
2018-08-31 15:18:45,723 INFO  SysUtils - Initialized empty Git repository in /private/var/folders/bq/vtzpc5ns5sg2cthy61lqpg3dfzgbys/T/1535703524744-0/src/.git/

2018-08-31 15:18:45,725 INFO  ProjectBuildService - Gradle wrapper(s): none
2018-08-31 15:18:45,725 ERROR ProjectBuildService - Could not detect Gradle wrapper. Default Gradle installation will be used
2018-08-31 15:18:45,728 INFO  ProjectBuildService - Build script(s): /var/folders/bq/vtzpc5ns5sg2cthy61lqpg3dfzgbys/T/1535703524744-0/src/SpannableTextView-master/app/build.gradle /var/folders/bq/vtzpc5ns5sg2cthy61lqpg3dfzgbys/T/1535703524744-0/src/SpannableTextView-master/stv/build.gradle /var/folders/bq/vtzpc5ns5sg2cthy61lqpg3dfzgbys/T/1535703524744-0/src/SpannableTextView-master/build.gradle
2018-08-31 15:18:45,730 INFO  ProjectBuildService - All script(s): /var/folders/bq/vtzpc5ns5sg2cthy61lqpg3dfzgbys/T/1535703524744-0/src/SpannableTextView-master/app/build.gradle /var/folders/bq/vtzpc5ns5sg2cthy61lqpg3dfzgbys/T/1535703524744-0/src/SpannableTextView-master/stv/build.gradle /var/folders/bq/vtzpc5ns5sg2cthy61lqpg3dfzgbys/T/1535703524744-0/src/SpannableTextView-master/build.gradle /var/folders/bq/vtzpc5ns5sg2cthy61lqpg3dfzgbys/T/1535703524744-0/src/SpannableTextView-master/settings.gradle
2018-08-31 15:18:45,730 INFO  ProjectBuildService - Remote scripts: none
2018-08-31 15:18:45,730 INFO  ProjectFixService - Fixing project...
2018-08-31 15:18:45,735 INFO  LocalPropertiesFixService - Created fake /var/folders/bq/vtzpc5ns5sg2cthy61lqpg3dfzgbys/T/1535703524744-0/src/SpannableTextView-master/app/local.properties
2018-08-31 15:18:45,736 INFO  ProjectFixService - Build info for "/var/folders/bq/vtzpc5ns5sg2cthy61lqpg3dfzgbys/T/1535703524744-0/src/SpannableTextView-master/app/build.gradle": [buildToolsVersion=<null>,compileSdkVersion=26,minSdkVersion=14,targetSdkVersion=26]
2018-08-31 15:18:45,736 INFO  ProjectFixService - Fixed build info for "/var/folders/bq/vtzpc5ns5sg2cthy61lqpg3dfzgbys/T/1535703524744-0/src/SpannableTextView-master/app/build.gradle": [buildToolsVersion=28.0.0-rc2,compileSdkVersion=26,minSdkVersion=14,targetSdkVersion=26]
2018-08-31 15:18:45,737 INFO  LocalPropertiesFixService - Created fake /var/folders/bq/vtzpc5ns5sg2cthy61lqpg3dfzgbys/T/1535703524744-0/src/SpannableTextView-master/stv/local.properties
2018-08-31 15:18:45,738 INFO  ProjectFixService - Build info for "/var/folders/bq/vtzpc5ns5sg2cthy61lqpg3dfzgbys/T/1535703524744-0/src/SpannableTextView-master/stv/build.gradle": [buildToolsVersion=<null>,compileSdkVersion=26,minSdkVersion=14,targetSdkVersion=26]
2018-08-31 15:18:45,738 INFO  ProjectFixService - Fixed build info for "/var/folders/bq/vtzpc5ns5sg2cthy61lqpg3dfzgbys/T/1535703524744-0/src/SpannableTextView-master/stv/build.gradle": [buildToolsVersion=28.0.0-rc2,compileSdkVersion=26,minSdkVersion=14,targetSdkVersion=26]
2018-08-31 15:18:45,739 INFO  LocalPropertiesFixService - Created fake /var/folders/bq/vtzpc5ns5sg2cthy61lqpg3dfzgbys/T/1535703524744-0/src/SpannableTextView-master/local.properties
2018-08-31 15:18:45,740 INFO  ProjectFixService - Build info for "/var/folders/bq/vtzpc5ns5sg2cthy61lqpg3dfzgbys/T/1535703524744-0/src/SpannableTextView-master/build.gradle": [buildToolsVersion=<null>,compileSdkVersion=26,minSdkVersion=14,targetSdkVersion=26]
2018-08-31 15:18:45,740 INFO  ProjectFixService - Fixed build info for "/var/folders/bq/vtzpc5ns5sg2cthy61lqpg3dfzgbys/T/1535703524744-0/src/SpannableTextView-master/build.gradle": [buildToolsVersion=28.0.0-rc2,compileSdkVersion=26,minSdkVersion=14,targetSdkVersion=26]
2018-08-31 15:18:45,740 INFO  ProjectFixService - Project was maybe fixed
2018-08-31 15:18:45,740 INFO  ProjectTaskService - Detecting possible tasks...
2018-08-31 15:18:45,740 INFO  SysUtils - Execute command: [gradle, -b, /var/folders/bq/vtzpc5ns5sg2cthy61lqpg3dfzgbys/T/1535703524744-0/src/SpannableTextView-master/app/build.gradle, -Dorg.gradle.daemon=false, -Dorg.gradle.daemon.performance.enable-monitoring=false, -Dorg.gradle.configureondemand=true, tasks]
2018-08-31 15:18:45,749 ERROR ProjectTaskService - Could not detect possible Gradle tasks: Cannot run program "gradle" (in directory "."): error=2, No such file or directory
2018-08-31 15:18:45,749 INFO  ProjectTaskService - Detected possible tasks: 0
2018-08-31 15:18:45,749 INFO  ProjectTaskService - Excluded tasks (0): none
2018-08-31 15:18:45,749 INFO  SysUtils - Execute command: [gradle, -b, /var/folders/bq/vtzpc5ns5sg2cthy61lqpg3dfzgbys/T/1535703524744-0/src/SpannableTextView-master/app/build.gradle, -Dorg.gradle.daemon=false, -Dorg.gradle.daemon.performance.enable-monitoring=false, -Dorg.gradle.configureondemand=true, --stacktrace, build]
2018-08-31 15:18:45,753 ERROR SysUtils - Could not process external command
java.io.IOException: Cannot run program "gradle" (in directory "."): error=2, No such file or directory
	at java.lang.ProcessBuilder.start(ProcessBuilder.java:1048)
	at java.lang.Runtime.exec(Runtime.java:620)
	at org.apache.commons.exec.launcher.Java13CommandLauncher.exec(Java13CommandLauncher.java:61)
	at org.apache.commons.exec.DefaultExecutor.launch(DefaultExecutor.java:279)
	at org.apache.commons.exec.DefaultExecutor.executeInternal(DefaultExecutor.java:336)
	at org.apache.commons.exec.DefaultExecutor.execute(DefaultExecutor.java:166)
	at com.github.vbauer.apkmaster.util.SysUtils.execute(SysUtils.java:67)
	at com.github.vbauer.apkmaster.util.SysUtils.executeSimple(SysUtils.java:43)
	at com.github.vbauer.apkmaster.service.assembly.ProjectBuildService.buildProject(ProjectBuildService.java:78)
	at com.github.vbauer.apkmaster.service.assembly.ProjectBuildService.buildProject(ProjectBuildService.java:64)
	at com.github.vbauer.apkmaster.service.assembly.ProjectBuildService.buildProject(ProjectBuildService.java:43)
	at com.github.vbauer.apkmaster.service.FullProcessService.build(FullProcessService.java:84)
	at com.github.vbauer.apkmaster.service.FullProcessService.process(FullProcessService.java:34)
	at com.github.vbauer.apkmaster.app.MainApplication.process(MainApplication.java:38)
	at com.github.vbauer.apkmaster.app.MainApplication.main(MainApplication.java:20)
	at sun.reflect.GeneratedMethodAccessor8.invoke(Unknown Source)
	at sun.reflect.DelegatingMethodAccessorImpl.invoke(DelegatingMethodAccessorImpl.java:43)
	at java.lang.reflect.Method.invoke(Method.java:498)
	at com.android.arsenal.util.ReflectionUtils.invoke(ReflectionUtils.java:52)
	at com.android.arsenal.util.ApkMasterUtils.main(ApkMasterUtils.java:30)
	at com.android.arsenal.service.processor.impl.BuildProcessorServiceImpl.buildProject(BuildProcessorServiceImpl.java:196)
	at com.android.arsenal.service.processor.impl.BuildProcessorServiceImpl.build(BuildProcessorServiceImpl.java:130)
	at com.android.arsenal.service.processor.impl.BuildProcessorServiceImpl.lambda$createTasks$1(BuildProcessorServiceImpl.java:113)
	at java.util.concurrent.FutureTask.run(FutureTask.java:266)
	at java.util.concurrent.Executors$RunnableAdapter.call(Executors.java:511)
	at java.util.concurrent.FutureTask.run(FutureTask.java:266)
	at java.util.concurrent.ThreadPoolExecutor.runWorker(ThreadPoolExecutor.java:1149)
	at java.util.concurrent.ThreadPoolExecutor$Worker.run(ThreadPoolExecutor.java:624)
	at java.lang.Thread.run(Thread.java:748)
Caused by: java.io.IOException: error=2, No such file or directory
	at java.lang.UNIXProcess.forkAndExec(Native Method)
	at java.lang.UNIXProcess.<init>(UNIXProcess.java:247)
	at java.lang.ProcessImpl.start(ProcessImpl.java:134)
	at java.lang.ProcessBuilder.start(ProcessBuilder.java:1029)
	... 28 common frames omitted
2018-08-31 15:18:45,753 INFO  SysUtils - 
2018-08-31 15:18:45,756 INFO  ProjectTaskService - Detecting possible tasks...
2018-08-31 15:18:45,756 INFO  SysUtils - Execute command: [gradle, -b, /var/folders/bq/vtzpc5ns5sg2cthy61lqpg3dfzgbys/T/1535703524744-0/src/SpannableTextView-master/stv/build.gradle, -Dorg.gradle.daemon=false, -Dorg.gradle.daemon.performance.enable-monitoring=false, -Dorg.gradle.configureondemand=true, tasks]
2018-08-31 15:18:45,760 ERROR ProjectTaskService - Could not detect possible Gradle tasks: Cannot run program "gradle" (in directory "."): error=2, No such file or directory
2018-08-31 15:18:45,760 INFO  ProjectTaskService - Detected possible tasks: 0
2018-08-31 15:18:45,760 INFO  ProjectTaskService - Excluded tasks (0): none
2018-08-31 15:18:45,760 INFO  SysUtils - Execute command: [gradle, -b, /var/folders/bq/vtzpc5ns5sg2cthy61lqpg3dfzgbys/T/1535703524744-0/src/SpannableTextView-master/stv/build.gradle, -Dorg.gradle.daemon=false, -Dorg.gradle.daemon.performance.enable-monitoring=false, -Dorg.gradle.configureondemand=true, --stacktrace, build]
2018-08-31 15:18:45,764 ERROR SysUtils - Could not process external command
java.io.IOException: Cannot run program "gradle" (in directory "."): error=2, No such file or directory
	at java.lang.ProcessBuilder.start(ProcessBuilder.java:1048)
	at java.lang.Runtime.exec(Runtime.java:620)
	at org.apache.commons.exec.launcher.Java13CommandLauncher.exec(Java13CommandLauncher.java:61)
	at org.apache.commons.exec.DefaultExecutor.launch(DefaultExecutor.java:279)
	at org.apache.commons.exec.DefaultExecutor.executeInternal(DefaultExecutor.java:336)
	at org.apache.commons.exec.DefaultExecutor.execute(DefaultExecutor.java:166)
	at com.github.vbauer.apkmaster.util.SysUtils.execute(SysUtils.java:67)
	at com.github.vbauer.apkmaster.util.SysUtils.executeSimple(SysUtils.java:43)
	at com.github.vbauer.apkmaster.service.assembly.ProjectBuildService.buildProject(ProjectBuildService.java:78)
	at com.github.vbauer.apkmaster.service.assembly.ProjectBuildService.buildProject(ProjectBuildService.java:64)
	at com.github.vbauer.apkmaster.service.assembly.ProjectBuildService.buildProject(ProjectBuildService.java:43)
	at com.github.vbauer.apkmaster.service.FullProcessService.build(FullProcessService.java:84)
	at com.github.vbauer.apkmaster.service.FullProcessService.process(FullProcessService.java:34)
	at com.github.vbauer.apkmaster.app.MainApplication.process(MainApplication.java:38)
	at com.github.vbauer.apkmaster.app.MainApplication.main(MainApplication.java:20)
	at sun.reflect.GeneratedMethodAccessor8.invoke(Unknown Source)
	at sun.reflect.DelegatingMethodAccessorImpl.invoke(DelegatingMethodAccessorImpl.java:43)
	at java.lang.reflect.Method.invoke(Method.java:498)
	at com.android.arsenal.util.ReflectionUtils.invoke(ReflectionUtils.java:52)
	at com.android.arsenal.util.ApkMasterUtils.main(ApkMasterUtils.java:30)
	at com.android.arsenal.service.processor.impl.BuildProcessorServiceImpl.buildProject(BuildProcessorServiceImpl.java:196)
	at com.android.arsenal.service.processor.impl.BuildProcessorServiceImpl.build(BuildProcessorServiceImpl.java:130)
	at com.android.arsenal.service.processor.impl.BuildProcessorServiceImpl.lambda$createTasks$1(BuildProcessorServiceImpl.java:113)
	at java.util.concurrent.FutureTask.run(FutureTask.java:266)
	at java.util.concurrent.Executors$RunnableAdapter.call(Executors.java:511)
	at java.util.concurrent.FutureTask.run(FutureTask.java:266)
	at java.util.concurrent.ThreadPoolExecutor.runWorker(ThreadPoolExecutor.java:1149)
	at java.util.concurrent.ThreadPoolExecutor$Worker.run(ThreadPoolExecutor.java:624)
	at java.lang.Thread.run(Thread.java:748)
Caused by: java.io.IOException: error=2, No such file or directory
	at java.lang.UNIXProcess.forkAndExec(Native Method)
	at java.lang.UNIXProcess.<init>(UNIXProcess.java:247)
	at java.lang.ProcessImpl.start(ProcessImpl.java:134)
	at java.lang.ProcessBuilder.start(ProcessBuilder.java:1029)
	... 28 common frames omitted
2018-08-31 15:18:45,764 INFO  SysUtils - 
2018-08-31 15:18:45,766 INFO  ProjectTaskService - Detecting possible tasks...
2018-08-31 15:18:45,766 INFO  SysUtils - Execute command: [gradle, -b, /var/folders/bq/vtzpc5ns5sg2cthy61lqpg3dfzgbys/T/1535703524744-0/src/SpannableTextView-master/build.gradle, -Dorg.gradle.daemon=false, -Dorg.gradle.daemon.performance.enable-monitoring=false, -Dorg.gradle.configureondemand=true, tasks]
2018-08-31 15:18:45,770 ERROR ProjectTaskService - Could not detect possible Gradle tasks: Cannot run program "gradle" (in directory "."): error=2, No such file or directory
2018-08-31 15:18:45,770 INFO  ProjectTaskService - Detected possible tasks: 0
2018-08-31 15:18:45,770 INFO  ProjectTaskService - Excluded tasks (0): none
2018-08-31 15:18:45,770 INFO  SysUtils - Execute command: [gradle, -b, /var/folders/bq/vtzpc5ns5sg2cthy61lqpg3dfzgbys/T/1535703524744-0/src/SpannableTextView-master/build.gradle, -Dorg.gradle.daemon=false, -Dorg.gradle.daemon.performance.enable-monitoring=false, -Dorg.gradle.configureondemand=true, --stacktrace, build]
2018-08-31 15:18:45,774 ERROR SysUtils - Could not process external command
java.io.IOException: Cannot run program "gradle" (in directory "."): error=2, No such file or directory
	at java.lang.ProcessBuilder.start(ProcessBuilder.java:1048)
	at java.lang.Runtime.exec(Runtime.java:620)
	at org.apache.commons.exec.launcher.Java13CommandLauncher.exec(Java13CommandLauncher.java:61)
	at org.apache.commons.exec.DefaultExecutor.launch(DefaultExecutor.java:279)
	at org.apache.commons.exec.DefaultExecutor.executeInternal(DefaultExecutor.java:336)
	at org.apache.commons.exec.DefaultExecutor.execute(DefaultExecutor.java:166)
	at com.github.vbauer.apkmaster.util.SysUtils.execute(SysUtils.java:67)
	at com.github.vbauer.apkmaster.util.SysUtils.executeSimple(SysUtils.java:43)
	at com.github.vbauer.apkmaster.service.assembly.ProjectBuildService.buildProject(ProjectBuildService.java:78)
	at com.github.vbauer.apkmaster.service.assembly.ProjectBuildService.buildProject(ProjectBuildService.java:64)
	at com.github.vbauer.apkmaster.service.assembly.ProjectBuildService.buildProject(ProjectBuildService.java:43)
	at com.github.vbauer.apkmaster.service.FullProcessService.build(FullProcessService.java:84)
	at com.github.vbauer.apkmaster.service.FullProcessService.process(FullProcessService.java:34)
	at com.github.vbauer.apkmaster.app.MainApplication.process(MainApplication.java:38)
	at com.github.vbauer.apkmaster.app.MainApplication.main(MainApplication.java:20)
	at sun.reflect.GeneratedMethodAccessor8.invoke(Unknown Source)
	at sun.reflect.DelegatingMethodAccessorImpl.invoke(DelegatingMethodAccessorImpl.java:43)
	at java.lang.reflect.Method.invoke(Method.java:498)
	at com.android.arsenal.util.ReflectionUtils.invoke(ReflectionUtils.java:52)
	at com.android.arsenal.util.ApkMasterUtils.main(ApkMasterUtils.java:30)
	at com.android.arsenal.service.processor.impl.BuildProcessorServiceImpl.buildProject(BuildProcessorServiceImpl.java:196)
	at com.android.arsenal.service.processor.impl.BuildProcessorServiceImpl.build(BuildProcessorServiceImpl.java:130)
	at com.android.arsenal.service.processor.impl.BuildProcessorServiceImpl.lambda$createTasks$1(BuildProcessorServiceImpl.java:113)
	at java.util.concurrent.FutureTask.run(FutureTask.java:266)
	at java.util.concurrent.Executors$RunnableAdapter.call(Executors.java:511)
	at java.util.concurrent.FutureTask.run(FutureTask.java:266)
	at java.util.concurrent.ThreadPoolExecutor.runWorker(ThreadPoolExecutor.java:1149)
	at java.util.concurrent.ThreadPoolExecutor$Worker.run(ThreadPoolExecutor.java:624)
	at java.lang.Thread.run(Thread.java:748)
Caused by: java.io.IOException: error=2, No such file or directory
	at java.lang.UNIXProcess.forkAndExec(Native Method)
	at java.lang.UNIXProcess.<init>(UNIXProcess.java:247)
	at java.lang.ProcessImpl.start(ProcessImpl.java:134)
	at java.lang.ProcessBuilder.start(ProcessBuilder.java:1029)
	... 28 common frames omitted
2018-08-31 15:18:45,774 INFO  SysUtils - 
2018-08-31 15:18:45,777 ERROR FullProcessService - Project build has not produced APK file
2018-08-31 15:18:45,780 ERROR FullProcessService - Could not find generated or existed APK file
