2019-03-16 18:32:01,487 INFO  DownloadService - Downloading "https://github.com/titanium-codes/LocGetter/archive/master.zip", attempt 3
2019-03-16 18:32:02,028 INFO  DownloadService - Downloaded https://github.com/titanium-codes/LocGetter/archive/master.zip, attempt 3
2019-03-16 18:32:02,029 INFO  DownloadService - Size of file "/var/folders/bq/vtzpc5ns5sg2cthy61lqpg3dfzgbys/T/1552735921483-0/master.zip": 140 KB
2019-03-16 18:32:02,029 INFO  ArchiveUtils - Checking entries [.gradle] in ZIP file...
2019-03-16 18:32:02,030 INFO  ArchiveUtils - Has entries [.gradle] in ZIP file /var/folders/bq/vtzpc5ns5sg2cthy61lqpg3dfzgbys/T/1552735921483-0/master.zip: true
2019-03-16 18:32:02,030 DEBUG ZipUtil - Extracting '/var/folders/bq/vtzpc5ns5sg2cthy61lqpg3dfzgbys/T/1552735921483-0/master.zip' into '/var/folders/bq/vtzpc5ns5sg2cthy61lqpg3dfzgbys/T/1552735921483-0/src'.
2019-03-16 18:32:02,055 INFO  FullProcessService - Size of directory with sources: 154 KB
2019-03-16 18:32:02,056 INFO  SysUtils - Execute command: [git, init, /var/folders/bq/vtzpc5ns5sg2cthy61lqpg3dfzgbys/T/1552735921483-0/src]
2019-03-16 18:32:02,076 INFO  SysUtils - Initialized empty Git repository in /private/var/folders/bq/vtzpc5ns5sg2cthy61lqpg3dfzgbys/T/1552735921483-0/src/.git/

2019-03-16 18:32:02,079 INFO  ProjectBuildService - Gradle wrapper(s): /var/folders/bq/vtzpc5ns5sg2cthy61lqpg3dfzgbys/T/1552735921483-0/src/LocGetter-master/gradlew
2019-03-16 18:32:02,082 INFO  ProjectBuildService - Build script(s): /var/folders/bq/vtzpc5ns5sg2cthy61lqpg3dfzgbys/T/1552735921483-0/src/LocGetter-master/locgetter-sample/build.gradle /var/folders/bq/vtzpc5ns5sg2cthy61lqpg3dfzgbys/T/1552735921483-0/src/LocGetter-master/locgetter/build.gradle /var/folders/bq/vtzpc5ns5sg2cthy61lqpg3dfzgbys/T/1552735921483-0/src/LocGetter-master/build.gradle
2019-03-16 18:32:02,084 INFO  ProjectBuildService - All script(s): /var/folders/bq/vtzpc5ns5sg2cthy61lqpg3dfzgbys/T/1552735921483-0/src/LocGetter-master/locgetter-sample/build.gradle /var/folders/bq/vtzpc5ns5sg2cthy61lqpg3dfzgbys/T/1552735921483-0/src/LocGetter-master/deps.gradle /var/folders/bq/vtzpc5ns5sg2cthy61lqpg3dfzgbys/T/1552735921483-0/src/LocGetter-master/bintray.gradle /var/folders/bq/vtzpc5ns5sg2cthy61lqpg3dfzgbys/T/1552735921483-0/src/LocGetter-master/locgetter/build.gradle /var/folders/bq/vtzpc5ns5sg2cthy61lqpg3dfzgbys/T/1552735921483-0/src/LocGetter-master/build.gradle /var/folders/bq/vtzpc5ns5sg2cthy61lqpg3dfzgbys/T/1552735921483-0/src/LocGetter-master/settings.gradle
2019-03-16 18:32:02,090 INFO  DownloadService - Downloading "https://raw.githubusercontent.com/nisrulz/JCenter/master/bintrayv1.gradle", attempt 3
2019-03-16 18:32:02,918 INFO  DownloadService - Downloaded https://raw.githubusercontent.com/nisrulz/JCenter/master/bintrayv1.gradle, attempt 3
2019-03-16 18:32:02,918 INFO  DownloadService - Downloading "https://raw.githubusercontent.com/nisrulz/JCenter/master/installv1.gradle", attempt 3
2019-03-16 18:32:03,135 INFO  DownloadService - Downloaded https://raw.githubusercontent.com/nisrulz/JCenter/master/installv1.gradle, attempt 3
2019-03-16 18:32:03,135 INFO  ProjectBuildService - Remote scripts: https://raw.githubusercontent.com/nisrulz/JCenter/master/bintrayv1.gradle https://raw.githubusercontent.com/nisrulz/JCenter/master/installv1.gradle
2019-03-16 18:32:03,135 INFO  ProjectFixService - Fixing project...
2019-03-16 18:32:03,145 INFO  LocalPropertiesFixService - Created fake /var/folders/bq/vtzpc5ns5sg2cthy61lqpg3dfzgbys/T/1552735921483-0/src/LocGetter-master/locgetter-sample/local.properties
2019-03-16 18:32:03,148 INFO  ProjectFixService - Build info for "/var/folders/bq/vtzpc5ns5sg2cthy61lqpg3dfzgbys/T/1552735921483-0/src/LocGetter-master/locgetter-sample/build.gradle": [buildToolsVersion=<null>,compileSdkVersion=<null>,minSdkVersion=<null>,targetSdkVersion=<null>]
2019-03-16 18:32:03,148 INFO  ProjectFixService - Fixed build info for "/var/folders/bq/vtzpc5ns5sg2cthy61lqpg3dfzgbys/T/1552735921483-0/src/LocGetter-master/locgetter-sample/build.gradle": [buildToolsVersion=28.0.0-rc2,compileSdkVersion=28,minSdkVersion=28,targetSdkVersion=28]
2019-03-16 18:32:03,149 INFO  LocalPropertiesFixService - Created fake /var/folders/bq/vtzpc5ns5sg2cthy61lqpg3dfzgbys/T/1552735921483-0/src/LocGetter-master/locgetter/local.properties
2019-03-16 18:32:03,153 INFO  ProjectFixService - Build info for "/var/folders/bq/vtzpc5ns5sg2cthy61lqpg3dfzgbys/T/1552735921483-0/src/LocGetter-master/locgetter/build.gradle": [buildToolsVersion=<null>,compileSdkVersion=<null>,minSdkVersion=<null>,targetSdkVersion=<null>]
2019-03-16 18:32:03,153 INFO  ProjectFixService - Fixed build info for "/var/folders/bq/vtzpc5ns5sg2cthy61lqpg3dfzgbys/T/1552735921483-0/src/LocGetter-master/locgetter/build.gradle": [buildToolsVersion=28.0.0-rc2,compileSdkVersion=28,minSdkVersion=28,targetSdkVersion=28]
2019-03-16 18:32:03,154 INFO  LocalPropertiesFixService - Created fake /var/folders/bq/vtzpc5ns5sg2cthy61lqpg3dfzgbys/T/1552735921483-0/src/LocGetter-master/local.properties
2019-03-16 18:32:03,155 INFO  WrapperPropertiesFixService - Gradle wrapper: https://services.gradle.org/distributions/gradle-4.10.1-all.zip
2019-03-16 18:32:03,155 INFO  WrapperPropertiesFixService - Gradle wrapper was changed from "-all.zip" to "-bin.zip" (https://services.gradle.org/distributions/gradle-4.10.1-bin.zip)
2019-03-16 18:32:03,158 INFO  ProjectFixService - Build info for "/var/folders/bq/vtzpc5ns5sg2cthy61lqpg3dfzgbys/T/1552735921483-0/src/LocGetter-master/build.gradle": [buildToolsVersion=<null>,compileSdkVersion=<null>,minSdkVersion=<null>,targetSdkVersion=<null>]
2019-03-16 18:32:03,158 INFO  ProjectFixService - Fixed build info for "/var/folders/bq/vtzpc5ns5sg2cthy61lqpg3dfzgbys/T/1552735921483-0/src/LocGetter-master/build.gradle": [buildToolsVersion=28.0.0-rc2,compileSdkVersion=28,minSdkVersion=28,targetSdkVersion=28]
2019-03-16 18:32:03,158 INFO  ProjectFixService - Project was maybe fixed
2019-03-16 18:32:03,158 INFO  ProjectTaskService - Detecting possible tasks...
2019-03-16 18:32:03,159 INFO  SysUtils - Execute command: [/var/folders/bq/vtzpc5ns5sg2cthy61lqpg3dfzgbys/T/1552735921483-0/src/LocGetter-master/gradlew, -b, /var/folders/bq/vtzpc5ns5sg2cthy61lqpg3dfzgbys/T/1552735921483-0/src/LocGetter-master/locgetter-sample/build.gradle, -Dorg.gradle.daemon=false, -Dorg.gradle.daemon.performance.enable-monitoring=false, -Dorg.gradle.configureondemand=true, tasks]
2019-03-16 18:32:10,866 INFO  ProjectTaskService - Detected possible tasks: 69
2019-03-16 18:32:10,866 INFO  ProjectTaskService - Excluded tasks (21): lintDebug javadocJar deviceCheck lint testReleaseUnitTest javadoc uninstallRelease deviceAndroidTest uninstallDebugAndroidTest installDebugAndroidTest connectedCheck connectedDebugAndroidTest uninstallAll sourcesJar test check testDebugUnitTest connectedAndroidTest installDebug lintRelease uninstallDebug
2019-03-16 18:32:10,866 INFO  SysUtils - Execute command: [/var/folders/bq/vtzpc5ns5sg2cthy61lqpg3dfzgbys/T/1552735921483-0/src/LocGetter-master/gradlew, -b, /var/folders/bq/vtzpc5ns5sg2cthy61lqpg3dfzgbys/T/1552735921483-0/src/LocGetter-master/locgetter-sample/build.gradle, -Dorg.gradle.daemon=false, -Dorg.gradle.daemon.performance.enable-monitoring=false, -Dorg.gradle.configureondemand=true, --stacktrace, -x, lintDebug, -x, javadocJar, -x, deviceCheck, -x, lint, -x, testReleaseUnitTest, -x, javadoc, -x, uninstallRelease, -x, deviceAndroidTest, -x, uninstallDebugAndroidTest, -x, installDebugAndroidTest, -x, connectedCheck, -x, connectedDebugAndroidTest, -x, uninstallAll, -x, sourcesJar, -x, test, -x, check, -x, testDebugUnitTest, -x, connectedAndroidTest, -x, installDebug, -x, lintRelease, -x, uninstallDebug, build]
2019-03-16 18:32:16,517 ERROR SysUtils - Could not process external command
org.apache.commons.exec.ExecuteException: Process exited with an error: 1 (Exit value: 1)
	at org.apache.commons.exec.DefaultExecutor.executeInternal(DefaultExecutor.java:404)
	at org.apache.commons.exec.DefaultExecutor.execute(DefaultExecutor.java:166)
	at com.github.vbauer.apkmaster.util.SysUtils.execute(SysUtils.java:67)
	at com.github.vbauer.apkmaster.util.SysUtils.executeSimple(SysUtils.java:43)
	at com.github.vbauer.apkmaster.service.assembly.ProjectBuildService.buildProject(ProjectBuildService.java:78)
	at com.github.vbauer.apkmaster.service.assembly.ProjectBuildService.buildProject(ProjectBuildService.java:64)
	at com.github.vbauer.apkmaster.service.assembly.ProjectBuildService.buildProject(ProjectBuildService.java:43)
	at com.github.vbauer.apkmaster.service.FullProcessService.build(FullProcessService.java:84)
	at com.github.vbauer.apkmaster.service.FullProcessService.process(FullProcessService.java:34)
	at com.github.vbauer.apkmaster.app.MainApplication.process(MainApplication.java:38)
	at com.github.vbauer.apkmaster.app.MainApplication.main(MainApplication.java:20)
	at sun.reflect.NativeMethodAccessorImpl.invoke0(Native Method)
	at sun.reflect.NativeMethodAccessorImpl.invoke(NativeMethodAccessorImpl.java:62)
	at sun.reflect.DelegatingMethodAccessorImpl.invoke(DelegatingMethodAccessorImpl.java:43)
	at java.lang.reflect.Method.invoke(Method.java:498)
	at com.android.arsenal.util.ReflectionUtils.invoke(ReflectionUtils.java:52)
	at com.android.arsenal.util.ApkMasterUtils.main(ApkMasterUtils.java:30)
	at com.android.arsenal.service.processor.impl.BuildProcessorServiceImpl.buildProject(BuildProcessorServiceImpl.java:196)
	at com.android.arsenal.service.processor.impl.BuildProcessorServiceImpl.build(BuildProcessorServiceImpl.java:130)
	at com.android.arsenal.service.processor.impl.BuildProcessorServiceImpl.lambda$null$1(BuildProcessorServiceImpl.java:113)
	at java.util.concurrent.FutureTask.run(FutureTask.java:266)
	at java.util.concurrent.Executors$RunnableAdapter.call(Executors.java:511)
	at java.util.concurrent.FutureTask.run(FutureTask.java:266)
	at java.util.concurrent.ThreadPoolExecutor.runWorker(ThreadPoolExecutor.java:1149)
	at java.util.concurrent.ThreadPoolExecutor$Worker.run(ThreadPoolExecutor.java:624)
	at java.lang.Thread.run(Thread.java:748)
2019-03-16 18:32:16,517 INFO  SysUtils - Configuration on demand is an incubating feature.

FAILURE: Build failed with an exception.

* What went wrong:
Task 'javadocJar' not found in project ':locgetter-sample'.

* Try:
Run gradlew tasks to get a list of available tasks. Run with --info or --debug option to get more log output. Run with --scan to get full insights.

* Exception is:
org.gradle.execution.TaskSelectionException: Task 'javadocJar' not found in project ':locgetter-sample'.
	at org.gradle.execution.TaskSelector.getSelection(TaskSelector.java:116)
	at org.gradle.execution.TaskSelector.getFilter(TaskSelector.java:66)
	at org.gradle.execution.ExcludedTaskFilteringBuildConfigurationAction.configure(ExcludedTaskFilteringBuildConfigurationAction.java:42)
	at org.gradle.execution.DefaultBuildConfigurationActionExecuter.configure(DefaultBuildConfigurationActionExecuter.java:48)
	at org.gradle.execution.DefaultBuildConfigurationActionExecuter.select(DefaultBuildConfigurationActionExecuter.java:36)
	at org.gradle.initialization.DefaultGradleLauncher$CalculateTaskGraph.run(DefaultGradleLauncher.java:305)
	at org.gradle.internal.operations.DefaultBuildOperationExecutor$RunnableBuildOperationWorker.execute(DefaultBuildOperationExecutor.java:300)
	at org.gradle.internal.operations.DefaultBuildOperationExecutor$RunnableBuildOperationWorker.execute(DefaultBuildOperationExecutor.java:292)
	at org.gradle.internal.operations.DefaultBuildOperationExecutor.execute(DefaultBuildOperationExecutor.java:174)
	at org.gradle.internal.operations.DefaultBuildOperationExecutor.run(DefaultBuildOperationExecutor.java:90)
	at org.gradle.internal.operations.DelegatingBuildOperationExecutor.run(DelegatingBuildOperationExecutor.java:31)
	at org.gradle.initialization.DefaultGradleLauncher.constructTaskGraph(DefaultGradleLauncher.java:190)
	at org.gradle.initialization.DefaultGradleLauncher.doBuildStages(DefaultGradleLauncher.java:145)
	at org.gradle.initialization.DefaultGradleLauncher.executeTasks(DefaultGradleLauncher.java:124)
	at org.gradle.internal.invocation.GradleBuildController$1.call(GradleBuildController.java:77)
	at org.gradle.internal.invocation.GradleBuildController$1.call(GradleBuildController.java:74)
	at org.gradle.internal.work.DefaultWorkerLeaseService.withLocks(DefaultWorkerLeaseService.java:154)
	at org.gradle.internal.work.StopShieldingWorkerLeaseService.withLocks(StopShieldingWorkerLeaseService.java:38)
	at org.gradle.internal.invocation.GradleBuildController.doBuild(GradleBuildController.java:96)
	at org.gradle.internal.invocation.GradleBuildController.run(GradleBuildController.java:74)
	at org.gradle.tooling.internal.provider.ExecuteBuildActionRunner.run(ExecuteBuildActionRunner.java:28)
	at org.gradle.launcher.exec.ChainingBuildActionRunner.run(ChainingBuildActionRunner.java:35)
	at org.gradle.tooling.internal.provider.ValidatingBuildActionRunner.run(ValidatingBuildActionRunner.java:32)
	at org.gradle.launcher.exec.RunAsBuildOperationBuildActionRunner$3.run(RunAsBuildOperationBuildActionRunner.java:50)
	at org.gradle.internal.operations.DefaultBuildOperationExecutor$RunnableBuildOperationWorker.execute(DefaultBuildOperationExecutor.java:300)
	at org.gradle.internal.operations.DefaultBuildOperationExecutor$RunnableBuildOperationWorker.execute(DefaultBuildOperationExecutor.java:292)
	at org.gradle.internal.operations.DefaultBuildOperationExecutor.execute(DefaultBuildOperationExecutor.java:174)
	at org.gradle.internal.operations.DefaultBuildOperationExecutor.run(DefaultBuildOperationExecutor.java:90)
	at org.gradle.internal.operations.DelegatingBuildOperationExecutor.run(DelegatingBuildOperationExecutor.java:31)
	at org.gradle.launcher.exec.RunAsBuildOperationBuildActionRunner.run(RunAsBuildOperationBuildActionRunner.java:45)
	at org.gradle.tooling.internal.provider.SubscribableBuildActionRunner.run(SubscribableBuildActionRunner.java:51)
	at org.gradle.launcher.exec.InProcessBuildActionExecuter$1.transform(InProcessBuildActionExecuter.java:47)
	at org.gradle.launcher.exec.InProcessBuildActionExecuter$1.transform(InProcessBuildActionExecuter.java:44)
	at org.gradle.composite.internal.DefaultRootBuildState.run(DefaultRootBuildState.java:79)
	at org.gradle.launcher.exec.InProcessBuildActionExecuter.execute(InProcessBuildActionExecuter.java:44)
	at org.gradle.launcher.exec.InProcessBuildActionExecuter.execute(InProcessBuildActionExecuter.java:30)
	at org.gradle.launcher.exec.BuildTreeScopeBuildActionExecuter.execute(BuildTreeScopeBuildActionExecuter.java:39)
	at org.gradle.launcher.exec.BuildTreeScopeBuildActionExecuter.execute(BuildTreeScopeBuildActionExecuter.java:25)
	at org.gradle.tooling.internal.provider.ContinuousBuildActionExecuter.execute(ContinuousBuildActionExecuter.java:80)
	at org.gradle.tooling.internal.provider.ContinuousBuildActionExecuter.execute(ContinuousBuildActionExecuter.java:53)
	at org.gradle.tooling.internal.provider.ServicesSetupBuildActionExecuter.execute(ServicesSetupBuildActionExecuter.java:62)
	at org.gradle.tooling.internal.provider.ServicesSetupBuildActionExecuter.execute(ServicesSetupBuildActionExecuter.java:34)
	at org.gradle.tooling.internal.provider.GradleThreadBuildActionExecuter.execute(GradleThreadBuildActionExecuter.java:36)
	at org.gradle.tooling.internal.provider.GradleThreadBuildActionExecuter.execute(GradleThreadBuildActionExecuter.java:25)
	at org.gradle.tooling.internal.provider.ParallelismConfigurationBuildActionExecuter.execute(ParallelismConfigurationBuildActionExecuter.java:43)
	at org.gradle.tooling.internal.provider.ParallelismConfigurationBuildActionExecuter.execute(ParallelismConfigurationBuildActionExecuter.java:29)
	at org.gradle.tooling.internal.provider.StartParamsValidatingActionExecuter.execute(StartParamsValidatingActionExecuter.java:59)
	at org.gradle.tooling.internal.provider.StartParamsValidatingActionExecuter.execute(StartParamsValidatingActionExecuter.java:31)
	at org.gradle.tooling.internal.provider.SessionFailureReportingActionExecuter.execute(SessionFailureReportingActionExecuter.java:59)
	at org.gradle.tooling.internal.provider.SessionFailureReportingActionExecuter.execute(SessionFailureReportingActionExecuter.java:44)
	at org.gradle.tooling.internal.provider.SetupLoggingActionExecuter.execute(SetupLoggingActionExecuter.java:46)
	at org.gradle.tooling.internal.provider.SetupLoggingActionExecuter.execute(SetupLoggingActionExecuter.java:30)
	at org.gradle.launcher.cli.RunBuildAction.run(RunBuildAction.java:52)
	at org.gradle.internal.Actions$RunnableActionAdapter.execute(Actions.java:207)
	at org.gradle.launcher.cli.CommandLineActionFactory$ParseAndBuildAction.execute(CommandLineActionFactory.java:402)
	at org.gradle.launcher.cli.CommandLineActionFactory$ParseAndBuildAction.execute(CommandLineActionFactory.java:375)
	at org.gradle.launcher.cli.ExceptionReportingAction.execute(ExceptionReportingAction.java:37)
	at org.gradle.launcher.cli.ExceptionReportingAction.execute(ExceptionReportingAction.java:23)
	at org.gradle.launcher.cli.CommandLineActionFactory$WithLogging.execute(CommandLineActionFactory.java:368)
	at org.gradle.launcher.cli.CommandLineActionFactory$WithLogging.execute(CommandLineActionFactory.java:298)
	at org.gradle.launcher.Main.doAction(Main.java:36)
	at org.gradle.launcher.bootstrap.EntryPoint.run(EntryPoint.java:45)
	at org.gradle.launcher.bootstrap.ProcessBootstrap.runNoExit(ProcessBootstrap.java:60)
	at org.gradle.launcher.bootstrap.ProcessBootstrap.run(ProcessBootstrap.java:37)
	at org.gradle.launcher.GradleMain.main(GradleMain.java:23)
	at org.gradle.wrapper.BootstrapMainStarter.start(BootstrapMainStarter.java:30)
	at org.gradle.wrapper.WrapperExecutor.execute(WrapperExecutor.java:129)
	at org.gradle.wrapper.GradleWrapperMain.main(GradleWrapperMain.java:61)


* Get more help at https://help.gradle.org

BUILD FAILED in 5s

2019-03-16 18:32:16,517 ERROR ProjectBuildService - Excluded tasks were detected wrong
2019-03-16 18:32:16,518 INFO  SysUtils - Execute command: [/var/folders/bq/vtzpc5ns5sg2cthy61lqpg3dfzgbys/T/1552735921483-0/src/LocGetter-master/gradlew, -b, /var/folders/bq/vtzpc5ns5sg2cthy61lqpg3dfzgbys/T/1552735921483-0/src/LocGetter-master/locgetter-sample/build.gradle, -Dorg.gradle.daemon=false, -Dorg.gradle.daemon.performance.enable-monitoring=false, -Dorg.gradle.configureondemand=true, --stacktrace, build]
2019-03-16 18:33:22,679 INFO  SysUtils - Configuration on demand is an incubating feature.
> Task :locgetter-sample:preBuild UP-TO-DATE
> Task :locgetter-sample:preDebugBuild
> Task :locgetter-sample:compileDebugAidl NO-SOURCE
> Task :locgetter-sample:compileDebugRenderscript
> Task :locgetter-sample:checkDebugManifest
> Task :locgetter-sample:generateDebugBuildConfig
> Task :locgetter-sample:prepareLintJar
> Task :locgetter-sample:generateDebugSources
> Task :locgetter-sample:javaPreCompileDebug
> Task :locgetter-sample:mainApkListPersistenceDebug
> Task :locgetter-sample:generateDebugResValues
> Task :locgetter-sample:generateDebugResources
> Task :locgetter-sample:mergeDebugResources
> Task :locgetter-sample:createDebugCompatibleScreenManifests
> Task :locgetter-sample:processDebugManifest
> Task :locgetter-sample:processDebugResources
> Task :locgetter-sample:compileDebugJavaWithJavac
> Task :locgetter-sample:compileDebugNdk NO-SOURCE
> Task :locgetter-sample:compileDebugSources
> Task :locgetter-sample:mergeDebugShaders
> Task :locgetter-sample:compileDebugShaders
> Task :locgetter-sample:generateDebugAssets
> Task :locgetter-sample:mergeDebugAssets
> Task :locgetter-sample:validateSigningDebug
> Task :locgetter-sample:signingConfigWriterDebug
> Task :locgetter-sample:transformClassesWithDexBuilderForDebug
> Task :locgetter-sample:transformDexArchiveWithExternalLibsDexMergerForDebug
> Task :locgetter-sample:transformDexArchiveWithDexMergerForDebug
> Task :locgetter-sample:mergeDebugJniLibFolders
> Task :locgetter-sample:transformNativeLibsWithMergeJniLibsForDebug
> Task :locgetter-sample:transformNativeLibsWithStripDebugSymbolForDebug
> Task :locgetter-sample:processDebugJavaRes NO-SOURCE
> Task :locgetter-sample:transformResourcesWithMergeJavaResForDebug
> Task :locgetter-sample:packageDebug
> Task :locgetter-sample:assembleDebug
> Task :locgetter-sample:preReleaseBuild
> Task :locgetter-sample:compileReleaseAidl NO-SOURCE
> Task :locgetter-sample:compileReleaseRenderscript
> Task :locgetter-sample:checkReleaseManifest
> Task :locgetter-sample:generateReleaseBuildConfig
> Task :locgetter-sample:generateReleaseSources
> Task :locgetter-sample:javaPreCompileRelease
> Task :locgetter-sample:mainApkListPersistenceRelease
> Task :locgetter-sample:generateReleaseResValues
> Task :locgetter-sample:generateReleaseResources
> Task :locgetter-sample:mergeReleaseResources
> Task :locgetter-sample:createReleaseCompatibleScreenManifests
> Task :locgetter-sample:processReleaseManifest
> Task :locgetter-sample:processReleaseResources
> Task :locgetter-sample:compileReleaseJavaWithJavac
> Task :locgetter-sample:compileReleaseNdk NO-SOURCE
> Task :locgetter-sample:compileReleaseSources
> Task :locgetter-sample:lintVitalRelease SKIPPED
> Task :locgetter-sample:mergeReleaseShaders
> Task :locgetter-sample:compileReleaseShaders
> Task :locgetter-sample:generateReleaseAssets
> Task :locgetter-sample:mergeReleaseAssets
> Task :locgetter-sample:signingConfigWriterRelease
> Task :locgetter-sample:transformClassesWithDexBuilderForRelease
> Task :locgetter-sample:transformDexArchiveWithExternalLibsDexMergerForRelease
> Task :locgetter-sample:transformDexArchiveWithDexMergerForRelease
> Task :locgetter-sample:mergeReleaseJniLibFolders
> Task :locgetter-sample:transformNativeLibsWithMergeJniLibsForRelease
> Task :locgetter-sample:transformNativeLibsWithStripDebugSymbolForRelease
> Task :locgetter-sample:processReleaseJavaRes NO-SOURCE
> Task :locgetter-sample:transformResourcesWithMergeJavaResForRelease
> Task :locgetter-sample:packageRelease
> Task :locgetter-sample:assembleRelease
> Task :locgetter-sample:assemble

> Task :locgetter-sample:lint
Calling mockable JAR artifact transform to create file: /Users/vbauer/.gradle/caches/transforms-1/files-1.1/android.jar/10180019d4e90de5d80202b075552fa8/android.jar with input /Users/vbauer/Library/Android/sdk/platforms/android-28/android.jar
Ran lint on variant release: 12 issues found
Ran lint on variant debug: 12 issues found
Wrote HTML report to file:///private/var/folders/bq/vtzpc5ns5sg2cthy61lqpg3dfzgbys/T/1552735921483-0/src/LocGetter-master/locgetter-sample/build/reports/lint-results.html
Wrote XML report to file:///private/var/folders/bq/vtzpc5ns5sg2cthy61lqpg3dfzgbys/T/1552735921483-0/src/LocGetter-master/locgetter-sample/build/reports/lint-results.xml

> Task :locgetter-sample:generateDebugUnitTestSources
> Task :locgetter-sample:preDebugUnitTestBuild UP-TO-DATE
> Task :locgetter-sample:javaPreCompileDebugUnitTest
> Task :locgetter-sample:compileDebugUnitTestJavaWithJavac NO-SOURCE
> Task :locgetter-sample:processDebugUnitTestJavaRes NO-SOURCE
> Task :locgetter-sample:testDebugUnitTest NO-SOURCE
> Task :locgetter-sample:generateReleaseUnitTestSources
> Task :locgetter-sample:preReleaseUnitTestBuild UP-TO-DATE
> Task :locgetter-sample:javaPreCompileReleaseUnitTest
> Task :locgetter-sample:compileReleaseUnitTestJavaWithJavac NO-SOURCE
> Task :locgetter-sample:processReleaseUnitTestJavaRes NO-SOURCE
> Task :locgetter-sample:testReleaseUnitTest NO-SOURCE
> Task :locgetter-sample:test UP-TO-DATE
> Task :locgetter-sample:check
> Task :locgetter-sample:build

BUILD SUCCESSFUL in 1m 5s
53 actionable tasks: 53 executed

2019-03-16 18:33:22,778 INFO  FullProcessService - Found APK file: /var/folders/bq/vtzpc5ns5sg2cthy61lqpg3dfzgbys/T/1552735921483-0/src/LocGetter-master/locgetter-sample/build/outputs/apk/release/locgetter-sample-release-unsigned.apk
