2017-09-28 12:58:02,633 INFO  DownloadService - Downloading "https://github.com/mbakgun/similarLoadingView/archive/master.zip", attempt 3
2017-09-28 12:58:07,310 INFO  DownloadService - Downloaded https://github.com/mbakgun/similarLoadingView/archive/master.zip, attempt 3
2017-09-28 12:58:07,310 INFO  DownloadService - Size of file "/tmp/1506603482478-0/master.zip": 8 MB
2017-09-28 12:58:07,311 INFO  ArchiveUtils - Checking entries [.gradle] in ZIP file...
2017-09-28 12:58:07,323 INFO  ArchiveUtils - Has entries [.gradle] in ZIP file /tmp/1506603482478-0/master.zip: true
2017-09-28 12:58:07,323 DEBUG ZipUtil - Extracting '/tmp/1506603482478-0/master.zip' into '/tmp/1506603482478-0/src'.
2017-09-28 12:58:07,379 INFO  FullProcessService - Size of directory with sources: 9 MB
2017-09-28 12:58:07,383 INFO  SysUtils - Execute command: [git, init, /tmp/1506603482478-0/src]
2017-09-28 12:58:07,507 INFO  SysUtils - Initialized empty Git repository in /tmp/1506603482478-0/src/.git/

2017-09-28 12:58:07,523 INFO  ProjectBuildService - Gradle wrapper(s): /tmp/1506603482478-0/src/similarLoadingView-master/gradlew
2017-09-28 12:58:07,534 INFO  ProjectBuildService - Build script(s): /tmp/1506603482478-0/src/similarLoadingView-master/app/build.gradle /tmp/1506603482478-0/src/similarLoadingView-master/similarLoadingView/build.gradle /tmp/1506603482478-0/src/similarLoadingView-master/build.gradle
2017-09-28 12:58:07,541 INFO  ProjectBuildService - All script(s): /tmp/1506603482478-0/src/similarLoadingView-master/build.gradle /tmp/1506603482478-0/src/similarLoadingView-master/settings.gradle /tmp/1506603482478-0/src/similarLoadingView-master/app/build.gradle /tmp/1506603482478-0/src/similarLoadingView-master/similarLoadingView/build.gradle
2017-09-28 12:58:07,543 INFO  ProjectBuildService - Remote scripts: none
2017-09-28 12:58:07,544 INFO  ProjectFixService - Fixing project...
2017-09-28 12:58:07,598 INFO  AndroidToolsService - ANDROID_HOME: /root/Applications/android-sdk
2017-09-28 12:58:07,598 INFO  AndroidToolsService - NDK_HOME: null
2017-09-28 12:58:07,601 INFO  AndroidToolsService - Available build tools: 25.0.3 25.0.0 23.0.2 26.0.0 25.0.2 19.1.0 24.0.3 20.0.0 22.0.0 21.0.1 26.0.2 24.0.1 24.0.0 25.0.1 26.0.1 21.1.1 21.1.2 24.0.2 22.0.1 23.0.1 23.0.3
2017-09-28 12:58:07,604 INFO  AndroidToolsService - Available build tools after clean up: 19.1.0 20.0.0 21.0.1 21.1.1 21.1.2 22.0.0 22.0.1 23.0.1 23.0.2 23.0.3 24.0.0 24.0.1 24.0.2 24.0.3 25.0.0 25.0.1 25.0.2 25.0.3 26.0.0 26.0.1 26.0.2
2017-09-28 12:58:07,607 INFO  AndroidToolsService - Available platforms: 13 23 9 18 15 24 14 8 16 7 26 22 25 10 11 17 19 20 12 21
2017-09-28 12:58:07,608 INFO  AndroidToolsService - Available platforms after clean up: 7 8 9 10 11 12 13 14 15 16 17 18 19 20 21 22 23 24 25 26
2017-09-28 12:58:07,609 INFO  LocalPropertiesFixService - Created fake /tmp/1506603482478-0/src/similarLoadingView-master/app/local.properties
2017-09-28 12:58:07,615 INFO  ProjectFixService - Build info for "/tmp/1506603482478-0/src/similarLoadingView-master/app/build.gradle": [buildToolsVersion=25.0.0,compileSdkVersion=25,minSdkVersion=14,targetSdkVersion=25]
2017-09-28 12:58:07,618 INFO  LocalPropertiesFixService - Created fake /tmp/1506603482478-0/src/similarLoadingView-master/similarLoadingView/local.properties
2017-09-28 12:58:07,619 INFO  ProjectFixService - Build info for "/tmp/1506603482478-0/src/similarLoadingView-master/similarLoadingView/build.gradle": [buildToolsVersion=25.0.0,compileSdkVersion=25,minSdkVersion=14,targetSdkVersion=25]
2017-09-28 12:58:07,619 INFO  LocalPropertiesFixService - Created fake /tmp/1506603482478-0/src/similarLoadingView-master/local.properties
2017-09-28 12:58:07,626 INFO  WrapperPropertiesFixService - Gradle wrapper: https://services.gradle.org/distributions/gradle-4.1-all.zip
2017-09-28 12:58:07,626 INFO  WrapperPropertiesFixService - Gradle wrapper was changed from "-all.zip" to "-bin.zip" (https://services.gradle.org/distributions/gradle-4.1-bin.zip)
2017-09-28 12:58:07,629 INFO  ProjectFixService - Build info for "/tmp/1506603482478-0/src/similarLoadingView-master/build.gradle": [buildToolsVersion=25.0.0,compileSdkVersion=25,minSdkVersion=14,targetSdkVersion=25]
2017-09-28 12:58:07,630 INFO  ProjectFixService - Project was maybe fixed
2017-09-28 12:58:07,633 INFO  ProjectTaskService - Detecting possible tasks...
2017-09-28 12:58:07,633 INFO  SysUtils - Execute command: [/tmp/1506603482478-0/src/similarLoadingView-master/gradlew, -b, /tmp/1506603482478-0/src/similarLoadingView-master/app/build.gradle, -Dorg.gradle.daemon=false, -Dorg.gradle.daemon.performance.enable-monitoring=false, -Dorg.gradle.configureondemand=true, tasks]
2017-09-28 12:58:07,641 ERROR ProjectTaskService - Could not detect possible Gradle tasks: Process exited with an error: 127 (Exit value: 127)
2017-09-28 12:58:07,641 INFO  ProjectTaskService - Detected possible tasks: 0
2017-09-28 12:58:07,642 INFO  ProjectTaskService - Excluded tasks (0): none
2017-09-28 12:58:07,642 INFO  SysUtils - Execute command: [/tmp/1506603482478-0/src/similarLoadingView-master/gradlew, -b, /tmp/1506603482478-0/src/similarLoadingView-master/app/build.gradle, -Dorg.gradle.daemon=false, -Dorg.gradle.daemon.performance.enable-monitoring=false, -Dorg.gradle.configureondemand=true, --stacktrace, build]
2017-09-28 12:58:07,654 ERROR SysUtils - Could not process external command
org.apache.commons.exec.ExecuteException: Process exited with an error: 127 (Exit value: 127)
	at org.apache.commons.exec.DefaultExecutor.executeInternal(DefaultExecutor.java:404)
	at org.apache.commons.exec.DefaultExecutor.execute(DefaultExecutor.java:166)
	at com.github.vbauer.apkmaster.util.SysUtils.execute(SysUtils.java:72)
	at com.github.vbauer.apkmaster.util.SysUtils.executeSimple(SysUtils.java:46)
	at com.github.vbauer.apkmaster.service.assembly.ProjectBuildService.buildProject(ProjectBuildService.java:78)
	at com.github.vbauer.apkmaster.service.assembly.ProjectBuildService.buildProject(ProjectBuildService.java:64)
	at com.github.vbauer.apkmaster.service.assembly.ProjectBuildService.buildProject(ProjectBuildService.java:43)
	at com.github.vbauer.apkmaster.service.FullProcessService.build(FullProcessService.java:84)
	at com.github.vbauer.apkmaster.service.FullProcessService.process(FullProcessService.java:34)
	at com.github.vbauer.apkmaster.app.MainApplication.process(MainApplication.java:38)
	at com.github.vbauer.apkmaster.app.MainApplication.main(MainApplication.java:20)
	at sun.reflect.NativeMethodAccessorImpl.invoke0(Native Method)
	at sun.reflect.NativeMethodAccessorImpl.invoke(NativeMethodAccessorImpl.java:62)
	at sun.reflect.DelegatingMethodAccessorImpl.invoke(DelegatingMethodAccessorImpl.java:43)
	at java.lang.reflect.Method.invoke(Method.java:498)
	at com.android.arsenal.util.ReflectionUtils.invoke(ReflectionUtils.java:42)
	at com.android.arsenal.util.ApkMasterUtils.main(ApkMasterUtils.java:30)
	at com.android.arsenal.service.processor.impl.BuildProcessorServiceImpl.buildProject(BuildProcessorServiceImpl.java:200)
	at com.android.arsenal.service.processor.impl.BuildProcessorServiceImpl.build(BuildProcessorServiceImpl.java:127)
	at com.android.arsenal.service.processor.impl.BuildProcessorServiceImpl.lambda$null$0(BuildProcessorServiceImpl.java:110)
	at java.util.concurrent.FutureTask.run(FutureTask.java:266)
	at java.util.concurrent.Executors$RunnableAdapter.call(Executors.java:511)
	at java.util.concurrent.FutureTask.run(FutureTask.java:266)
	at java.util.concurrent.ThreadPoolExecutor.runWorker(ThreadPoolExecutor.java:1149)
	at java.util.concurrent.ThreadPoolExecutor$Worker.run(ThreadPoolExecutor.java:624)
	at java.lang.Thread.run(Thread.java:748)
2017-09-28 12:58:07,655 INFO  SysUtils - /usr/bin/env: ‘bash\r’: No such file or directory

2017-09-28 12:58:07,662 INFO  ProjectTaskService - Detecting possible tasks...
2017-09-28 12:58:07,662 INFO  SysUtils - Execute command: [/tmp/1506603482478-0/src/similarLoadingView-master/gradlew, -b, /tmp/1506603482478-0/src/similarLoadingView-master/similarLoadingView/build.gradle, -Dorg.gradle.daemon=false, -Dorg.gradle.daemon.performance.enable-monitoring=false, -Dorg.gradle.configureondemand=true, tasks]
2017-09-28 12:58:07,679 ERROR ProjectTaskService - Could not detect possible Gradle tasks: Process exited with an error: 127 (Exit value: 127)
2017-09-28 12:58:07,679 INFO  ProjectTaskService - Detected possible tasks: 0
2017-09-28 12:58:07,679 INFO  ProjectTaskService - Excluded tasks (0): none
2017-09-28 12:58:07,679 INFO  SysUtils - Execute command: [/tmp/1506603482478-0/src/similarLoadingView-master/gradlew, -b, /tmp/1506603482478-0/src/similarLoadingView-master/similarLoadingView/build.gradle, -Dorg.gradle.daemon=false, -Dorg.gradle.daemon.performance.enable-monitoring=false, -Dorg.gradle.configureondemand=true, --stacktrace, build]
2017-09-28 12:58:07,690 ERROR SysUtils - Could not process external command
org.apache.commons.exec.ExecuteException: Process exited with an error: 127 (Exit value: 127)
	at org.apache.commons.exec.DefaultExecutor.executeInternal(DefaultExecutor.java:404)
	at org.apache.commons.exec.DefaultExecutor.execute(DefaultExecutor.java:166)
	at com.github.vbauer.apkmaster.util.SysUtils.execute(SysUtils.java:72)
	at com.github.vbauer.apkmaster.util.SysUtils.executeSimple(SysUtils.java:46)
	at com.github.vbauer.apkmaster.service.assembly.ProjectBuildService.buildProject(ProjectBuildService.java:78)
	at com.github.vbauer.apkmaster.service.assembly.ProjectBuildService.buildProject(ProjectBuildService.java:64)
	at com.github.vbauer.apkmaster.service.assembly.ProjectBuildService.buildProject(ProjectBuildService.java:43)
	at com.github.vbauer.apkmaster.service.FullProcessService.build(FullProcessService.java:84)
	at com.github.vbauer.apkmaster.service.FullProcessService.process(FullProcessService.java:34)
	at com.github.vbauer.apkmaster.app.MainApplication.process(MainApplication.java:38)
	at com.github.vbauer.apkmaster.app.MainApplication.main(MainApplication.java:20)
	at sun.reflect.NativeMethodAccessorImpl.invoke0(Native Method)
	at sun.reflect.NativeMethodAccessorImpl.invoke(NativeMethodAccessorImpl.java:62)
	at sun.reflect.DelegatingMethodAccessorImpl.invoke(DelegatingMethodAccessorImpl.java:43)
	at java.lang.reflect.Method.invoke(Method.java:498)
	at com.android.arsenal.util.ReflectionUtils.invoke(ReflectionUtils.java:42)
	at com.android.arsenal.util.ApkMasterUtils.main(ApkMasterUtils.java:30)
	at com.android.arsenal.service.processor.impl.BuildProcessorServiceImpl.buildProject(BuildProcessorServiceImpl.java:200)
	at com.android.arsenal.service.processor.impl.BuildProcessorServiceImpl.build(BuildProcessorServiceImpl.java:127)
	at com.android.arsenal.service.processor.impl.BuildProcessorServiceImpl.lambda$null$0(BuildProcessorServiceImpl.java:110)
	at java.util.concurrent.FutureTask.run(FutureTask.java:266)
	at java.util.concurrent.Executors$RunnableAdapter.call(Executors.java:511)
	at java.util.concurrent.FutureTask.run(FutureTask.java:266)
	at java.util.concurrent.ThreadPoolExecutor.runWorker(ThreadPoolExecutor.java:1149)
	at java.util.concurrent.ThreadPoolExecutor$Worker.run(ThreadPoolExecutor.java:624)
	at java.lang.Thread.run(Thread.java:748)
2017-09-28 12:58:07,691 INFO  SysUtils - /usr/bin/env: ‘bash\r’: No such file or directory

2017-09-28 12:58:07,694 INFO  ProjectTaskService - Detecting possible tasks...
2017-09-28 12:58:07,694 INFO  SysUtils - Execute command: [/tmp/1506603482478-0/src/similarLoadingView-master/gradlew, -b, /tmp/1506603482478-0/src/similarLoadingView-master/build.gradle, -Dorg.gradle.daemon=false, -Dorg.gradle.daemon.performance.enable-monitoring=false, -Dorg.gradle.configureondemand=true, tasks]
2017-09-28 12:58:07,708 ERROR ProjectTaskService - Could not detect possible Gradle tasks: Process exited with an error: 127 (Exit value: 127)
2017-09-28 12:58:07,708 INFO  ProjectTaskService - Detected possible tasks: 0
2017-09-28 12:58:07,708 INFO  ProjectTaskService - Excluded tasks (0): none
2017-09-28 12:58:07,708 INFO  SysUtils - Execute command: [/tmp/1506603482478-0/src/similarLoadingView-master/gradlew, -b, /tmp/1506603482478-0/src/similarLoadingView-master/build.gradle, -Dorg.gradle.daemon=false, -Dorg.gradle.daemon.performance.enable-monitoring=false, -Dorg.gradle.configureondemand=true, --stacktrace, build]
2017-09-28 12:58:07,719 ERROR SysUtils - Could not process external command
org.apache.commons.exec.ExecuteException: Process exited with an error: 127 (Exit value: 127)
	at org.apache.commons.exec.DefaultExecutor.executeInternal(DefaultExecutor.java:404)
	at org.apache.commons.exec.DefaultExecutor.execute(DefaultExecutor.java:166)
	at com.github.vbauer.apkmaster.util.SysUtils.execute(SysUtils.java:72)
	at com.github.vbauer.apkmaster.util.SysUtils.executeSimple(SysUtils.java:46)
	at com.github.vbauer.apkmaster.service.assembly.ProjectBuildService.buildProject(ProjectBuildService.java:78)
	at com.github.vbauer.apkmaster.service.assembly.ProjectBuildService.buildProject(ProjectBuildService.java:64)
	at com.github.vbauer.apkmaster.service.assembly.ProjectBuildService.buildProject(ProjectBuildService.java:43)
	at com.github.vbauer.apkmaster.service.FullProcessService.build(FullProcessService.java:84)
	at com.github.vbauer.apkmaster.service.FullProcessService.process(FullProcessService.java:34)
	at com.github.vbauer.apkmaster.app.MainApplication.process(MainApplication.java:38)
	at com.github.vbauer.apkmaster.app.MainApplication.main(MainApplication.java:20)
	at sun.reflect.NativeMethodAccessorImpl.invoke0(Native Method)
	at sun.reflect.NativeMethodAccessorImpl.invoke(NativeMethodAccessorImpl.java:62)
	at sun.reflect.DelegatingMethodAccessorImpl.invoke(DelegatingMethodAccessorImpl.java:43)
	at java.lang.reflect.Method.invoke(Method.java:498)
	at com.android.arsenal.util.ReflectionUtils.invoke(ReflectionUtils.java:42)
	at com.android.arsenal.util.ApkMasterUtils.main(ApkMasterUtils.java:30)
	at com.android.arsenal.service.processor.impl.BuildProcessorServiceImpl.buildProject(BuildProcessorServiceImpl.java:200)
	at com.android.arsenal.service.processor.impl.BuildProcessorServiceImpl.build(BuildProcessorServiceImpl.java:127)
	at com.android.arsenal.service.processor.impl.BuildProcessorServiceImpl.lambda$null$0(BuildProcessorServiceImpl.java:110)
	at java.util.concurrent.FutureTask.run(FutureTask.java:266)
	at java.util.concurrent.Executors$RunnableAdapter.call(Executors.java:511)
	at java.util.concurrent.FutureTask.run(FutureTask.java:266)
	at java.util.concurrent.ThreadPoolExecutor.runWorker(ThreadPoolExecutor.java:1149)
	at java.util.concurrent.ThreadPoolExecutor$Worker.run(ThreadPoolExecutor.java:624)
	at java.lang.Thread.run(Thread.java:748)
2017-09-28 12:58:07,719 INFO  SysUtils - /usr/bin/env: ‘bash\r’: No such file or directory

2017-09-28 12:58:07,722 ERROR FullProcessService - Project build has not produced APK file
2017-09-28 12:58:07,724 ERROR FullProcessService - Could not find generated or existed APK file
