2018-08-31 15:44:41,278 INFO  DownloadService - Downloading "https://github.com/Rishabhk07/Custom-Toggle-Button/archive/master.zip", attempt 3
2018-08-31 15:44:43,940 INFO  DownloadService - Downloaded https://github.com/Rishabhk07/Custom-Toggle-Button/archive/master.zip, attempt 3
2018-08-31 15:44:43,940 INFO  DownloadService - Size of file "/var/folders/bq/vtzpc5ns5sg2cthy61lqpg3dfzgbys/T/1535705081271-0/master.zip": 273 KB
2018-08-31 15:44:43,940 INFO  ArchiveUtils - Checking entries [.gradle] in ZIP file...
2018-08-31 15:44:43,946 INFO  ArchiveUtils - Has entries [.gradle] in ZIP file /var/folders/bq/vtzpc5ns5sg2cthy61lqpg3dfzgbys/T/1535705081271-0/master.zip: true
2018-08-31 15:44:43,946 DEBUG ZipUtil - Extracting '/var/folders/bq/vtzpc5ns5sg2cthy61lqpg3dfzgbys/T/1535705081271-0/master.zip' into '/var/folders/bq/vtzpc5ns5sg2cthy61lqpg3dfzgbys/T/1535705081271-0/src'.
2018-08-31 15:44:43,974 INFO  FullProcessService - Size of directory with sources: 378 KB
2018-08-31 15:44:43,974 INFO  SysUtils - Execute command: [git, init, /var/folders/bq/vtzpc5ns5sg2cthy61lqpg3dfzgbys/T/1535705081271-0/src]
2018-08-31 15:44:43,996 INFO  SysUtils - Initialized empty Git repository in /private/var/folders/bq/vtzpc5ns5sg2cthy61lqpg3dfzgbys/T/1535705081271-0/src/.git/

2018-08-31 15:44:43,999 INFO  ProjectBuildService - Gradle wrapper(s): /var/folders/bq/vtzpc5ns5sg2cthy61lqpg3dfzgbys/T/1535705081271-0/src/Custom-Toggle-Button-master/gradlew
2018-08-31 15:44:44,002 INFO  ProjectBuildService - Build script(s): /var/folders/bq/vtzpc5ns5sg2cthy61lqpg3dfzgbys/T/1535705081271-0/src/Custom-Toggle-Button-master/CustomToggle/build.gradle /var/folders/bq/vtzpc5ns5sg2cthy61lqpg3dfzgbys/T/1535705081271-0/src/Custom-Toggle-Button-master/app/build.gradle /var/folders/bq/vtzpc5ns5sg2cthy61lqpg3dfzgbys/T/1535705081271-0/src/Custom-Toggle-Button-master/build.gradle
2018-08-31 15:44:44,005 INFO  ProjectBuildService - All script(s): /var/folders/bq/vtzpc5ns5sg2cthy61lqpg3dfzgbys/T/1535705081271-0/src/Custom-Toggle-Button-master/app/build.gradle /var/folders/bq/vtzpc5ns5sg2cthy61lqpg3dfzgbys/T/1535705081271-0/src/Custom-Toggle-Button-master/CustomToggle/build.gradle /var/folders/bq/vtzpc5ns5sg2cthy61lqpg3dfzgbys/T/1535705081271-0/src/Custom-Toggle-Button-master/build.gradle /var/folders/bq/vtzpc5ns5sg2cthy61lqpg3dfzgbys/T/1535705081271-0/src/Custom-Toggle-Button-master/settings.gradle
2018-08-31 15:44:44,006 INFO  DownloadService - Downloading "https://raw.githubusercontent.com/nuuneoi/JCenter/master/bintrayv1.gradle", attempt 3
2018-08-31 15:44:44,700 INFO  DownloadService - Downloaded https://raw.githubusercontent.com/nuuneoi/JCenter/master/bintrayv1.gradle, attempt 3
2018-08-31 15:44:44,700 INFO  DownloadService - Downloading "https://raw.githubusercontent.com/nuuneoi/JCenter/master/installv1.gradle", attempt 3
2018-08-31 15:44:44,796 INFO  DownloadService - Downloaded https://raw.githubusercontent.com/nuuneoi/JCenter/master/installv1.gradle, attempt 3
2018-08-31 15:44:44,796 INFO  ProjectBuildService - Remote scripts: https://raw.githubusercontent.com/nuuneoi/JCenter/master/bintrayv1.gradle https://raw.githubusercontent.com/nuuneoi/JCenter/master/installv1.gradle
2018-08-31 15:44:44,796 INFO  ProjectFixService - Fixing project...
2018-08-31 15:44:44,805 INFO  LocalPropertiesFixService - Created fake /var/folders/bq/vtzpc5ns5sg2cthy61lqpg3dfzgbys/T/1535705081271-0/src/Custom-Toggle-Button-master/CustomToggle/local.properties
2018-08-31 15:44:44,805 INFO  ProjectFixService - Build info for "/var/folders/bq/vtzpc5ns5sg2cthy61lqpg3dfzgbys/T/1535705081271-0/src/Custom-Toggle-Button-master/CustomToggle/build.gradle": [buildToolsVersion=26.0.1,compileSdkVersion=25,minSdkVersion=16,targetSdkVersion=25]
2018-08-31 15:44:44,805 INFO  LocalPropertiesFixService - Created fake /var/folders/bq/vtzpc5ns5sg2cthy61lqpg3dfzgbys/T/1535705081271-0/src/Custom-Toggle-Button-master/app/local.properties
2018-08-31 15:44:44,806 INFO  ProjectFixService - Build info for "/var/folders/bq/vtzpc5ns5sg2cthy61lqpg3dfzgbys/T/1535705081271-0/src/Custom-Toggle-Button-master/app/build.gradle": [buildToolsVersion=26.0.1,compileSdkVersion=25,minSdkVersion=16,targetSdkVersion=25]
2018-08-31 15:44:44,806 INFO  LocalPropertiesFixService - Created fake /var/folders/bq/vtzpc5ns5sg2cthy61lqpg3dfzgbys/T/1535705081271-0/src/Custom-Toggle-Button-master/local.properties
2018-08-31 15:44:44,807 INFO  WrapperPropertiesFixService - Gradle wrapper: https://services.gradle.org/distributions/gradle-3.3-all.zip
2018-08-31 15:44:44,807 INFO  WrapperPropertiesFixService - Gradle wrapper was changed from "-all.zip" to "-bin.zip" (https://services.gradle.org/distributions/gradle-3.3-bin.zip)
2018-08-31 15:44:44,808 INFO  ProjectFixService - Build info for "/var/folders/bq/vtzpc5ns5sg2cthy61lqpg3dfzgbys/T/1535705081271-0/src/Custom-Toggle-Button-master/build.gradle": [buildToolsVersion=26.0.1,compileSdkVersion=25,minSdkVersion=16,targetSdkVersion=25]
2018-08-31 15:44:44,808 INFO  ProjectFixService - Project was maybe fixed
2018-08-31 15:44:44,808 INFO  ProjectTaskService - Detecting possible tasks...
2018-08-31 15:44:44,808 INFO  SysUtils - Execute command: [/var/folders/bq/vtzpc5ns5sg2cthy61lqpg3dfzgbys/T/1535705081271-0/src/Custom-Toggle-Button-master/gradlew, -b, /var/folders/bq/vtzpc5ns5sg2cthy61lqpg3dfzgbys/T/1535705081271-0/src/Custom-Toggle-Button-master/CustomToggle/build.gradle, -Dorg.gradle.daemon=false, -Dorg.gradle.daemon.performance.enable-monitoring=false, -Dorg.gradle.configureondemand=true, tasks]
2018-08-31 15:44:52,202 INFO  ProjectTaskService - Detected possible tasks: 68
2018-08-31 15:44:52,202 INFO  ProjectTaskService - Excluded tasks (19): lintDebug mockableAndroidJar javadocJar deviceCheck lint testReleaseUnitTest javadoc deviceAndroidTest uninstallDebugAndroidTest installDebugAndroidTest connectedCheck connectedDebugAndroidTest uninstallAll sourcesJar test check testDebugUnitTest connectedAndroidTest lintRelease
2018-08-31 15:44:52,202 INFO  SysUtils - Execute command: [/var/folders/bq/vtzpc5ns5sg2cthy61lqpg3dfzgbys/T/1535705081271-0/src/Custom-Toggle-Button-master/gradlew, -b, /var/folders/bq/vtzpc5ns5sg2cthy61lqpg3dfzgbys/T/1535705081271-0/src/Custom-Toggle-Button-master/CustomToggle/build.gradle, -Dorg.gradle.daemon=false, -Dorg.gradle.daemon.performance.enable-monitoring=false, -Dorg.gradle.configureondemand=true, --stacktrace, -x, lintDebug, -x, mockableAndroidJar, -x, javadocJar, -x, deviceCheck, -x, lint, -x, testReleaseUnitTest, -x, javadoc, -x, deviceAndroidTest, -x, uninstallDebugAndroidTest, -x, installDebugAndroidTest, -x, connectedCheck, -x, connectedDebugAndroidTest, -x, uninstallAll, -x, sourcesJar, -x, test, -x, check, -x, testDebugUnitTest, -x, connectedAndroidTest, -x, lintRelease, build]
2018-08-31 15:44:57,927 ERROR SysUtils - Could not process external command
org.apache.commons.exec.ExecuteException: Process exited with an error: 1 (Exit value: 1)
	at org.apache.commons.exec.DefaultExecutor.executeInternal(DefaultExecutor.java:404)
	at org.apache.commons.exec.DefaultExecutor.execute(DefaultExecutor.java:166)
	at com.github.vbauer.apkmaster.util.SysUtils.execute(SysUtils.java:67)
	at com.github.vbauer.apkmaster.util.SysUtils.executeSimple(SysUtils.java:43)
	at com.github.vbauer.apkmaster.service.assembly.ProjectBuildService.buildProject(ProjectBuildService.java:78)
	at com.github.vbauer.apkmaster.service.assembly.ProjectBuildService.buildProject(ProjectBuildService.java:64)
	at com.github.vbauer.apkmaster.service.assembly.ProjectBuildService.buildProject(ProjectBuildService.java:43)
	at com.github.vbauer.apkmaster.service.FullProcessService.build(FullProcessService.java:84)
	at com.github.vbauer.apkmaster.service.FullProcessService.process(FullProcessService.java:34)
	at com.github.vbauer.apkmaster.app.MainApplication.process(MainApplication.java:38)
	at com.github.vbauer.apkmaster.app.MainApplication.main(MainApplication.java:20)
	at sun.reflect.GeneratedMethodAccessor8.invoke(Unknown Source)
	at sun.reflect.DelegatingMethodAccessorImpl.invoke(DelegatingMethodAccessorImpl.java:43)
	at java.lang.reflect.Method.invoke(Method.java:498)
	at com.android.arsenal.util.ReflectionUtils.invoke(ReflectionUtils.java:52)
	at com.android.arsenal.util.ApkMasterUtils.main(ApkMasterUtils.java:30)
	at com.android.arsenal.service.processor.impl.BuildProcessorServiceImpl.buildProject(BuildProcessorServiceImpl.java:196)
	at com.android.arsenal.service.processor.impl.BuildProcessorServiceImpl.build(BuildProcessorServiceImpl.java:130)
	at com.android.arsenal.service.processor.impl.BuildProcessorServiceImpl.lambda$createTasks$1(BuildProcessorServiceImpl.java:113)
	at java.util.concurrent.FutureTask.run(FutureTask.java:266)
	at java.util.concurrent.Executors$RunnableAdapter.call(Executors.java:511)
	at java.util.concurrent.FutureTask.run(FutureTask.java:266)
	at java.util.concurrent.ThreadPoolExecutor.runWorker(ThreadPoolExecutor.java:1149)
	at java.util.concurrent.ThreadPoolExecutor$Worker.run(ThreadPoolExecutor.java:624)
	at java.lang.Thread.run(Thread.java:748)
2018-08-31 15:44:57,927 INFO  SysUtils - Configuration on demand is an incubating feature.
Incremental java compilation is an incubating feature.

FAILURE: Build failed with an exception.

* What went wrong:
Task 'javadocJar' not found in project ':CustomToggle'.

* Try:
Run gradlew tasks to get a list of available tasks. Run with --info or --debug option to get more log output.

* Exception is:
org.gradle.execution.TaskSelectionException: Task 'javadocJar' not found in project ':CustomToggle'.
	at org.gradle.execution.TaskSelector.getSelection(TaskSelector.java:116)
	at org.gradle.execution.TaskSelector.getFilter(TaskSelector.java:66)
	at org.gradle.execution.ExcludedTaskFilteringBuildConfigurationAction.configure(ExcludedTaskFilteringBuildConfigurationAction.java:42)
	at org.gradle.execution.DefaultBuildConfigurationActionExecuter.configure(DefaultBuildConfigurationActionExecuter.java:48)
	at org.gradle.execution.DefaultBuildConfigurationActionExecuter.select(DefaultBuildConfigurationActionExecuter.java:36)
	at org.gradle.initialization.DefaultGradleLauncher$2.execute(DefaultGradleLauncher.java:185)
	at org.gradle.initialization.DefaultGradleLauncher$2.execute(DefaultGradleLauncher.java:182)
	at org.gradle.internal.Transformers$4.transform(Transformers.java:169)
	at org.gradle.internal.progress.DefaultBuildOperationExecutor.run(DefaultBuildOperationExecutor.java:106)
	at org.gradle.internal.progress.DefaultBuildOperationExecutor.run(DefaultBuildOperationExecutor.java:56)
	at org.gradle.initialization.DefaultGradleLauncher.doBuildStages(DefaultGradleLauncher.java:182)
	at org.gradle.initialization.DefaultGradleLauncher.doBuild(DefaultGradleLauncher.java:119)
	at org.gradle.initialization.DefaultGradleLauncher.run(DefaultGradleLauncher.java:102)
	at org.gradle.launcher.exec.GradleBuildController.run(GradleBuildController.java:71)
	at org.gradle.tooling.internal.provider.ExecuteBuildActionRunner.run(ExecuteBuildActionRunner.java:28)
	at org.gradle.launcher.exec.ChainingBuildActionRunner.run(ChainingBuildActionRunner.java:35)
	at org.gradle.launcher.exec.InProcessBuildActionExecuter.execute(InProcessBuildActionExecuter.java:41)
	at org.gradle.launcher.exec.InProcessBuildActionExecuter.execute(InProcessBuildActionExecuter.java:26)
	at org.gradle.tooling.internal.provider.ContinuousBuildActionExecuter.execute(ContinuousBuildActionExecuter.java:75)
	at org.gradle.tooling.internal.provider.ContinuousBuildActionExecuter.execute(ContinuousBuildActionExecuter.java:49)
	at org.gradle.tooling.internal.provider.ServicesSetupBuildActionExecuter.execute(ServicesSetupBuildActionExecuter.java:44)
	at org.gradle.tooling.internal.provider.ServicesSetupBuildActionExecuter.execute(ServicesSetupBuildActionExecuter.java:29)
	at org.gradle.launcher.cli.RunBuildAction.run(RunBuildAction.java:51)
	at org.gradle.internal.Actions$RunnableActionAdapter.execute(Actions.java:173)
	at org.gradle.launcher.cli.CommandLineActionFactory$ParseAndBuildAction.execute(CommandLineActionFactory.java:244)
	at org.gradle.launcher.cli.CommandLineActionFactory$ParseAndBuildAction.execute(CommandLineActionFactory.java:217)
	at org.gradle.launcher.cli.JavaRuntimeValidationAction.execute(JavaRuntimeValidationAction.java:33)
	at org.gradle.launcher.cli.JavaRuntimeValidationAction.execute(JavaRuntimeValidationAction.java:24)
	at org.gradle.launcher.cli.ExceptionReportingAction.execute(ExceptionReportingAction.java:33)
	at org.gradle.launcher.cli.ExceptionReportingAction.execute(ExceptionReportingAction.java:22)
	at org.gradle.launcher.cli.CommandLineActionFactory$WithLogging.execute(CommandLineActionFactory.java:210)
	at org.gradle.launcher.cli.CommandLineActionFactory$WithLogging.execute(CommandLineActionFactory.java:174)
	at org.gradle.launcher.Main.doAction(Main.java:33)
	at org.gradle.launcher.bootstrap.EntryPoint.run(EntryPoint.java:45)
	at org.gradle.launcher.bootstrap.ProcessBootstrap.runNoExit(ProcessBootstrap.java:60)
	at org.gradle.launcher.bootstrap.ProcessBootstrap.run(ProcessBootstrap.java:37)
	at org.gradle.launcher.GradleMain.main(GradleMain.java:23)
	at org.gradle.wrapper.BootstrapMainStarter.start(BootstrapMainStarter.java:30)
	at org.gradle.wrapper.WrapperExecutor.execute(WrapperExecutor.java:129)
	at org.gradle.wrapper.GradleWrapperMain.main(GradleWrapperMain.java:61)


BUILD FAILED

Total time: 5.482 secs

2018-08-31 15:44:57,927 ERROR ProjectBuildService - Excluded tasks were detected wrong
2018-08-31 15:44:57,927 INFO  SysUtils - Execute command: [/var/folders/bq/vtzpc5ns5sg2cthy61lqpg3dfzgbys/T/1535705081271-0/src/Custom-Toggle-Button-master/gradlew, -b, /var/folders/bq/vtzpc5ns5sg2cthy61lqpg3dfzgbys/T/1535705081271-0/src/Custom-Toggle-Button-master/CustomToggle/build.gradle, -Dorg.gradle.daemon=false, -Dorg.gradle.daemon.performance.enable-monitoring=false, -Dorg.gradle.configureondemand=true, --stacktrace, build]
2018-08-31 15:45:15,971 INFO  SysUtils - Configuration on demand is an incubating feature.
Incremental java compilation is an incubating feature.
:CustomToggle:preBuild UP-TO-DATE
:CustomToggle:preDebugBuild UP-TO-DATE
:CustomToggle:checkDebugManifest
:CustomToggle:preDebugAndroidTestBuild UP-TO-DATE
:CustomToggle:preDebugUnitTestBuild UP-TO-DATE
:CustomToggle:preReleaseBuild UP-TO-DATE
:CustomToggle:preReleaseUnitTestBuild UP-TO-DATE
:CustomToggle:prepareComAndroidSupportAnimatedVectorDrawable2531Library
:CustomToggle:prepareComAndroidSupportAppcompatV72531Library
:CustomToggle:prepareComAndroidSupportSupportCompat2531Library
:CustomToggle:prepareComAndroidSupportSupportCoreUi2531Library
:CustomToggle:prepareComAndroidSupportSupportCoreUtils2531Library
:CustomToggle:prepareComAndroidSupportSupportFragment2531Library
:CustomToggle:prepareComAndroidSupportSupportMediaCompat2531Library
:CustomToggle:prepareComAndroidSupportSupportV42531Library
:CustomToggle:prepareComAndroidSupportSupportVectorDrawable2531Library
:CustomToggle:prepareDebugDependencies
:CustomToggle:compileDebugAidl
:CustomToggle:compileDebugNdk UP-TO-DATE
:CustomToggle:compileLint
:CustomToggle:copyDebugLint UP-TO-DATE
:CustomToggle:compileDebugRenderscript
:CustomToggle:generateDebugBuildConfig
:CustomToggle:generateDebugResValues
:CustomToggle:generateDebugResources
:CustomToggle:mergeDebugResources
:CustomToggle:processDebugManifest
:CustomToggle:processDebugResources
:CustomToggle:generateDebugSources
:CustomToggle:incrementalDebugJavaCompilationSafeguard
:CustomToggle:javaPreCompileDebug
:CustomToggle:compileDebugJavaWithJavac
:CustomToggle:compileDebugJavaWithJavac - is not incremental (e.g. outputs have changed, no previous execution, etc.).
Note: /private/var/folders/bq/vtzpc5ns5sg2cthy61lqpg3dfzgbys/T/1535705081271-0/src/Custom-Toggle-Button-master/CustomToggle/src/main/java/me/rishabhkhanna/customtogglebutton/CustomToggleButton.java uses or overrides a deprecated API.
Note: Recompile with -Xlint:deprecation for details.
:CustomToggle:extractDebugAnnotations
:CustomToggle:mergeDebugShaders
:CustomToggle:compileDebugShaders
:CustomToggle:generateDebugAssets
:CustomToggle:mergeDebugAssets
:CustomToggle:mergeDebugProguardFiles
:CustomToggle:packageDebugRenderscript UP-TO-DATE
:CustomToggle:packageDebugResources
:CustomToggle:processDebugJavaRes UP-TO-DATE
:CustomToggle:transformResourcesWithMergeJavaResForDebug
:CustomToggle:transformClassesAndResourcesWithSyncLibJarsForDebug
:CustomToggle:mergeDebugJniLibFolders
:CustomToggle:transformNativeLibsWithMergeJniLibsForDebug
:CustomToggle:transformNativeLibsWithStripDebugSymbolForDebug
:CustomToggle:transformNativeLibsWithSyncJniLibsForDebug
:CustomToggle:bundleDebug
:CustomToggle:compileDebugSources
:CustomToggle:assembleDebug
:CustomToggle:checkReleaseManifest
:CustomToggle:prepareReleaseDependencies
:CustomToggle:compileReleaseAidl
:CustomToggle:compileReleaseNdk UP-TO-DATE
:CustomToggle:copyReleaseLint UP-TO-DATE
:CustomToggle:compileReleaseRenderscript
:CustomToggle:generateReleaseBuildConfig
:CustomToggle:generateReleaseResValues
:CustomToggle:generateReleaseResources
:CustomToggle:mergeReleaseResources
:CustomToggle:processReleaseManifest
:CustomToggle:processReleaseResources
:CustomToggle:generateReleaseSources
:CustomToggle:incrementalReleaseJavaCompilationSafeguard
:CustomToggle:javaPreCompileRelease
:CustomToggle:compileReleaseJavaWithJavac
:CustomToggle:compileReleaseJavaWithJavac - is not incremental (e.g. outputs have changed, no previous execution, etc.).
Note: /private/var/folders/bq/vtzpc5ns5sg2cthy61lqpg3dfzgbys/T/1535705081271-0/src/Custom-Toggle-Button-master/CustomToggle/src/main/java/me/rishabhkhanna/customtogglebutton/CustomToggleButton.java uses or overrides a deprecated API.
Note: Recompile with -Xlint:deprecation for details.
:CustomToggle:extractReleaseAnnotations
:CustomToggle:mergeReleaseShaders
:CustomToggle:compileReleaseShaders
:CustomToggle:generateReleaseAssets
:CustomToggle:mergeReleaseAssets
:CustomToggle:mergeReleaseProguardFiles
:CustomToggle:packageReleaseRenderscript UP-TO-DATE
:CustomToggle:packageReleaseResources
:CustomToggle:processReleaseJavaRes UP-TO-DATE
:CustomToggle:transformResourcesWithMergeJavaResForRelease
:CustomToggle:transformClassesAndResourcesWithSyncLibJarsForRelease
:CustomToggle:mergeReleaseJniLibFolders
:CustomToggle:transformNativeLibsWithMergeJniLibsForRelease
:CustomToggle:transformNativeLibsWithStripDebugSymbolForRelease
:CustomToggle:transformNativeLibsWithSyncJniLibsForRelease
:CustomToggle:bundleRelease
:CustomToggle:compileReleaseSources
:CustomToggle:assembleRelease
:CustomToggle:assemble
:CustomToggle:lint
Ran lint on variant release: 4 issues found
Ran lint on variant debug: 4 issues found
Wrote HTML report to file:///private/var/folders/bq/vtzpc5ns5sg2cthy61lqpg3dfzgbys/T/1535705081271-0/src/Custom-Toggle-Button-master/CustomToggle/build/reports/lint-results.html
Wrote XML report to file:///private/var/folders/bq/vtzpc5ns5sg2cthy61lqpg3dfzgbys/T/1535705081271-0/src/Custom-Toggle-Button-master/CustomToggle/build/reports/lint-results.xml
:CustomToggle:incrementalDebugUnitTestJavaCompilationSafeguard UP-TO-DATE
:CustomToggle:javaPreCompileDebugUnitTest
:CustomToggle:prepareDebugUnitTestDependencies
:CustomToggle:compileDebugUnitTestJavaWithJavac
:CustomToggle:processDebugUnitTestJavaRes UP-TO-DATE
:CustomToggle:compileDebugUnitTestSources
:CustomToggle:mockableAndroidJar
:CustomToggle:assembleDebugUnitTest
:CustomToggle:testDebugUnitTest
:CustomToggle:incrementalReleaseUnitTestJavaCompilationSafeguard UP-TO-DATE
:CustomToggle:javaPreCompileReleaseUnitTest
:CustomToggle:prepareReleaseUnitTestDependencies
:CustomToggle:compileReleaseUnitTestJavaWithJavac
:CustomToggle:processReleaseUnitTestJavaRes UP-TO-DATE
:CustomToggle:compileReleaseUnitTestSources
:CustomToggle:assembleReleaseUnitTest
:CustomToggle:testReleaseUnitTest
:CustomToggle:test
:CustomToggle:check
:CustomToggle:build

BUILD SUCCESSFUL

Total time: 17.822 secs

2018-08-31 15:45:16,025 INFO  ProjectTaskService - Detecting possible tasks...
2018-08-31 15:45:16,025 INFO  SysUtils - Execute command: [/var/folders/bq/vtzpc5ns5sg2cthy61lqpg3dfzgbys/T/1535705081271-0/src/Custom-Toggle-Button-master/gradlew, -b, /var/folders/bq/vtzpc5ns5sg2cthy61lqpg3dfzgbys/T/1535705081271-0/src/Custom-Toggle-Button-master/app/build.gradle, -Dorg.gradle.daemon=false, -Dorg.gradle.daemon.performance.enable-monitoring=false, -Dorg.gradle.configureondemand=true, tasks]
2018-08-31 15:45:22,806 INFO  ProjectTaskService - Detected possible tasks: 70
2018-08-31 15:45:22,806 INFO  ProjectTaskService - Excluded tasks (23): lintDebug mockableAndroidJar javadocJar deviceCheck lint testReleaseUnitTest javadoc uninstallRelease deviceAndroidTest uninstallDebugAndroidTest installDebugAndroidTest connectedCheck connectedDebugAndroidTest uninstallAll sourcesJar createDebugCoverageReport test check testDebugUnitTest connectedAndroidTest installDebug lintRelease uninstallDebug
2018-08-31 15:45:22,806 INFO  SysUtils - Execute command: [/var/folders/bq/vtzpc5ns5sg2cthy61lqpg3dfzgbys/T/1535705081271-0/src/Custom-Toggle-Button-master/gradlew, -b, /var/folders/bq/vtzpc5ns5sg2cthy61lqpg3dfzgbys/T/1535705081271-0/src/Custom-Toggle-Button-master/app/build.gradle, -Dorg.gradle.daemon=false, -Dorg.gradle.daemon.performance.enable-monitoring=false, -Dorg.gradle.configureondemand=true, --stacktrace, -x, lintDebug, -x, mockableAndroidJar, -x, javadocJar, -x, deviceCheck, -x, lint, -x, testReleaseUnitTest, -x, javadoc, -x, uninstallRelease, -x, deviceAndroidTest, -x, uninstallDebugAndroidTest, -x, installDebugAndroidTest, -x, connectedCheck, -x, connectedDebugAndroidTest, -x, uninstallAll, -x, sourcesJar, -x, createDebugCoverageReport, -x, test, -x, check, -x, testDebugUnitTest, -x, connectedAndroidTest, -x, installDebug, -x, lintRelease, -x, uninstallDebug, build]
2018-08-31 15:45:29,306 ERROR SysUtils - Could not process external command
org.apache.commons.exec.ExecuteException: Process exited with an error: 1 (Exit value: 1)
	at org.apache.commons.exec.DefaultExecutor.executeInternal(DefaultExecutor.java:404)
	at org.apache.commons.exec.DefaultExecutor.execute(DefaultExecutor.java:166)
	at com.github.vbauer.apkmaster.util.SysUtils.execute(SysUtils.java:67)
	at com.github.vbauer.apkmaster.util.SysUtils.executeSimple(SysUtils.java:43)
	at com.github.vbauer.apkmaster.service.assembly.ProjectBuildService.buildProject(ProjectBuildService.java:78)
	at com.github.vbauer.apkmaster.service.assembly.ProjectBuildService.buildProject(ProjectBuildService.java:64)
	at com.github.vbauer.apkmaster.service.assembly.ProjectBuildService.buildProject(ProjectBuildService.java:43)
	at com.github.vbauer.apkmaster.service.FullProcessService.build(FullProcessService.java:84)
	at com.github.vbauer.apkmaster.service.FullProcessService.process(FullProcessService.java:34)
	at com.github.vbauer.apkmaster.app.MainApplication.process(MainApplication.java:38)
	at com.github.vbauer.apkmaster.app.MainApplication.main(MainApplication.java:20)
	at sun.reflect.GeneratedMethodAccessor8.invoke(Unknown Source)
	at sun.reflect.DelegatingMethodAccessorImpl.invoke(DelegatingMethodAccessorImpl.java:43)
	at java.lang.reflect.Method.invoke(Method.java:498)
	at com.android.arsenal.util.ReflectionUtils.invoke(ReflectionUtils.java:52)
	at com.android.arsenal.util.ApkMasterUtils.main(ApkMasterUtils.java:30)
	at com.android.arsenal.service.processor.impl.BuildProcessorServiceImpl.buildProject(BuildProcessorServiceImpl.java:196)
	at com.android.arsenal.service.processor.impl.BuildProcessorServiceImpl.build(BuildProcessorServiceImpl.java:130)
	at com.android.arsenal.service.processor.impl.BuildProcessorServiceImpl.lambda$createTasks$1(BuildProcessorServiceImpl.java:113)
	at java.util.concurrent.FutureTask.run(FutureTask.java:266)
	at java.util.concurrent.Executors$RunnableAdapter.call(Executors.java:511)
	at java.util.concurrent.FutureTask.run(FutureTask.java:266)
	at java.util.concurrent.ThreadPoolExecutor.runWorker(ThreadPoolExecutor.java:1149)
	at java.util.concurrent.ThreadPoolExecutor$Worker.run(ThreadPoolExecutor.java:624)
	at java.lang.Thread.run(Thread.java:748)
2018-08-31 15:45:29,307 INFO  SysUtils - Configuration on demand is an incubating feature.
Incremental java compilation is an incubating feature.

FAILURE: Build failed with an exception.

* What went wrong:
Task 'javadocJar' not found in project ':app'.

* Try:
Run gradlew tasks to get a list of available tasks. Run with --info or --debug option to get more log output.

* Exception is:
org.gradle.execution.TaskSelectionException: Task 'javadocJar' not found in project ':app'.
	at org.gradle.execution.TaskSelector.getSelection(TaskSelector.java:116)
	at org.gradle.execution.TaskSelector.getFilter(TaskSelector.java:66)
	at org.gradle.execution.ExcludedTaskFilteringBuildConfigurationAction.configure(ExcludedTaskFilteringBuildConfigurationAction.java:42)
	at org.gradle.execution.DefaultBuildConfigurationActionExecuter.configure(DefaultBuildConfigurationActionExecuter.java:48)
	at org.gradle.execution.DefaultBuildConfigurationActionExecuter.select(DefaultBuildConfigurationActionExecuter.java:36)
	at org.gradle.initialization.DefaultGradleLauncher$2.execute(DefaultGradleLauncher.java:185)
	at org.gradle.initialization.DefaultGradleLauncher$2.execute(DefaultGradleLauncher.java:182)
	at org.gradle.internal.Transformers$4.transform(Transformers.java:169)
	at org.gradle.internal.progress.DefaultBuildOperationExecutor.run(DefaultBuildOperationExecutor.java:106)
	at org.gradle.internal.progress.DefaultBuildOperationExecutor.run(DefaultBuildOperationExecutor.java:56)
	at org.gradle.initialization.DefaultGradleLauncher.doBuildStages(DefaultGradleLauncher.java:182)
	at org.gradle.initialization.DefaultGradleLauncher.doBuild(DefaultGradleLauncher.java:119)
	at org.gradle.initialization.DefaultGradleLauncher.run(DefaultGradleLauncher.java:102)
	at org.gradle.launcher.exec.GradleBuildController.run(GradleBuildController.java:71)
	at org.gradle.tooling.internal.provider.ExecuteBuildActionRunner.run(ExecuteBuildActionRunner.java:28)
	at org.gradle.launcher.exec.ChainingBuildActionRunner.run(ChainingBuildActionRunner.java:35)
	at org.gradle.launcher.exec.InProcessBuildActionExecuter.execute(InProcessBuildActionExecuter.java:41)
	at org.gradle.launcher.exec.InProcessBuildActionExecuter.execute(InProcessBuildActionExecuter.java:26)
	at org.gradle.tooling.internal.provider.ContinuousBuildActionExecuter.execute(ContinuousBuildActionExecuter.java:75)
	at org.gradle.tooling.internal.provider.ContinuousBuildActionExecuter.execute(ContinuousBuildActionExecuter.java:49)
	at org.gradle.tooling.internal.provider.ServicesSetupBuildActionExecuter.execute(ServicesSetupBuildActionExecuter.java:44)
	at org.gradle.tooling.internal.provider.ServicesSetupBuildActionExecuter.execute(ServicesSetupBuildActionExecuter.java:29)
	at org.gradle.launcher.cli.RunBuildAction.run(RunBuildAction.java:51)
	at org.gradle.internal.Actions$RunnableActionAdapter.execute(Actions.java:173)
	at org.gradle.launcher.cli.CommandLineActionFactory$ParseAndBuildAction.execute(CommandLineActionFactory.java:244)
	at org.gradle.launcher.cli.CommandLineActionFactory$ParseAndBuildAction.execute(CommandLineActionFactory.java:217)
	at org.gradle.launcher.cli.JavaRuntimeValidationAction.execute(JavaRuntimeValidationAction.java:33)
	at org.gradle.launcher.cli.JavaRuntimeValidationAction.execute(JavaRuntimeValidationAction.java:24)
	at org.gradle.launcher.cli.ExceptionReportingAction.execute(ExceptionReportingAction.java:33)
	at org.gradle.launcher.cli.ExceptionReportingAction.execute(ExceptionReportingAction.java:22)
	at org.gradle.launcher.cli.CommandLineActionFactory$WithLogging.execute(CommandLineActionFactory.java:210)
	at org.gradle.launcher.cli.CommandLineActionFactory$WithLogging.execute(CommandLineActionFactory.java:174)
	at org.gradle.launcher.Main.doAction(Main.java:33)
	at org.gradle.launcher.bootstrap.EntryPoint.run(EntryPoint.java:45)
	at org.gradle.launcher.bootstrap.ProcessBootstrap.runNoExit(ProcessBootstrap.java:60)
	at org.gradle.launcher.bootstrap.ProcessBootstrap.run(ProcessBootstrap.java:37)
	at org.gradle.launcher.GradleMain.main(GradleMain.java:23)
	at org.gradle.wrapper.BootstrapMainStarter.start(BootstrapMainStarter.java:30)
	at org.gradle.wrapper.WrapperExecutor.execute(WrapperExecutor.java:129)
	at org.gradle.wrapper.GradleWrapperMain.main(GradleWrapperMain.java:61)


BUILD FAILED

Total time: 6.132 secs

2018-08-31 15:45:29,307 ERROR ProjectBuildService - Excluded tasks were detected wrong
2018-08-31 15:45:29,307 INFO  SysUtils - Execute command: [/var/folders/bq/vtzpc5ns5sg2cthy61lqpg3dfzgbys/T/1535705081271-0/src/Custom-Toggle-Button-master/gradlew, -b, /var/folders/bq/vtzpc5ns5sg2cthy61lqpg3dfzgbys/T/1535705081271-0/src/Custom-Toggle-Button-master/app/build.gradle, -Dorg.gradle.daemon=false, -Dorg.gradle.daemon.performance.enable-monitoring=false, -Dorg.gradle.configureondemand=true, --stacktrace, build]
2018-08-31 15:45:50,779 INFO  SysUtils - Configuration on demand is an incubating feature.
Incremental java compilation is an incubating feature.
Download https://jcenter.bintray.com/org/jacoco/org.jacoco.agent/0.7.5.201505241946/org.jacoco.agent-0.7.5.201505241946.pom
Download https://jcenter.bintray.com/org/jacoco/org.jacoco.agent/0.7.5.201505241946/org.jacoco.agent-0.7.5.201505241946.jar
:CustomToggle:preBuild UP-TO-DATE
:CustomToggle:preReleaseBuild UP-TO-DATE
:CustomToggle:checkReleaseManifest
:CustomToggle:preDebugAndroidTestBuild UP-TO-DATE
:CustomToggle:preDebugBuild UP-TO-DATE
:CustomToggle:preDebugUnitTestBuild UP-TO-DATE
:CustomToggle:preReleaseUnitTestBuild UP-TO-DATE
:CustomToggle:prepareComAndroidSupportAnimatedVectorDrawable2531Library
:CustomToggle:prepareComAndroidSupportAppcompatV72531Library
:CustomToggle:prepareComAndroidSupportSupportCompat2531Library
:CustomToggle:prepareComAndroidSupportSupportCoreUi2531Library
:CustomToggle:prepareComAndroidSupportSupportCoreUtils2531Library
:CustomToggle:prepareComAndroidSupportSupportFragment2531Library
:CustomToggle:prepareComAndroidSupportSupportMediaCompat2531Library
:CustomToggle:prepareComAndroidSupportSupportV42531Library
:CustomToggle:prepareComAndroidSupportSupportVectorDrawable2531Library
:CustomToggle:prepareReleaseDependencies
:CustomToggle:compileReleaseAidl UP-TO-DATE
:CustomToggle:compileReleaseNdk UP-TO-DATE
:CustomToggle:compileLint UP-TO-DATE
:CustomToggle:copyReleaseLint UP-TO-DATE
:CustomToggle:compileReleaseRenderscript UP-TO-DATE
:CustomToggle:generateReleaseBuildConfig UP-TO-DATE
:CustomToggle:generateReleaseResValues UP-TO-DATE
:CustomToggle:generateReleaseResources UP-TO-DATE
:CustomToggle:mergeReleaseResources UP-TO-DATE
:CustomToggle:processReleaseManifest UP-TO-DATE
:CustomToggle:processReleaseResources UP-TO-DATE
:CustomToggle:generateReleaseSources UP-TO-DATE
:CustomToggle:incrementalReleaseJavaCompilationSafeguard UP-TO-DATE
:CustomToggle:javaPreCompileRelease
:CustomToggle:compileReleaseJavaWithJavac UP-TO-DATE
:CustomToggle:extractReleaseAnnotations UP-TO-DATE
:CustomToggle:mergeReleaseShaders UP-TO-DATE
:CustomToggle:compileReleaseShaders UP-TO-DATE
:CustomToggle:generateReleaseAssets UP-TO-DATE
:CustomToggle:mergeReleaseAssets UP-TO-DATE
:CustomToggle:mergeReleaseProguardFiles UP-TO-DATE
:CustomToggle:packageReleaseRenderscript UP-TO-DATE
:CustomToggle:packageReleaseResources UP-TO-DATE
:CustomToggle:processReleaseJavaRes UP-TO-DATE
:CustomToggle:transformResourcesWithMergeJavaResForRelease UP-TO-DATE
:CustomToggle:transformClassesAndResourcesWithSyncLibJarsForRelease UP-TO-DATE
:CustomToggle:mergeReleaseJniLibFolders UP-TO-DATE
:CustomToggle:transformNativeLibsWithMergeJniLibsForRelease UP-TO-DATE
:CustomToggle:transformNativeLibsWithStripDebugSymbolForRelease UP-TO-DATE
:CustomToggle:transformNativeLibsWithSyncJniLibsForRelease UP-TO-DATE
:CustomToggle:bundleRelease UP-TO-DATE
:app:preBuild UP-TO-DATE
:app:preDebugBuild UP-TO-DATE
:app:checkDebugManifest
:app:preReleaseBuild UP-TO-DATE
:app:prepareComAndroidSupportAnimatedVectorDrawable2531Library
:app:prepareComAndroidSupportAppcompatV72531Library
:app:prepareComAndroidSupportSupportCompat2531Library
:app:prepareComAndroidSupportSupportCoreUi2531Library
:app:prepareComAndroidSupportSupportCoreUtils2531Library
:app:prepareComAndroidSupportSupportFragment2531Library
:app:prepareComAndroidSupportSupportMediaCompat2531Library
:app:prepareComAndroidSupportSupportV42531Library
:app:prepareComAndroidSupportSupportVectorDrawable2531Library
:app:prepareDebugDependencies
:app:compileDebugAidl
:app:compileDebugRenderscript
:app:generateDebugBuildConfig
:app:generateDebugResValues
:app:generateDebugResources
:app:mergeDebugResources
:app:processDebugManifest
:app:processDebugResources
:app:generateDebugSources
:app:incrementalDebugJavaCompilationSafeguard
:app:javaPreCompileDebug
:app:compileDebugJavaWithJavac
:app:compileDebugJavaWithJavac - is not incremental (e.g. outputs have changed, no previous execution, etc.).
:app:compileDebugNdk UP-TO-DATE
:app:compileDebugSources
:app:mergeDebugShaders
:app:compileDebugShaders
:app:generateDebugAssets
:app:mergeDebugAssets
:app:unzipJacocoAgent
:app:transformClassesWithJacocoForDebug
:app:transformClassesWithDexForDebug
:app:mergeDebugJniLibFolders
:app:transformNativeLibsWithMergeJniLibsForDebug
:app:transformNativeLibsWithStripDebugSymbolForDebug
:app:processDebugJavaRes UP-TO-DATE
:app:transformResourcesWithMergeJavaResForDebug
:app:validateSigningDebug
:app:packageDebug
:app:assembleDebug
:app:checkReleaseManifest
:app:prepareReleaseDependencies
:app:compileReleaseAidl
:app:compileReleaseRenderscript
:app:generateReleaseBuildConfig
:app:generateReleaseResValues
:app:generateReleaseResources
:app:mergeReleaseResources
:app:processReleaseManifest
:app:processReleaseResources
:app:generateReleaseSources
:app:incrementalReleaseJavaCompilationSafeguard
:app:javaPreCompileRelease
:app:compileReleaseJavaWithJavac
:app:compileReleaseJavaWithJavac - is not incremental (e.g. outputs have changed, no previous execution, etc.).
:app:compileReleaseNdk UP-TO-DATE
:app:compileReleaseSources
:app:lintVitalRelease
:app:mergeReleaseShaders
:app:compileReleaseShaders
:app:generateReleaseAssets
:app:mergeReleaseAssets
:app:transformClassesWithDexForRelease
:app:mergeReleaseJniLibFolders
:app:transformNativeLibsWithMergeJniLibsForRelease
:app:transformNativeLibsWithStripDebugSymbolForRelease
:app:processReleaseJavaRes UP-TO-DATE
:app:transformResourcesWithMergeJavaResForRelease
:app:packageRelease
:app:assembleRelease
:app:assemble
:app:lint
Ran lint on variant release: 11 issues found
Ran lint on variant debug: 11 issues found
Wrote HTML report to file:///private/var/folders/bq/vtzpc5ns5sg2cthy61lqpg3dfzgbys/T/1535705081271-0/src/Custom-Toggle-Button-master/app/build/reports/lint-results.html
Wrote XML report to file:///private/var/folders/bq/vtzpc5ns5sg2cthy61lqpg3dfzgbys/T/1535705081271-0/src/Custom-Toggle-Button-master/app/build/reports/lint-results.xml
:app:incrementalDebugUnitTestJavaCompilationSafeguard UP-TO-DATE
:app:javaPreCompileDebugUnitTest
:app:preDebugUnitTestBuild UP-TO-DATE
:app:prepareDebugUnitTestDependencies
:app:compileDebugUnitTestJavaWithJavac
:app:processDebugUnitTestJavaRes UP-TO-DATE
:app:compileDebugUnitTestSources
:app:mockableAndroidJar
:app:assembleDebugUnitTest
:app:testDebugUnitTest
:app:incrementalReleaseUnitTestJavaCompilationSafeguard UP-TO-DATE
:app:javaPreCompileReleaseUnitTest
:app:preReleaseUnitTestBuild UP-TO-DATE
:app:prepareReleaseUnitTestDependencies
:app:compileReleaseUnitTestJavaWithJavac
:app:processReleaseUnitTestJavaRes UP-TO-DATE
:app:compileReleaseUnitTestSources
:app:assembleReleaseUnitTest
:app:testReleaseUnitTest
:app:test
:app:check
:app:build

BUILD SUCCESSFUL

Total time: 20.82 secs

2018-08-31 15:45:50,888 INFO  FullProcessService - Found APK file: /var/folders/bq/vtzpc5ns5sg2cthy61lqpg3dfzgbys/T/1535705081271-0/src/Custom-Toggle-Button-master/app/build/outputs/apk/app-debug.apk
