2018-12-30 20:35:27,047 INFO  DownloadService - Downloading "https://github.com/lytefast/flex-input/archive/master.zip", attempt 3
2018-12-30 20:35:28,585 INFO  DownloadService - Downloaded https://github.com/lytefast/flex-input/archive/master.zip, attempt 3
2018-12-30 20:35:28,585 INFO  DownloadService - Size of file "/var/folders/bq/vtzpc5ns5sg2cthy61lqpg3dfzgbys/T/1546176927043-0/master.zip": 1 MB
2018-12-30 20:35:28,585 INFO  ArchiveUtils - Checking entries [.gradle] in ZIP file...
2018-12-30 20:35:28,587 INFO  ArchiveUtils - Has entries [.gradle] in ZIP file /var/folders/bq/vtzpc5ns5sg2cthy61lqpg3dfzgbys/T/1546176927043-0/master.zip: true
2018-12-30 20:35:28,588 DEBUG ZipUtil - Extracting '/var/folders/bq/vtzpc5ns5sg2cthy61lqpg3dfzgbys/T/1546176927043-0/master.zip' into '/var/folders/bq/vtzpc5ns5sg2cthy61lqpg3dfzgbys/T/1546176927043-0/src'.
2018-12-30 20:35:28,637 INFO  FullProcessService - Size of directory with sources: 1 MB
2018-12-30 20:35:28,637 INFO  SysUtils - Execute command: [git, init, /var/folders/bq/vtzpc5ns5sg2cthy61lqpg3dfzgbys/T/1546176927043-0/src]
2018-12-30 20:35:28,656 INFO  SysUtils - Initialized empty Git repository in /private/var/folders/bq/vtzpc5ns5sg2cthy61lqpg3dfzgbys/T/1546176927043-0/src/.git/

2018-12-30 20:35:28,661 INFO  ProjectBuildService - Gradle wrapper(s): /var/folders/bq/vtzpc5ns5sg2cthy61lqpg3dfzgbys/T/1546176927043-0/src/flex-input-master/gradlew
2018-12-30 20:35:28,669 INFO  ProjectBuildService - Build script(s): /var/folders/bq/vtzpc5ns5sg2cthy61lqpg3dfzgbys/T/1546176927043-0/src/flex-input-master/app/build.gradle /var/folders/bq/vtzpc5ns5sg2cthy61lqpg3dfzgbys/T/1546176927043-0/src/flex-input-master/flexinput/build.gradle /var/folders/bq/vtzpc5ns5sg2cthy61lqpg3dfzgbys/T/1546176927043-0/src/flex-input-master/build.gradle
2018-12-30 20:35:28,676 INFO  ProjectBuildService - All script(s): /var/folders/bq/vtzpc5ns5sg2cthy61lqpg3dfzgbys/T/1546176927043-0/src/flex-input-master/flexinput/build.gradle /var/folders/bq/vtzpc5ns5sg2cthy61lqpg3dfzgbys/T/1546176927043-0/src/flex-input-master/app/build.gradle /var/folders/bq/vtzpc5ns5sg2cthy61lqpg3dfzgbys/T/1546176927043-0/src/flex-input-master/build.gradle /var/folders/bq/vtzpc5ns5sg2cthy61lqpg3dfzgbys/T/1546176927043-0/src/flex-input-master/settings.gradle
2018-12-30 20:35:28,677 INFO  ProjectBuildService - Remote scripts: none
2018-12-30 20:35:28,677 INFO  ProjectFixService - Fixing project...
2018-12-30 20:35:28,690 INFO  LocalPropertiesFixService - Created fake /var/folders/bq/vtzpc5ns5sg2cthy61lqpg3dfzgbys/T/1546176927043-0/src/flex-input-master/app/local.properties
2018-12-30 20:35:28,692 INFO  ProjectFixService - Build info for "/var/folders/bq/vtzpc5ns5sg2cthy61lqpg3dfzgbys/T/1546176927043-0/src/flex-input-master/app/build.gradle": [buildToolsVersion=28.0.3,compileSdkVersion=28,minSdkVersion=16,targetSdkVersion=28]
2018-12-30 20:35:28,692 INFO  LocalPropertiesFixService - Created fake /var/folders/bq/vtzpc5ns5sg2cthy61lqpg3dfzgbys/T/1546176927043-0/src/flex-input-master/flexinput/local.properties
2018-12-30 20:35:28,694 INFO  ProjectFixService - Build info for "/var/folders/bq/vtzpc5ns5sg2cthy61lqpg3dfzgbys/T/1546176927043-0/src/flex-input-master/flexinput/build.gradle": [buildToolsVersion=28.0.3,compileSdkVersion=28,minSdkVersion=16,targetSdkVersion=28]
2018-12-30 20:35:28,694 INFO  LocalPropertiesFixService - Created fake /var/folders/bq/vtzpc5ns5sg2cthy61lqpg3dfzgbys/T/1546176927043-0/src/flex-input-master/local.properties
2018-12-30 20:35:28,695 INFO  WrapperPropertiesFixService - Gradle wrapper: https://services.gradle.org/distributions/gradle-4.6-all.zip
2018-12-30 20:35:28,695 INFO  WrapperPropertiesFixService - Gradle wrapper was changed from "-all.zip" to "-bin.zip" (https://services.gradle.org/distributions/gradle-4.6-bin.zip)
2018-12-30 20:35:28,696 INFO  ProjectFixService - Build info for "/var/folders/bq/vtzpc5ns5sg2cthy61lqpg3dfzgbys/T/1546176927043-0/src/flex-input-master/build.gradle": [buildToolsVersion=28.0.3,compileSdkVersion=28,minSdkVersion=16,targetSdkVersion=28]
2018-12-30 20:35:28,696 INFO  ProjectFixService - Project was maybe fixed
2018-12-30 20:35:28,696 INFO  ProjectTaskService - Detecting possible tasks...
2018-12-30 20:35:28,697 INFO  SysUtils - Execute command: [/var/folders/bq/vtzpc5ns5sg2cthy61lqpg3dfzgbys/T/1546176927043-0/src/flex-input-master/gradlew, -b, /var/folders/bq/vtzpc5ns5sg2cthy61lqpg3dfzgbys/T/1546176927043-0/src/flex-input-master/app/build.gradle, -Dorg.gradle.daemon=false, -Dorg.gradle.daemon.performance.enable-monitoring=false, -Dorg.gradle.configureondemand=true, tasks]
2018-12-30 20:35:36,925 INFO  ProjectTaskService - Detected possible tasks: 69
2018-12-30 20:35:36,926 INFO  ProjectTaskService - Excluded tasks (18): lintDebug deviceCheck lint testReleaseUnitTest uninstallRelease deviceAndroidTest uninstallDebugAndroidTest installDebugAndroidTest connectedCheck connectedDebugAndroidTest uninstallAll test check testDebugUnitTest connectedAndroidTest installDebug lintRelease uninstallDebug
2018-12-30 20:35:36,926 INFO  SysUtils - Execute command: [/var/folders/bq/vtzpc5ns5sg2cthy61lqpg3dfzgbys/T/1546176927043-0/src/flex-input-master/gradlew, -b, /var/folders/bq/vtzpc5ns5sg2cthy61lqpg3dfzgbys/T/1546176927043-0/src/flex-input-master/app/build.gradle, -Dorg.gradle.daemon=false, -Dorg.gradle.daemon.performance.enable-monitoring=false, -Dorg.gradle.configureondemand=true, --stacktrace, -x, lintDebug, -x, deviceCheck, -x, lint, -x, testReleaseUnitTest, -x, uninstallRelease, -x, deviceAndroidTest, -x, uninstallDebugAndroidTest, -x, installDebugAndroidTest, -x, connectedCheck, -x, connectedDebugAndroidTest, -x, uninstallAll, -x, test, -x, check, -x, testDebugUnitTest, -x, connectedAndroidTest, -x, installDebug, -x, lintRelease, -x, uninstallDebug, build]
2018-12-30 20:36:55,106 ERROR SysUtils - Could not process external command
org.apache.commons.exec.ExecuteException: Process exited with an error: 1 (Exit value: 1)
	at org.apache.commons.exec.DefaultExecutor.executeInternal(DefaultExecutor.java:404)
	at org.apache.commons.exec.DefaultExecutor.execute(DefaultExecutor.java:166)
	at com.github.vbauer.apkmaster.util.SysUtils.execute(SysUtils.java:67)
	at com.github.vbauer.apkmaster.util.SysUtils.executeSimple(SysUtils.java:43)
	at com.github.vbauer.apkmaster.service.assembly.ProjectBuildService.buildProject(ProjectBuildService.java:78)
	at com.github.vbauer.apkmaster.service.assembly.ProjectBuildService.buildProject(ProjectBuildService.java:64)
	at com.github.vbauer.apkmaster.service.assembly.ProjectBuildService.buildProject(ProjectBuildService.java:43)
	at com.github.vbauer.apkmaster.service.FullProcessService.build(FullProcessService.java:84)
	at com.github.vbauer.apkmaster.service.FullProcessService.process(FullProcessService.java:34)
	at com.github.vbauer.apkmaster.app.MainApplication.process(MainApplication.java:38)
	at com.github.vbauer.apkmaster.app.MainApplication.main(MainApplication.java:20)
	at sun.reflect.NativeMethodAccessorImpl.invoke0(Native Method)
	at sun.reflect.NativeMethodAccessorImpl.invoke(NativeMethodAccessorImpl.java:62)
	at sun.reflect.DelegatingMethodAccessorImpl.invoke(DelegatingMethodAccessorImpl.java:43)
	at java.lang.reflect.Method.invoke(Method.java:498)
	at com.android.arsenal.util.ReflectionUtils.invoke(ReflectionUtils.java:52)
	at com.android.arsenal.util.ApkMasterUtils.main(ApkMasterUtils.java:30)
	at com.android.arsenal.service.processor.impl.BuildProcessorServiceImpl.buildProject(BuildProcessorServiceImpl.java:196)
	at com.android.arsenal.service.processor.impl.BuildProcessorServiceImpl.build(BuildProcessorServiceImpl.java:130)
	at com.android.arsenal.service.processor.impl.BuildProcessorServiceImpl.lambda$createTasks$1(BuildProcessorServiceImpl.java:113)
	at java.util.concurrent.FutureTask.run(FutureTask.java:266)
	at java.util.concurrent.Executors$RunnableAdapter.call(Executors.java:511)
	at java.util.concurrent.FutureTask.run(FutureTask.java:266)
	at java.util.concurrent.ThreadPoolExecutor.runWorker(ThreadPoolExecutor.java:1149)
	at java.util.concurrent.ThreadPoolExecutor$Worker.run(ThreadPoolExecutor.java:624)
	at java.lang.Thread.run(Thread.java:748)
2018-12-30 20:36:55,107 INFO  SysUtils - Configuration on demand is an incubating feature.
Download https://jcenter.bintray.com/com/camerakit/camerakit/1.0.0-beta3.10/camerakit-1.0.0-beta3.10.pom
Download https://jcenter.bintray.com/com/camerakit/jpegkit/0.2.0/jpegkit-0.2.0.pom
:app:checkDebugClasspath
Download https://jcenter.bintray.com/com/camerakit/camerakit/1.0.0-beta3.10/camerakit-1.0.0-beta3.10.aar
Download https://jcenter.bintray.com/com/camerakit/jpegkit/0.2.0/jpegkit-0.2.0.aar
:app:preBuild UP-TO-DATE
:flexinput:preBuild UP-TO-DATE
:flexinput:preDebugBuild UP-TO-DATE
:flexinput:checkDebugManifest
:flexinput:processDebugManifest
:app:preDebugBuild
:flexinput:compileDebugAidl NO-SOURCE
:app:compileDebugAidl NO-SOURCE
:flexinput:packageDebugRenderscript NO-SOURCE
:app:compileDebugRenderscript
:app:checkDebugManifest
:app:generateDebugBuildConfig
:app:mainApkListPersistenceDebug
:app:generateDebugResValues
:app:generateDebugResources
:flexinput:compileDebugRenderscript
:flexinput:generateDebugResValues
:flexinput:generateDebugResources
:flexinput:packageDebugResources
:app:mergeDebugResources
:app:createDebugCompatibleScreenManifests
:app:processDebugManifest
:app:splitsDiscoveryTaskDebug
:flexinput:generateDebugRFile
:app:processDebugResources
:flexinput:generateDebugBuildConfig
:flexinput:compileDebugKotlin
w: /private/var/folders/bq/vtzpc5ns5sg2cthy61lqpg3dfzgbys/T/1546176927043-0/src/flex-input-master/flexinput/src/main/java/com/lytefast/flexinput/adapters/AttachmentPreviewAdapter.kt: (68, 32): 'setImageURI(Uri!): Unit' is deprecated. Overrides deprecated member in 'com.facebook.drawee.view.GenericDraweeView'. Deprecated in Java
w: /private/var/folders/bq/vtzpc5ns5sg2cthy61lqpg3dfzgbys/T/1546176927043-0/src/flex-input-master/flexinput/src/main/java/com/lytefast/flexinput/adapters/FileListAdapter.kt: (112, 15): 'setImageURI(Uri!): Unit' is deprecated. Overrides deprecated member in 'com.facebook.drawee.view.GenericDraweeView'. Deprecated in Java
w: /private/var/folders/bq/vtzpc5ns5sg2cthy61lqpg3dfzgbys/T/1546176927043-0/src/flex-input-master/flexinput/src/main/java/com/lytefast/flexinput/adapters/FileListAdapter.kt: (118, 19): Unnecessary non-null assertion (!!) on a non-null receiver of type String
w: /private/var/folders/bq/vtzpc5ns5sg2cthy61lqpg3dfzgbys/T/1546176927043-0/src/flex-input-master/flexinput/src/main/java/com/lytefast/flexinput/adapters/FileListAdapter.kt: (125, 17): 'setImageURI(Uri!): Unit' is deprecated. Overrides deprecated member in 'com.facebook.drawee.view.GenericDraweeView'. Deprecated in Java
w: /private/var/folders/bq/vtzpc5ns5sg2cthy61lqpg3dfzgbys/T/1546176927043-0/src/flex-input-master/flexinput/src/main/java/com/lytefast/flexinput/adapters/PhotoCursorAdapter.kt: (144, 17): 'setImageURI(Uri!): Unit' is deprecated. Overrides deprecated member in 'com.facebook.drawee.view.GenericDraweeView'. Deprecated in Java
w: /private/var/folders/bq/vtzpc5ns5sg2cthy61lqpg3dfzgbys/T/1546176927043-0/src/flex-input-master/flexinput/src/main/java/com/lytefast/flexinput/fragment/AddContentDialogFragment.kt: (140, 29): Unnecessary non-null assertion (!!) on a non-null receiver of type CharSequence
w: /private/var/folders/bq/vtzpc5ns5sg2cthy61lqpg3dfzgbys/T/1546176927043-0/src/flex-input-master/flexinput/src/main/java/com/lytefast/flexinput/fragment/CameraFragment.kt: (10, 25): 'Camera' is deprecated. Deprecated in Java
w: /private/var/folders/bq/vtzpc5ns5sg2cthy61lqpg3dfzgbys/T/1546176927043-0/src/flex-input-master/flexinput/src/main/java/com/lytefast/flexinput/fragment/CameraFragment.kt: (132, 49): 'Camera' is deprecated. Deprecated in Java
w: /private/var/folders/bq/vtzpc5ns5sg2cthy61lqpg3dfzgbys/T/1546176927043-0/src/flex-input-master/flexinput/src/main/java/com/lytefast/flexinput/fragment/FilesFragment.kt: (43, 57): Unchecked cast: Fragment? to FlexInputCoordinator<Any>
w: /private/var/folders/bq/vtzpc5ns5sg2cthy61lqpg3dfzgbys/T/1546176927043-0/src/flex-input-master/flexinput/src/main/java/com/lytefast/flexinput/fragment/PhotosFragment.kt: (41, 57): Unchecked cast: Fragment? to FlexInputCoordinator<Any>
w: /private/var/folders/bq/vtzpc5ns5sg2cthy61lqpg3dfzgbys/T/1546176927043-0/src/flex-input-master/flexinput/src/main/java/com/lytefast/flexinput/model/Emoji.kt: (26, 16): Type mismatch: inferred type is String? but String was expected
w: /private/var/folders/bq/vtzpc5ns5sg2cthy61lqpg3dfzgbys/T/1546176927043-0/src/flex-input-master/flexinput/src/main/java/com/lytefast/flexinput/model/Emoji.kt: (27, 15): Type mismatch: inferred type is Array<String!>? but Array<String> was expected
w: /private/var/folders/bq/vtzpc5ns5sg2cthy61lqpg3dfzgbys/T/1546176927043-0/src/flex-input-master/flexinput/src/main/java/com/lytefast/flexinput/model/Emoji.kt: (67, 14): Type mismatch: inferred type is String? but String was expected
w: /private/var/folders/bq/vtzpc5ns5sg2cthy61lqpg3dfzgbys/T/1546176927043-0/src/flex-input-master/flexinput/src/main/java/com/lytefast/flexinput/model/Photo.kt: (38, 21): Unsafe use of a nullable receiver of type Cursor?
w: /private/var/folders/bq/vtzpc5ns5sg2cthy61lqpg3dfzgbys/T/1546176927043-0/src/flex-input-master/flexinput/src/main/java/com/lytefast/flexinput/utils/FileUtils.kt: (34, 55): Type mismatch: inferred type is String? but String was expected
w: /private/var/folders/bq/vtzpc5ns5sg2cthy61lqpg3dfzgbys/T/1546176927043-0/src/flex-input-master/flexinput/src/main/java/com/lytefast/flexinput/utils/FileUtils.kt: (38, 16): Type mismatch: inferred type is String? but String was expected
w: /private/var/folders/bq/vtzpc5ns5sg2cthy61lqpg3dfzgbys/T/1546176927043-0/src/flex-input-master/flexinput/src/main/java/com/lytefast/flexinput/utils/FileUtils.kt: (40, 22): Type mismatch: inferred type is String? but String was expected
w: /private/var/folders/bq/vtzpc5ns5sg2cthy61lqpg3dfzgbys/T/1546176927043-0/src/flex-input-master/flexinput/src/main/java/com/lytefast/flexinput/utils/SelectionCoordinator.kt: (22, 54): Projection is redundant: the corresponding type parameter of ItemSelectionListener has the same variance
:flexinput:prepareLintJar
:flexinput:generateDebugSources
:flexinput:javaPreCompileDebug
:flexinput:compileDebugJavaWithJavacNote: Some input files use unchecked or unsafe operations.
Note: Recompile with -Xlint:unchecked for details.

:flexinput:processDebugJavaRes NO-SOURCE
:flexinput:transformClassesAndResourcesWithPrepareIntermediateJarsForDebug
:app:compileDebugKotlin
:app:prepareLintJar
:app:generateDebugSources
:app:javaPreCompileDebug
:app:compileDebugJavaWithJavacNote: Some input files use unchecked or unsafe operations.
Note: Recompile with -Xlint:unchecked for details.

:app:compileDebugNdk NO-SOURCE
:app:compileDebugSources
:app:mergeDebugShaders
:app:compileDebugShaders
:app:generateDebugAssets
:flexinput:mergeDebugShaders
:flexinput:compileDebugShaders
:flexinput:generateDebugAssets
:flexinput:packageDebugAssets
:app:mergeDebugAssets
:app:transformClassesWithDexBuilderForDebug
:app:transformClassesWithMultidexlistForDebug
:app:transformDexArchiveWithDexMergerForDebug
:app:mergeDebugJniLibFolders
:flexinput:compileDebugNdk NO-SOURCE
:flexinput:mergeDebugJniLibFolders
:flexinput:transformNativeLibsWithMergeJniLibsForDebug
:flexinput:transformNativeLibsWithStripDebugSymbolForDebug
:flexinput:transformNativeLibsWithIntermediateJniLibsForDebug
:app:transformNativeLibsWithMergeJniLibsForDebug
:app:transformNativeLibsWithStripDebugSymbolForDebug
:app:checkDebugLibraries
:app:processDebugJavaRes NO-SOURCE
:app:transformResourcesWithMergeJavaResForDebug
:app:validateSigningDebug
:app:packageDebug
:app:assembleDebug
:app:checkReleaseClasspath
:flexinput:preReleaseBuild UP-TO-DATE
:flexinput:checkReleaseManifest
:flexinput:processReleaseManifest
:app:preReleaseBuild
:flexinput:compileReleaseAidl NO-SOURCE
:app:compileReleaseAidl NO-SOURCE
:flexinput:packageReleaseRenderscript NO-SOURCE
:app:compileReleaseRenderscript
:app:checkReleaseManifest
:app:generateReleaseBuildConfig
:app:mainApkListPersistenceRelease
:app:generateReleaseResValues
:app:generateReleaseResources
:flexinput:compileReleaseRenderscript
:flexinput:generateReleaseResValues
:flexinput:generateReleaseResources
:flexinput:packageReleaseResources
:app:mergeReleaseResources
:app:createReleaseCompatibleScreenManifests
:app:processReleaseManifest
:app:splitsDiscoveryTaskRelease
:flexinput:generateReleaseRFile
:app:processReleaseResources
:flexinput:generateReleaseBuildConfig
:flexinput:compileReleaseKotlin
w: /private/var/folders/bq/vtzpc5ns5sg2cthy61lqpg3dfzgbys/T/1546176927043-0/src/flex-input-master/flexinput/src/main/java/com/lytefast/flexinput/adapters/AttachmentPreviewAdapter.kt: (68, 32): 'setImageURI(Uri!): Unit' is deprecated. Overrides deprecated member in 'com.facebook.drawee.view.GenericDraweeView'. Deprecated in Java
w: /private/var/folders/bq/vtzpc5ns5sg2cthy61lqpg3dfzgbys/T/1546176927043-0/src/flex-input-master/flexinput/src/main/java/com/lytefast/flexinput/adapters/FileListAdapter.kt: (112, 15): 'setImageURI(Uri!): Unit' is deprecated. Overrides deprecated member in 'com.facebook.drawee.view.GenericDraweeView'. Deprecated in Java
w: /private/var/folders/bq/vtzpc5ns5sg2cthy61lqpg3dfzgbys/T/1546176927043-0/src/flex-input-master/flexinput/src/main/java/com/lytefast/flexinput/adapters/FileListAdapter.kt: (118, 19): Unnecessary non-null assertion (!!) on a non-null receiver of type String
w: /private/var/folders/bq/vtzpc5ns5sg2cthy61lqpg3dfzgbys/T/1546176927043-0/src/flex-input-master/flexinput/src/main/java/com/lytefast/flexinput/adapters/FileListAdapter.kt: (125, 17): 'setImageURI(Uri!): Unit' is deprecated. Overrides deprecated member in 'com.facebook.drawee.view.GenericDraweeView'. Deprecated in Java
w: /private/var/folders/bq/vtzpc5ns5sg2cthy61lqpg3dfzgbys/T/1546176927043-0/src/flex-input-master/flexinput/src/main/java/com/lytefast/flexinput/adapters/PhotoCursorAdapter.kt: (144, 17): 'setImageURI(Uri!): Unit' is deprecated. Overrides deprecated member in 'com.facebook.drawee.view.GenericDraweeView'. Deprecated in Java
w: /private/var/folders/bq/vtzpc5ns5sg2cthy61lqpg3dfzgbys/T/1546176927043-0/src/flex-input-master/flexinput/src/main/java/com/lytefast/flexinput/fragment/AddContentDialogFragment.kt: (140, 29): Unnecessary non-null assertion (!!) on a non-null receiver of type CharSequence
w: /private/var/folders/bq/vtzpc5ns5sg2cthy61lqpg3dfzgbys/T/1546176927043-0/src/flex-input-master/flexinput/src/main/java/com/lytefast/flexinput/fragment/CameraFragment.kt: (10, 25): 'Camera' is deprecated. Deprecated in Java
w: /private/var/folders/bq/vtzpc5ns5sg2cthy61lqpg3dfzgbys/T/1546176927043-0/src/flex-input-master/flexinput/src/main/java/com/lytefast/flexinput/fragment/CameraFragment.kt: (132, 49): 'Camera' is deprecated. Deprecated in Java
w: /private/var/folders/bq/vtzpc5ns5sg2cthy61lqpg3dfzgbys/T/1546176927043-0/src/flex-input-master/flexinput/src/main/java/com/lytefast/flexinput/fragment/FilesFragment.kt: (43, 57): Unchecked cast: Fragment? to FlexInputCoordinator<Any>
w: /private/var/folders/bq/vtzpc5ns5sg2cthy61lqpg3dfzgbys/T/1546176927043-0/src/flex-input-master/flexinput/src/main/java/com/lytefast/flexinput/fragment/PhotosFragment.kt: (41, 57): Unchecked cast: Fragment? to FlexInputCoordinator<Any>
w: /private/var/folders/bq/vtzpc5ns5sg2cthy61lqpg3dfzgbys/T/1546176927043-0/src/flex-input-master/flexinput/src/main/java/com/lytefast/flexinput/model/Emoji.kt: (26, 16): Type mismatch: inferred type is String? but String was expected
w: /private/var/folders/bq/vtzpc5ns5sg2cthy61lqpg3dfzgbys/T/1546176927043-0/src/flex-input-master/flexinput/src/main/java/com/lytefast/flexinput/model/Emoji.kt: (27, 15): Type mismatch: inferred type is Array<String!>? but Array<String> was expected
w: /private/var/folders/bq/vtzpc5ns5sg2cthy61lqpg3dfzgbys/T/1546176927043-0/src/flex-input-master/flexinput/src/main/java/com/lytefast/flexinput/model/Emoji.kt: (67, 14): Type mismatch: inferred type is String? but String was expected
w: /private/var/folders/bq/vtzpc5ns5sg2cthy61lqpg3dfzgbys/T/1546176927043-0/src/flex-input-master/flexinput/src/main/java/com/lytefast/flexinput/model/Photo.kt: (38, 21): Unsafe use of a nullable receiver of type Cursor?
w: /private/var/folders/bq/vtzpc5ns5sg2cthy61lqpg3dfzgbys/T/1546176927043-0/src/flex-input-master/flexinput/src/main/java/com/lytefast/flexinput/utils/FileUtils.kt: (34, 55): Type mismatch: inferred type is String? but String was expected
w: /private/var/folders/bq/vtzpc5ns5sg2cthy61lqpg3dfzgbys/T/1546176927043-0/src/flex-input-master/flexinput/src/main/java/com/lytefast/flexinput/utils/FileUtils.kt: (38, 16): Type mismatch: inferred type is String? but String was expected
w: /private/var/folders/bq/vtzpc5ns5sg2cthy61lqpg3dfzgbys/T/1546176927043-0/src/flex-input-master/flexinput/src/main/java/com/lytefast/flexinput/utils/FileUtils.kt: (40, 22): Type mismatch: inferred type is String? but String was expected
w: /private/var/folders/bq/vtzpc5ns5sg2cthy61lqpg3dfzgbys/T/1546176927043-0/src/flex-input-master/flexinput/src/main/java/com/lytefast/flexinput/utils/SelectionCoordinator.kt: (22, 54): Projection is redundant: the corresponding type parameter of ItemSelectionListener has the same variance
:flexinput:generateReleaseSources
:flexinput:javaPreCompileRelease
:flexinput:compileReleaseJavaWithJavacNote: Some input files use unchecked or unsafe operations.
Note: Recompile with -Xlint:unchecked for details.

:flexinput:processReleaseJavaRes NO-SOURCE
:flexinput:transformClassesAndResourcesWithPrepareIntermediateJarsForRelease
:app:compileReleaseKotlin
:app:generateReleaseSources
:app:javaPreCompileRelease
:app:compileReleaseJavaWithJavacNote: Some input files use unchecked or unsafe operations.
Note: Recompile with -Xlint:unchecked for details.

:app:compileReleaseNdk NO-SOURCE
:app:compileReleaseSources
:app:lintVitalRelease/private/var/folders/bq/vtzpc5ns5sg2cthy61lqpg3dfzgbys/T/1546176927043-0/src/flex-input-master/app/src/main/res/values-night/colors.xml:17: Error: The color "highlight_alpha_50" in values-night has no declaration in the base values folder; this can lead to crashes when the resource is queried in a configuration that does not match this qualifier [MissingDefaultResource]
    <color name="highlight_alpha_50">#80222222</color>
           ~~~~~~~~~~~~~~~~~~~~~~~~~

   Explanation for issues of type "MissingDefaultResource":
   If a resource is only defined in folders with qualifiers like -land or -en,
   and there is no default declaration in the base folder (layout or values
   etc), then the app will crash if that resource is accessed on a device
   where the device is in a configuration missing the given qualifier.

   As a special case, drawables do not have to be specified in the base
   folder; if there is a match in a density folder (such as drawable-mdpi)
   that image will be used and scaled. Note however that if you  only specify
   a drawable in a folder like drawable-en-hdpi, the app will crash in
   non-English locales.

   There may be scenarios where you have a resource, such as a -fr drawable,
   which is only referenced from some other resource with the same qualifiers
   (such as a -fr style), which itself has safe fallbacks. However, this still
   makes it possible for somebody to accidentally reference the drawable and
   crash, so it is safer to create a default dummy fallback in the base
   folder. Alternatively, you can suppress the issue by adding
   tools:ignore="MissingDefaultResource" on the element.

   (This scenario frequently happens with string translations, where you might
   delete code and the corresponding resources, but forget to delete a
   translation. There is a dedicated issue id for that scenario, with the id
   ExtraTranslation.)

1 errors, 0 warnings
 FAILED

FAILURE: Build failed with an exception.

* What went wrong:
Execution failed for task ':app:lintVitalRelease'.
> Lint found fatal errors while assembling a release target.
  
  To proceed, either fix the issues identified by lint, or modify your build script as follows:
  ...
  android {
      lintOptions {
          checkReleaseBuilds false
          // Or, if you prefer, you can continue to check for errors in release builds,
          // but continue the build even when errors are found:
          abortOnError false
      }
  }
  ...

* Try:
Run with --info or --debug option to get more log output. Run with --scan to get full insights.

* Exception is:
org.gradle.api.tasks.TaskExecutionException: Execution failed for task ':app:lintVitalRelease'.
	at org.gradle.api.internal.tasks.execution.ExecuteActionsTaskExecuter.executeActions(ExecuteActionsTaskExecuter.java:103)
	at org.gradle.api.internal.tasks.execution.ExecuteActionsTaskExecuter.execute(ExecuteActionsTaskExecuter.java:73)
	at org.gradle.api.internal.tasks.execution.OutputDirectoryCreatingTaskExecuter.execute(OutputDirectoryCreatingTaskExecuter.java:51)
	at org.gradle.api.internal.tasks.execution.SkipUpToDateTaskExecuter.execute(SkipUpToDateTaskExecuter.java:59)
	at org.gradle.api.internal.tasks.execution.ResolveTaskOutputCachingStateExecuter.execute(ResolveTaskOutputCachingStateExecuter.java:54)
	at org.gradle.api.internal.tasks.execution.ValidatingTaskExecuter.execute(ValidatingTaskExecuter.java:59)
	at org.gradle.api.internal.tasks.execution.SkipEmptySourceFilesTaskExecuter.execute(SkipEmptySourceFilesTaskExecuter.java:101)
	at org.gradle.api.internal.tasks.execution.FinalizeInputFilePropertiesTaskExecuter.execute(FinalizeInputFilePropertiesTaskExecuter.java:44)
	at org.gradle.api.internal.tasks.execution.CleanupStaleOutputsExecuter.execute(CleanupStaleOutputsExecuter.java:91)
	at org.gradle.api.internal.tasks.execution.ResolveTaskArtifactStateTaskExecuter.execute(ResolveTaskArtifactStateTaskExecuter.java:62)
	at org.gradle.api.internal.tasks.execution.SkipTaskWithNoActionsExecuter.execute(SkipTaskWithNoActionsExecuter.java:59)
	at org.gradle.api.internal.tasks.execution.SkipOnlyIfTaskExecuter.execute(SkipOnlyIfTaskExecuter.java:54)
	at org.gradle.api.internal.tasks.execution.ExecuteAtMostOnceTaskExecuter.execute(ExecuteAtMostOnceTaskExecuter.java:43)
	at org.gradle.api.internal.tasks.execution.CatchExceptionTaskExecuter.execute(CatchExceptionTaskExecuter.java:34)
	at org.gradle.execution.taskgraph.DefaultTaskGraphExecuter$EventFiringTaskWorker$1.run(DefaultTaskGraphExecuter.java:256)
	at org.gradle.internal.progress.DefaultBuildOperationExecutor$RunnableBuildOperationWorker.execute(DefaultBuildOperationExecutor.java:336)
	at org.gradle.internal.progress.DefaultBuildOperationExecutor$RunnableBuildOperationWorker.execute(DefaultBuildOperationExecutor.java:328)
	at org.gradle.internal.progress.DefaultBuildOperationExecutor.execute(DefaultBuildOperationExecutor.java:199)
	at org.gradle.internal.progress.DefaultBuildOperationExecutor.run(DefaultBuildOperationExecutor.java:110)
	at org.gradle.execution.taskgraph.DefaultTaskGraphExecuter$EventFiringTaskWorker.execute(DefaultTaskGraphExecuter.java:249)
	at org.gradle.execution.taskgraph.DefaultTaskGraphExecuter$EventFiringTaskWorker.execute(DefaultTaskGraphExecuter.java:238)
	at org.gradle.execution.taskgraph.DefaultTaskPlanExecutor$TaskExecutorWorker.processTask(DefaultTaskPlanExecutor.java:123)
	at org.gradle.execution.taskgraph.DefaultTaskPlanExecutor$TaskExecutorWorker.access$200(DefaultTaskPlanExecutor.java:79)
	at org.gradle.execution.taskgraph.DefaultTaskPlanExecutor$TaskExecutorWorker$1.execute(DefaultTaskPlanExecutor.java:104)
	at org.gradle.execution.taskgraph.DefaultTaskPlanExecutor$TaskExecutorWorker$1.execute(DefaultTaskPlanExecutor.java:98)
	at org.gradle.execution.taskgraph.DefaultTaskExecutionPlan.execute(DefaultTaskExecutionPlan.java:663)
	at org.gradle.execution.taskgraph.DefaultTaskExecutionPlan.executeWithTask(DefaultTaskExecutionPlan.java:597)
	at org.gradle.execution.taskgraph.DefaultTaskPlanExecutor$TaskExecutorWorker.run(DefaultTaskPlanExecutor.java:98)
	at org.gradle.internal.concurrent.ExecutorPolicy$CatchAndRecordFailures.onExecute(ExecutorPolicy.java:63)
	at org.gradle.internal.concurrent.ManagedExecutorImpl$1.run(ManagedExecutorImpl.java:46)
	at org.gradle.internal.concurrent.ThreadFactoryImpl$ManagedThreadRunnable.run(ThreadFactoryImpl.java:55)
Caused by: org.gradle.api.GradleException: Lint found fatal errors while assembling a release target.

To proceed, either fix the issues identified by lint, or modify your build script as follows:
...
android {
    lintOptions {
        checkReleaseBuilds false
        // Or, if you prefer, you can continue to check for errors in release builds,
        // but continue the build even when errors are found:
        abortOnError false
    }
}
...
	at com.android.tools.lint.gradle.LintGradleExecution.abort(LintGradleExecution.java:206)
	at com.android.tools.lint.gradle.LintGradleExecution.runLint(LintGradleExecution.java:297)
	at com.android.tools.lint.gradle.LintGradleExecution.lintSingleVariant(LintGradleExecution.java:368)
	at com.android.tools.lint.gradle.LintGradleExecution.analyze(LintGradleExecution.java:91)
	at com.android.tools.lint.gradle.api.ReflectiveLintRunner.runLint(ReflectiveLintRunner.kt:38)
	at com.android.build.gradle.tasks.LintBaseTask.runLint(LintBaseTask.java:88)
	at com.android.build.gradle.tasks.LintPerVariantTask.lint(LintPerVariantTask.java:41)
	at org.gradle.internal.reflect.JavaMethod.invoke(JavaMethod.java:73)
	at org.gradle.api.internal.project.taskfactory.StandardTaskAction.doExecute(StandardTaskAction.java:46)
	at org.gradle.api.internal.project.taskfactory.StandardTaskAction.execute(StandardTaskAction.java:39)
	at org.gradle.api.internal.project.taskfactory.StandardTaskAction.execute(StandardTaskAction.java:26)
	at org.gradle.api.internal.AbstractTask$TaskActionWrapper.execute(AbstractTask.java:788)
	at org.gradle.api.internal.AbstractTask$TaskActionWrapper.execute(AbstractTask.java:755)
	at org.gradle.api.internal.tasks.execution.ExecuteActionsTaskExecuter$1.run(ExecuteActionsTaskExecuter.java:124)
	at org.gradle.internal.progress.DefaultBuildOperationExecutor$RunnableBuildOperationWorker.execute(DefaultBuildOperationExecutor.java:336)
	at org.gradle.internal.progress.DefaultBuildOperationExecutor$RunnableBuildOperationWorker.execute(DefaultBuildOperationExecutor.java:328)
	at org.gradle.internal.progress.DefaultBuildOperationExecutor.execute(DefaultBuildOperationExecutor.java:199)
	at org.gradle.internal.progress.DefaultBuildOperationExecutor.run(DefaultBuildOperationExecutor.java:110)
	at org.gradle.api.internal.tasks.execution.ExecuteActionsTaskExecuter.executeAction(ExecuteActionsTaskExecuter.java:113)
	at org.gradle.api.internal.tasks.execution.ExecuteActionsTaskExecuter.executeActions(ExecuteActionsTaskExecuter.java:95)
	... 30 more


* Get more help at https://help.gradle.org

BUILD FAILED in 1m 17s
75 actionable tasks: 75 executed

2018-12-30 20:36:55,250 INFO  FullProcessService - Found APK file: /var/folders/bq/vtzpc5ns5sg2cthy61lqpg3dfzgbys/T/1546176927043-0/src/flex-input-master/app/build/outputs/apk/debug/app-debug.apk
