2020-01-01 19:16:12,218 INFO  DownloadService - Downloading "https://github.com/shiburagi/Atomic/archive/master.zip", attempt 3
2020-01-01 19:16:16,129 INFO  DownloadService - Downloaded https://github.com/shiburagi/Atomic/archive/master.zip, attempt 3
2020-01-01 19:16:16,129 INFO  DownloadService - Size of file "/var/folders/bq/vtzpc5ns5sg2cthy61lqpg3dfzgbys/T/1577880972216-0/master.zip": 148 KB
2020-01-01 19:16:16,129 INFO  ArchiveUtils - Checking entries [.gradle] in ZIP file...
2020-01-01 19:16:16,130 INFO  ArchiveUtils - Has entries [.gradle] in ZIP file /var/folders/bq/vtzpc5ns5sg2cthy61lqpg3dfzgbys/T/1577880972216-0/master.zip: true
2020-01-01 19:16:16,130 DEBUG ZipUtil - Extracting '/var/folders/bq/vtzpc5ns5sg2cthy61lqpg3dfzgbys/T/1577880972216-0/master.zip' into '/var/folders/bq/vtzpc5ns5sg2cthy61lqpg3dfzgbys/T/1577880972216-0/src'.
2020-01-01 19:16:16,148 INFO  FullProcessService - Size of directory with sources: 172 KB
2020-01-01 19:16:16,148 INFO  SysUtils - Execute command: [git, init, /var/folders/bq/vtzpc5ns5sg2cthy61lqpg3dfzgbys/T/1577880972216-0/src]
2020-01-01 19:16:16,166 INFO  SysUtils - Initialized empty Git repository in /private/var/folders/bq/vtzpc5ns5sg2cthy61lqpg3dfzgbys/T/1577880972216-0/src/.git/

2020-01-01 19:16:16,168 INFO  ProjectBuildService - Gradle wrapper(s): /var/folders/bq/vtzpc5ns5sg2cthy61lqpg3dfzgbys/T/1577880972216-0/src/Atomic-master/gradlew
2020-01-01 19:16:16,170 INFO  ProjectBuildService - Build script(s): /var/folders/bq/vtzpc5ns5sg2cthy61lqpg3dfzgbys/T/1577880972216-0/src/Atomic-master/app/build.gradle /var/folders/bq/vtzpc5ns5sg2cthy61lqpg3dfzgbys/T/1577880972216-0/src/Atomic-master/atomic/build.gradle /var/folders/bq/vtzpc5ns5sg2cthy61lqpg3dfzgbys/T/1577880972216-0/src/Atomic-master/build.gradle
2020-01-01 19:16:16,172 INFO  ProjectBuildService - All script(s): /var/folders/bq/vtzpc5ns5sg2cthy61lqpg3dfzgbys/T/1577880972216-0/src/Atomic-master/app/build.gradle /var/folders/bq/vtzpc5ns5sg2cthy61lqpg3dfzgbys/T/1577880972216-0/src/Atomic-master/atomic/build.gradle /var/folders/bq/vtzpc5ns5sg2cthy61lqpg3dfzgbys/T/1577880972216-0/src/Atomic-master/build.gradle /var/folders/bq/vtzpc5ns5sg2cthy61lqpg3dfzgbys/T/1577880972216-0/src/Atomic-master/settings.gradle
2020-01-01 19:16:16,173 INFO  ProjectBuildService - Remote scripts: none
2020-01-01 19:16:16,173 INFO  ProjectFixService - Fixing project...
2020-01-01 19:16:16,179 INFO  LocalPropertiesFixService - Created fake /var/folders/bq/vtzpc5ns5sg2cthy61lqpg3dfzgbys/T/1577880972216-0/src/Atomic-master/app/local.properties
2020-01-01 19:16:16,179 INFO  ProjectFixService - Build info for "/var/folders/bq/vtzpc5ns5sg2cthy61lqpg3dfzgbys/T/1577880972216-0/src/Atomic-master/app/build.gradle": [buildToolsVersion=28.0.3,compileSdkVersion=28,minSdkVersion=15,targetSdkVersion=28]
2020-01-01 19:16:16,180 INFO  LocalPropertiesFixService - Created fake /var/folders/bq/vtzpc5ns5sg2cthy61lqpg3dfzgbys/T/1577880972216-0/src/Atomic-master/atomic/local.properties
2020-01-01 19:16:16,180 INFO  ProjectFixService - Build info for "/var/folders/bq/vtzpc5ns5sg2cthy61lqpg3dfzgbys/T/1577880972216-0/src/Atomic-master/atomic/build.gradle": [buildToolsVersion=28.0.3,compileSdkVersion=28,minSdkVersion=9,targetSdkVersion=28]
2020-01-01 19:16:16,180 INFO  LocalPropertiesFixService - Created fake /var/folders/bq/vtzpc5ns5sg2cthy61lqpg3dfzgbys/T/1577880972216-0/src/Atomic-master/local.properties
2020-01-01 19:16:16,181 INFO  WrapperPropertiesFixService - Gradle wrapper: https://services.gradle.org/distributions/gradle-5.4.1-all.zip
2020-01-01 19:16:16,181 INFO  WrapperPropertiesFixService - Gradle wrapper was changed from "-all.zip" to "-bin.zip" (https://services.gradle.org/distributions/gradle-5.4.1-bin.zip)
2020-01-01 19:16:16,182 INFO  ProjectFixService - Build info for "/var/folders/bq/vtzpc5ns5sg2cthy61lqpg3dfzgbys/T/1577880972216-0/src/Atomic-master/build.gradle": [buildToolsVersion=28.0.3,compileSdkVersion=28,minSdkVersion=15,targetSdkVersion=28]
2020-01-01 19:16:16,182 INFO  ProjectFixService - Project was maybe fixed
2020-01-01 19:16:16,182 INFO  ProjectTaskService - Detecting possible tasks...
2020-01-01 19:16:16,182 INFO  SysUtils - Execute command: [/var/folders/bq/vtzpc5ns5sg2cthy61lqpg3dfzgbys/T/1577880972216-0/src/Atomic-master/gradlew, -b, /var/folders/bq/vtzpc5ns5sg2cthy61lqpg3dfzgbys/T/1577880972216-0/src/Atomic-master/app/build.gradle, -Dorg.gradle.daemon=false, -Dorg.gradle.daemon.performance.enable-monitoring=false, -Dorg.gradle.configureondemand=true, tasks]
2020-01-01 19:16:23,733 INFO  ProjectTaskService - Detected possible tasks: 66
2020-01-01 19:16:23,733 INFO  ProjectTaskService - Excluded tasks (18): lintDebug deviceCheck lint testReleaseUnitTest uninstallRelease deviceAndroidTest uninstallDebugAndroidTest installDebugAndroidTest connectedCheck connectedDebugAndroidTest uninstallAll test check testDebugUnitTest connectedAndroidTest installDebug lintRelease uninstallDebug
2020-01-01 19:16:23,733 INFO  SysUtils - Execute command: [/var/folders/bq/vtzpc5ns5sg2cthy61lqpg3dfzgbys/T/1577880972216-0/src/Atomic-master/gradlew, -b, /var/folders/bq/vtzpc5ns5sg2cthy61lqpg3dfzgbys/T/1577880972216-0/src/Atomic-master/app/build.gradle, -Dorg.gradle.daemon=false, -Dorg.gradle.daemon.performance.enable-monitoring=false, -Dorg.gradle.configureondemand=true, --stacktrace, -x, lintDebug, -x, deviceCheck, -x, lint, -x, testReleaseUnitTest, -x, uninstallRelease, -x, deviceAndroidTest, -x, uninstallDebugAndroidTest, -x, installDebugAndroidTest, -x, connectedCheck, -x, connectedDebugAndroidTest, -x, uninstallAll, -x, test, -x, check, -x, testDebugUnitTest, -x, connectedAndroidTest, -x, installDebug, -x, lintRelease, -x, uninstallDebug, build]
2020-01-01 19:17:02,937 ERROR SysUtils - Could not process external command
org.apache.commons.exec.ExecuteException: Process exited with an error: 1 (Exit value: 1)
	at org.apache.commons.exec.DefaultExecutor.executeInternal(DefaultExecutor.java:404)
	at org.apache.commons.exec.DefaultExecutor.execute(DefaultExecutor.java:166)
	at com.github.vbauer.apkmaster.util.SysUtils.execute(SysUtils.java:67)
	at com.github.vbauer.apkmaster.util.SysUtils.executeSimple(SysUtils.java:43)
	at com.github.vbauer.apkmaster.service.assembly.ProjectBuildService.buildProject(ProjectBuildService.java:78)
	at com.github.vbauer.apkmaster.service.assembly.ProjectBuildService.buildProject(ProjectBuildService.java:64)
	at com.github.vbauer.apkmaster.service.assembly.ProjectBuildService.buildProject(ProjectBuildService.java:43)
	at com.github.vbauer.apkmaster.service.FullProcessService.build(FullProcessService.java:84)
	at com.github.vbauer.apkmaster.service.FullProcessService.process(FullProcessService.java:34)
	at com.github.vbauer.apkmaster.app.MainApplication.process(MainApplication.java:38)
	at com.github.vbauer.apkmaster.app.MainApplication.main(MainApplication.java:20)
	at sun.reflect.NativeMethodAccessorImpl.invoke0(Native Method)
	at sun.reflect.NativeMethodAccessorImpl.invoke(NativeMethodAccessorImpl.java:62)
	at sun.reflect.DelegatingMethodAccessorImpl.invoke(DelegatingMethodAccessorImpl.java:43)
	at java.lang.reflect.Method.invoke(Method.java:498)
	at com.android.arsenal.util.ReflectionUtils.invoke(ReflectionUtils.java:52)
	at com.android.arsenal.util.ApkMasterUtils.main(ApkMasterUtils.java:30)
	at com.android.arsenal.service.processor.impl.BuildProcessorServiceImpl.buildProject(BuildProcessorServiceImpl.java:196)
	at com.android.arsenal.service.processor.impl.BuildProcessorServiceImpl.build(BuildProcessorServiceImpl.java:130)
	at com.android.arsenal.service.processor.impl.BuildProcessorServiceImpl.lambda$null$1(BuildProcessorServiceImpl.java:113)
	at java.util.concurrent.FutureTask.run(FutureTask.java:266)
	at java.util.concurrent.Executors$RunnableAdapter.call(Executors.java:511)
	at java.util.concurrent.FutureTask.run(FutureTask.java:266)
	at java.util.concurrent.ThreadPoolExecutor.runWorker(ThreadPoolExecutor.java:1149)
	at java.util.concurrent.ThreadPoolExecutor$Worker.run(ThreadPoolExecutor.java:624)
	at java.lang.Thread.run(Thread.java:748)
2020-01-01 19:17:02,943 INFO  SysUtils - Configuration on demand is an incubating feature.

> Configure project :atomic
WARNING: API 'variant.getJavaCompiler()' is obsolete and has been replaced with 'variant.getJavaCompileProvider()'.
It will be removed at the end of 2019.
For more information, see https://d.android.com/r/tools/task-configuration-avoidance.
To determine what is calling variant.getJavaCompiler(), use -Pandroid.debug.obsoleteApi=true on the command line to display more information.
WARNING: API 'variantOutput.getPackageLibrary()' is obsolete and has been replaced with 'variant.getPackageLibraryProvider()'.
It will be removed at the end of 2019.
For more information, see https://d.android.com/r/tools/task-configuration-avoidance.
To determine what is calling variantOutput.getPackageLibrary(), use -Pandroid.debug.obsoleteApi=true on the command line to display more information.

> Task :app:preBuild UP-TO-DATE
> Task :app:preDebugBuild UP-TO-DATE
> Task :atomic:preBuild UP-TO-DATE
> Task :atomic:preDebugBuild UP-TO-DATE
> Task :atomic:compileDebugAidl NO-SOURCE
> Task :app:compileDebugAidl NO-SOURCE
> Task :atomic:packageDebugRenderscript NO-SOURCE
> Task :app:compileDebugRenderscript NO-SOURCE
> Task :app:checkDebugManifest
> Task :app:generateDebugBuildConfig
> Task :app:mainApkListPersistenceDebug
> Task :app:generateDebugResValues
> Task :app:generateDebugResources
> Task :atomic:compileDebugRenderscript NO-SOURCE
> Task :atomic:generateDebugResValues
> Task :atomic:generateDebugResources
> Task :atomic:packageDebugResources
> Task :app:createDebugCompatibleScreenManifests
> Task :atomic:checkDebugManifest
> Task :app:mergeDebugResources
> Task :atomic:processDebugManifest
> Task :app:processDebugManifest
> Task :atomic:parseDebugLibraryResources
> Task :atomic:generateDebugBuildConfig
> Task :app:mergeDebugShaders
> Task :app:compileDebugShaders
> Task :app:generateDebugAssets
> Task :atomic:mergeDebugShaders
> Task :atomic:compileDebugShaders
> Task :atomic:generateDebugAssets
> Task :atomic:packageDebugAssets
> Task :app:mergeDebugAssets
> Task :atomic:generateDebugRFile
> Task :app:processDebugResources
> Task :atomic:kaptGenerateStubsDebugKotlin
> Task :atomic:kaptDebugKotlin

> Task :atomic:compileDebugKotlin
w: /private/var/folders/bq/vtzpc5ns5sg2cthy61lqpg3dfzgbys/T/1577880972216-0/src/Atomic-master/atomic/src/main/java/com/infideap/atomic/A.kt: (73, 37): Type mismatch: inferred type is String? but String was expected
w: /private/var/folders/bq/vtzpc5ns5sg2cthy61lqpg3dfzgbys/T/1577880972216-0/src/Atomic-master/atomic/src/main/java/com/infideap/atomic/AtomRequest.kt: (29, 41): Unchecked cast: Any? to T
w: /private/var/folders/bq/vtzpc5ns5sg2cthy61lqpg3dfzgbys/T/1577880972216-0/src/Atomic-master/atomic/src/main/java/com/infideap/atomic/AtomRequest.kt: (67, 38): Unchecked cast: String to T
w: /private/var/folders/bq/vtzpc5ns5sg2cthy61lqpg3dfzgbys/T/1577880972216-0/src/Atomic-master/atomic/src/main/java/com/infideap/atomic/AtomRequest.kt: (69, 67): Unchecked cast: Any! to T
w: /private/var/folders/bq/vtzpc5ns5sg2cthy61lqpg3dfzgbys/T/1577880972216-0/src/Atomic-master/atomic/src/main/java/com/infideap/atomic/AtomRequest.kt: (79, 39): 'create(MediaType?, String): RequestBody' is deprecated. Moved to extension function. Put the 'content' argument first to fix Java
w: /private/var/folders/bq/vtzpc5ns5sg2cthy61lqpg3dfzgbys/T/1577880972216-0/src/Atomic-master/atomic/src/main/java/com/infideap/atomic/AtomRequest.kt: (80, 13): Condition 'a.parts != null' is always 'true'
w: /private/var/folders/bq/vtzpc5ns5sg2cthy61lqpg3dfzgbys/T/1577880972216-0/src/Atomic-master/atomic/src/main/java/com/infideap/atomic/AtomRequest.kt: (81, 24): Unnecessary non-null assertion (!!) on a non-null receiver of type MutableList<Part>
w: /private/var/folders/bq/vtzpc5ns5sg2cthy61lqpg3dfzgbys/T/1577880972216-0/src/Atomic-master/atomic/src/main/java/com/infideap/atomic/AtomRequest.kt: (84, 37): Unnecessary non-null assertion (!!) on a non-null receiver of type MutableList<Part>
w: /private/var/folders/bq/vtzpc5ns5sg2cthy61lqpg3dfzgbys/T/1577880972216-0/src/Atomic-master/atomic/src/main/java/com/infideap/atomic/AtomRequest.kt: (89, 48): 'create(MediaType?, File): RequestBody' is deprecated. Moved to extension function. Put the 'file' argument first to fix Java
w: /private/var/folders/bq/vtzpc5ns5sg2cthy61lqpg3dfzgbys/T/1577880972216-0/src/Atomic-master/atomic/src/main/java/com/infideap/atomic/AtomRequest.kt: (89, 79): Unnecessary non-null assertion (!!) on a non-null receiver of type File
w: /private/var/folders/bq/vtzpc5ns5sg2cthy61lqpg3dfzgbys/T/1577880972216-0/src/Atomic-master/atomic/src/main/java/com/infideap/atomic/ResponseFutureCallback.kt: (10, 47): Parameter 'response' is never used

> Task :atomic:javaPreCompileDebug
> Task :atomic:compileDebugJavaWithJavac
> Task :app:processDebugJavaRes NO-SOURCE
> Task :atomic:processDebugJavaRes NO-SOURCE
> Task :atomic:bundleLibResDebug
> Task :atomic:bundleLibCompileDebug
> Task :app:kaptGenerateStubsDebugKotlin
> Task :app:kaptDebugKotlin
> Task :app:compileDebugKotlin
> Task :atomic:bundleLibRuntimeDebug
> Task :atomic:createFullJarDebug
> Task :app:javaPreCompileDebug
> Task :app:compileDebugJavaWithJavac
> Task :app:compileDebugSources
> Task :app:checkDebugDuplicateClasses
> Task :app:mergeDebugJavaResource
> Task :app:transformClassesWithDexBuilderForDebug
> Task :app:validateSigningDebug
> Task :app:signingConfigWriterDebug
> Task :app:mergeDebugJniLibFolders
> Task :atomic:mergeDebugJniLibFolders
> Task :app:preReleaseBuild UP-TO-DATE
> Task :app:checkReleaseManifest
> Task :app:compileReleaseAidl NO-SOURCE
> Task :app:compileReleaseRenderscript NO-SOURCE
> Task :app:generateReleaseBuildConfig
> Task :atomic:mergeDebugNativeLibs
> Task :atomic:stripDebugDebugSymbols
> Task :atomic:transformNativeLibsWithIntermediateJniLibsForDebug
> Task :app:mainApkListPersistenceRelease
> Task :app:generateReleaseResValues
> Task :app:generateReleaseResources
> Task :app:createReleaseCompatibleScreenManifests
> Task :app:processReleaseManifest
> Task :app:mergeDebugNativeLibs
> Task :app:stripDebugDebugSymbols
> Task :app:mergeReleaseResources
> Task :app:processReleaseResources
> Task :app:kaptGenerateStubsReleaseKotlin
> Task :app:kaptReleaseKotlin

> Task :app:compileReleaseKotlin FAILED
e: /private/var/folders/bq/vtzpc5ns5sg2cthy61lqpg3dfzgbys/T/1577880972216-0/src/Atomic-master/app/src/main/java/com/infideap/atomexample/BaseApplication.kt: (5, 21): Unresolved reference: atomic
e: /private/var/folders/bq/vtzpc5ns5sg2cthy61lqpg3dfzgbys/T/1577880972216-0/src/Atomic-master/app/src/main/java/com/infideap/atomexample/BaseApplication.kt: (13, 9): Unresolved reference: setClient
e: /private/var/folders/bq/vtzpc5ns5sg2cthy61lqpg3dfzgbys/T/1577880972216-0/src/Atomic-master/app/src/main/java/com/infideap/atomexample/LoginActivity.kt: (9, 21): Unresolved reference: atomic
e: /private/var/folders/bq/vtzpc5ns5sg2cthy61lqpg3dfzgbys/T/1577880972216-0/src/Atomic-master/app/src/main/java/com/infideap/atomexample/LoginActivity.kt: (10, 21): Unresolved reference: atomic
e: /private/var/folders/bq/vtzpc5ns5sg2cthy61lqpg3dfzgbys/T/1577880972216-0/src/Atomic-master/app/src/main/java/com/infideap/atomexample/LoginActivity.kt: (23, 13): Type inference failed: Not enough information to infer parameter R in inline fun <T, R> with(receiver: T, block: T.() -> R): R
Please specify it explicitly.

e: /private/var/folders/bq/vtzpc5ns5sg2cthy61lqpg3dfzgbys/T/1577880972216-0/src/Atomic-master/app/src/main/java/com/infideap/atomexample/LoginActivity.kt: (23, 36): No value passed for parameter 'block'
e: /private/var/folders/bq/vtzpc5ns5sg2cthy61lqpg3dfzgbys/T/1577880972216-0/src/Atomic-master/app/src/main/java/com/infideap/atomexample/LoginActivity.kt: (27, 43): Unresolved reference: FutureCallback
e: /private/var/folders/bq/vtzpc5ns5sg2cthy61lqpg3dfzgbys/T/1577880972216-0/src/Atomic-master/app/src/main/java/com/infideap/atomexample/LoginActivity.kt: (28, 25): 'onCompleted' overrides nothing

> Task :app:mergeExtDexDebug

FAILURE: Build failed with an exception.

* What went wrong:
Execution failed for task ':app:compileReleaseKotlin'.
> Compilation error. See log for more details

* Try:
Run with --info or --debug option to get more log output. Run with --scan to get full insights.

* Exception is:
org.gradle.api.tasks.TaskExecutionException: Execution failed for task ':app:compileReleaseKotlin'.
	at org.gradle.api.internal.tasks.execution.ExecuteActionsTaskExecuter$3.accept(ExecuteActionsTaskExecuter.java:151)
	at org.gradle.api.internal.tasks.execution.ExecuteActionsTaskExecuter$3.accept(ExecuteActionsTaskExecuter.java:148)
	at org.gradle.internal.Try$Failure.ifSuccessfulOrElse(Try.java:191)
	at org.gradle.api.internal.tasks.execution.ExecuteActionsTaskExecuter.execute(ExecuteActionsTaskExecuter.java:141)
	at org.gradle.api.internal.tasks.execution.ResolveBeforeExecutionStateTaskExecuter.execute(ResolveBeforeExecutionStateTaskExecuter.java:75)
	at org.gradle.api.internal.tasks.execution.ValidatingTaskExecuter.execute(ValidatingTaskExecuter.java:62)
	at org.gradle.api.internal.tasks.execution.SkipEmptySourceFilesTaskExecuter.execute(SkipEmptySourceFilesTaskExecuter.java:108)
	at org.gradle.api.internal.tasks.execution.ResolveBeforeExecutionOutputsTaskExecuter.execute(ResolveBeforeExecutionOutputsTaskExecuter.java:67)
	at org.gradle.api.internal.tasks.execution.ResolveAfterPreviousExecutionStateTaskExecuter.execute(ResolveAfterPreviousExecutionStateTaskExecuter.java:46)
	at org.gradle.api.internal.tasks.execution.CleanupStaleOutputsExecuter.execute(CleanupStaleOutputsExecuter.java:94)
	at org.gradle.api.internal.tasks.execution.FinalizePropertiesTaskExecuter.execute(FinalizePropertiesTaskExecuter.java:46)
	at org.gradle.api.internal.tasks.execution.ResolveTaskExecutionModeExecuter.execute(ResolveTaskExecutionModeExecuter.java:95)
	at org.gradle.api.internal.tasks.execution.SkipTaskWithNoActionsExecuter.execute(SkipTaskWithNoActionsExecuter.java:57)
	at org.gradle.api.internal.tasks.execution.SkipOnlyIfTaskExecuter.execute(SkipOnlyIfTaskExecuter.java:56)
	at org.gradle.api.internal.tasks.execution.CatchExceptionTaskExecuter.execute(CatchExceptionTaskExecuter.java:36)
	at org.gradle.api.internal.tasks.execution.EventFiringTaskExecuter$1.executeTask(EventFiringTaskExecuter.java:73)
	at org.gradle.api.internal.tasks.execution.EventFiringTaskExecuter$1.call(EventFiringTaskExecuter.java:52)
	at org.gradle.api.internal.tasks.execution.EventFiringTaskExecuter$1.call(EventFiringTaskExecuter.java:49)
	at org.gradle.internal.operations.DefaultBuildOperationExecutor$CallableBuildOperationWorker.execute(DefaultBuildOperationExecutor.java:416)
	at org.gradle.internal.operations.DefaultBuildOperationExecutor$CallableBuildOperationWorker.execute(DefaultBuildOperationExecutor.java:406)
	at org.gradle.internal.operations.DefaultBuildOperationExecutor$1.execute(DefaultBuildOperationExecutor.java:165)
	at org.gradle.internal.operations.DefaultBuildOperationExecutor.execute(DefaultBuildOperationExecutor.java:250)
	at org.gradle.internal.operations.DefaultBuildOperationExecutor.execute(DefaultBuildOperationExecutor.java:158)
	at org.gradle.internal.operations.DefaultBuildOperationExecutor.call(DefaultBuildOperationExecutor.java:102)
	at org.gradle.internal.operations.DelegatingBuildOperationExecutor.call(DelegatingBuildOperationExecutor.java:36)
	at org.gradle.api.internal.tasks.execution.EventFiringTaskExecuter.execute(EventFiringTaskExecuter.java:49)
	at org.gradle.execution.plan.LocalTaskNodeExecutor.execute(LocalTaskNodeExecutor.java:43)
	at org.gradle.execution.taskgraph.DefaultTaskExecutionGraph$InvokeNodeExecutorsAction.execute(DefaultTaskExecutionGraph.java:355)
	at org.gradle.execution.taskgraph.DefaultTaskExecutionGraph$InvokeNodeExecutorsAction.execute(DefaultTaskExecutionGraph.java:343)
	at org.gradle.execution.taskgraph.DefaultTaskExecutionGraph$BuildOperationAwareExecutionAction.execute(DefaultTaskExecutionGraph.java:336)
	at org.gradle.execution.taskgraph.DefaultTaskExecutionGraph$BuildOperationAwareExecutionAction.execute(DefaultTaskExecutionGraph.java:322)
	at org.gradle.execution.plan.DefaultPlanExecutor$ExecutorWorker$1.execute(DefaultPlanExecutor.java:134)
	at org.gradle.execution.plan.DefaultPlanExecutor$ExecutorWorker$1.execute(DefaultPlanExecutor.java:129)
	at org.gradle.execution.plan.DefaultPlanExecutor$ExecutorWorker.execute(DefaultPlanExecutor.java:202)
	at org.gradle.execution.plan.DefaultPlanExecutor$ExecutorWorker.executeNextNode(DefaultPlanExecutor.java:193)
	at org.gradle.execution.plan.DefaultPlanExecutor$ExecutorWorker.run(DefaultPlanExecutor.java:129)
	at org.gradle.internal.concurrent.ExecutorPolicy$CatchAndRecordFailures.onExecute(ExecutorPolicy.java:63)
	at org.gradle.internal.concurrent.ManagedExecutorImpl$1.run(ManagedExecutorImpl.java:46)
	at org.gradle.internal.concurrent.ThreadFactoryImpl$ManagedThreadRunnable.run(ThreadFactoryImpl.java:55)
Caused by: org.gradle.api.GradleException: Compilation error. See log for more details
	at org.jetbrains.kotlin.gradle.tasks.TasksUtilsKt.throwGradleExceptionIfError(tasksUtils.kt:14)
	at org.jetbrains.kotlin.compilerRunner.GradleKotlinCompilerWork.run(GradleKotlinCompilerWork.kt:122)
	at org.jetbrains.kotlin.compilerRunner.GradleCompilerRunner.runCompilerAsync(GradleKotlinCompilerRunner.kt:148)
	at org.jetbrains.kotlin.compilerRunner.GradleCompilerRunner.runCompilerAsync(GradleKotlinCompilerRunner.kt:143)
	at org.jetbrains.kotlin.compilerRunner.GradleCompilerRunner.runJvmCompilerAsync(GradleKotlinCompilerRunner.kt:83)
	at org.jetbrains.kotlin.gradle.tasks.KotlinCompile.callCompilerAsync$kotlin_gradle_plugin(Tasks.kt:429)
	at org.jetbrains.kotlin.gradle.tasks.KotlinCompile.callCompilerAsync$kotlin_gradle_plugin(Tasks.kt:339)
	at org.jetbrains.kotlin.gradle.tasks.AbstractKotlinCompile.executeImpl(Tasks.kt:296)
	at org.jetbrains.kotlin.gradle.tasks.AbstractKotlinCompile.execute(Tasks.kt:268)
	at org.gradle.internal.reflect.JavaMethod.invoke(JavaMethod.java:103)
	at org.gradle.api.internal.project.taskfactory.IncrementalTaskInputsTaskAction.doExecute(IncrementalTaskInputsTaskAction.java:46)
	at org.gradle.api.internal.project.taskfactory.StandardTaskAction.execute(StandardTaskAction.java:41)
	at org.gradle.api.internal.project.taskfactory.AbstractIncrementalTaskAction.execute(AbstractIncrementalTaskAction.java:25)
	at org.gradle.api.internal.project.taskfactory.StandardTaskAction.execute(StandardTaskAction.java:28)
	at org.gradle.api.internal.tasks.execution.ExecuteActionsTaskExecuter$5.run(ExecuteActionsTaskExecuter.java:404)
	at org.gradle.internal.operations.DefaultBuildOperationExecutor$RunnableBuildOperationWorker.execute(DefaultBuildOperationExecutor.java:402)
	at org.gradle.internal.operations.DefaultBuildOperationExecutor$RunnableBuildOperationWorker.execute(DefaultBuildOperationExecutor.java:394)
	at org.gradle.internal.operations.DefaultBuildOperationExecutor$1.execute(DefaultBuildOperationExecutor.java:165)
	at org.gradle.internal.operations.DefaultBuildOperationExecutor.execute(DefaultBuildOperationExecutor.java:250)
	at org.gradle.internal.operations.DefaultBuildOperationExecutor.execute(DefaultBuildOperationExecutor.java:158)
	at org.gradle.internal.operations.DefaultBuildOperationExecutor.run(DefaultBuildOperationExecutor.java:92)
	at org.gradle.internal.operations.DelegatingBuildOperationExecutor.run(DelegatingBuildOperationExecutor.java:31)
	at org.gradle.api.internal.tasks.execution.ExecuteActionsTaskExecuter.executeAction(ExecuteActionsTaskExecuter.java:393)
	at org.gradle.api.internal.tasks.execution.ExecuteActionsTaskExecuter.executeActions(ExecuteActionsTaskExecuter.java:376)
	at org.gradle.api.internal.tasks.execution.ExecuteActionsTaskExecuter.access$200(ExecuteActionsTaskExecuter.java:80)
	at org.gradle.api.internal.tasks.execution.ExecuteActionsTaskExecuter$TaskExecution.execute(ExecuteActionsTaskExecuter.java:213)
	at org.gradle.internal.execution.steps.ExecuteStep.lambda$execute$0(ExecuteStep.java:32)
	at org.gradle.internal.execution.steps.ExecuteStep.execute(ExecuteStep.java:32)
	at org.gradle.internal.execution.steps.ExecuteStep.execute(ExecuteStep.java:26)
	at org.gradle.internal.execution.steps.CleanupOutputsStep.execute(CleanupOutputsStep.java:58)
	at org.gradle.internal.execution.steps.CleanupOutputsStep.execute(CleanupOutputsStep.java:35)
	at org.gradle.internal.execution.steps.ResolveInputChangesStep.execute(ResolveInputChangesStep.java:48)
	at org.gradle.internal.execution.steps.ResolveInputChangesStep.execute(ResolveInputChangesStep.java:33)
	at org.gradle.internal.execution.steps.CancelExecutionStep.execute(CancelExecutionStep.java:39)
	at org.gradle.internal.execution.steps.TimeoutStep.executeWithoutTimeout(TimeoutStep.java:73)
	at org.gradle.internal.execution.steps.TimeoutStep.execute(TimeoutStep.java:54)
	at org.gradle.internal.execution.steps.CatchExceptionStep.execute(CatchExceptionStep.java:35)
	at org.gradle.internal.execution.steps.CreateOutputsStep.execute(CreateOutputsStep.java:51)
	at org.gradle.internal.execution.steps.SnapshotOutputsStep.execute(SnapshotOutputsStep.java:45)
	at org.gradle.internal.execution.steps.SnapshotOutputsStep.execute(SnapshotOutputsStep.java:31)
	at org.gradle.internal.execution.steps.CacheStep.executeWithoutCache(CacheStep.java:201)
	at org.gradle.internal.execution.steps.CacheStep.execute(CacheStep.java:70)
	at org.gradle.internal.execution.steps.CacheStep.execute(CacheStep.java:45)
	at org.gradle.internal.execution.steps.BroadcastChangingOutputsStep.execute(BroadcastChangingOutputsStep.java:49)
	at org.gradle.internal.execution.steps.StoreSnapshotsStep.execute(StoreSnapshotsStep.java:43)
	at org.gradle.internal.execution.steps.StoreSnapshotsStep.execute(StoreSnapshotsStep.java:32)
	at org.gradle.internal.execution.steps.RecordOutputsStep.execute(RecordOutputsStep.java:38)
	at org.gradle.internal.execution.steps.RecordOutputsStep.execute(RecordOutputsStep.java:24)
	at org.gradle.internal.execution.steps.SkipUpToDateStep.executeBecause(SkipUpToDateStep.java:96)
	at org.gradle.internal.execution.steps.SkipUpToDateStep.lambda$execute$0(SkipUpToDateStep.java:89)
	at org.gradle.internal.execution.steps.SkipUpToDateStep.execute(SkipUpToDateStep.java:54)
	at org.gradle.internal.execution.steps.SkipUpToDateStep.execute(SkipUpToDateStep.java:38)
	at org.gradle.internal.execution.steps.ResolveChangesStep.execute(ResolveChangesStep.java:77)
	at org.gradle.internal.execution.steps.ResolveChangesStep.execute(ResolveChangesStep.java:37)
	at org.gradle.internal.execution.steps.legacy.MarkSnapshottingInputsFinishedStep.execute(MarkSnapshottingInputsFinishedStep.java:36)
	at org.gradle.internal.execution.steps.legacy.MarkSnapshottingInputsFinishedStep.execute(MarkSnapshottingInputsFinishedStep.java:26)
	at org.gradle.internal.execution.steps.ResolveCachingStateStep.execute(ResolveCachingStateStep.java:90)
	at org.gradle.internal.execution.steps.ResolveCachingStateStep.execute(ResolveCachingStateStep.java:48)
	at org.gradle.internal.execution.impl.DefaultWorkExecutor.execute(DefaultWorkExecutor.java:33)
	at org.gradle.api.internal.tasks.execution.ExecuteActionsTaskExecuter.execute(ExecuteActionsTaskExecuter.java:120)
	... 35 more


* Get more help at https://help.gradle.org

Deprecated Gradle features were used in this build, making it incompatible with Gradle 6.0.
Use '--warning-mode all' to show the individual deprecation warnings.
See https://docs.gradle.org/5.4.1/userguide/command_line_interface.html#sec:command_line_warnings

BUILD FAILED in 38s
59 actionable tasks: 59 executed

2020-01-01 19:17:03,010 INFO  ProjectTaskService - Detecting possible tasks...
2020-01-01 19:17:03,011 INFO  SysUtils - Execute command: [/var/folders/bq/vtzpc5ns5sg2cthy61lqpg3dfzgbys/T/1577880972216-0/src/Atomic-master/gradlew, -b, /var/folders/bq/vtzpc5ns5sg2cthy61lqpg3dfzgbys/T/1577880972216-0/src/Atomic-master/atomic/build.gradle, -Dorg.gradle.daemon=false, -Dorg.gradle.daemon.performance.enable-monitoring=false, -Dorg.gradle.configureondemand=true, tasks]
2020-01-01 19:17:08,975 INFO  ProjectTaskService - Detected possible tasks: 80
2020-01-01 19:17:08,975 INFO  ProjectTaskService - Excluded tasks (15): lintDebug deviceCheck lint testReleaseUnitTest deviceAndroidTest uninstallDebugAndroidTest installDebugAndroidTest connectedCheck connectedDebugAndroidTest uninstallAll test check testDebugUnitTest connectedAndroidTest lintRelease
2020-01-01 19:17:08,975 INFO  SysUtils - Execute command: [/var/folders/bq/vtzpc5ns5sg2cthy61lqpg3dfzgbys/T/1577880972216-0/src/Atomic-master/gradlew, -b, /var/folders/bq/vtzpc5ns5sg2cthy61lqpg3dfzgbys/T/1577880972216-0/src/Atomic-master/atomic/build.gradle, -Dorg.gradle.daemon=false, -Dorg.gradle.daemon.performance.enable-monitoring=false, -Dorg.gradle.configureondemand=true, --stacktrace, -x, lintDebug, -x, deviceCheck, -x, lint, -x, testReleaseUnitTest, -x, deviceAndroidTest, -x, uninstallDebugAndroidTest, -x, installDebugAndroidTest, -x, connectedCheck, -x, connectedDebugAndroidTest, -x, uninstallAll, -x, test, -x, check, -x, testDebugUnitTest, -x, connectedAndroidTest, -x, lintRelease, build]
2020-01-01 19:17:23,158 INFO  SysUtils - Configuration on demand is an incubating feature.

> Configure project :atomic
WARNING: API 'variant.getJavaCompiler()' is obsolete and has been replaced with 'variant.getJavaCompileProvider()'.
It will be removed at the end of 2019.
For more information, see https://d.android.com/r/tools/task-configuration-avoidance.
To determine what is calling variant.getJavaCompiler(), use -Pandroid.debug.obsoleteApi=true on the command line to display more information.
WARNING: API 'variantOutput.getPackageLibrary()' is obsolete and has been replaced with 'variant.getPackageLibraryProvider()'.
It will be removed at the end of 2019.
For more information, see https://d.android.com/r/tools/task-configuration-avoidance.
To determine what is calling variantOutput.getPackageLibrary(), use -Pandroid.debug.obsoleteApi=true on the command line to display more information.

> Task :atomic:preBuild UP-TO-DATE
> Task :atomic:preDebugBuild UP-TO-DATE
> Task :atomic:checkDebugManifest UP-TO-DATE
> Task :atomic:generateDebugBuildConfig UP-TO-DATE
> Task :atomic:compileDebugAidl NO-SOURCE
> Task :atomic:compileDebugRenderscript NO-SOURCE
> Task :atomic:generateDebugResValues UP-TO-DATE
> Task :atomic:generateDebugResources UP-TO-DATE
> Task :atomic:packageDebugResources UP-TO-DATE
> Task :atomic:parseDebugLibraryResources UP-TO-DATE
> Task :atomic:processDebugManifest UP-TO-DATE
> Task :atomic:generateDebugRFile UP-TO-DATE
> Task :atomic:kaptGenerateStubsDebugKotlin UP-TO-DATE
> Task :atomic:kaptDebugKotlin UP-TO-DATE
> Task :atomic:compileDebugKotlin UP-TO-DATE
> Task :atomic:javaPreCompileDebug UP-TO-DATE
> Task :atomic:compileDebugJavaWithJavac UP-TO-DATE
> Task :atomic:extractDebugAnnotations
> Task :atomic:mergeDebugGeneratedProguardFiles
> Task :atomic:mergeDebugConsumerProguardFiles
> Task :atomic:mergeDebugShaders UP-TO-DATE
> Task :atomic:compileDebugShaders UP-TO-DATE
> Task :atomic:generateDebugAssets UP-TO-DATE
> Task :atomic:packageDebugAssets UP-TO-DATE
> Task :atomic:packageDebugRenderscript NO-SOURCE
> Task :atomic:processDebugJavaRes NO-SOURCE
> Task :atomic:mergeDebugJniLibFolders UP-TO-DATE
> Task :atomic:mergeDebugNativeLibs UP-TO-DATE
> Task :atomic:stripDebugDebugSymbols UP-TO-DATE
> Task :atomic:transformNativeLibsWithSyncJniLibsForDebug
> Task :atomic:compileDebugSources UP-TO-DATE
> Task :atomic:preReleaseBuild UP-TO-DATE
> Task :atomic:compileReleaseAidl NO-SOURCE
> Task :atomic:compileReleaseRenderscript NO-SOURCE
> Task :atomic:checkReleaseManifest
> Task :atomic:generateReleaseBuildConfig
> Task :atomic:generateReleaseResValues
> Task :atomic:generateReleaseResources
> Task :atomic:packageReleaseResources
> Task :atomic:mergeReleaseShaders
> Task :atomic:compileReleaseShaders
> Task :atomic:generateReleaseAssets
> Task :atomic:packageReleaseAssets
> Task :atomic:packageReleaseRenderscript NO-SOURCE
> Task :atomic:processReleaseJavaRes NO-SOURCE
> Task :atomic:mergeReleaseJniLibFolders
> Task :atomic:prepareLintJarForPublish
> Task :atomic:mergeDebugJavaResource
> Task :atomic:transformClassesAndResourcesWithSyncLibJarsForDebug
> Task :atomic:bundleDebugAar
> Task :atomic:assembleDebug
> Task :atomic:processReleaseManifest
> Task :atomic:mergeReleaseResources
> Task :atomic:parseReleaseLibraryResources
> Task :atomic:mergeReleaseNativeLibs
> Task :atomic:stripReleaseDebugSymbols
> Task :atomic:transformNativeLibsWithSyncJniLibsForRelease
> Task :atomic:generateReleaseRFile
> Task :atomic:kaptGenerateStubsReleaseKotlin
> Task :atomic:kaptReleaseKotlin

> Task :atomic:compileReleaseKotlin
w: /private/var/folders/bq/vtzpc5ns5sg2cthy61lqpg3dfzgbys/T/1577880972216-0/src/Atomic-master/atomic/src/main/java/com/infideap/atomic/A.kt: (73, 37): Type mismatch: inferred type is String? but String was expected
w: /private/var/folders/bq/vtzpc5ns5sg2cthy61lqpg3dfzgbys/T/1577880972216-0/src/Atomic-master/atomic/src/main/java/com/infideap/atomic/AtomRequest.kt: (29, 41): Unchecked cast: Any? to T
w: /private/var/folders/bq/vtzpc5ns5sg2cthy61lqpg3dfzgbys/T/1577880972216-0/src/Atomic-master/atomic/src/main/java/com/infideap/atomic/AtomRequest.kt: (67, 38): Unchecked cast: String to T
w: /private/var/folders/bq/vtzpc5ns5sg2cthy61lqpg3dfzgbys/T/1577880972216-0/src/Atomic-master/atomic/src/main/java/com/infideap/atomic/AtomRequest.kt: (69, 67): Unchecked cast: Any! to T
w: /private/var/folders/bq/vtzpc5ns5sg2cthy61lqpg3dfzgbys/T/1577880972216-0/src/Atomic-master/atomic/src/main/java/com/infideap/atomic/AtomRequest.kt: (79, 39): 'create(MediaType?, String): RequestBody' is deprecated. Moved to extension function. Put the 'content' argument first to fix Java
w: /private/var/folders/bq/vtzpc5ns5sg2cthy61lqpg3dfzgbys/T/1577880972216-0/src/Atomic-master/atomic/src/main/java/com/infideap/atomic/AtomRequest.kt: (80, 13): Condition 'a.parts != null' is always 'true'
w: /private/var/folders/bq/vtzpc5ns5sg2cthy61lqpg3dfzgbys/T/1577880972216-0/src/Atomic-master/atomic/src/main/java/com/infideap/atomic/AtomRequest.kt: (81, 24): Unnecessary non-null assertion (!!) on a non-null receiver of type MutableList<Part>
w: /private/var/folders/bq/vtzpc5ns5sg2cthy61lqpg3dfzgbys/T/1577880972216-0/src/Atomic-master/atomic/src/main/java/com/infideap/atomic/AtomRequest.kt: (84, 37): Unnecessary non-null assertion (!!) on a non-null receiver of type MutableList<Part>
w: /private/var/folders/bq/vtzpc5ns5sg2cthy61lqpg3dfzgbys/T/1577880972216-0/src/Atomic-master/atomic/src/main/java/com/infideap/atomic/AtomRequest.kt: (89, 48): 'create(MediaType?, File): RequestBody' is deprecated. Moved to extension function. Put the 'file' argument first to fix Java
w: /private/var/folders/bq/vtzpc5ns5sg2cthy61lqpg3dfzgbys/T/1577880972216-0/src/Atomic-master/atomic/src/main/java/com/infideap/atomic/AtomRequest.kt: (89, 79): Unnecessary non-null assertion (!!) on a non-null receiver of type File
w: /private/var/folders/bq/vtzpc5ns5sg2cthy61lqpg3dfzgbys/T/1577880972216-0/src/Atomic-master/atomic/src/main/java/com/infideap/atomic/ResponseFutureCallback.kt: (10, 47): Parameter 'response' is never used

> Task :atomic:verifyReleaseResources
> Task :atomic:javaPreCompileRelease
> Task :atomic:compileReleaseJavaWithJavac
> Task :atomic:extractReleaseAnnotations
> Task :atomic:mergeReleaseGeneratedProguardFiles
> Task :atomic:mergeReleaseConsumerProguardFiles
> Task :atomic:compileReleaseSources
> Task :atomic:mergeReleaseJavaResource
> Task :atomic:transformClassesAndResourcesWithSyncLibJarsForRelease
> Task :atomic:bundleReleaseAar
> Task :atomic:assembleRelease
> Task :atomic:assemble
> Task :atomic:build

BUILD SUCCESSFUL in 13s
53 actionable tasks: 35 executed, 18 up-to-date

2020-01-01 19:17:23,234 INFO  ProjectTaskService - Detecting possible tasks...
2020-01-01 19:17:23,234 INFO  SysUtils - Execute command: [/var/folders/bq/vtzpc5ns5sg2cthy61lqpg3dfzgbys/T/1577880972216-0/src/Atomic-master/gradlew, -b, /var/folders/bq/vtzpc5ns5sg2cthy61lqpg3dfzgbys/T/1577880972216-0/src/Atomic-master/build.gradle, -Dorg.gradle.daemon=false, -Dorg.gradle.daemon.performance.enable-monitoring=false, -Dorg.gradle.configureondemand=true, tasks]
2020-01-01 19:17:29,253 INFO  ProjectTaskService - Detected possible tasks: 86
2020-01-01 19:17:29,253 INFO  ProjectTaskService - Excluded tasks (18): lintDebug deviceCheck lint testReleaseUnitTest uninstallRelease deviceAndroidTest uninstallDebugAndroidTest installDebugAndroidTest connectedCheck connectedDebugAndroidTest uninstallAll test check testDebugUnitTest connectedAndroidTest installDebug lintRelease uninstallDebug
2020-01-01 19:17:29,253 INFO  SysUtils - Execute command: [/var/folders/bq/vtzpc5ns5sg2cthy61lqpg3dfzgbys/T/1577880972216-0/src/Atomic-master/gradlew, -b, /var/folders/bq/vtzpc5ns5sg2cthy61lqpg3dfzgbys/T/1577880972216-0/src/Atomic-master/build.gradle, -Dorg.gradle.daemon=false, -Dorg.gradle.daemon.performance.enable-monitoring=false, -Dorg.gradle.configureondemand=true, --stacktrace, -x, lintDebug, -x, deviceCheck, -x, lint, -x, testReleaseUnitTest, -x, uninstallRelease, -x, deviceAndroidTest, -x, uninstallDebugAndroidTest, -x, installDebugAndroidTest, -x, connectedCheck, -x, connectedDebugAndroidTest, -x, uninstallAll, -x, test, -x, check, -x, testDebugUnitTest, -x, connectedAndroidTest, -x, installDebug, -x, lintRelease, -x, uninstallDebug, build]
2020-01-01 19:17:43,447 ERROR SysUtils - Could not process external command
org.apache.commons.exec.ExecuteException: Process exited with an error: 1 (Exit value: 1)
	at org.apache.commons.exec.DefaultExecutor.executeInternal(DefaultExecutor.java:404)
	at org.apache.commons.exec.DefaultExecutor.execute(DefaultExecutor.java:166)
	at com.github.vbauer.apkmaster.util.SysUtils.execute(SysUtils.java:67)
	at com.github.vbauer.apkmaster.util.SysUtils.executeSimple(SysUtils.java:43)
	at com.github.vbauer.apkmaster.service.assembly.ProjectBuildService.buildProject(ProjectBuildService.java:78)
	at com.github.vbauer.apkmaster.service.assembly.ProjectBuildService.buildProject(ProjectBuildService.java:64)
	at com.github.vbauer.apkmaster.service.assembly.ProjectBuildService.buildProject(ProjectBuildService.java:43)
	at com.github.vbauer.apkmaster.service.FullProcessService.build(FullProcessService.java:84)
	at com.github.vbauer.apkmaster.service.FullProcessService.process(FullProcessService.java:34)
	at com.github.vbauer.apkmaster.app.MainApplication.process(MainApplication.java:38)
	at com.github.vbauer.apkmaster.app.MainApplication.main(MainApplication.java:20)
	at sun.reflect.NativeMethodAccessorImpl.invoke0(Native Method)
	at sun.reflect.NativeMethodAccessorImpl.invoke(NativeMethodAccessorImpl.java:62)
	at sun.reflect.DelegatingMethodAccessorImpl.invoke(DelegatingMethodAccessorImpl.java:43)
	at java.lang.reflect.Method.invoke(Method.java:498)
	at com.android.arsenal.util.ReflectionUtils.invoke(ReflectionUtils.java:52)
	at com.android.arsenal.util.ApkMasterUtils.main(ApkMasterUtils.java:30)
	at com.android.arsenal.service.processor.impl.BuildProcessorServiceImpl.buildProject(BuildProcessorServiceImpl.java:196)
	at com.android.arsenal.service.processor.impl.BuildProcessorServiceImpl.build(BuildProcessorServiceImpl.java:130)
	at com.android.arsenal.service.processor.impl.BuildProcessorServiceImpl.lambda$null$1(BuildProcessorServiceImpl.java:113)
	at java.util.concurrent.FutureTask.run(FutureTask.java:266)
	at java.util.concurrent.Executors$RunnableAdapter.call(Executors.java:511)
	at java.util.concurrent.FutureTask.run(FutureTask.java:266)
	at java.util.concurrent.ThreadPoolExecutor.runWorker(ThreadPoolExecutor.java:1149)
	at java.util.concurrent.ThreadPoolExecutor$Worker.run(ThreadPoolExecutor.java:624)
	at java.lang.Thread.run(Thread.java:748)
2020-01-01 19:17:43,447 INFO  SysUtils - Configuration on demand is an incubating feature.

> Configure project :atomic
WARNING: API 'variant.getJavaCompiler()' is obsolete and has been replaced with 'variant.getJavaCompileProvider()'.
It will be removed at the end of 2019.
For more information, see https://d.android.com/r/tools/task-configuration-avoidance.
To determine what is calling variant.getJavaCompiler(), use -Pandroid.debug.obsoleteApi=true on the command line to display more information.
WARNING: API 'variantOutput.getPackageLibrary()' is obsolete and has been replaced with 'variant.getPackageLibraryProvider()'.
It will be removed at the end of 2019.
For more information, see https://d.android.com/r/tools/task-configuration-avoidance.
To determine what is calling variantOutput.getPackageLibrary(), use -Pandroid.debug.obsoleteApi=true on the command line to display more information.

> Task :app:preBuild UP-TO-DATE
> Task :app:preDebugBuild UP-TO-DATE
> Task :atomic:preBuild UP-TO-DATE
> Task :atomic:preDebugBuild UP-TO-DATE
> Task :atomic:compileDebugAidl NO-SOURCE
> Task :app:compileDebugAidl NO-SOURCE
> Task :atomic:packageDebugRenderscript NO-SOURCE
> Task :app:checkDebugManifest UP-TO-DATE
> Task :app:compileDebugRenderscript NO-SOURCE
> Task :app:generateDebugBuildConfig UP-TO-DATE
> Task :app:mainApkListPersistenceDebug UP-TO-DATE
> Task :app:generateDebugResValues UP-TO-DATE
> Task :app:generateDebugResources UP-TO-DATE
> Task :atomic:generateDebugResValues UP-TO-DATE
> Task :atomic:compileDebugRenderscript NO-SOURCE
> Task :atomic:generateDebugResources UP-TO-DATE
> Task :atomic:packageDebugResources UP-TO-DATE
> Task :app:mergeDebugResources UP-TO-DATE
> Task :app:createDebugCompatibleScreenManifests UP-TO-DATE
> Task :atomic:checkDebugManifest UP-TO-DATE
> Task :atomic:processDebugManifest UP-TO-DATE
> Task :app:processDebugManifest UP-TO-DATE
> Task :atomic:parseDebugLibraryResources UP-TO-DATE
> Task :atomic:generateDebugRFile UP-TO-DATE
> Task :app:processDebugResources UP-TO-DATE
> Task :atomic:generateDebugBuildConfig UP-TO-DATE
> Task :atomic:kaptGenerateStubsDebugKotlin UP-TO-DATE
> Task :atomic:kaptDebugKotlin UP-TO-DATE
> Task :atomic:compileDebugKotlin UP-TO-DATE
> Task :atomic:javaPreCompileDebug UP-TO-DATE
> Task :atomic:compileDebugJavaWithJavac UP-TO-DATE
> Task :atomic:bundleLibCompileDebug UP-TO-DATE
> Task :app:kaptGenerateStubsDebugKotlin UP-TO-DATE
> Task :app:kaptDebugKotlin UP-TO-DATE
> Task :app:compileDebugKotlin UP-TO-DATE
> Task :app:javaPreCompileDebug UP-TO-DATE
> Task :app:compileDebugJavaWithJavac UP-TO-DATE
> Task :app:compileDebugSources UP-TO-DATE
> Task :app:mergeDebugShaders UP-TO-DATE
> Task :app:compileDebugShaders UP-TO-DATE
> Task :app:generateDebugAssets UP-TO-DATE
> Task :atomic:mergeDebugShaders UP-TO-DATE
> Task :atomic:compileDebugShaders UP-TO-DATE
> Task :atomic:generateDebugAssets UP-TO-DATE
> Task :atomic:packageDebugAssets UP-TO-DATE
> Task :app:mergeDebugAssets UP-TO-DATE
> Task :app:processDebugJavaRes NO-SOURCE
> Task :atomic:processDebugJavaRes NO-SOURCE
> Task :atomic:bundleLibResDebug UP-TO-DATE
> Task :app:mergeDebugJavaResource UP-TO-DATE
> Task :atomic:bundleLibRuntimeDebug UP-TO-DATE
> Task :atomic:createFullJarDebug UP-TO-DATE
> Task :app:checkDebugDuplicateClasses UP-TO-DATE
> Task :app:transformClassesWithDexBuilderForDebug UP-TO-DATE
> Task :app:mergeExtDexDebug UP-TO-DATE
> Task :app:validateSigningDebug UP-TO-DATE
> Task :app:signingConfigWriterDebug UP-TO-DATE
> Task :app:mergeDebugJniLibFolders UP-TO-DATE
> Task :atomic:mergeDebugJniLibFolders UP-TO-DATE
> Task :atomic:mergeDebugNativeLibs UP-TO-DATE
> Task :atomic:stripDebugDebugSymbols UP-TO-DATE
> Task :atomic:transformNativeLibsWithIntermediateJniLibsForDebug UP-TO-DATE
> Task :app:mergeDebugNativeLibs UP-TO-DATE
> Task :app:stripDebugDebugSymbols UP-TO-DATE
> Task :app:preReleaseBuild UP-TO-DATE
> Task :app:checkReleaseManifest UP-TO-DATE
> Task :app:generateReleaseBuildConfig UP-TO-DATE
> Task :app:compileReleaseAidl NO-SOURCE
> Task :app:compileReleaseRenderscript NO-SOURCE
> Task :app:mainApkListPersistenceRelease UP-TO-DATE
> Task :app:generateReleaseResValues UP-TO-DATE
> Task :app:generateReleaseResources UP-TO-DATE
> Task :app:mergeReleaseResources UP-TO-DATE
> Task :app:createReleaseCompatibleScreenManifests UP-TO-DATE
> Task :app:processReleaseManifest UP-TO-DATE
> Task :app:processReleaseResources UP-TO-DATE
> Task :app:kaptGenerateStubsReleaseKotlin UP-TO-DATE
> Task :app:kaptReleaseKotlin UP-TO-DATE

> Task :app:compileReleaseKotlin FAILED
e: /private/var/folders/bq/vtzpc5ns5sg2cthy61lqpg3dfzgbys/T/1577880972216-0/src/Atomic-master/app/src/main/java/com/infideap/atomexample/BaseApplication.kt: (5, 21): Unresolved reference: atomic
e: /private/var/folders/bq/vtzpc5ns5sg2cthy61lqpg3dfzgbys/T/1577880972216-0/src/Atomic-master/app/src/main/java/com/infideap/atomexample/BaseApplication.kt: (13, 9): Unresolved reference: setClient
e: /private/var/folders/bq/vtzpc5ns5sg2cthy61lqpg3dfzgbys/T/1577880972216-0/src/Atomic-master/app/src/main/java/com/infideap/atomexample/LoginActivity.kt: (9, 21): Unresolved reference: atomic
e: /private/var/folders/bq/vtzpc5ns5sg2cthy61lqpg3dfzgbys/T/1577880972216-0/src/Atomic-master/app/src/main/java/com/infideap/atomexample/LoginActivity.kt: (10, 21): Unresolved reference: atomic
e: /private/var/folders/bq/vtzpc5ns5sg2cthy61lqpg3dfzgbys/T/1577880972216-0/src/Atomic-master/app/src/main/java/com/infideap/atomexample/LoginActivity.kt: (23, 13): Type inference failed: Not enough information to infer parameter R in inline fun <T, R> with(receiver: T, block: T.() -> R): R
Please specify it explicitly.

e: /private/var/folders/bq/vtzpc5ns5sg2cthy61lqpg3dfzgbys/T/1577880972216-0/src/Atomic-master/app/src/main/java/com/infideap/atomexample/LoginActivity.kt: (23, 36): No value passed for parameter 'block'
e: /private/var/folders/bq/vtzpc5ns5sg2cthy61lqpg3dfzgbys/T/1577880972216-0/src/Atomic-master/app/src/main/java/com/infideap/atomexample/LoginActivity.kt: (27, 43): Unresolved reference: FutureCallback
e: /private/var/folders/bq/vtzpc5ns5sg2cthy61lqpg3dfzgbys/T/1577880972216-0/src/Atomic-master/app/src/main/java/com/infideap/atomexample/LoginActivity.kt: (28, 25): 'onCompleted' overrides nothing

> Task :app:mergeDexDebug

FAILURE: Build failed with an exception.

* What went wrong:
Execution failed for task ':app:compileReleaseKotlin'.
> Compilation error. See log for more details

* Try:
Run with --info or --debug option to get more log output. Run with --scan to get full insights.

* Exception is:
org.gradle.api.tasks.TaskExecutionException: Execution failed for task ':app:compileReleaseKotlin'.
	at org.gradle.api.internal.tasks.execution.ExecuteActionsTaskExecuter$3.accept(ExecuteActionsTaskExecuter.java:151)
	at org.gradle.api.internal.tasks.execution.ExecuteActionsTaskExecuter$3.accept(ExecuteActionsTaskExecuter.java:148)
	at org.gradle.internal.Try$Failure.ifSuccessfulOrElse(Try.java:191)
	at org.gradle.api.internal.tasks.execution.ExecuteActionsTaskExecuter.execute(ExecuteActionsTaskExecuter.java:141)
	at org.gradle.api.internal.tasks.execution.ResolveBeforeExecutionStateTaskExecuter.execute(ResolveBeforeExecutionStateTaskExecuter.java:75)
	at org.gradle.api.internal.tasks.execution.ValidatingTaskExecuter.execute(ValidatingTaskExecuter.java:62)
	at org.gradle.api.internal.tasks.execution.SkipEmptySourceFilesTaskExecuter.execute(SkipEmptySourceFilesTaskExecuter.java:108)
	at org.gradle.api.internal.tasks.execution.ResolveBeforeExecutionOutputsTaskExecuter.execute(ResolveBeforeExecutionOutputsTaskExecuter.java:67)
	at org.gradle.api.internal.tasks.execution.ResolveAfterPreviousExecutionStateTaskExecuter.execute(ResolveAfterPreviousExecutionStateTaskExecuter.java:46)
	at org.gradle.api.internal.tasks.execution.CleanupStaleOutputsExecuter.execute(CleanupStaleOutputsExecuter.java:94)
	at org.gradle.api.internal.tasks.execution.FinalizePropertiesTaskExecuter.execute(FinalizePropertiesTaskExecuter.java:46)
	at org.gradle.api.internal.tasks.execution.ResolveTaskExecutionModeExecuter.execute(ResolveTaskExecutionModeExecuter.java:95)
	at org.gradle.api.internal.tasks.execution.SkipTaskWithNoActionsExecuter.execute(SkipTaskWithNoActionsExecuter.java:57)
	at org.gradle.api.internal.tasks.execution.SkipOnlyIfTaskExecuter.execute(SkipOnlyIfTaskExecuter.java:56)
	at org.gradle.api.internal.tasks.execution.CatchExceptionTaskExecuter.execute(CatchExceptionTaskExecuter.java:36)
	at org.gradle.api.internal.tasks.execution.EventFiringTaskExecuter$1.executeTask(EventFiringTaskExecuter.java:73)
	at org.gradle.api.internal.tasks.execution.EventFiringTaskExecuter$1.call(EventFiringTaskExecuter.java:52)
	at org.gradle.api.internal.tasks.execution.EventFiringTaskExecuter$1.call(EventFiringTaskExecuter.java:49)
	at org.gradle.internal.operations.DefaultBuildOperationExecutor$CallableBuildOperationWorker.execute(DefaultBuildOperationExecutor.java:416)
	at org.gradle.internal.operations.DefaultBuildOperationExecutor$CallableBuildOperationWorker.execute(DefaultBuildOperationExecutor.java:406)
	at org.gradle.internal.operations.DefaultBuildOperationExecutor$1.execute(DefaultBuildOperationExecutor.java:165)
	at org.gradle.internal.operations.DefaultBuildOperationExecutor.execute(DefaultBuildOperationExecutor.java:250)
	at org.gradle.internal.operations.DefaultBuildOperationExecutor.execute(DefaultBuildOperationExecutor.java:158)
	at org.gradle.internal.operations.DefaultBuildOperationExecutor.call(DefaultBuildOperationExecutor.java:102)
	at org.gradle.internal.operations.DelegatingBuildOperationExecutor.call(DelegatingBuildOperationExecutor.java:36)
	at org.gradle.api.internal.tasks.execution.EventFiringTaskExecuter.execute(EventFiringTaskExecuter.java:49)
	at org.gradle.execution.plan.LocalTaskNodeExecutor.execute(LocalTaskNodeExecutor.java:43)
	at org.gradle.execution.taskgraph.DefaultTaskExecutionGraph$InvokeNodeExecutorsAction.execute(DefaultTaskExecutionGraph.java:355)
	at org.gradle.execution.taskgraph.DefaultTaskExecutionGraph$InvokeNodeExecutorsAction.execute(DefaultTaskExecutionGraph.java:343)
	at org.gradle.execution.taskgraph.DefaultTaskExecutionGraph$BuildOperationAwareExecutionAction.execute(DefaultTaskExecutionGraph.java:336)
	at org.gradle.execution.taskgraph.DefaultTaskExecutionGraph$BuildOperationAwareExecutionAction.execute(DefaultTaskExecutionGraph.java:322)
	at org.gradle.execution.plan.DefaultPlanExecutor$ExecutorWorker$1.execute(DefaultPlanExecutor.java:134)
	at org.gradle.execution.plan.DefaultPlanExecutor$ExecutorWorker$1.execute(DefaultPlanExecutor.java:129)
	at org.gradle.execution.plan.DefaultPlanExecutor$ExecutorWorker.execute(DefaultPlanExecutor.java:202)
	at org.gradle.execution.plan.DefaultPlanExecutor$ExecutorWorker.executeNextNode(DefaultPlanExecutor.java:193)
	at org.gradle.execution.plan.DefaultPlanExecutor$ExecutorWorker.run(DefaultPlanExecutor.java:129)
	at org.gradle.internal.concurrent.ExecutorPolicy$CatchAndRecordFailures.onExecute(ExecutorPolicy.java:63)
	at org.gradle.internal.concurrent.ManagedExecutorImpl$1.run(ManagedExecutorImpl.java:46)
	at org.gradle.internal.concurrent.ThreadFactoryImpl$ManagedThreadRunnable.run(ThreadFactoryImpl.java:55)
Caused by: org.gradle.api.GradleException: Compilation error. See log for more details
	at org.jetbrains.kotlin.gradle.tasks.TasksUtilsKt.throwGradleExceptionIfError(tasksUtils.kt:14)
	at org.jetbrains.kotlin.compilerRunner.GradleKotlinCompilerWork.run(GradleKotlinCompilerWork.kt:122)
	at org.jetbrains.kotlin.compilerRunner.GradleCompilerRunner.runCompilerAsync(GradleKotlinCompilerRunner.kt:148)
	at org.jetbrains.kotlin.compilerRunner.GradleCompilerRunner.runCompilerAsync(GradleKotlinCompilerRunner.kt:143)
	at org.jetbrains.kotlin.compilerRunner.GradleCompilerRunner.runJvmCompilerAsync(GradleKotlinCompilerRunner.kt:83)
	at org.jetbrains.kotlin.gradle.tasks.KotlinCompile.callCompilerAsync$kotlin_gradle_plugin(Tasks.kt:429)
	at org.jetbrains.kotlin.gradle.tasks.KotlinCompile.callCompilerAsync$kotlin_gradle_plugin(Tasks.kt:339)
	at org.jetbrains.kotlin.gradle.tasks.AbstractKotlinCompile.executeImpl(Tasks.kt:296)
	at org.jetbrains.kotlin.gradle.tasks.AbstractKotlinCompile.execute(Tasks.kt:268)
	at org.gradle.internal.reflect.JavaMethod.invoke(JavaMethod.java:103)
	at org.gradle.api.internal.project.taskfactory.IncrementalTaskInputsTaskAction.doExecute(IncrementalTaskInputsTaskAction.java:46)
	at org.gradle.api.internal.project.taskfactory.StandardTaskAction.execute(StandardTaskAction.java:41)
	at org.gradle.api.internal.project.taskfactory.AbstractIncrementalTaskAction.execute(AbstractIncrementalTaskAction.java:25)
	at org.gradle.api.internal.project.taskfactory.StandardTaskAction.execute(StandardTaskAction.java:28)
	at org.gradle.api.internal.tasks.execution.ExecuteActionsTaskExecuter$5.run(ExecuteActionsTaskExecuter.java:404)
	at org.gradle.internal.operations.DefaultBuildOperationExecutor$RunnableBuildOperationWorker.execute(DefaultBuildOperationExecutor.java:402)
	at org.gradle.internal.operations.DefaultBuildOperationExecutor$RunnableBuildOperationWorker.execute(DefaultBuildOperationExecutor.java:394)
	at org.gradle.internal.operations.DefaultBuildOperationExecutor$1.execute(DefaultBuildOperationExecutor.java:165)
	at org.gradle.internal.operations.DefaultBuildOperationExecutor.execute(DefaultBuildOperationExecutor.java:250)
	at org.gradle.internal.operations.DefaultBuildOperationExecutor.execute(DefaultBuildOperationExecutor.java:158)
	at org.gradle.internal.operations.DefaultBuildOperationExecutor.run(DefaultBuildOperationExecutor.java:92)
	at org.gradle.internal.operations.DelegatingBuildOperationExecutor.run(DelegatingBuildOperationExecutor.java:31)
	at org.gradle.api.internal.tasks.execution.ExecuteActionsTaskExecuter.executeAction(ExecuteActionsTaskExecuter.java:393)
	at org.gradle.api.internal.tasks.execution.ExecuteActionsTaskExecuter.executeActions(ExecuteActionsTaskExecuter.java:376)
	at org.gradle.api.internal.tasks.execution.ExecuteActionsTaskExecuter.access$200(ExecuteActionsTaskExecuter.java:80)
	at org.gradle.api.internal.tasks.execution.ExecuteActionsTaskExecuter$TaskExecution.execute(ExecuteActionsTaskExecuter.java:213)
	at org.gradle.internal.execution.steps.ExecuteStep.lambda$execute$0(ExecuteStep.java:32)
	at org.gradle.internal.execution.steps.ExecuteStep.execute(ExecuteStep.java:32)
	at org.gradle.internal.execution.steps.ExecuteStep.execute(ExecuteStep.java:26)
	at org.gradle.internal.execution.steps.CleanupOutputsStep.execute(CleanupOutputsStep.java:58)
	at org.gradle.internal.execution.steps.CleanupOutputsStep.execute(CleanupOutputsStep.java:35)
	at org.gradle.internal.execution.steps.ResolveInputChangesStep.execute(ResolveInputChangesStep.java:48)
	at org.gradle.internal.execution.steps.ResolveInputChangesStep.execute(ResolveInputChangesStep.java:33)
	at org.gradle.internal.execution.steps.CancelExecutionStep.execute(CancelExecutionStep.java:39)
	at org.gradle.internal.execution.steps.TimeoutStep.executeWithoutTimeout(TimeoutStep.java:73)
	at org.gradle.internal.execution.steps.TimeoutStep.execute(TimeoutStep.java:54)
	at org.gradle.internal.execution.steps.CatchExceptionStep.execute(CatchExceptionStep.java:35)
	at org.gradle.internal.execution.steps.CreateOutputsStep.execute(CreateOutputsStep.java:51)
	at org.gradle.internal.execution.steps.SnapshotOutputsStep.execute(SnapshotOutputsStep.java:45)
	at org.gradle.internal.execution.steps.SnapshotOutputsStep.execute(SnapshotOutputsStep.java:31)
	at org.gradle.internal.execution.steps.CacheStep.executeWithoutCache(CacheStep.java:201)
	at org.gradle.internal.execution.steps.CacheStep.execute(CacheStep.java:70)
	at org.gradle.internal.execution.steps.CacheStep.execute(CacheStep.java:45)
	at org.gradle.internal.execution.steps.BroadcastChangingOutputsStep.execute(BroadcastChangingOutputsStep.java:49)
	at org.gradle.internal.execution.steps.StoreSnapshotsStep.execute(StoreSnapshotsStep.java:43)
	at org.gradle.internal.execution.steps.StoreSnapshotsStep.execute(StoreSnapshotsStep.java:32)
	at org.gradle.internal.execution.steps.RecordOutputsStep.execute(RecordOutputsStep.java:38)
	at org.gradle.internal.execution.steps.RecordOutputsStep.execute(RecordOutputsStep.java:24)
	at org.gradle.internal.execution.steps.SkipUpToDateStep.executeBecause(SkipUpToDateStep.java:96)
	at org.gradle.internal.execution.steps.SkipUpToDateStep.lambda$execute$0(SkipUpToDateStep.java:89)
	at org.gradle.internal.execution.steps.SkipUpToDateStep.execute(SkipUpToDateStep.java:54)
	at org.gradle.internal.execution.steps.SkipUpToDateStep.execute(SkipUpToDateStep.java:38)
	at org.gradle.internal.execution.steps.ResolveChangesStep.execute(ResolveChangesStep.java:77)
	at org.gradle.internal.execution.steps.ResolveChangesStep.execute(ResolveChangesStep.java:37)
	at org.gradle.internal.execution.steps.legacy.MarkSnapshottingInputsFinishedStep.execute(MarkSnapshottingInputsFinishedStep.java:36)
	at org.gradle.internal.execution.steps.legacy.MarkSnapshottingInputsFinishedStep.execute(MarkSnapshottingInputsFinishedStep.java:26)
	at org.gradle.internal.execution.steps.ResolveCachingStateStep.execute(ResolveCachingStateStep.java:90)
	at org.gradle.internal.execution.steps.ResolveCachingStateStep.execute(ResolveCachingStateStep.java:48)
	at org.gradle.internal.execution.impl.DefaultWorkExecutor.execute(DefaultWorkExecutor.java:33)
	at org.gradle.api.internal.tasks.execution.ExecuteActionsTaskExecuter.execute(ExecuteActionsTaskExecuter.java:120)
	... 35 more


* Get more help at https://help.gradle.org

BUILD FAILED in 13s
60 actionable tasks: 2 executed, 58 up-to-date

2020-01-01 19:17:43,517 ERROR FullProcessService - Project build has not produced APK file
2020-01-01 19:17:43,581 ERROR FullProcessService - Could not find generated or existed APK file
